This file contains any messages produced by compilers while
running configure, to aid debugging if configure makes a mistake.

It was created by configure, which was
generated by GNU Autoconf 2.69.  Invocation command line was

  $ ./configure --prefix=/sys/lib/apr --exec-prefix=/386 --sbindir=/386/bin --libexecdir=/386/bin --libdir=/386/lib/ape --includedir=/sys/include/ape --mandir=/sys/man --disable-util-dso --without-ldap --with-apr=/rc/bin/ape/apr-config

## --------- ##
## Platform. ##
## --------- ##

hostname = cirno
uname -m = i386
uname -r = 4
uname -s = Plan9
uname -v = 0

/usr/bin/uname -p = unknown
/bin/uname -X     = unknown

/bin/arch              = unknown
/usr/bin/arch -k       = unknown
/usr/convex/getsysinfo = unknown
/usr/bin/hostinfo      = unknown
/bin/machine           = unknown
/usr/bin/oslevel       = unknown
/bin/universe          = unknown

PATH: /bin
PATH: .


## ----------- ##
## Core tests. ##
## ----------- ##

configure:2593: checking build system type
configure:2607: result: i386-unknown-plan9
configure:2627: checking host system type
configure:2640: result: i386-unknown-plan9
configure:2660: checking target system type
configure:2673: result: i386-unknown-plan9
configure:2715: checking for a BSD-compatible install
configure:2783: result: build/install.sh -c
configure:2818: checking for working mkdir -p
configure:2834: result: yes
configure:2928: checking for chosen layout
configure:2930: result: apr-util
configure:3102: checking for gcc
configure:3132: result: no
configure:3195: checking for cc
configure:3216: found /bin/cc
configure:3239: result: cc
configure:3358: checking for C compiler version
configure:3367: cc --version >&5
cc: flag -- ignored
cc: flag -e ignored
cc: flag -r ignored
cc: flag -i ignored
cc: no files to compile or load
configure:3378: $? = 1
configure:3367: cc -v >&5
cc: no files to compile or load
configure:3378: $? = 1
configure:3367: cc -V >&5
cc: flag -V ignored
cc: no files to compile or load
configure:3378: $? = 1
configure:3367: cc -qversion >&5
cc: flag -q ignored
cc: flag -e ignored
cc: flag -r ignored
cc: flag -i ignored
cc: no files to compile or load
configure:3378: $? = 1
configure:3398: checking whether the C compiler works
configure:3420: cc -D_POSIX_SOURCE -D_SUSV2_SOURCE -D_BSD_EXTENSION -D_LIMITS_EXTENSION -D_RESEARCH_SOURCE -D_NET_EXTENSION -D_C99_SNPRINTF_EXTENSION   conftest.c  >&5
configure:3424: $? = 0
configure:3472: result: yes
configure:3475: checking for C compiler default output file name
configure:3477: result: a.out
configure:3483: checking for suffix of executables
configure:3490: cc -o conftest -D_POSIX_SOURCE -D_SUSV2_SOURCE -D_BSD_EXTENSION -D_LIMITS_EXTENSION -D_RESEARCH_SOURCE -D_NET_EXTENSION -D_C99_SNPRINTF_EXTENSION   conftest.c  >&5
configure:3494: $? = 0
configure:3516: result: 
configure:3538: checking whether we are cross compiling
configure:3546: cc -o conftest -D_POSIX_SOURCE -D_SUSV2_SOURCE -D_BSD_EXTENSION -D_LIMITS_EXTENSION -D_RESEARCH_SOURCE -D_NET_EXTENSION -D_C99_SNPRINTF_EXTENSION   conftest.c  >&5
configure:3550: $? = 0
configure:3557: ./conftest
configure:3561: $? = 0
configure:3576: result: no
configure:3581: checking for suffix of object files
configure:3603: cc -c -D_POSIX_SOURCE -D_SUSV2_SOURCE -D_BSD_EXTENSION -D_LIMITS_EXTENSION -D_RESEARCH_SOURCE -D_NET_EXTENSION -D_C99_SNPRINTF_EXTENSION  conftest.c >&5
configure:3607: $? = 0
configure:3628: result: o
configure:3632: checking whether we are using the GNU C compiler
configure:3651: cc -c -D_POSIX_SOURCE -D_SUSV2_SOURCE -D_BSD_EXTENSION -D_LIMITS_EXTENSION -D_RESEARCH_SOURCE -D_NET_EXTENSION -D_C99_SNPRINTF_EXTENSION  conftest.c >&5
/usr/jens/dvl/apr-util-1.5.1/conftest.c:14[stdin:15] syntax error, last name: me
configure:3651: $? = 1
configure: failed program was:
| /* confdefs.h */
| #define PACKAGE_NAME ""
| #define PACKAGE_TARNAME ""
| #define PACKAGE_VERSION ""
| #define PACKAGE_STRING ""
| #define PACKAGE_BUGREPORT ""
| #define PACKAGE_URL ""
| /* end confdefs.h.  */
| 
| int
| main ()
| {
| #ifndef __GNUC__
|        choke me
| #endif
| 
|   ;
|   return 0;
| }
configure:3660: result: no
configure:3669: checking whether cc accepts -g
configure:3689: cc -c -g  conftest.c >&5
configure:3689: $? = 0
configure:3730: result: yes
configure:3747: checking for cc option to accept ISO C89
configure:3810: cc  -c -D_POSIX_SOURCE -D_SUSV2_SOURCE -D_BSD_EXTENSION -D_LIMITS_EXTENSION -D_RESEARCH_SOURCE -D_NET_EXTENSION -D_C99_SNPRINTF_EXTENSION  conftest.c >&5
configure:3810: $? = 0
configure:3823: result: none needed
configure:4000: checking for APR
configure:4079: result: yes
configure:4346: checking how to run the C preprocessor
configure:4416: result: pcc -E
configure:4436: pcc -E  -D_POSIX_SOURCE -D_SUSV2_SOURCE -D_RESEARCH_SOURCE -D_PLAN9_SOURCE -D_REENTRANT_SOURCE -D_BSD_EXTENSION -D_NET_EXTENSION -D_LIMITS_EXTENSION -D_REGEXP_EXTENSION -D_C99_SNPRINTF_EXTENSION conftest.c
configure:4436: $? = 0
configure:4450: pcc -E  -D_POSIX_SOURCE -D_SUSV2_SOURCE -D_RESEARCH_SOURCE -D_PLAN9_SOURCE -D_REENTRANT_SOURCE -D_BSD_EXTENSION -D_NET_EXTENSION -D_LIMITS_EXTENSION -D_REGEXP_EXTENSION -D_C99_SNPRINTF_EXTENSION conftest.c
configure:4450: $? = 1
configure: failed program was:
| /* confdefs.h */
| #define PACKAGE_NAME ""
| #define PACKAGE_TARNAME ""
| #define PACKAGE_VERSION ""
| #define PACKAGE_STRING ""
| #define PACKAGE_BUGREPORT ""
| #define PACKAGE_URL ""
| /* end confdefs.h.  */
| #include <ac_nonexistent.h>
configure:4479: checking for grep that handles long lines and -e
configure:4537: result: grep
configure:4542: checking for egrep
configure:4604: result: /bin/egrep
configure:4609: checking for ANSI C header files
configure:4629: cc -c -D_POSIX_SOURCE -D_SUSV2_SOURCE -D_BSD_EXTENSION -D_LIMITS_EXTENSION -D_RESEARCH_SOURCE -D_NET_EXTENSION -D_C99_SNPRINTF_EXTENSION  -D_POSIX_SOURCE -D_SUSV2_SOURCE -D_RESEARCH_SOURCE -D_PLAN9_SOURCE -D_REENTRANT_SOURCE -D_BSD_EXTENSION -D_NET_EXTENSION -D_LIMITS_EXTENSION -D_REGEXP_EXTENSION -D_C99_SNPRINTF_EXTENSION conftest.c >&5
configure:4629: $? = 0
configure:4702: cc -o conftest -D_POSIX_SOURCE -D_SUSV2_SOURCE -D_BSD_EXTENSION -D_LIMITS_EXTENSION -D_RESEARCH_SOURCE -D_NET_EXTENSION -D_C99_SNPRINTF_EXTENSION  -D_POSIX_SOURCE -D_SUSV2_SOURCE -D_RESEARCH_SOURCE -D_PLAN9_SOURCE -D_REENTRANT_SOURCE -D_BSD_EXTENSION -D_NET_EXTENSION -D_LIMITS_EXTENSION -D_REGEXP_EXTENSION -D_C99_SNPRINTF_EXTENSION  conftest.c  >&5
configure:4702: $? = 0
configure:4702: ./conftest
configure:4702: $? = 0
configure:4713: result: yes
configure:4726: checking for sys/types.h
configure:4726: cc -c -D_POSIX_SOURCE -D_SUSV2_SOURCE -D_BSD_EXTENSION -D_LIMITS_EXTENSION -D_RESEARCH_SOURCE -D_NET_EXTENSION -D_C99_SNPRINTF_EXTENSION  -D_POSIX_SOURCE -D_SUSV2_SOURCE -D_RESEARCH_SOURCE -D_PLAN9_SOURCE -D_REENTRANT_SOURCE -D_BSD_EXTENSION -D_NET_EXTENSION -D_LIMITS_EXTENSION -D_REGEXP_EXTENSION -D_C99_SNPRINTF_EXTENSION conftest.c >&5
configure:4726: $? = 0
configure:4726: result: yes
configure:4726: checking for sys/stat.h
configure:4726: cc -c -D_POSIX_SOURCE -D_SUSV2_SOURCE -D_BSD_EXTENSION -D_LIMITS_EXTENSION -D_RESEARCH_SOURCE -D_NET_EXTENSION -D_C99_SNPRINTF_EXTENSION  -D_POSIX_SOURCE -D_SUSV2_SOURCE -D_RESEARCH_SOURCE -D_PLAN9_SOURCE -D_REENTRANT_SOURCE -D_BSD_EXTENSION -D_NET_EXTENSION -D_LIMITS_EXTENSION -D_REGEXP_EXTENSION -D_C99_SNPRINTF_EXTENSION conftest.c >&5
configure:4726: $? = 0
configure:4726: result: yes
configure:4726: checking for stdlib.h
configure:4726: cc -c -D_POSIX_SOURCE -D_SUSV2_SOURCE -D_BSD_EXTENSION -D_LIMITS_EXTENSION -D_RESEARCH_SOURCE -D_NET_EXTENSION -D_C99_SNPRINTF_EXTENSION  -D_POSIX_SOURCE -D_SUSV2_SOURCE -D_RESEARCH_SOURCE -D_PLAN9_SOURCE -D_REENTRANT_SOURCE -D_BSD_EXTENSION -D_NET_EXTENSION -D_LIMITS_EXTENSION -D_REGEXP_EXTENSION -D_C99_SNPRINTF_EXTENSION conftest.c >&5
configure:4726: $? = 0
configure:4726: result: yes
configure:4726: checking for string.h
configure:4726: cc -c -D_POSIX_SOURCE -D_SUSV2_SOURCE -D_BSD_EXTENSION -D_LIMITS_EXTENSION -D_RESEARCH_SOURCE -D_NET_EXTENSION -D_C99_SNPRINTF_EXTENSION  -D_POSIX_SOURCE -D_SUSV2_SOURCE -D_RESEARCH_SOURCE -D_PLAN9_SOURCE -D_REENTRANT_SOURCE -D_BSD_EXTENSION -D_NET_EXTENSION -D_LIMITS_EXTENSION -D_REGEXP_EXTENSION -D_C99_SNPRINTF_EXTENSION conftest.c >&5
configure:4726: $? = 0
configure:4726: result: yes
configure:4726: checking for memory.h
configure:4726: cc -c -D_POSIX_SOURCE -D_SUSV2_SOURCE -D_BSD_EXTENSION -D_LIMITS_EXTENSION -D_RESEARCH_SOURCE -D_NET_EXTENSION -D_C99_SNPRINTF_EXTENSION  -D_POSIX_SOURCE -D_SUSV2_SOURCE -D_RESEARCH_SOURCE -D_PLAN9_SOURCE -D_REENTRANT_SOURCE -D_BSD_EXTENSION -D_NET_EXTENSION -D_LIMITS_EXTENSION -D_REGEXP_EXTENSION -D_C99_SNPRINTF_EXTENSION conftest.c >&5
configure:4726: $? = 1
configure: failed program was:
| /* confdefs.h */
| #define PACKAGE_NAME ""
| #define PACKAGE_TARNAME ""
| #define PACKAGE_VERSION ""
| #define PACKAGE_STRING ""
| #define PACKAGE_BUGREPORT ""
| #define PACKAGE_URL ""
| #define STDC_HEADERS 1
| #define HAVE_SYS_TYPES_H 1
| #define HAVE_SYS_STAT_H 1
| #define HAVE_STDLIB_H 1
| #define HAVE_STRING_H 1
| /* end confdefs.h.  */
| #include <stdio.h>
| #ifdef HAVE_SYS_TYPES_H
| # include <sys/types.h>
| #endif
| #ifdef HAVE_SYS_STAT_H
| # include <sys/stat.h>
| #endif
| #ifdef STDC_HEADERS
| # include <stdlib.h>
| # include <stddef.h>
| #else
| # ifdef HAVE_STDLIB_H
| #  include <stdlib.h>
| # endif
| #endif
| #ifdef HAVE_STRING_H
| # if !defined STDC_HEADERS && defined HAVE_MEMORY_H
| #  include <memory.h>
| # endif
| # include <string.h>
| #endif
| #ifdef HAVE_STRINGS_H
| # include <strings.h>
| #endif
| #ifdef HAVE_INTTYPES_H
| # include <inttypes.h>
| #endif
| #ifdef HAVE_STDINT_H
| # include <stdint.h>
| #endif
| #ifdef HAVE_UNISTD_H
| # include <unistd.h>
| #endif
| 
| #include <memory.h>
configure:4726: result: no
configure:4726: checking for strings.h
configure:4726: cc -c -D_POSIX_SOURCE -D_SUSV2_SOURCE -D_BSD_EXTENSION -D_LIMITS_EXTENSION -D_RESEARCH_SOURCE -D_NET_EXTENSION -D_C99_SNPRINTF_EXTENSION  -D_POSIX_SOURCE -D_SUSV2_SOURCE -D_RESEARCH_SOURCE -D_PLAN9_SOURCE -D_REENTRANT_SOURCE -D_BSD_EXTENSION -D_NET_EXTENSION -D_LIMITS_EXTENSION -D_REGEXP_EXTENSION -D_C99_SNPRINTF_EXTENSION conftest.c >&5
configure:4726: $? = 1
configure: failed program was:
| /* confdefs.h */
| #define PACKAGE_NAME ""
| #define PACKAGE_TARNAME ""
| #define PACKAGE_VERSION ""
| #define PACKAGE_STRING ""
| #define PACKAGE_BUGREPORT ""
| #define PACKAGE_URL ""
| #define STDC_HEADERS 1
| #define HAVE_SYS_TYPES_H 1
| #define HAVE_SYS_STAT_H 1
| #define HAVE_STDLIB_H 1
| #define HAVE_STRING_H 1
| /* end confdefs.h.  */
| #include <stdio.h>
| #ifdef HAVE_SYS_TYPES_H
| # include <sys/types.h>
| #endif
| #ifdef HAVE_SYS_STAT_H
| # include <sys/stat.h>
| #endif
| #ifdef STDC_HEADERS
| # include <stdlib.h>
| # include <stddef.h>
| #else
| # ifdef HAVE_STDLIB_H
| #  include <stdlib.h>
| # endif
| #endif
| #ifdef HAVE_STRING_H
| # if !defined STDC_HEADERS && defined HAVE_MEMORY_H
| #  include <memory.h>
| # endif
| # include <string.h>
| #endif
| #ifdef HAVE_STRINGS_H
| # include <strings.h>
| #endif
| #ifdef HAVE_INTTYPES_H
| # include <inttypes.h>
| #endif
| #ifdef HAVE_STDINT_H
| # include <stdint.h>
| #endif
| #ifdef HAVE_UNISTD_H
| # include <unistd.h>
| #endif
| 
| #include <strings.h>
configure:4726: result: no
configure:4726: checking for inttypes.h
configure:4726: cc -c -D_POSIX_SOURCE -D_SUSV2_SOURCE -D_BSD_EXTENSION -D_LIMITS_EXTENSION -D_RESEARCH_SOURCE -D_NET_EXTENSION -D_C99_SNPRINTF_EXTENSION  -D_POSIX_SOURCE -D_SUSV2_SOURCE -D_RESEARCH_SOURCE -D_PLAN9_SOURCE -D_REENTRANT_SOURCE -D_BSD_EXTENSION -D_NET_EXTENSION -D_LIMITS_EXTENSION -D_REGEXP_EXTENSION -D_C99_SNPRINTF_EXTENSION conftest.c >&5
configure:4726: $? = 0
configure:4726: result: yes
configure:4726: checking for stdint.h
configure:4726: cc -c -D_POSIX_SOURCE -D_SUSV2_SOURCE -D_BSD_EXTENSION -D_LIMITS_EXTENSION -D_RESEARCH_SOURCE -D_NET_EXTENSION -D_C99_SNPRINTF_EXTENSION  -D_POSIX_SOURCE -D_SUSV2_SOURCE -D_RESEARCH_SOURCE -D_PLAN9_SOURCE -D_REENTRANT_SOURCE -D_BSD_EXTENSION -D_NET_EXTENSION -D_LIMITS_EXTENSION -D_REGEXP_EXTENSION -D_C99_SNPRINTF_EXTENSION conftest.c >&5
configure:4726: $? = 1
configure: failed program was:
| /* confdefs.h */
| #define PACKAGE_NAME ""
| #define PACKAGE_TARNAME ""
| #define PACKAGE_VERSION ""
| #define PACKAGE_STRING ""
| #define PACKAGE_BUGREPORT ""
| #define PACKAGE_URL ""
| #define STDC_HEADERS 1
| #define HAVE_SYS_TYPES_H 1
| #define HAVE_SYS_STAT_H 1
| #define HAVE_STDLIB_H 1
| #define HAVE_STRING_H 1
| #define HAVE_INTTYPES_H 1
| /* end confdefs.h.  */
| #include <stdio.h>
| #ifdef HAVE_SYS_TYPES_H
| # include <sys/types.h>
| #endif
| #ifdef HAVE_SYS_STAT_H
| # include <sys/stat.h>
| #endif
| #ifdef STDC_HEADERS
| # include <stdlib.h>
| # include <stddef.h>
| #else
| # ifdef HAVE_STDLIB_H
| #  include <stdlib.h>
| # endif
| #endif
| #ifdef HAVE_STRING_H
| # if !defined STDC_HEADERS && defined HAVE_MEMORY_H
| #  include <memory.h>
| # endif
| # include <string.h>
| #endif
| #ifdef HAVE_STRINGS_H
| # include <strings.h>
| #endif
| #ifdef HAVE_INTTYPES_H
| # include <inttypes.h>
| #endif
| #ifdef HAVE_STDINT_H
| # include <stdint.h>
| #endif
| #ifdef HAVE_UNISTD_H
| # include <unistd.h>
| #endif
| 
| #include <stdint.h>
configure:4726: result: no
configure:4726: checking for unistd.h
configure:4726: cc -c -D_POSIX_SOURCE -D_SUSV2_SOURCE -D_BSD_EXTENSION -D_LIMITS_EXTENSION -D_RESEARCH_SOURCE -D_NET_EXTENSION -D_C99_SNPRINTF_EXTENSION  -D_POSIX_SOURCE -D_SUSV2_SOURCE -D_RESEARCH_SOURCE -D_PLAN9_SOURCE -D_REENTRANT_SOURCE -D_BSD_EXTENSION -D_NET_EXTENSION -D_LIMITS_EXTENSION -D_REGEXP_EXTENSION -D_C99_SNPRINTF_EXTENSION conftest.c >&5
configure:4726: $? = 0
configure:4726: result: yes
configure:18499: checking for default DBM
configure:18501: result: sdbm (default)
configure:19351: checking for pg_config
configure:19384: result: no
configure:19439: checking libpq-fe.h usability
configure:19439: cc -c -D_POSIX_SOURCE -D_SUSV2_SOURCE -D_BSD_EXTENSION -D_LIMITS_EXTENSION -D_RESEARCH_SOURCE -D_NET_EXTENSION -D_C99_SNPRINTF_EXTENSION  -D_POSIX_SOURCE -D_SUSV2_SOURCE -D_RESEARCH_SOURCE -D_PLAN9_SOURCE -D_REENTRANT_SOURCE -D_BSD_EXTENSION -D_NET_EXTENSION -D_LIMITS_EXTENSION -D_REGEXP_EXTENSION -D_C99_SNPRINTF_EXTENSION conftest.c >&5
configure:19439: $? = 1
configure: failed program was:
| /* confdefs.h */
| #define PACKAGE_NAME ""
| #define PACKAGE_TARNAME ""
| #define PACKAGE_VERSION ""
| #define PACKAGE_STRING ""
| #define PACKAGE_BUGREPORT ""
| #define PACKAGE_URL ""
| #define STDC_HEADERS 1
| #define HAVE_SYS_TYPES_H 1
| #define HAVE_SYS_STAT_H 1
| #define HAVE_STDLIB_H 1
| #define HAVE_STRING_H 1
| #define HAVE_INTTYPES_H 1
| #define HAVE_UNISTD_H 1
| /* end confdefs.h.  */
| #include <stdio.h>
| #ifdef HAVE_SYS_TYPES_H
| # include <sys/types.h>
| #endif
| #ifdef HAVE_SYS_STAT_H
| # include <sys/stat.h>
| #endif
| #ifdef STDC_HEADERS
| # include <stdlib.h>
| # include <stddef.h>
| #else
| # ifdef HAVE_STDLIB_H
| #  include <stdlib.h>
| # endif
| #endif
| #ifdef HAVE_STRING_H
| # if !defined STDC_HEADERS && defined HAVE_MEMORY_H
| #  include <memory.h>
| # endif
| # include <string.h>
| #endif
| #ifdef HAVE_STRINGS_H
| # include <strings.h>
| #endif
| #ifdef HAVE_INTTYPES_H
| # include <inttypes.h>
| #endif
| #ifdef HAVE_STDINT_H
| # include <stdint.h>
| #endif
| #ifdef HAVE_UNISTD_H
| # include <unistd.h>
| #endif
| #include <libpq-fe.h>
configure:19439: result: no
configure:19439: checking libpq-fe.h presence
configure:19439: pcc -E  -D_POSIX_SOURCE -D_SUSV2_SOURCE -D_RESEARCH_SOURCE -D_PLAN9_SOURCE -D_REENTRANT_SOURCE -D_BSD_EXTENSION -D_NET_EXTENSION -D_LIMITS_EXTENSION -D_REGEXP_EXTENSION -D_C99_SNPRINTF_EXTENSION conftest.c
configure:19439: $? = 1
configure: failed program was:
| /* confdefs.h */
| #define PACKAGE_NAME ""
| #define PACKAGE_TARNAME ""
| #define PACKAGE_VERSION ""
| #define PACKAGE_STRING ""
| #define PACKAGE_BUGREPORT ""
| #define PACKAGE_URL ""
| #define STDC_HEADERS 1
| #define HAVE_SYS_TYPES_H 1
| #define HAVE_SYS_STAT_H 1
| #define HAVE_STDLIB_H 1
| #define HAVE_STRING_H 1
| #define HAVE_INTTYPES_H 1
| #define HAVE_UNISTD_H 1
| /* end confdefs.h.  */
| #include <libpq-fe.h>
configure:19439: result: no
configure:19439: checking for libpq-fe.h
configure:19439: result: no
configure:19561: checking postgresql/libpq-fe.h usability
configure:19561: cc -c -D_POSIX_SOURCE -D_SUSV2_SOURCE -D_BSD_EXTENSION -D_LIMITS_EXTENSION -D_RESEARCH_SOURCE -D_NET_EXTENSION -D_C99_SNPRINTF_EXTENSION  -D_POSIX_SOURCE -D_SUSV2_SOURCE -D_RESEARCH_SOURCE -D_PLAN9_SOURCE -D_REENTRANT_SOURCE -D_BSD_EXTENSION -D_NET_EXTENSION -D_LIMITS_EXTENSION -D_REGEXP_EXTENSION -D_C99_SNPRINTF_EXTENSION conftest.c >&5
configure:19561: $? = 1
configure: failed program was:
| /* confdefs.h */
| #define PACKAGE_NAME ""
| #define PACKAGE_TARNAME ""
| #define PACKAGE_VERSION ""
| #define PACKAGE_STRING ""
| #define PACKAGE_BUGREPORT ""
| #define PACKAGE_URL ""
| #define STDC_HEADERS 1
| #define HAVE_SYS_TYPES_H 1
| #define HAVE_SYS_STAT_H 1
| #define HAVE_STDLIB_H 1
| #define HAVE_STRING_H 1
| #define HAVE_INTTYPES_H 1
| #define HAVE_UNISTD_H 1
| /* end confdefs.h.  */
| #include <stdio.h>
| #ifdef HAVE_SYS_TYPES_H
| # include <sys/types.h>
| #endif
| #ifdef HAVE_SYS_STAT_H
| # include <sys/stat.h>
| #endif
| #ifdef STDC_HEADERS
| # include <stdlib.h>
| # include <stddef.h>
| #else
| # ifdef HAVE_STDLIB_H
| #  include <stdlib.h>
| # endif
| #endif
| #ifdef HAVE_STRING_H
| # if !defined STDC_HEADERS && defined HAVE_MEMORY_H
| #  include <memory.h>
| # endif
| # include <string.h>
| #endif
| #ifdef HAVE_STRINGS_H
| # include <strings.h>
| #endif
| #ifdef HAVE_INTTYPES_H
| # include <inttypes.h>
| #endif
| #ifdef HAVE_STDINT_H
| # include <stdint.h>
| #endif
| #ifdef HAVE_UNISTD_H
| # include <unistd.h>
| #endif
| #include <postgresql/libpq-fe.h>
configure:19561: result: no
configure:19561: checking postgresql/libpq-fe.h presence
configure:19561: pcc -E  -D_POSIX_SOURCE -D_SUSV2_SOURCE -D_RESEARCH_SOURCE -D_PLAN9_SOURCE -D_REENTRANT_SOURCE -D_BSD_EXTENSION -D_NET_EXTENSION -D_LIMITS_EXTENSION -D_REGEXP_EXTENSION -D_C99_SNPRINTF_EXTENSION conftest.c
configure:19561: $? = 1
configure: failed program was:
| /* confdefs.h */
| #define PACKAGE_NAME ""
| #define PACKAGE_TARNAME ""
| #define PACKAGE_VERSION ""
| #define PACKAGE_STRING ""
| #define PACKAGE_BUGREPORT ""
| #define PACKAGE_URL ""
| #define STDC_HEADERS 1
| #define HAVE_SYS_TYPES_H 1
| #define HAVE_SYS_STAT_H 1
| #define HAVE_STDLIB_H 1
| #define HAVE_STRING_H 1
| #define HAVE_INTTYPES_H 1
| #define HAVE_UNISTD_H 1
| /* end confdefs.h.  */
| #include <postgresql/libpq-fe.h>
configure:19561: result: no
configure:19561: checking for postgresql/libpq-fe.h
configure:19561: result: no
configure:20457: checking sqlite3.h usability
configure:20457: cc -c -D_POSIX_SOURCE -D_SUSV2_SOURCE -D_BSD_EXTENSION -D_LIMITS_EXTENSION -D_RESEARCH_SOURCE -D_NET_EXTENSION -D_C99_SNPRINTF_EXTENSION  -D_POSIX_SOURCE -D_SUSV2_SOURCE -D_RESEARCH_SOURCE -D_PLAN9_SOURCE -D_REENTRANT_SOURCE -D_BSD_EXTENSION -D_NET_EXTENSION -D_LIMITS_EXTENSION -D_REGEXP_EXTENSION -D_C99_SNPRINTF_EXTENSION conftest.c >&5
configure:20457: $? = 0
configure:20457: result: yes
configure:20457: checking sqlite3.h presence
configure:20457: pcc -E  -D_POSIX_SOURCE -D_SUSV2_SOURCE -D_RESEARCH_SOURCE -D_PLAN9_SOURCE -D_REENTRANT_SOURCE -D_BSD_EXTENSION -D_NET_EXTENSION -D_LIMITS_EXTENSION -D_REGEXP_EXTENSION -D_C99_SNPRINTF_EXTENSION conftest.c
configure:20457: $? = 0
configure:20457: result: yes
configure:20457: checking for sqlite3.h
configure:20457: result: yes
configure:20462: checking for sqlite3_open in -lsqlite3
configure:20487: cc -o conftest -D_POSIX_SOURCE -D_SUSV2_SOURCE -D_BSD_EXTENSION -D_LIMITS_EXTENSION -D_RESEARCH_SOURCE -D_NET_EXTENSION -D_C99_SNPRINTF_EXTENSION  -D_POSIX_SOURCE -D_SUSV2_SOURCE -D_RESEARCH_SOURCE -D_PLAN9_SOURCE -D_REENTRANT_SOURCE -D_BSD_EXTENSION -D_NET_EXTENSION -D_LIMITS_EXTENSION -D_REGEXP_EXTENSION -D_C99_SNPRINTF_EXTENSION  conftest.c -lsqlite3   >&5
configure:20487: $? = 0
configure:20496: result: yes
configure:20735: checking sqlite.h usability
configure:20735: cc -c -D_POSIX_SOURCE -D_SUSV2_SOURCE -D_BSD_EXTENSION -D_LIMITS_EXTENSION -D_RESEARCH_SOURCE -D_NET_EXTENSION -D_C99_SNPRINTF_EXTENSION  -D_POSIX_SOURCE -D_SUSV2_SOURCE -D_RESEARCH_SOURCE -D_PLAN9_SOURCE -D_REENTRANT_SOURCE -D_BSD_EXTENSION -D_NET_EXTENSION -D_LIMITS_EXTENSION -D_REGEXP_EXTENSION -D_C99_SNPRINTF_EXTENSION conftest.c >&5
configure:20735: $? = 1
configure: failed program was:
| /* confdefs.h */
| #define PACKAGE_NAME ""
| #define PACKAGE_TARNAME ""
| #define PACKAGE_VERSION ""
| #define PACKAGE_STRING ""
| #define PACKAGE_BUGREPORT ""
| #define PACKAGE_URL ""
| #define STDC_HEADERS 1
| #define HAVE_SYS_TYPES_H 1
| #define HAVE_SYS_STAT_H 1
| #define HAVE_STDLIB_H 1
| #define HAVE_STRING_H 1
| #define HAVE_INTTYPES_H 1
| #define HAVE_UNISTD_H 1
| #define HAVE_SQLITE3_H 1
| /* end confdefs.h.  */
| #include <stdio.h>
| #ifdef HAVE_SYS_TYPES_H
| # include <sys/types.h>
| #endif
| #ifdef HAVE_SYS_STAT_H
| # include <sys/stat.h>
| #endif
| #ifdef STDC_HEADERS
| # include <stdlib.h>
| # include <stddef.h>
| #else
| # ifdef HAVE_STDLIB_H
| #  include <stdlib.h>
| # endif
| #endif
| #ifdef HAVE_STRING_H
| # if !defined STDC_HEADERS && defined HAVE_MEMORY_H
| #  include <memory.h>
| # endif
| # include <string.h>
| #endif
| #ifdef HAVE_STRINGS_H
| # include <strings.h>
| #endif
| #ifdef HAVE_INTTYPES_H
| # include <inttypes.h>
| #endif
| #ifdef HAVE_STDINT_H
| # include <stdint.h>
| #endif
| #ifdef HAVE_UNISTD_H
| # include <unistd.h>
| #endif
| #include <sqlite.h>
configure:20735: result: no
configure:20735: checking sqlite.h presence
configure:20735: pcc -E  -D_POSIX_SOURCE -D_SUSV2_SOURCE -D_RESEARCH_SOURCE -D_PLAN9_SOURCE -D_REENTRANT_SOURCE -D_BSD_EXTENSION -D_NET_EXTENSION -D_LIMITS_EXTENSION -D_REGEXP_EXTENSION -D_C99_SNPRINTF_EXTENSION conftest.c
configure:20735: $? = 1
configure: failed program was:
| /* confdefs.h */
| #define PACKAGE_NAME ""
| #define PACKAGE_TARNAME ""
| #define PACKAGE_VERSION ""
| #define PACKAGE_STRING ""
| #define PACKAGE_BUGREPORT ""
| #define PACKAGE_URL ""
| #define STDC_HEADERS 1
| #define HAVE_SYS_TYPES_H 1
| #define HAVE_SYS_STAT_H 1
| #define HAVE_STDLIB_H 1
| #define HAVE_STRING_H 1
| #define HAVE_INTTYPES_H 1
| #define HAVE_UNISTD_H 1
| #define HAVE_SQLITE3_H 1
| /* end confdefs.h.  */
| #include <sqlite.h>
configure:20735: result: no
configure:20735: checking for sqlite.h
configure:20735: result: no
configure:21749: checking sybdb.h usability
configure:21749: cc -c -D_POSIX_SOURCE -D_SUSV2_SOURCE -D_BSD_EXTENSION -D_LIMITS_EXTENSION -D_RESEARCH_SOURCE -D_NET_EXTENSION -D_C99_SNPRINTF_EXTENSION  -D_POSIX_SOURCE -D_SUSV2_SOURCE -D_RESEARCH_SOURCE -D_PLAN9_SOURCE -D_REENTRANT_SOURCE -D_BSD_EXTENSION -D_NET_EXTENSION -D_LIMITS_EXTENSION -D_REGEXP_EXTENSION -D_C99_SNPRINTF_EXTENSION conftest.c >&5
configure:21749: $? = 1
configure: failed program was:
| /* confdefs.h */
| #define PACKAGE_NAME ""
| #define PACKAGE_TARNAME ""
| #define PACKAGE_VERSION ""
| #define PACKAGE_STRING ""
| #define PACKAGE_BUGREPORT ""
| #define PACKAGE_URL ""
| #define STDC_HEADERS 1
| #define HAVE_SYS_TYPES_H 1
| #define HAVE_SYS_STAT_H 1
| #define HAVE_STDLIB_H 1
| #define HAVE_STRING_H 1
| #define HAVE_INTTYPES_H 1
| #define HAVE_UNISTD_H 1
| #define HAVE_SQLITE3_H 1
| /* end confdefs.h.  */
| #include <stdio.h>
| #ifdef HAVE_SYS_TYPES_H
| # include <sys/types.h>
| #endif
| #ifdef HAVE_SYS_STAT_H
| # include <sys/stat.h>
| #endif
| #ifdef STDC_HEADERS
| # include <stdlib.h>
| # include <stddef.h>
| #else
| # ifdef HAVE_STDLIB_H
| #  include <stdlib.h>
| # endif
| #endif
| #ifdef HAVE_STRING_H
| # if !defined STDC_HEADERS && defined HAVE_MEMORY_H
| #  include <memory.h>
| # endif
| # include <string.h>
| #endif
| #ifdef HAVE_STRINGS_H
| # include <strings.h>
| #endif
| #ifdef HAVE_INTTYPES_H
| # include <inttypes.h>
| #endif
| #ifdef HAVE_STDINT_H
| # include <stdint.h>
| #endif
| #ifdef HAVE_UNISTD_H
| # include <unistd.h>
| #endif
| #include <sybdb.h>
configure:21749: result: no
configure:21749: checking sybdb.h presence
configure:21749: pcc -E  -D_POSIX_SOURCE -D_SUSV2_SOURCE -D_RESEARCH_SOURCE -D_PLAN9_SOURCE -D_REENTRANT_SOURCE -D_BSD_EXTENSION -D_NET_EXTENSION -D_LIMITS_EXTENSION -D_REGEXP_EXTENSION -D_C99_SNPRINTF_EXTENSION conftest.c
configure:21749: $? = 1
configure: failed program was:
| /* confdefs.h */
| #define PACKAGE_NAME ""
| #define PACKAGE_TARNAME ""
| #define PACKAGE_VERSION ""
| #define PACKAGE_STRING ""
| #define PACKAGE_BUGREPORT ""
| #define PACKAGE_URL ""
| #define STDC_HEADERS 1
| #define HAVE_SYS_TYPES_H 1
| #define HAVE_SYS_STAT_H 1
| #define HAVE_STDLIB_H 1
| #define HAVE_STRING_H 1
| #define HAVE_INTTYPES_H 1
| #define HAVE_UNISTD_H 1
| #define HAVE_SQLITE3_H 1
| /* end confdefs.h.  */
| #include <sybdb.h>
configure:21749: result: no
configure:21749: checking for sybdb.h
configure:21749: result: no
configure:21801: checking freetds/sybdb.h usability
configure:21801: cc -c -D_POSIX_SOURCE -D_SUSV2_SOURCE -D_BSD_EXTENSION -D_LIMITS_EXTENSION -D_RESEARCH_SOURCE -D_NET_EXTENSION -D_C99_SNPRINTF_EXTENSION  -D_POSIX_SOURCE -D_SUSV2_SOURCE -D_RESEARCH_SOURCE -D_PLAN9_SOURCE -D_REENTRANT_SOURCE -D_BSD_EXTENSION -D_NET_EXTENSION -D_LIMITS_EXTENSION -D_REGEXP_EXTENSION -D_C99_SNPRINTF_EXTENSION conftest.c >&5
configure:21801: $? = 1
configure: failed program was:
| /* confdefs.h */
| #define PACKAGE_NAME ""
| #define PACKAGE_TARNAME ""
| #define PACKAGE_VERSION ""
| #define PACKAGE_STRING ""
| #define PACKAGE_BUGREPORT ""
| #define PACKAGE_URL ""
| #define STDC_HEADERS 1
| #define HAVE_SYS_TYPES_H 1
| #define HAVE_SYS_STAT_H 1
| #define HAVE_STDLIB_H 1
| #define HAVE_STRING_H 1
| #define HAVE_INTTYPES_H 1
| #define HAVE_UNISTD_H 1
| #define HAVE_SQLITE3_H 1
| /* end confdefs.h.  */
| #include <stdio.h>
| #ifdef HAVE_SYS_TYPES_H
| # include <sys/types.h>
| #endif
| #ifdef HAVE_SYS_STAT_H
| # include <sys/stat.h>
| #endif
| #ifdef STDC_HEADERS
| # include <stdlib.h>
| # include <stddef.h>
| #else
| # ifdef HAVE_STDLIB_H
| #  include <stdlib.h>
| # endif
| #endif
| #ifdef HAVE_STRING_H
| # if !defined STDC_HEADERS && defined HAVE_MEMORY_H
| #  include <memory.h>
| # endif
| # include <string.h>
| #endif
| #ifdef HAVE_STRINGS_H
| # include <strings.h>
| #endif
| #ifdef HAVE_INTTYPES_H
| # include <inttypes.h>
| #endif
| #ifdef HAVE_STDINT_H
| # include <stdint.h>
| #endif
| #ifdef HAVE_UNISTD_H
| # include <unistd.h>
| #endif
| #include <freetds/sybdb.h>
configure:21801: result: no
configure:21801: checking freetds/sybdb.h presence
configure:21801: pcc -E  -D_POSIX_SOURCE -D_SUSV2_SOURCE -D_RESEARCH_SOURCE -D_PLAN9_SOURCE -D_REENTRANT_SOURCE -D_BSD_EXTENSION -D_NET_EXTENSION -D_LIMITS_EXTENSION -D_REGEXP_EXTENSION -D_C99_SNPRINTF_EXTENSION conftest.c
configure:21801: $? = 1
configure: failed program was:
| /* confdefs.h */
| #define PACKAGE_NAME ""
| #define PACKAGE_TARNAME ""
| #define PACKAGE_VERSION ""
| #define PACKAGE_STRING ""
| #define PACKAGE_BUGREPORT ""
| #define PACKAGE_URL ""
| #define STDC_HEADERS 1
| #define HAVE_SYS_TYPES_H 1
| #define HAVE_SYS_STAT_H 1
| #define HAVE_STDLIB_H 1
| #define HAVE_STRING_H 1
| #define HAVE_INTTYPES_H 1
| #define HAVE_UNISTD_H 1
| #define HAVE_SQLITE3_H 1
| /* end confdefs.h.  */
| #include <freetds/sybdb.h>
configure:21801: result: no
configure:21801: checking for freetds/sybdb.h
configure:21801: result: no
configure:22392: checking for odbc_config
configure:22425: result: no
configure:22502: checking sql.h usability
configure:22502: cc -c -D_POSIX_SOURCE -D_SUSV2_SOURCE -D_BSD_EXTENSION -D_LIMITS_EXTENSION -D_RESEARCH_SOURCE -D_NET_EXTENSION -D_C99_SNPRINTF_EXTENSION  -D_POSIX_SOURCE -D_SUSV2_SOURCE -D_RESEARCH_SOURCE -D_PLAN9_SOURCE -D_REENTRANT_SOURCE -D_BSD_EXTENSION -D_NET_EXTENSION -D_LIMITS_EXTENSION -D_REGEXP_EXTENSION -D_C99_SNPRINTF_EXTENSION conftest.c >&5
configure:22502: $? = 1
configure: failed program was:
| /* confdefs.h */
| #define PACKAGE_NAME ""
| #define PACKAGE_TARNAME ""
| #define PACKAGE_VERSION ""
| #define PACKAGE_STRING ""
| #define PACKAGE_BUGREPORT ""
| #define PACKAGE_URL ""
| #define STDC_HEADERS 1
| #define HAVE_SYS_TYPES_H 1
| #define HAVE_SYS_STAT_H 1
| #define HAVE_STDLIB_H 1
| #define HAVE_STRING_H 1
| #define HAVE_INTTYPES_H 1
| #define HAVE_UNISTD_H 1
| #define HAVE_SQLITE3_H 1
| /* end confdefs.h.  */
| #include <stdio.h>
| #ifdef HAVE_SYS_TYPES_H
| # include <sys/types.h>
| #endif
| #ifdef HAVE_SYS_STAT_H
| # include <sys/stat.h>
| #endif
| #ifdef STDC_HEADERS
| # include <stdlib.h>
| # include <stddef.h>
| #else
| # ifdef HAVE_STDLIB_H
| #  include <stdlib.h>
| # endif
| #endif
| #ifdef HAVE_STRING_H
| # if !defined STDC_HEADERS && defined HAVE_MEMORY_H
| #  include <memory.h>
| # endif
| # include <string.h>
| #endif
| #ifdef HAVE_STRINGS_H
| # include <strings.h>
| #endif
| #ifdef HAVE_INTTYPES_H
| # include <inttypes.h>
| #endif
| #ifdef HAVE_STDINT_H
| # include <stdint.h>
| #endif
| #ifdef HAVE_UNISTD_H
| # include <unistd.h>
| #endif
| #include <sql.h>
configure:22502: result: no
configure:22502: checking sql.h presence
configure:22502: pcc -E  -D_POSIX_SOURCE -D_SUSV2_SOURCE -D_RESEARCH_SOURCE -D_PLAN9_SOURCE -D_REENTRANT_SOURCE -D_BSD_EXTENSION -D_NET_EXTENSION -D_LIMITS_EXTENSION -D_REGEXP_EXTENSION -D_C99_SNPRINTF_EXTENSION conftest.c
configure:22502: $? = 1
configure: failed program was:
| /* confdefs.h */
| #define PACKAGE_NAME ""
| #define PACKAGE_TARNAME ""
| #define PACKAGE_VERSION ""
| #define PACKAGE_STRING ""
| #define PACKAGE_BUGREPORT ""
| #define PACKAGE_URL ""
| #define STDC_HEADERS 1
| #define HAVE_SYS_TYPES_H 1
| #define HAVE_SYS_STAT_H 1
| #define HAVE_STDLIB_H 1
| #define HAVE_STRING_H 1
| #define HAVE_INTTYPES_H 1
| #define HAVE_UNISTD_H 1
| #define HAVE_SQLITE3_H 1
| /* end confdefs.h.  */
| #include <sql.h>
configure:22502: result: no
configure:22502: checking for sql.h
configure:22502: result: no
configure:22554: checking odbc/sql.h usability
configure:22554: cc -c -D_POSIX_SOURCE -D_SUSV2_SOURCE -D_BSD_EXTENSION -D_LIMITS_EXTENSION -D_RESEARCH_SOURCE -D_NET_EXTENSION -D_C99_SNPRINTF_EXTENSION  -D_POSIX_SOURCE -D_SUSV2_SOURCE -D_RESEARCH_SOURCE -D_PLAN9_SOURCE -D_REENTRANT_SOURCE -D_BSD_EXTENSION -D_NET_EXTENSION -D_LIMITS_EXTENSION -D_REGEXP_EXTENSION -D_C99_SNPRINTF_EXTENSION conftest.c >&5
configure:22554: $? = 1
configure: failed program was:
| /* confdefs.h */
| #define PACKAGE_NAME ""
| #define PACKAGE_TARNAME ""
| #define PACKAGE_VERSION ""
| #define PACKAGE_STRING ""
| #define PACKAGE_BUGREPORT ""
| #define PACKAGE_URL ""
| #define STDC_HEADERS 1
| #define HAVE_SYS_TYPES_H 1
| #define HAVE_SYS_STAT_H 1
| #define HAVE_STDLIB_H 1
| #define HAVE_STRING_H 1
| #define HAVE_INTTYPES_H 1
| #define HAVE_UNISTD_H 1
| #define HAVE_SQLITE3_H 1
| /* end confdefs.h.  */
| #include <stdio.h>
| #ifdef HAVE_SYS_TYPES_H
| # include <sys/types.h>
| #endif
| #ifdef HAVE_SYS_STAT_H
| # include <sys/stat.h>
| #endif
| #ifdef STDC_HEADERS
| # include <stdlib.h>
| # include <stddef.h>
| #else
| # ifdef HAVE_STDLIB_H
| #  include <stdlib.h>
| # endif
| #endif
| #ifdef HAVE_STRING_H
| # if !defined STDC_HEADERS && defined HAVE_MEMORY_H
| #  include <memory.h>
| # endif
| # include <string.h>
| #endif
| #ifdef HAVE_STRINGS_H
| # include <strings.h>
| #endif
| #ifdef HAVE_INTTYPES_H
| # include <inttypes.h>
| #endif
| #ifdef HAVE_STDINT_H
| # include <stdint.h>
| #endif
| #ifdef HAVE_UNISTD_H
| # include <unistd.h>
| #endif
| #include <odbc/sql.h>
configure:22554: result: no
configure:22554: checking odbc/sql.h presence
configure:22554: pcc -E  -D_POSIX_SOURCE -D_SUSV2_SOURCE -D_RESEARCH_SOURCE -D_PLAN9_SOURCE -D_REENTRANT_SOURCE -D_BSD_EXTENSION -D_NET_EXTENSION -D_LIMITS_EXTENSION -D_REGEXP_EXTENSION -D_C99_SNPRINTF_EXTENSION conftest.c
configure:22554: $? = 1
configure: failed program was:
| /* confdefs.h */
| #define PACKAGE_NAME ""
| #define PACKAGE_TARNAME ""
| #define PACKAGE_VERSION ""
| #define PACKAGE_STRING ""
| #define PACKAGE_BUGREPORT ""
| #define PACKAGE_URL ""
| #define STDC_HEADERS 1
| #define HAVE_SYS_TYPES_H 1
| #define HAVE_SYS_STAT_H 1
| #define HAVE_STDLIB_H 1
| #define HAVE_STRING_H 1
| #define HAVE_INTTYPES_H 1
| #define HAVE_UNISTD_H 1
| #define HAVE_SQLITE3_H 1
| /* end confdefs.h.  */
| #include <odbc/sql.h>
configure:22554: result: no
configure:22554: checking for odbc/sql.h
configure:22554: result: no
configure:22790: checking Expat 1.95.x
configure:22810: cc -o conftest -D_POSIX_SOURCE -D_SUSV2_SOURCE -D_BSD_EXTENSION -D_LIMITS_EXTENSION -D_RESEARCH_SOURCE -D_NET_EXTENSION -D_C99_SNPRINTF_EXTENSION  -D_POSIX_SOURCE -D_SUSV2_SOURCE -D_RESEARCH_SOURCE -D_PLAN9_SOURCE -D_REENTRANT_SOURCE -D_BSD_EXTENSION -D_NET_EXTENSION -D_LIMITS_EXTENSION -D_REGEXP_EXTENSION -D_C99_SNPRINTF_EXTENSION  conftest.c  -lexpat >&5
configure:22810: $? = 0
configure:22820: result: yes
configure:23511: checking iconv.h usability
configure:23511: cc -c -D_POSIX_SOURCE -D_SUSV2_SOURCE -D_BSD_EXTENSION -D_LIMITS_EXTENSION -D_RESEARCH_SOURCE -D_NET_EXTENSION -D_C99_SNPRINTF_EXTENSION  -D_POSIX_SOURCE -D_SUSV2_SOURCE -D_RESEARCH_SOURCE -D_PLAN9_SOURCE -D_REENTRANT_SOURCE -D_BSD_EXTENSION -D_NET_EXTENSION -D_LIMITS_EXTENSION -D_REGEXP_EXTENSION -D_C99_SNPRINTF_EXTENSION conftest.c >&5
configure:23511: $? = 1
configure: failed program was:
| /* confdefs.h */
| #define PACKAGE_NAME ""
| #define PACKAGE_TARNAME ""
| #define PACKAGE_VERSION ""
| #define PACKAGE_STRING ""
| #define PACKAGE_BUGREPORT ""
| #define PACKAGE_URL ""
| #define STDC_HEADERS 1
| #define HAVE_SYS_TYPES_H 1
| #define HAVE_SYS_STAT_H 1
| #define HAVE_STDLIB_H 1
| #define HAVE_STRING_H 1
| #define HAVE_INTTYPES_H 1
| #define HAVE_UNISTD_H 1
| #define HAVE_SQLITE3_H 1
| #define HAVE_EXPAT_H 1
| /* end confdefs.h.  */
| #include <stdio.h>
| #ifdef HAVE_SYS_TYPES_H
| # include <sys/types.h>
| #endif
| #ifdef HAVE_SYS_STAT_H
| # include <sys/stat.h>
| #endif
| #ifdef STDC_HEADERS
| # include <stdlib.h>
| # include <stddef.h>
| #else
| # ifdef HAVE_STDLIB_H
| #  include <stdlib.h>
| # endif
| #endif
| #ifdef HAVE_STRING_H
| # if !defined STDC_HEADERS && defined HAVE_MEMORY_H
| #  include <memory.h>
| # endif
| # include <string.h>
| #endif
| #ifdef HAVE_STRINGS_H
| # include <strings.h>
| #endif
| #ifdef HAVE_INTTYPES_H
| # include <inttypes.h>
| #endif
| #ifdef HAVE_STDINT_H
| # include <stdint.h>
| #endif
| #ifdef HAVE_UNISTD_H
| # include <unistd.h>
| #endif
| #include <iconv.h>
configure:23511: result: no
configure:23511: checking iconv.h presence
configure:23511: pcc -E  -D_POSIX_SOURCE -D_SUSV2_SOURCE -D_RESEARCH_SOURCE -D_PLAN9_SOURCE -D_REENTRANT_SOURCE -D_BSD_EXTENSION -D_NET_EXTENSION -D_LIMITS_EXTENSION -D_REGEXP_EXTENSION -D_C99_SNPRINTF_EXTENSION conftest.c
configure:23511: $? = 1
configure: failed program was:
| /* confdefs.h */
| #define PACKAGE_NAME ""
| #define PACKAGE_TARNAME ""
| #define PACKAGE_VERSION ""
| #define PACKAGE_STRING ""
| #define PACKAGE_BUGREPORT ""
| #define PACKAGE_URL ""
| #define STDC_HEADERS 1
| #define HAVE_SYS_TYPES_H 1
| #define HAVE_SYS_STAT_H 1
| #define HAVE_STDLIB_H 1
| #define HAVE_STRING_H 1
| #define HAVE_INTTYPES_H 1
| #define HAVE_UNISTD_H 1
| #define HAVE_SQLITE3_H 1
| #define HAVE_EXPAT_H 1
| /* end confdefs.h.  */
| #include <iconv.h>
configure:23511: result: no
configure:23511: checking for iconv.h
configure:23511: result: no
configure:23804: checking for iconv.h
configure:23804: result: no
configure:23804: checking langinfo.h usability
configure:23804: cc -c -D_POSIX_SOURCE -D_SUSV2_SOURCE -D_BSD_EXTENSION -D_LIMITS_EXTENSION -D_RESEARCH_SOURCE -D_NET_EXTENSION -D_C99_SNPRINTF_EXTENSION  -D_POSIX_SOURCE -D_SUSV2_SOURCE -D_RESEARCH_SOURCE -D_PLAN9_SOURCE -D_REENTRANT_SOURCE -D_BSD_EXTENSION -D_NET_EXTENSION -D_LIMITS_EXTENSION -D_REGEXP_EXTENSION -D_C99_SNPRINTF_EXTENSION conftest.c >&5
configure:23804: $? = 1
configure: failed program was:
| /* confdefs.h */
| #define PACKAGE_NAME ""
| #define PACKAGE_TARNAME ""
| #define PACKAGE_VERSION ""
| #define PACKAGE_STRING ""
| #define PACKAGE_BUGREPORT ""
| #define PACKAGE_URL ""
| #define STDC_HEADERS 1
| #define HAVE_SYS_TYPES_H 1
| #define HAVE_SYS_STAT_H 1
| #define HAVE_STDLIB_H 1
| #define HAVE_STRING_H 1
| #define HAVE_INTTYPES_H 1
| #define HAVE_UNISTD_H 1
| #define HAVE_SQLITE3_H 1
| #define HAVE_EXPAT_H 1
| /* end confdefs.h.  */
| #include <stdio.h>
| #ifdef HAVE_SYS_TYPES_H
| # include <sys/types.h>
| #endif
| #ifdef HAVE_SYS_STAT_H
| # include <sys/stat.h>
| #endif
| #ifdef STDC_HEADERS
| # include <stdlib.h>
| # include <stddef.h>
| #else
| # ifdef HAVE_STDLIB_H
| #  include <stdlib.h>
| # endif
| #endif
| #ifdef HAVE_STRING_H
| # if !defined STDC_HEADERS && defined HAVE_MEMORY_H
| #  include <memory.h>
| # endif
| # include <string.h>
| #endif
| #ifdef HAVE_STRINGS_H
| # include <strings.h>
| #endif
| #ifdef HAVE_INTTYPES_H
| # include <inttypes.h>
| #endif
| #ifdef HAVE_STDINT_H
| # include <stdint.h>
| #endif
| #ifdef HAVE_UNISTD_H
| # include <unistd.h>
| #endif
| #include <langinfo.h>
configure:23804: result: no
configure:23804: checking langinfo.h presence
configure:23804: pcc -E  -D_POSIX_SOURCE -D_SUSV2_SOURCE -D_RESEARCH_SOURCE -D_PLAN9_SOURCE -D_REENTRANT_SOURCE -D_BSD_EXTENSION -D_NET_EXTENSION -D_LIMITS_EXTENSION -D_REGEXP_EXTENSION -D_C99_SNPRINTF_EXTENSION conftest.c
configure:23804: $? = 1
configure: failed program was:
| /* confdefs.h */
| #define PACKAGE_NAME ""
| #define PACKAGE_TARNAME ""
| #define PACKAGE_VERSION ""
| #define PACKAGE_STRING ""
| #define PACKAGE_BUGREPORT ""
| #define PACKAGE_URL ""
| #define STDC_HEADERS 1
| #define HAVE_SYS_TYPES_H 1
| #define HAVE_SYS_STAT_H 1
| #define HAVE_STDLIB_H 1
| #define HAVE_STRING_H 1
| #define HAVE_INTTYPES_H 1
| #define HAVE_UNISTD_H 1
| #define HAVE_SQLITE3_H 1
| #define HAVE_EXPAT_H 1
| /* end confdefs.h.  */
| #include <langinfo.h>
configure:23804: result: no
configure:23804: checking for langinfo.h
configure:23804: result: no
configure:23828: checking for nl_langinfo
configure:23828: cc -o conftest -D_POSIX_SOURCE -D_SUSV2_SOURCE -D_BSD_EXTENSION -D_LIMITS_EXTENSION -D_RESEARCH_SOURCE -D_NET_EXTENSION -D_C99_SNPRINTF_EXTENSION  -D_POSIX_SOURCE -D_SUSV2_SOURCE -D_RESEARCH_SOURCE -D_PLAN9_SOURCE -D_REENTRANT_SOURCE -D_BSD_EXTENSION -D_NET_EXTENSION -D_LIMITS_EXTENSION -D_REGEXP_EXTENSION -D_C99_SNPRINTF_EXTENSION  conftest.c  >&5
main: undefined: nl_langinfo
configure:23828: $? = 1
configure: failed program was:
| /* confdefs.h */
| #define PACKAGE_NAME ""
| #define PACKAGE_TARNAME ""
| #define PACKAGE_VERSION ""
| #define PACKAGE_STRING ""
| #define PACKAGE_BUGREPORT ""
| #define PACKAGE_URL ""
| #define STDC_HEADERS 1
| #define HAVE_SYS_TYPES_H 1
| #define HAVE_SYS_STAT_H 1
| #define HAVE_STDLIB_H 1
| #define HAVE_STRING_H 1
| #define HAVE_INTTYPES_H 1
| #define HAVE_UNISTD_H 1
| #define HAVE_SQLITE3_H 1
| #define HAVE_EXPAT_H 1
| /* end confdefs.h.  */
| /* Define nl_langinfo to an innocuous variant, in case <limits.h> declares nl_langinfo.
|    For example, HP-UX 11i <limits.h> declares gettimeofday.  */
| #define nl_langinfo innocuous_nl_langinfo
| 
| /* System header to define __stub macros and hopefully few prototypes,
|     which can conflict with char nl_langinfo (); below.
|     Prefer <limits.h> to <assert.h> if __STDC__ is defined, since
|     <limits.h> exists even on freestanding compilers.  */
| 
| #ifdef __STDC__
| # include <limits.h>
| #else
| # include <assert.h>
| #endif
| 
| #undef nl_langinfo
| 
| /* Override any GCC internal prototype to avoid an error.
|    Use char because int might match the return type of a GCC
|    builtin and then its argument prototype would still apply.  */
| #ifdef __cplusplus
| extern "C"
| #endif
| char nl_langinfo ();
| /* The GNU C library defines this for functions which it implements
|     to always fail with ENOSYS.  Some functions are actually named
|     something starting with __ and the normal name is an alias.  */
| #if defined __stub_nl_langinfo || defined __stub___nl_langinfo
| choke me
| #endif
| 
| int
| main ()
| {
| return nl_langinfo ();
|   ;
|   return 0;
| }
configure:23828: result: no
configure:23848: checking for CODESET in langinfo.h
cpp: conftest.c:19 Could not find include file <langinfo.h>
pcc: cpp: cpp 1410: errors
configure:23873: result: no
configure:24007: checking for library containing crypt
configure:24038: cc -o conftest -D_POSIX_SOURCE -D_SUSV2_SOURCE -D_BSD_EXTENSION -D_LIMITS_EXTENSION -D_RESEARCH_SOURCE -D_NET_EXTENSION -D_C99_SNPRINTF_EXTENSION  -D_POSIX_SOURCE -D_SUSV2_SOURCE -D_RESEARCH_SOURCE -D_PLAN9_SOURCE -D_REENTRANT_SOURCE -D_BSD_EXTENSION -D_NET_EXTENSION -D_LIMITS_EXTENSION -D_REGEXP_EXTENSION -D_C99_SNPRINTF_EXTENSION  conftest.c  >&5
main: undefined: crypt
configure:24038: $? = 1
configure: failed program was:
| /* confdefs.h */
| #define PACKAGE_NAME ""
| #define PACKAGE_TARNAME ""
| #define PACKAGE_VERSION ""
| #define PACKAGE_STRING ""
| #define PACKAGE_BUGREPORT ""
| #define PACKAGE_URL ""
| #define STDC_HEADERS 1
| #define HAVE_SYS_TYPES_H 1
| #define HAVE_SYS_STAT_H 1
| #define HAVE_STDLIB_H 1
| #define HAVE_STRING_H 1
| #define HAVE_INTTYPES_H 1
| #define HAVE_UNISTD_H 1
| #define HAVE_SQLITE3_H 1
| #define HAVE_EXPAT_H 1
| #define APU_DSO_BUILD 0
| /* end confdefs.h.  */
| 
| /* Override any GCC internal prototype to avoid an error.
|    Use char because int might match the return type of a GCC
|    builtin and then its argument prototype would still apply.  */
| #ifdef __cplusplus
| extern "C"
| #endif
| char crypt ();
| int
| main ()
| {
| return crypt ();
|   ;
|   return 0;
| }
configure:24038: cc -o conftest -D_POSIX_SOURCE -D_SUSV2_SOURCE -D_BSD_EXTENSION -D_LIMITS_EXTENSION -D_RESEARCH_SOURCE -D_NET_EXTENSION -D_C99_SNPRINTF_EXTENSION  -D_POSIX_SOURCE -D_SUSV2_SOURCE -D_RESEARCH_SOURCE -D_PLAN9_SOURCE -D_REENTRANT_SOURCE -D_BSD_EXTENSION -D_NET_EXTENSION -D_LIMITS_EXTENSION -D_REGEXP_EXTENSION -D_C99_SNPRINTF_EXTENSION  conftest.c -lcrypt   >&5
main: undefined: crypt
configure:24038: $? = 1
configure: failed program was:
| /* confdefs.h */
| #define PACKAGE_NAME ""
| #define PACKAGE_TARNAME ""
| #define PACKAGE_VERSION ""
| #define PACKAGE_STRING ""
| #define PACKAGE_BUGREPORT ""
| #define PACKAGE_URL ""
| #define STDC_HEADERS 1
| #define HAVE_SYS_TYPES_H 1
| #define HAVE_SYS_STAT_H 1
| #define HAVE_STDLIB_H 1
| #define HAVE_STRING_H 1
| #define HAVE_INTTYPES_H 1
| #define HAVE_UNISTD_H 1
| #define HAVE_SQLITE3_H 1
| #define HAVE_EXPAT_H 1
| #define APU_DSO_BUILD 0
| /* end confdefs.h.  */
| 
| /* Override any GCC internal prototype to avoid an error.
|    Use char because int might match the return type of a GCC
|    builtin and then its argument prototype would still apply.  */
| #ifdef __cplusplus
| extern "C"
| #endif
| char crypt ();
| int
| main ()
| {
| return crypt ();
|   ;
|   return 0;
| }
configure:24038: cc -o conftest -D_POSIX_SOURCE -D_SUSV2_SOURCE -D_BSD_EXTENSION -D_LIMITS_EXTENSION -D_RESEARCH_SOURCE -D_NET_EXTENSION -D_C99_SNPRINTF_EXTENSION  -D_POSIX_SOURCE -D_SUSV2_SOURCE -D_RESEARCH_SOURCE -D_PLAN9_SOURCE -D_REENTRANT_SOURCE -D_BSD_EXTENSION -D_NET_EXTENSION -D_LIMITS_EXTENSION -D_REGEXP_EXTENSION -D_C99_SNPRINTF_EXTENSION  conftest.c -lufc   >&5
main: undefined: crypt
configure:24038: $? = 1
configure: failed program was:
| /* confdefs.h */
| #define PACKAGE_NAME ""
| #define PACKAGE_TARNAME ""
| #define PACKAGE_VERSION ""
| #define PACKAGE_STRING ""
| #define PACKAGE_BUGREPORT ""
| #define PACKAGE_URL ""
| #define STDC_HEADERS 1
| #define HAVE_SYS_TYPES_H 1
| #define HAVE_SYS_STAT_H 1
| #define HAVE_STDLIB_H 1
| #define HAVE_STRING_H 1
| #define HAVE_INTTYPES_H 1
| #define HAVE_UNISTD_H 1
| #define HAVE_SQLITE3_H 1
| #define HAVE_EXPAT_H 1
| #define APU_DSO_BUILD 0
| /* end confdefs.h.  */
| 
| /* Override any GCC internal prototype to avoid an error.
|    Use char because int might match the return type of a GCC
|    builtin and then its argument prototype would still apply.  */
| #ifdef __cplusplus
| extern "C"
| #endif
| char crypt ();
| int
| main ()
| {
| return crypt ();
|   ;
|   return 0;
| }
configure:24055: result: no
configure:24063: checking if system crypt() function is threadsafe
configure:24073: result: no
configure:24078: checking for crypt_r
configure:24078: cc -o conftest -D_POSIX_SOURCE -D_SUSV2_SOURCE -D_BSD_EXTENSION -D_LIMITS_EXTENSION -D_RESEARCH_SOURCE -D_NET_EXTENSION -D_C99_SNPRINTF_EXTENSION  -D_POSIX_SOURCE -D_SUSV2_SOURCE -D_RESEARCH_SOURCE -D_PLAN9_SOURCE -D_REENTRANT_SOURCE -D_BSD_EXTENSION -D_NET_EXTENSION -D_LIMITS_EXTENSION -D_REGEXP_EXTENSION -D_C99_SNPRINTF_EXTENSION  conftest.c  >&5
main: undefined: crypt_r
configure:24078: $? = 1
configure: failed program was:
| /* confdefs.h */
| #define PACKAGE_NAME ""
| #define PACKAGE_TARNAME ""
| #define PACKAGE_VERSION ""
| #define PACKAGE_STRING ""
| #define PACKAGE_BUGREPORT ""
| #define PACKAGE_URL ""
| #define STDC_HEADERS 1
| #define HAVE_SYS_TYPES_H 1
| #define HAVE_SYS_STAT_H 1
| #define HAVE_STDLIB_H 1
| #define HAVE_STRING_H 1
| #define HAVE_INTTYPES_H 1
| #define HAVE_UNISTD_H 1
| #define HAVE_SQLITE3_H 1
| #define HAVE_EXPAT_H 1
| #define APU_DSO_BUILD 0
| /* end confdefs.h.  */
| /* Define crypt_r to an innocuous variant, in case <limits.h> declares crypt_r.
|    For example, HP-UX 11i <limits.h> declares gettimeofday.  */
| #define crypt_r innocuous_crypt_r
| 
| /* System header to define __stub macros and hopefully few prototypes,
|     which can conflict with char crypt_r (); below.
|     Prefer <limits.h> to <assert.h> if __STDC__ is defined, since
|     <limits.h> exists even on freestanding compilers.  */
| 
| #ifdef __STDC__
| # include <limits.h>
| #else
| # include <assert.h>
| #endif
| 
| #undef crypt_r
| 
| /* Override any GCC internal prototype to avoid an error.
|    Use char because int might match the return type of a GCC
|    builtin and then its argument prototype would still apply.  */
| #ifdef __cplusplus
| extern "C"
| #endif
| char crypt_r ();
| /* The GNU C library defines this for functions which it implements
|     to always fail with ENOSYS.  Some functions are actually named
|     something starting with __ and the normal name is an alias.  */
| #if defined __stub_crypt_r || defined __stub___crypt_r
| choke me
| #endif
| 
| int
| main ()
| {
| return crypt_r ();
|   ;
|   return 0;
| }
configure:24078: result: no
configure:24376: creating ./config.status

## ---------------------- ##
## Running config.status. ##
## ---------------------- ##

This file was extended by config.status, which was
generated by GNU Autoconf 2.69.  Invocation command line was

  CONFIG_FILES    = 
  CONFIG_HEADERS  = 
  CONFIG_LINKS    = 
  CONFIG_COMMANDS = 
  $ ./config.status 

on cirno

config.status:924: creating Makefile
config.status:924: creating export_vars.sh
config.status:924: creating build/pkg/pkginfo
config.status:924: creating apr-util.pc
config.status:924: creating apu-1-config
config.status:924: creating include/private/apu_select_dbm.h
config.status:924: creating include/apr_ldap.h
config.status:924: creating include/apu.h
config.status:924: creating include/apu_want.h
config.status:924: creating test/Makefile
config.status:924: creating include/private/apu_config.h
config.status:1099: include/private/apu_config.h is unchanged
config.status:1113: executing default commands

## ---------------- ##
## Cache variables. ##
## ---------------- ##

ac_cv_build=i386-unknown-plan9
ac_cv_c_compiler_gnu=no
ac_cv_define_CODESET=no
ac_cv_env_CC_set=
ac_cv_env_CC_value=
ac_cv_env_CFLAGS_set=set
ac_cv_env_CFLAGS_value='-D_POSIX_SOURCE -D_SUSV2_SOURCE -D_BSD_EXTENSION -D_LIMITS_EXTENSION -D_RESEARCH_SOURCE -D_NET_EXTENSION -D_C99_SNPRINTF_EXTENSION'
ac_cv_env_CPPFLAGS_set=
ac_cv_env_CPPFLAGS_value=
ac_cv_env_CPP_set=
ac_cv_env_CPP_value=
ac_cv_env_LDFLAGS_set=
ac_cv_env_LDFLAGS_value=
ac_cv_env_LIBS_set=
ac_cv_env_LIBS_value=
ac_cv_env_build_alias_set=
ac_cv_env_build_alias_value=
ac_cv_env_host_alias_set=
ac_cv_env_host_alias_value=
ac_cv_env_target_alias_set=
ac_cv_env_target_alias_value=
ac_cv_func_crypt_r=no
ac_cv_func_nl_langinfo=no
ac_cv_header_freetds_sybdb_h=no
ac_cv_header_iconv_h=no
ac_cv_header_inttypes_h=yes
ac_cv_header_langinfo_h=no
ac_cv_header_libpq_fe_h=no
ac_cv_header_memory_h=no
ac_cv_header_odbc_sql_h=no
ac_cv_header_postgresql_libpq_fe_h=no
ac_cv_header_sql_h=no
ac_cv_header_sqlite3_h=yes
ac_cv_header_sqlite_h=no
ac_cv_header_stdc=yes
ac_cv_header_stdint_h=no
ac_cv_header_stdlib_h=yes
ac_cv_header_string_h=yes
ac_cv_header_strings_h=no
ac_cv_header_sybdb_h=no
ac_cv_header_sys_stat_h=yes
ac_cv_header_sys_types_h=yes
ac_cv_header_unistd_h=yes
ac_cv_host=i386-unknown-plan9
ac_cv_lib_sqlite3_sqlite3_open=yes
ac_cv_mkdir_p=yes
ac_cv_objext=o
ac_cv_path_EGREP=/bin/egrep
ac_cv_path_GREP=grep
ac_cv_prog_CC=cc
ac_cv_prog_CPP='pcc -E'
ac_cv_prog_cc_c89=
ac_cv_prog_cc_g=yes
ac_cv_search_crypt=no
ac_cv_target=i386-unknown-plan9
apu_cv_expat_system=yes

## ----------------- ##
## Output variables. ##
## ----------------- ##

APRUTIL_DOTTED_VERSION='1.5.1'
APRUTIL_EXPORT_LIBS='-lexpat      -lsqlite3        '
APRUTIL_INCLUDES=''
APRUTIL_LDFLAGS=''
APRUTIL_LIBNAME='aprutil-${APRUTIL_MAJOR_VERSION}'
APRUTIL_LIBS='-lexpat      -lsqlite3         /386/lib/ape/libapr-1.a'
APRUTIL_MAJOR_VERSION='1'
APRUTIL_PRIV_INCLUDES='-I/usr/jens/dvl/apr-util-1.5.1/include -I/usr/jens/dvl/apr-util-1.5.1/include/private'
APR_BUILD_DIR='/sys/lib/apr-1/build'
APR_ICONV_DIR=''
APR_INCLUDES=' -I/sys/include/ape/apr-1 /sys/include/ape /386/include/ape'
APR_LIBS=' /386/lib/ape/libapr-1.a '
APR_XML_DIR=''
APU_CONFIG_LOCATION='source'
APU_DSO_LIBDIR='${libdir}/apr-util-1'
APU_HAVE_MODULES='no'
APU_LTVERSION='-version-info 5:1:5'
APU_MODULES=''
CC='cc'
CFLAGS='-D_POSIX_SOURCE -D_SUSV2_SOURCE -D_BSD_EXTENSION -D_LIMITS_EXTENSION -D_RESEARCH_SOURCE -D_NET_EXTENSION -D_C99_SNPRINTF_EXTENSION'
CPP='pcc -E'
CPPFLAGS=' -D_POSIX_SOURCE -D_SUSV2_SOURCE -D_RESEARCH_SOURCE -D_PLAN9_SOURCE -D_REENTRANT_SOURCE -D_BSD_EXTENSION -D_NET_EXTENSION -D_LIMITS_EXTENSION -D_REGEXP_EXTENSION -D_C99_SNPRINTF_EXTENSION'
DEFS='-DHAVE_CONFIG_H'
ECHO_C=''
ECHO_N='-n'
ECHO_T=''
EGREP='/bin/egrep'
EXEEXT=''
EXTRA_OBJECTS='  dbd/apr_dbd_sqlite3.lo'
GREP='grep'
INCLUDE_OUTPUTS='include /usr/jens/dvl/apr-util-1.5.1/build-outputs.mk'
INCLUDE_RULES='include /usr/jens/dvl/apr-util-1.5.1/build/rules.mk'
INSTALL_DATA='${INSTALL} -m 644'
INSTALL_PROGRAM='${INSTALL}'
INSTALL_SCRIPT='${INSTALL}'
LDADD_crypto_nss=''
LDADD_crypto_openssl=''
LDADD_dbd_freetds=''
LDADD_dbd_mysql=''
LDADD_dbd_odbc=''
LDADD_dbd_oracle=''
LDADD_dbd_pgsql=''
LDADD_dbd_sqlite2=''
LDADD_dbd_sqlite3=' -lsqlite3'
LDADD_dbm_db=''
LDADD_dbm_gdbm=''
LDADD_dbm_ndbm=''
LDADD_ldap=''
LDFLAGS=''
LIBOBJS=''
LIBS=''
LTLIBOBJS=''
LT_NO_INSTALL='-no-install'
MYSQL_CONFIG=''
OBJEXT='o'
ODBC_CONFIG=''
PACKAGE_BUGREPORT=''
PACKAGE_NAME=''
PACKAGE_STRING=''
PACKAGE_TARNAME=''
PACKAGE_URL=''
PACKAGE_VERSION=''
PATH_SEPARATOR=':'
PGSQL_CONFIG=''
PKG_CONFIG=''
SHELL='/bin/sh'
abs_builddir='/usr/jens/dvl/apr-util-1.5.1'
abs_srcdir='/usr/jens/dvl/apr-util-1.5.1'
ac_ct_CC=''
apr_shlibpath_var='/386/lib/ape'
apu_db_header='db.h'
apu_db_version='0'
apu_dbd_tests=' sqlite3'
apu_has_ldap='0'
apu_has_ldap_microsoft='0'
apu_has_ldap_mozilla='0'
apu_has_ldap_netscape='0'
apu_has_ldap_novell='0'
apu_has_ldap_openldap='0'
apu_has_ldap_other='0'
apu_has_ldap_solaris='0'
apu_has_ldap_sslinit='0'
apu_has_ldap_start_tls_s='0'
apu_has_ldap_tivoli='0'
apu_has_ldap_zos='0'
apu_has_ldapssl_add_trusted_cert='0'
apu_has_ldapssl_client_deinit='0'
apu_has_ldapssl_client_init='0'
apu_has_ldapssl_init='0'
apu_has_ldapssl_install_routines='0'
apu_have_crypto='0'
apu_have_db='0'
apu_have_freetds='0'
apu_have_gdbm='0'
apu_have_mysql='0'
apu_have_ndbm='0'
apu_have_nss='0'
apu_have_odbc='0'
apu_have_openssl='0'
apu_have_oracle='0'
apu_have_pgsql='0'
apu_have_sdbm='1'
apu_have_sqlite2='0'
apu_have_sqlite3='1'
apu_use_db='0'
apu_use_gdbm='0'
apu_use_ndbm='0'
apu_use_sdbm='1'
bindir='${exec_prefix}/bin'
build='i386-unknown-plan9'
build_alias=''
build_cpu='i386'
build_os='plan9'
build_vendor='unknown'
datadir='${prefix}'
datarootdir='${prefix}/share'
docdir='${datarootdir}/doc/${PACKAGE}'
dvidir='${docdir}'
exec_prefix='/386'
have_apr_iconv='0'
have_iconv='0'
host='i386-unknown-plan9'
host_alias=''
host_cpu='i386'
host_os='plan9'
host_vendor='unknown'
htmldir='${docdir}'
includedir='/sys/include/ape'
infodir='${datarootdir}/info'
lber_h=''
ldap_h=''
ldap_ssl_h=''
lib_target='@export_lib_target@'
libdir='/386/lib/ape'
libexecdir='/386/bin'
localedir='${datarootdir}/locale'
localstatedir='${prefix}'
mandir='/sys/man'
oldincludedir='/usr/include'
pdfdir='${docdir}'
prefix='/sys/lib/apr'
program_transform_name='s,x,x,'
psdir='${docdir}'
sbindir='/386/bin'
sharedstatedir='${prefix}/com'
so_ext='.o'
sysconfdir='${prefix}/conf'
target='i386-unknown-plan9'
target_alias=''
target_cpu='i386'
target_os='plan9'
target_vendor='unknown'
top_builddir='/usr/jens/dvl/apr-util-1.5.1'

## ----------- ##
## confdefs.h. ##
## ----------- ##

/* confdefs.h */
#define PACKAGE_NAME ""
#define PACKAGE_TARNAME ""
#define PACKAGE_VERSION ""
#define PACKAGE_STRING ""
#define PACKAGE_BUGREPORT ""
#define PACKAGE_URL ""
#define STDC_HEADERS 1
#define HAVE_SYS_TYPES_H 1
#define HAVE_SYS_STAT_H 1
#define HAVE_STDLIB_H 1
#define HAVE_STRING_H 1
#define HAVE_INTTYPES_H 1
#define HAVE_UNISTD_H 1
#define HAVE_SQLITE3_H 1
#define HAVE_EXPAT_H 1
#define APU_DSO_BUILD 0
#define APU_DSO_LIBDIR "/386/lib/ape/apr-util-1"

configure: exit 0
