This file contains any messages produced by compilers while
running configure, to aid debugging if configure makes a mistake.

It was created by libmetalink configure 0.1.2, which was
generated by GNU Autoconf 2.69.  Invocation command line was

  $ ./configure 

## --------- ##
## Platform. ##
## --------- ##

hostname = cirno
uname -m = i386
uname -r = 4
uname -s = Plan9
uname -v = 0

/usr/bin/uname -p = unknown
/bin/uname -X     = unknown

/bin/arch              = unknown
/usr/bin/arch -k       = unknown
/usr/convex/getsysinfo = unknown
/usr/bin/hostinfo      = unknown
/bin/machine           = unknown
/usr/bin/oslevel       = unknown
/bin/universe          = unknown

PATH: /bin
PATH: .


## ----------- ##
## Core tests. ##
## ----------- ##

configure:2369: checking build system type
configure:2383: result: i386-unknown-plan9
configure:2403: checking host system type
configure:2416: result: i386-unknown-plan9
configure:2457: checking how to print strings
configure:2486: result: print -r
configure:2553: checking for gcc
configure:2583: result: no
configure:2646: checking for cc
configure:2667: found /bin/cc
configure:2690: result: cc
configure:2809: checking for C compiler version
configure:2818: cc --version >&5
cc: flag -- ignored
cc: flag -e ignored
cc: flag -r ignored
cc: flag -i ignored
cc: no files to compile or load
configure:2829: $? = 1
configure:2818: cc -v >&5
cc: no files to compile or load
configure:2829: $? = 1
configure:2818: cc -V >&5
cc: flag -V ignored
cc: no files to compile or load
configure:2829: $? = 1
configure:2818: cc -qversion >&5
cc: flag -q ignored
cc: flag -e ignored
cc: flag -r ignored
cc: flag -i ignored
cc: no files to compile or load
configure:2829: $? = 1
configure:2849: checking whether the C compiler works
configure:2871: cc    conftest.c  >&5
configure:2875: $? = 0
configure:2923: result: yes
configure:2926: checking for C compiler default output file name
configure:2928: result: a.out
configure:2934: checking for suffix of executables
configure:2941: cc -o conftest    conftest.c  >&5
configure:2945: $? = 0
configure:2967: result: 
configure:2989: checking whether we are cross compiling
configure:2997: cc -o conftest    conftest.c  >&5
configure:3001: $? = 0
configure:3008: ./conftest
configure:3012: $? = 0
configure:3027: result: no
configure:3032: checking for suffix of object files
configure:3054: cc -c   conftest.c >&5
configure:3058: $? = 0
configure:3079: result: o
configure:3083: checking whether we are using the GNU C compiler
configure:3102: cc -c   conftest.c >&5
/usr/jens/dvl/libmetalink-0.1.2/conftest.c:14[stdin:15] syntax error, last name: me
configure:3102: $? = 1
configure: failed program was:
| /* confdefs.h */
| #define PACKAGE_NAME "libmetalink"
| #define PACKAGE_TARNAME "libmetalink"
| #define PACKAGE_VERSION "0.1.2"
| #define PACKAGE_STRING "libmetalink 0.1.2"
| #define PACKAGE_BUGREPORT "t-tujikawa@users.sourceforge.net"
| #define PACKAGE_URL ""
| /* end confdefs.h.  */
| 
| int
| main ()
| {
| #ifndef __GNUC__
|        choke me
| #endif
| 
|   ;
|   return 0;
| }
configure:3111: result: no
configure:3120: checking whether cc accepts -g
configure:3140: cc -c -g  conftest.c >&5
configure:3140: $? = 0
configure:3181: result: yes
configure:3198: checking for cc option to accept ISO C89
configure:3261: cc  -c -g  conftest.c >&5
configure:3261: $? = 0
configure:3274: result: none needed
configure:3294: checking for a sed that does not truncate output
configure:3358: result: /bin/gsed
configure:3376: checking for grep that handles long lines and -e
configure:3434: result: grep
configure:3439: checking for egrep
configure:3501: result: /bin/egrep
configure:3506: checking for fgrep
configure:3568: result: /bin/fgrep
configure:3636: checking for non-GNU ld
configure:3670: result: /bin/ld
configure:3677: checking if the linker (/bin/ld) is GNU ld
configure:3692: result: no
configure:3704: checking for BSD- or MS-compatible name lister (nm)
configure:3753: result: /bin/nm
configure:3883: checking the name lister (/bin/nm) interface
configure:3890: cc -c -g  conftest.c >&5
configure:3893: /bin/nm "conftest.o"
configure:3896: output
 D some_variable
configure:3903: result: BSD nm
configure:3906: checking whether ln -s works
configure:3913: result: no, using cp -pR
configure:3918: checking the maximum length of command line arguments
configure:4048: result: 512
configure:4065: checking whether the shell understands some XSI constructs
configure:4075: result: yes
configure:4079: checking whether the shell understands "+="
configure:4085: result: no
configure:4120: checking how to convert i386-unknown-plan9 file names to i386-unknown-plan9 format
configure:4160: result: func_convert_file_noop
configure:4167: checking how to convert i386-unknown-plan9 file names to toolchain format
configure:4187: result: func_convert_file_noop
configure:4194: checking for /bin/ld option to reload object files
configure:4201: result: -r
configure:4275: checking for objdump
configure:4305: result: no
configure:4334: checking how to recognize dependent libraries
configure:4532: result: unknown
configure:4617: checking for dlltool
configure:4647: result: no
configure:4677: checking how to associate runtime and link libraries
configure:4704: result: print -r --
configure:4765: checking for ar
configure:4781: found /bin/ar
configure:4792: result: ar
configure:4829: checking for archiver @FILE support
configure:4846: cc -c -g  conftest.c >&5
configure:4846: $? = 0
configure:4849: ar cru libconftest.a @conftest.lst >&5
ar: @conftest.lst cannot open
configure:4852: $? = 0
configure:4857: ar cru libconftest.a @conftest.lst >&5
ar: @conftest.lst cannot open
configure:4860: $? = 0
configure:4872: result: no
configure:4930: checking for strip
configure:4946: found /bin/strip
configure:4957: result: strip
configure:5029: checking for ranlib
configure:5045: found /bin/ranlib
configure:5056: result: ranlib
configure:5133: checking for gawk
configure:5149: found /bin/gawk
configure:5160: result: gawk
configure:5200: checking command to parse /bin/nm output from cc object
configure:5320: cc -c -g  conftest.c >&5
configure:5323: $? = 0
configure:5327: /bin/nm conftest.o \| sed -n -e 's/^.*[ ]\([BCDEGRST][BCDEGRST]*\)[ ][ ]*\([_A-Za-z][_A-Za-z0-9]*\)$/\1 \2 \2/p' | sed '/ __gnu_lto/d' \> conftest.nm
configure:5330: $? = 0
configure:5396: cc -o conftest -g   conftest.c conftstm.o >&5
configure:5399: $? = 0
configure:5437: result: ok
configure:5474: checking for sysroot
configure:5504: result: no
configure:5760: checking for mt
configure:5790: result: no
configure:5810: checking if : is a manifest tool
configure:5816: : '-?'
configure:5824: result: no
configure:6466: checking how to run the C preprocessor
configure:6497: cc -E  conftest.c
configure:6497: $? = 0
configure:6511: cc -E  conftest.c
configure:6511: $? = 1
configure: failed program was:
| /* confdefs.h */
| #define PACKAGE_NAME "libmetalink"
| #define PACKAGE_TARNAME "libmetalink"
| #define PACKAGE_VERSION "0.1.2"
| #define PACKAGE_STRING "libmetalink 0.1.2"
| #define PACKAGE_BUGREPORT "t-tujikawa@users.sourceforge.net"
| #define PACKAGE_URL ""
| /* end confdefs.h.  */
| #include <ac_nonexistent.h>
configure:6536: result: cc -E
configure:6556: cc -E  conftest.c
configure:6556: $? = 0
configure:6570: cc -E  conftest.c
configure:6570: $? = 1
configure: failed program was:
| /* confdefs.h */
| #define PACKAGE_NAME "libmetalink"
| #define PACKAGE_TARNAME "libmetalink"
| #define PACKAGE_VERSION "0.1.2"
| #define PACKAGE_STRING "libmetalink 0.1.2"
| #define PACKAGE_BUGREPORT "t-tujikawa@users.sourceforge.net"
| #define PACKAGE_URL ""
| /* end confdefs.h.  */
| #include <ac_nonexistent.h>
configure:6599: checking for ANSI C header files
configure:6619: cc -c -g  conftest.c >&5
configure:6619: $? = 0
configure:6692: cc -o conftest -g   conftest.c  >&5
configure:6692: $? = 0
configure:6692: ./conftest
configure:6692: $? = 0
configure:6703: result: yes
configure:6716: checking for sys/types.h
configure:6716: cc -c -g  conftest.c >&5
configure:6716: $? = 0
configure:6716: result: yes
configure:6716: checking for sys/stat.h
configure:6716: cc -c -g  conftest.c >&5
configure:6716: $? = 0
configure:6716: result: yes
configure:6716: checking for stdlib.h
configure:6716: cc -c -g  conftest.c >&5
configure:6716: $? = 0
configure:6716: result: yes
configure:6716: checking for string.h
configure:6716: cc -c -g  conftest.c >&5
configure:6716: $? = 0
configure:6716: result: yes
configure:6716: checking for memory.h
configure:6716: cc -c -g  conftest.c >&5
configure:6716: $? = 1
configure: failed program was:
| /* confdefs.h */
| #define PACKAGE_NAME "libmetalink"
| #define PACKAGE_TARNAME "libmetalink"
| #define PACKAGE_VERSION "0.1.2"
| #define PACKAGE_STRING "libmetalink 0.1.2"
| #define PACKAGE_BUGREPORT "t-tujikawa@users.sourceforge.net"
| #define PACKAGE_URL ""
| #define STDC_HEADERS 1
| #define HAVE_SYS_TYPES_H 1
| #define HAVE_SYS_STAT_H 1
| #define HAVE_STDLIB_H 1
| #define HAVE_STRING_H 1
| /* end confdefs.h.  */
| #include <stdio.h>
| #ifdef HAVE_SYS_TYPES_H
| # include <sys/types.h>
| #endif
| #ifdef HAVE_SYS_STAT_H
| # include <sys/stat.h>
| #endif
| #ifdef STDC_HEADERS
| # include <stdlib.h>
| # include <stddef.h>
| #else
| # ifdef HAVE_STDLIB_H
| #  include <stdlib.h>
| # endif
| #endif
| #ifdef HAVE_STRING_H
| # if !defined STDC_HEADERS && defined HAVE_MEMORY_H
| #  include <memory.h>
| # endif
| # include <string.h>
| #endif
| #ifdef HAVE_STRINGS_H
| # include <strings.h>
| #endif
| #ifdef HAVE_INTTYPES_H
| # include <inttypes.h>
| #endif
| #ifdef HAVE_STDINT_H
| # include <stdint.h>
| #endif
| #ifdef HAVE_UNISTD_H
| # include <unistd.h>
| #endif
| 
| #include <memory.h>
configure:6716: result: no
configure:6716: checking for strings.h
configure:6716: cc -c -g  conftest.c >&5
configure:6716: $? = 1
configure: failed program was:
| /* confdefs.h */
| #define PACKAGE_NAME "libmetalink"
| #define PACKAGE_TARNAME "libmetalink"
| #define PACKAGE_VERSION "0.1.2"
| #define PACKAGE_STRING "libmetalink 0.1.2"
| #define PACKAGE_BUGREPORT "t-tujikawa@users.sourceforge.net"
| #define PACKAGE_URL ""
| #define STDC_HEADERS 1
| #define HAVE_SYS_TYPES_H 1
| #define HAVE_SYS_STAT_H 1
| #define HAVE_STDLIB_H 1
| #define HAVE_STRING_H 1
| /* end confdefs.h.  */
| #include <stdio.h>
| #ifdef HAVE_SYS_TYPES_H
| # include <sys/types.h>
| #endif
| #ifdef HAVE_SYS_STAT_H
| # include <sys/stat.h>
| #endif
| #ifdef STDC_HEADERS
| # include <stdlib.h>
| # include <stddef.h>
| #else
| # ifdef HAVE_STDLIB_H
| #  include <stdlib.h>
| # endif
| #endif
| #ifdef HAVE_STRING_H
| # if !defined STDC_HEADERS && defined HAVE_MEMORY_H
| #  include <memory.h>
| # endif
| # include <string.h>
| #endif
| #ifdef HAVE_STRINGS_H
| # include <strings.h>
| #endif
| #ifdef HAVE_INTTYPES_H
| # include <inttypes.h>
| #endif
| #ifdef HAVE_STDINT_H
| # include <stdint.h>
| #endif
| #ifdef HAVE_UNISTD_H
| # include <unistd.h>
| #endif
| 
| #include <strings.h>
configure:6716: result: no
configure:6716: checking for inttypes.h
configure:6716: cc -c -g  conftest.c >&5
configure:6716: $? = 1
configure: failed program was:
| /* confdefs.h */
| #define PACKAGE_NAME "libmetalink"
| #define PACKAGE_TARNAME "libmetalink"
| #define PACKAGE_VERSION "0.1.2"
| #define PACKAGE_STRING "libmetalink 0.1.2"
| #define PACKAGE_BUGREPORT "t-tujikawa@users.sourceforge.net"
| #define PACKAGE_URL ""
| #define STDC_HEADERS 1
| #define HAVE_SYS_TYPES_H 1
| #define HAVE_SYS_STAT_H 1
| #define HAVE_STDLIB_H 1
| #define HAVE_STRING_H 1
| /* end confdefs.h.  */
| #include <stdio.h>
| #ifdef HAVE_SYS_TYPES_H
| # include <sys/types.h>
| #endif
| #ifdef HAVE_SYS_STAT_H
| # include <sys/stat.h>
| #endif
| #ifdef STDC_HEADERS
| # include <stdlib.h>
| # include <stddef.h>
| #else
| # ifdef HAVE_STDLIB_H
| #  include <stdlib.h>
| # endif
| #endif
| #ifdef HAVE_STRING_H
| # if !defined STDC_HEADERS && defined HAVE_MEMORY_H
| #  include <memory.h>
| # endif
| # include <string.h>
| #endif
| #ifdef HAVE_STRINGS_H
| # include <strings.h>
| #endif
| #ifdef HAVE_INTTYPES_H
| # include <inttypes.h>
| #endif
| #ifdef HAVE_STDINT_H
| # include <stdint.h>
| #endif
| #ifdef HAVE_UNISTD_H
| # include <unistd.h>
| #endif
| 
| #include <inttypes.h>
configure:6716: result: no
configure:6716: checking for stdint.h
configure:6716: cc -c -g  conftest.c >&5
configure:6716: $? = 1
configure: failed program was:
| /* confdefs.h */
| #define PACKAGE_NAME "libmetalink"
| #define PACKAGE_TARNAME "libmetalink"
| #define PACKAGE_VERSION "0.1.2"
| #define PACKAGE_STRING "libmetalink 0.1.2"
| #define PACKAGE_BUGREPORT "t-tujikawa@users.sourceforge.net"
| #define PACKAGE_URL ""
| #define STDC_HEADERS 1
| #define HAVE_SYS_TYPES_H 1
| #define HAVE_SYS_STAT_H 1
| #define HAVE_STDLIB_H 1
| #define HAVE_STRING_H 1
| /* end confdefs.h.  */
| #include <stdio.h>
| #ifdef HAVE_SYS_TYPES_H
| # include <sys/types.h>
| #endif
| #ifdef HAVE_SYS_STAT_H
| # include <sys/stat.h>
| #endif
| #ifdef STDC_HEADERS
| # include <stdlib.h>
| # include <stddef.h>
| #else
| # ifdef HAVE_STDLIB_H
| #  include <stdlib.h>
| # endif
| #endif
| #ifdef HAVE_STRING_H
| # if !defined STDC_HEADERS && defined HAVE_MEMORY_H
| #  include <memory.h>
| # endif
| # include <string.h>
| #endif
| #ifdef HAVE_STRINGS_H
| # include <strings.h>
| #endif
| #ifdef HAVE_INTTYPES_H
| # include <inttypes.h>
| #endif
| #ifdef HAVE_STDINT_H
| # include <stdint.h>
| #endif
| #ifdef HAVE_UNISTD_H
| # include <unistd.h>
| #endif
| 
| #include <stdint.h>
configure:6716: result: no
configure:6716: checking for unistd.h
configure:6716: cc -c -g  conftest.c >&5
configure:6716: $? = 0
configure:6716: result: yes
configure:6730: checking for dlfcn.h
configure:6730: cc -c -g  conftest.c >&5
configure:6730: $? = 1
configure: failed program was:
| /* confdefs.h */
| #define PACKAGE_NAME "libmetalink"
| #define PACKAGE_TARNAME "libmetalink"
| #define PACKAGE_VERSION "0.1.2"
| #define PACKAGE_STRING "libmetalink 0.1.2"
| #define PACKAGE_BUGREPORT "t-tujikawa@users.sourceforge.net"
| #define PACKAGE_URL ""
| #define STDC_HEADERS 1
| #define HAVE_SYS_TYPES_H 1
| #define HAVE_SYS_STAT_H 1
| #define HAVE_STDLIB_H 1
| #define HAVE_STRING_H 1
| #define HAVE_UNISTD_H 1
| /* end confdefs.h.  */
| #include <stdio.h>
| #ifdef HAVE_SYS_TYPES_H
| # include <sys/types.h>
| #endif
| #ifdef HAVE_SYS_STAT_H
| # include <sys/stat.h>
| #endif
| #ifdef STDC_HEADERS
| # include <stdlib.h>
| # include <stddef.h>
| #else
| # ifdef HAVE_STDLIB_H
| #  include <stdlib.h>
| # endif
| #endif
| #ifdef HAVE_STRING_H
| # if !defined STDC_HEADERS && defined HAVE_MEMORY_H
| #  include <memory.h>
| # endif
| # include <string.h>
| #endif
| #ifdef HAVE_STRINGS_H
| # include <strings.h>
| #endif
| #ifdef HAVE_INTTYPES_H
| # include <inttypes.h>
| #endif
| #ifdef HAVE_STDINT_H
| # include <stdint.h>
| #endif
| #ifdef HAVE_UNISTD_H
| # include <unistd.h>
| #endif
| 
| #include <dlfcn.h>
configure:6730: result: no
configure:6936: checking for objdir
configure:6951: result: .libs
configure:7584: checking for cc option to produce PIC
configure:7591: result:  -DPIC
configure:7599: checking if cc PIC flag  -DPIC works
configure:7617: cc -c -g   -DPIC -DPIC conftest.c >&5
configure:7621: $? = 0
configure:7634: result: yes
configure:7663: checking if cc static flag  works
configure:7691: result: yes
configure:7706: checking if cc supports -c -o file.o
configure:7727: cc -c -g  -o out/conftest2.o conftest.c >&5
configure:7731: $? = 0
configure:7753: result: yes
configure:7761: checking if cc supports -c -o file.o
configure:7808: result: yes
configure:7841: checking whether the cc linker (/bin/ld) supports shared libraries
configure:8998: result: no
configure:9238: checking dynamic linker characteristics
configure:9972: result: no
configure:10079: checking how to hardcode library paths into programs
configure:10104: result: unsupported
configure:10644: checking whether stripping libraries is possible
configure:10666: result: no
configure:10684: checking if libtool supports shared libraries
configure:10686: result: no
configure:10689: checking whether to build shared libraries
configure:10710: result: no
configure:10713: checking whether to build static libraries
configure:10717: result: yes
configure:10764: checking target system type
configure:10777: result: i386-unknown-plan9
configure:10820: checking for a BSD-compatible install
configure:10888: result: ./install-sh -c
configure:10899: checking whether build environment is sane
configure:10949: result: yes
configure:11090: checking for a thread-safe mkdir -p
configure:11129: result: ./install-sh -c -d
configure:11138: checking whether make sets $(MAKE)
configure:11160: result: yes
configure:11190: checking for style of include used by make
configure:11218: result: GNU
configure:11304: checking dependency style of cc
configure:11415: result: none
configure:11783: checking for C compiler version
configure:11792: cc --version >&5
cc: flag -- ignored
cc: flag -e ignored
cc: flag -r ignored
cc: flag -i ignored
cc: no files to compile or load
configure:11803: $? = 1
configure:11792: cc -v >&5
cc: no files to compile or load
configure:11803: $? = 1
configure:11792: cc -V >&5
cc: flag -V ignored
cc: no files to compile or load
configure:11803: $? = 1
configure:11792: cc -qversion >&5
cc: flag -q ignored
cc: flag -e ignored
cc: flag -r ignored
cc: flag -i ignored
cc: no files to compile or load
configure:11803: $? = 1
configure:11807: checking whether we are using the GNU C compiler
configure:11835: result: no
configure:11844: checking whether cc accepts -g
configure:11905: result: yes
configure:11922: checking for cc option to accept ISO C89
configure:11998: result: none needed
configure:12038: checking for XML_ParserCreate in -lexpat
configure:12063: cc -o conftest -g   conftest.c -lexpat  -lexpat  >&5
configure:12063: $? = 0
configure:12072: result: yes
configure:12417: checking for pkg-config
configure:12450: result: no
configure:12485: checking for CUNIT
configure:12544: result: no
configure:12557: WARNING: 
configure:12559: checking for CU_initialize_registry in -lcunit
configure:12584: cc -o conftest -g   conftest.c -lcunit   >&5
main: undefined: CU_initialize_registry
configure:12584: $? = 1
configure: failed program was:
| /* confdefs.h */
| #define PACKAGE_NAME "libmetalink"
| #define PACKAGE_TARNAME "libmetalink"
| #define PACKAGE_VERSION "0.1.2"
| #define PACKAGE_STRING "libmetalink 0.1.2"
| #define PACKAGE_BUGREPORT "t-tujikawa@users.sourceforge.net"
| #define PACKAGE_URL ""
| #define STDC_HEADERS 1
| #define HAVE_SYS_TYPES_H 1
| #define HAVE_SYS_STAT_H 1
| #define HAVE_STDLIB_H 1
| #define HAVE_STRING_H 1
| #define HAVE_UNISTD_H 1
| #define LT_OBJDIR ".libs/"
| #define PACKAGE "libmetalink"
| #define VERSION "0.1.2"
| #define HAVE_LIBEXPAT 1
| /* end confdefs.h.  */
| 
| /* Override any GCC internal prototype to avoid an error.
|    Use char because int might match the return type of a GCC
|    builtin and then its argument prototype would still apply.  */
| #ifdef __cplusplus
| extern "C"
| #endif
| char CU_initialize_registry ();
| int
| main ()
| {
| return CU_initialize_registry ();
|   ;
|   return 0;
| }
configure:12593: result: no
configure:12635: checking for ANSI C header files
configure:12739: result: yes
configure:12750: checking limits.h usability
configure:12750: cc -c -g  conftest.c >&5
configure:12750: $? = 0
configure:12750: result: yes
configure:12750: checking limits.h presence
configure:12750: cc -E  conftest.c
configure:12750: $? = 0
configure:12750: result: yes
configure:12750: checking for limits.h
configure:12750: result: yes
configure:12750: checking for stdlib.h
configure:12750: result: yes
configure:12750: checking for string.h
configure:12750: result: yes
configure:12750: checking time64.h usability
configure:12750: cc -c -g  conftest.c >&5
configure:12750: $? = 1
configure: failed program was:
| /* confdefs.h */
| #define PACKAGE_NAME "libmetalink"
| #define PACKAGE_TARNAME "libmetalink"
| #define PACKAGE_VERSION "0.1.2"
| #define PACKAGE_STRING "libmetalink 0.1.2"
| #define PACKAGE_BUGREPORT "t-tujikawa@users.sourceforge.net"
| #define PACKAGE_URL ""
| #define STDC_HEADERS 1
| #define HAVE_SYS_TYPES_H 1
| #define HAVE_SYS_STAT_H 1
| #define HAVE_STDLIB_H 1
| #define HAVE_STRING_H 1
| #define HAVE_UNISTD_H 1
| #define LT_OBJDIR ".libs/"
| #define PACKAGE "libmetalink"
| #define VERSION "0.1.2"
| #define HAVE_LIBEXPAT 1
| #define STDC_HEADERS 1
| #define HAVE_LIMITS_H 1
| #define HAVE_STDLIB_H 1
| #define HAVE_STRING_H 1
| /* end confdefs.h.  */
| #include <stdio.h>
| #ifdef HAVE_SYS_TYPES_H
| # include <sys/types.h>
| #endif
| #ifdef HAVE_SYS_STAT_H
| # include <sys/stat.h>
| #endif
| #ifdef STDC_HEADERS
| # include <stdlib.h>
| # include <stddef.h>
| #else
| # ifdef HAVE_STDLIB_H
| #  include <stdlib.h>
| # endif
| #endif
| #ifdef HAVE_STRING_H
| # if !defined STDC_HEADERS && defined HAVE_MEMORY_H
| #  include <memory.h>
| # endif
| # include <string.h>
| #endif
| #ifdef HAVE_STRINGS_H
| # include <strings.h>
| #endif
| #ifdef HAVE_INTTYPES_H
| # include <inttypes.h>
| #endif
| #ifdef HAVE_STDINT_H
| # include <stdint.h>
| #endif
| #ifdef HAVE_UNISTD_H
| # include <unistd.h>
| #endif
| #include <time64.h>
configure:12750: result: no
configure:12750: checking time64.h presence
configure:12750: cc -E  conftest.c
configure:12750: $? = 1
configure: failed program was:
| /* confdefs.h */
| #define PACKAGE_NAME "libmetalink"
| #define PACKAGE_TARNAME "libmetalink"
| #define PACKAGE_VERSION "0.1.2"
| #define PACKAGE_STRING "libmetalink 0.1.2"
| #define PACKAGE_BUGREPORT "t-tujikawa@users.sourceforge.net"
| #define PACKAGE_URL ""
| #define STDC_HEADERS 1
| #define HAVE_SYS_TYPES_H 1
| #define HAVE_SYS_STAT_H 1
| #define HAVE_STDLIB_H 1
| #define HAVE_STRING_H 1
| #define HAVE_UNISTD_H 1
| #define LT_OBJDIR ".libs/"
| #define PACKAGE "libmetalink"
| #define VERSION "0.1.2"
| #define HAVE_LIBEXPAT 1
| #define STDC_HEADERS 1
| #define HAVE_LIMITS_H 1
| #define HAVE_STDLIB_H 1
| #define HAVE_STRING_H 1
| /* end confdefs.h.  */
| #include <time64.h>
configure:12750: result: no
configure:12750: checking for time64.h
configure:12750: result: no
configure:12761: checking for inttypes.h
configure:12761: result: no
configure:12778: checking for an ANSI C-conforming const
configure:12844: cc -c -g  conftest.c >&5
configure:12844: $? = 0
configure:12851: result: yes
configure:12859: checking for size_t
configure:12859: cc -c -g  conftest.c >&5
configure:12859: $? = 0
configure:12859: cc -c -g  conftest.c >&5
/usr/jens/dvl/libmetalink-0.1.2/conftest.c:59[stdin:758] syntax error, last name: size_t
configure:12859: $? = 1
configure: failed program was:
| /* confdefs.h */
| #define PACKAGE_NAME "libmetalink"
| #define PACKAGE_TARNAME "libmetalink"
| #define PACKAGE_VERSION "0.1.2"
| #define PACKAGE_STRING "libmetalink 0.1.2"
| #define PACKAGE_BUGREPORT "t-tujikawa@users.sourceforge.net"
| #define PACKAGE_URL ""
| #define STDC_HEADERS 1
| #define HAVE_SYS_TYPES_H 1
| #define HAVE_SYS_STAT_H 1
| #define HAVE_STDLIB_H 1
| #define HAVE_STRING_H 1
| #define HAVE_UNISTD_H 1
| #define LT_OBJDIR ".libs/"
| #define PACKAGE "libmetalink"
| #define VERSION "0.1.2"
| #define HAVE_LIBEXPAT 1
| #define STDC_HEADERS 1
| #define HAVE_LIMITS_H 1
| #define HAVE_STDLIB_H 1
| #define HAVE_STRING_H 1
| /* end confdefs.h.  */
| #include <stdio.h>
| #ifdef HAVE_SYS_TYPES_H
| # include <sys/types.h>
| #endif
| #ifdef HAVE_SYS_STAT_H
| # include <sys/stat.h>
| #endif
| #ifdef STDC_HEADERS
| # include <stdlib.h>
| # include <stddef.h>
| #else
| # ifdef HAVE_STDLIB_H
| #  include <stdlib.h>
| # endif
| #endif
| #ifdef HAVE_STRING_H
| # if !defined STDC_HEADERS && defined HAVE_MEMORY_H
| #  include <memory.h>
| # endif
| # include <string.h>
| #endif
| #ifdef HAVE_STRINGS_H
| # include <strings.h>
| #endif
| #ifdef HAVE_INTTYPES_H
| # include <inttypes.h>
| #endif
| #ifdef HAVE_STDINT_H
| # include <stdint.h>
| #endif
| #ifdef HAVE_UNISTD_H
| # include <unistd.h>
| #endif
| int
| main ()
| {
| if (sizeof ((size_t)))
| 	    return 0;
|   ;
|   return 0;
| }
configure:12859: result: yes
configure:12874: checking for stdlib.h
configure:12874: result: yes
configure:12884: checking for GNU libc compatible malloc
configure:12908: cc -o conftest -g   conftest.c  >&5
configure:12908: $? = 0
configure:12908: ./conftest
configure:12908: $? = 0
configure:12918: result: yes
configure:12941: checking for stdlib.h
configure:12941: result: yes
configure:12951: checking for GNU libc compatible realloc
configure:12975: cc -o conftest -g   conftest.c  >&5
configure:12975: $? = 0
configure:12975: ./conftest
configure:12975: $? = 0
configure:12985: result: yes
configure:13013: checking for memset
configure:13013: cc -o conftest -g   conftest.c  >&5
configure:13013: $? = 0
configure:13013: result: yes
configure:13013: checking for strtol
configure:13013: cc -o conftest -g   conftest.c  >&5
configure:13013: $? = 0
configure:13013: result: yes
configure:13013: checking for strtoll
configure:13013: cc -o conftest -g   conftest.c  >&5
configure:13013: $? = 0
configure:13013: result: yes
configure:13013: checking for timegm64
configure:13013: cc -o conftest -g   conftest.c  >&5
main: undefined: timegm64
configure:13013: $? = 1
configure: failed program was:
| /* confdefs.h */
| #define PACKAGE_NAME "libmetalink"
| #define PACKAGE_TARNAME "libmetalink"
| #define PACKAGE_VERSION "0.1.2"
| #define PACKAGE_STRING "libmetalink 0.1.2"
| #define PACKAGE_BUGREPORT "t-tujikawa@users.sourceforge.net"
| #define PACKAGE_URL ""
| #define STDC_HEADERS 1
| #define HAVE_SYS_TYPES_H 1
| #define HAVE_SYS_STAT_H 1
| #define HAVE_STDLIB_H 1
| #define HAVE_STRING_H 1
| #define HAVE_UNISTD_H 1
| #define LT_OBJDIR ".libs/"
| #define PACKAGE "libmetalink"
| #define VERSION "0.1.2"
| #define HAVE_LIBEXPAT 1
| #define STDC_HEADERS 1
| #define HAVE_LIMITS_H 1
| #define HAVE_STDLIB_H 1
| #define HAVE_STRING_H 1
| #define HAVE_STDLIB_H 1
| #define HAVE_MALLOC 1
| #define HAVE_STDLIB_H 1
| #define HAVE_REALLOC 1
| #define HAVE_MEMSET 1
| #define HAVE_STRTOL 1
| #define HAVE_STRTOLL 1
| /* end confdefs.h.  */
| /* Define timegm64 to an innocuous variant, in case <limits.h> declares timegm64.
|    For example, HP-UX 11i <limits.h> declares gettimeofday.  */
| #define timegm64 innocuous_timegm64
| 
| /* System header to define __stub macros and hopefully few prototypes,
|     which can conflict with char timegm64 (); below.
|     Prefer <limits.h> to <assert.h> if __STDC__ is defined, since
|     <limits.h> exists even on freestanding compilers.  */
| 
| #ifdef __STDC__
| # include <limits.h>
| #else
| # include <assert.h>
| #endif
| 
| #undef timegm64
| 
| /* Override any GCC internal prototype to avoid an error.
|    Use char because int might match the return type of a GCC
|    builtin and then its argument prototype would still apply.  */
| #ifdef __cplusplus
| extern "C"
| #endif
| char timegm64 ();
| /* The GNU C library defines this for functions which it implements
|     to always fail with ENOSYS.  Some functions are actually named
|     something starting with __ and the normal name is an alias.  */
| #if defined __stub_timegm64 || defined __stub___timegm64
| choke me
| #endif
| 
| int
| main ()
| {
| return timegm64 ();
|   ;
|   return 0;
| }
configure:13013: result: no
configure:13013: checking for _mkgmtime
configure:13013: cc -o conftest -g   conftest.c  >&5
main: undefined: _mkgmtime
configure:13013: $? = 1
configure: failed program was:
| /* confdefs.h */
| #define PACKAGE_NAME "libmetalink"
| #define PACKAGE_TARNAME "libmetalink"
| #define PACKAGE_VERSION "0.1.2"
| #define PACKAGE_STRING "libmetalink 0.1.2"
| #define PACKAGE_BUGREPORT "t-tujikawa@users.sourceforge.net"
| #define PACKAGE_URL ""
| #define STDC_HEADERS 1
| #define HAVE_SYS_TYPES_H 1
| #define HAVE_SYS_STAT_H 1
| #define HAVE_STDLIB_H 1
| #define HAVE_STRING_H 1
| #define HAVE_UNISTD_H 1
| #define LT_OBJDIR ".libs/"
| #define PACKAGE "libmetalink"
| #define VERSION "0.1.2"
| #define HAVE_LIBEXPAT 1
| #define STDC_HEADERS 1
| #define HAVE_LIMITS_H 1
| #define HAVE_STDLIB_H 1
| #define HAVE_STRING_H 1
| #define HAVE_STDLIB_H 1
| #define HAVE_MALLOC 1
| #define HAVE_STDLIB_H 1
| #define HAVE_REALLOC 1
| #define HAVE_MEMSET 1
| #define HAVE_STRTOL 1
| #define HAVE_STRTOLL 1
| /* end confdefs.h.  */
| /* Define _mkgmtime to an innocuous variant, in case <limits.h> declares _mkgmtime.
|    For example, HP-UX 11i <limits.h> declares gettimeofday.  */
| #define _mkgmtime innocuous__mkgmtime
| 
| /* System header to define __stub macros and hopefully few prototypes,
|     which can conflict with char _mkgmtime (); below.
|     Prefer <limits.h> to <assert.h> if __STDC__ is defined, since
|     <limits.h> exists even on freestanding compilers.  */
| 
| #ifdef __STDC__
| # include <limits.h>
| #else
| # include <assert.h>
| #endif
| 
| #undef _mkgmtime
| 
| /* Override any GCC internal prototype to avoid an error.
|    Use char because int might match the return type of a GCC
|    builtin and then its argument prototype would still apply.  */
| #ifdef __cplusplus
| extern "C"
| #endif
| char _mkgmtime ();
| /* The GNU C library defines this for functions which it implements
|     to always fail with ENOSYS.  Some functions are actually named
|     something starting with __ and the normal name is an alias.  */
| #if defined __stub__mkgmtime || defined __stub____mkgmtime
| choke me
| #endif
| 
| int
| main ()
| {
| return _mkgmtime ();
|   ;
|   return 0;
| }
configure:13013: result: no
configure:13013: checking for mkgmtime
configure:13013: cc -o conftest -g   conftest.c  >&5
main: undefined: mkgmtime
configure:13013: $? = 1
configure: failed program was:
| /* confdefs.h */
| #define PACKAGE_NAME "libmetalink"
| #define PACKAGE_TARNAME "libmetalink"
| #define PACKAGE_VERSION "0.1.2"
| #define PACKAGE_STRING "libmetalink 0.1.2"
| #define PACKAGE_BUGREPORT "t-tujikawa@users.sourceforge.net"
| #define PACKAGE_URL ""
| #define STDC_HEADERS 1
| #define HAVE_SYS_TYPES_H 1
| #define HAVE_SYS_STAT_H 1
| #define HAVE_STDLIB_H 1
| #define HAVE_STRING_H 1
| #define HAVE_UNISTD_H 1
| #define LT_OBJDIR ".libs/"
| #define PACKAGE "libmetalink"
| #define VERSION "0.1.2"
| #define HAVE_LIBEXPAT 1
| #define STDC_HEADERS 1
| #define HAVE_LIMITS_H 1
| #define HAVE_STDLIB_H 1
| #define HAVE_STRING_H 1
| #define HAVE_STDLIB_H 1
| #define HAVE_MALLOC 1
| #define HAVE_STDLIB_H 1
| #define HAVE_REALLOC 1
| #define HAVE_MEMSET 1
| #define HAVE_STRTOL 1
| #define HAVE_STRTOLL 1
| /* end confdefs.h.  */
| /* Define mkgmtime to an innocuous variant, in case <limits.h> declares mkgmtime.
|    For example, HP-UX 11i <limits.h> declares gettimeofday.  */
| #define mkgmtime innocuous_mkgmtime
| 
| /* System header to define __stub macros and hopefully few prototypes,
|     which can conflict with char mkgmtime (); below.
|     Prefer <limits.h> to <assert.h> if __STDC__ is defined, since
|     <limits.h> exists even on freestanding compilers.  */
| 
| #ifdef __STDC__
| # include <limits.h>
| #else
| # include <assert.h>
| #endif
| 
| #undef mkgmtime
| 
| /* Override any GCC internal prototype to avoid an error.
|    Use char because int might match the return type of a GCC
|    builtin and then its argument prototype would still apply.  */
| #ifdef __cplusplus
| extern "C"
| #endif
| char mkgmtime ();
| /* The GNU C library defines this for functions which it implements
|     to always fail with ENOSYS.  Some functions are actually named
|     something starting with __ and the normal name is an alias.  */
| #if defined __stub_mkgmtime || defined __stub___mkgmtime
| choke me
| #endif
| 
| int
| main ()
| {
| return mkgmtime ();
|   ;
|   return 0;
| }
configure:13013: result: no
configure:13022: checking for timegm
configure:13022: cc -o conftest -g   conftest.c  >&5
main: undefined: timegm
configure:13022: $? = 1
configure: failed program was:
| /* confdefs.h */
| #define PACKAGE_NAME "libmetalink"
| #define PACKAGE_TARNAME "libmetalink"
| #define PACKAGE_VERSION "0.1.2"
| #define PACKAGE_STRING "libmetalink 0.1.2"
| #define PACKAGE_BUGREPORT "t-tujikawa@users.sourceforge.net"
| #define PACKAGE_URL ""
| #define STDC_HEADERS 1
| #define HAVE_SYS_TYPES_H 1
| #define HAVE_SYS_STAT_H 1
| #define HAVE_STDLIB_H 1
| #define HAVE_STRING_H 1
| #define HAVE_UNISTD_H 1
| #define LT_OBJDIR ".libs/"
| #define PACKAGE "libmetalink"
| #define VERSION "0.1.2"
| #define HAVE_LIBEXPAT 1
| #define STDC_HEADERS 1
| #define HAVE_LIMITS_H 1
| #define HAVE_STDLIB_H 1
| #define HAVE_STRING_H 1
| #define HAVE_STDLIB_H 1
| #define HAVE_MALLOC 1
| #define HAVE_STDLIB_H 1
| #define HAVE_REALLOC 1
| #define HAVE_MEMSET 1
| #define HAVE_STRTOL 1
| #define HAVE_STRTOLL 1
| /* end confdefs.h.  */
| /* Define timegm to an innocuous variant, in case <limits.h> declares timegm.
|    For example, HP-UX 11i <limits.h> declares gettimeofday.  */
| #define timegm innocuous_timegm
| 
| /* System header to define __stub macros and hopefully few prototypes,
|     which can conflict with char timegm (); below.
|     Prefer <limits.h> to <assert.h> if __STDC__ is defined, since
|     <limits.h> exists even on freestanding compilers.  */
| 
| #ifdef __STDC__
| # include <limits.h>
| #else
| # include <assert.h>
| #endif
| 
| #undef timegm
| 
| /* Override any GCC internal prototype to avoid an error.
|    Use char because int might match the return type of a GCC
|    builtin and then its argument prototype would still apply.  */
| #ifdef __cplusplus
| extern "C"
| #endif
| char timegm ();
| /* The GNU C library defines this for functions which it implements
|     to always fail with ENOSYS.  Some functions are actually named
|     something starting with __ and the normal name is an alias.  */
| #if defined __stub_timegm || defined __stub___timegm
| choke me
| #endif
| 
| int
| main ()
| {
| return timegm ();
|   ;
|   return 0;
| }
configure:13022: result: no
configure:13045: checking for strptime
configure:13045: cc -o conftest -g   conftest.c  >&5
main: undefined: strptime
configure:13045: $? = 1
configure: failed program was:
| /* confdefs.h */
| #define PACKAGE_NAME "libmetalink"
| #define PACKAGE_TARNAME "libmetalink"
| #define PACKAGE_VERSION "0.1.2"
| #define PACKAGE_STRING "libmetalink 0.1.2"
| #define PACKAGE_BUGREPORT "t-tujikawa@users.sourceforge.net"
| #define PACKAGE_URL ""
| #define STDC_HEADERS 1
| #define HAVE_SYS_TYPES_H 1
| #define HAVE_SYS_STAT_H 1
| #define HAVE_STDLIB_H 1
| #define HAVE_STRING_H 1
| #define HAVE_UNISTD_H 1
| #define LT_OBJDIR ".libs/"
| #define PACKAGE "libmetalink"
| #define VERSION "0.1.2"
| #define HAVE_LIBEXPAT 1
| #define STDC_HEADERS 1
| #define HAVE_LIMITS_H 1
| #define HAVE_STDLIB_H 1
| #define HAVE_STRING_H 1
| #define HAVE_STDLIB_H 1
| #define HAVE_MALLOC 1
| #define HAVE_STDLIB_H 1
| #define HAVE_REALLOC 1
| #define HAVE_MEMSET 1
| #define HAVE_STRTOL 1
| #define HAVE_STRTOLL 1
| /* end confdefs.h.  */
| /* Define strptime to an innocuous variant, in case <limits.h> declares strptime.
|    For example, HP-UX 11i <limits.h> declares gettimeofday.  */
| #define strptime innocuous_strptime
| 
| /* System header to define __stub macros and hopefully few prototypes,
|     which can conflict with char strptime (); below.
|     Prefer <limits.h> to <assert.h> if __STDC__ is defined, since
|     <limits.h> exists even on freestanding compilers.  */
| 
| #ifdef __STDC__
| # include <limits.h>
| #else
| # include <assert.h>
| #endif
| 
| #undef strptime
| 
| /* Override any GCC internal prototype to avoid an error.
|    Use char because int might match the return type of a GCC
|    builtin and then its argument prototype would still apply.  */
| #ifdef __cplusplus
| extern "C"
| #endif
| char strptime ();
| /* The GNU C library defines this for functions which it implements
|     to always fail with ENOSYS.  Some functions are actually named
|     something starting with __ and the normal name is an alias.  */
| #if defined __stub_strptime || defined __stub___strptime
| choke me
| #endif
| 
| int
| main ()
| {
| return strptime ();
|   ;
|   return 0;
| }
configure:13045: result: no
configure:13232: creating ./config.status

## ---------------------- ##
## Running config.status. ##
## ---------------------- ##

This file was extended by libmetalink config.status 0.1.2, which was
generated by GNU Autoconf 2.69.  Invocation command line was

  CONFIG_FILES    = 
  CONFIG_HEADERS  = 
  CONFIG_LINKS    = 
  CONFIG_COMMANDS = 
  $ ./config.status 

on cirno

config.status:1120: creating Makefile
config.status:1120: creating lib/Makefile
config.status:1120: creating lib/libmetalink.pc
config.status:1120: creating lib/includes/metalink/metalinkver.h
config.status:1120: creating lib/includes/Makefile
config.status:1120: creating test/Makefile
config.status:1120: creating doc/Makefile
config.status:1120: creating doc/examples/Makefile
config.status:1120: creating doc/man3/Makefile
config.status:1120: creating m4/Makefile
config.status:1120: creating config.h
config.status:1349: executing libtool commands
config.status:1349: executing depfiles commands
configure:15468: summary of build options:

    Version:        0.1.2 (0:1:2), shared 3:0:0
    Host type:      i386-unknown-plan9
    Install prefix: /usr/local
    C compiler:     cc
    CFLAGS:         -g
    LDFLAGS:        
    LIBS:           
    CPPFLAGS:       
    C preprocessor: cc -E
    Library types:  Shared=no, Static=yes
    Libexpat:       yes  -lexpat
    Libxml2:          
    CUnit:          no  


## ---------------- ##
## Cache variables. ##
## ---------------- ##

ac_cv_build=i386-unknown-plan9
ac_cv_c_compiler_gnu=no
ac_cv_c_const=yes
ac_cv_env_CC_set=
ac_cv_env_CC_value=
ac_cv_env_CFLAGS_set=
ac_cv_env_CFLAGS_value=
ac_cv_env_CPPFLAGS_set=
ac_cv_env_CPPFLAGS_value=
ac_cv_env_CPP_set=
ac_cv_env_CPP_value=
ac_cv_env_CUNIT_CFLAGS_set=
ac_cv_env_CUNIT_CFLAGS_value=
ac_cv_env_CUNIT_LIBS_set=
ac_cv_env_CUNIT_LIBS_value=
ac_cv_env_LDFLAGS_set=
ac_cv_env_LDFLAGS_value=
ac_cv_env_LIBS_set=
ac_cv_env_LIBS_value=
ac_cv_env_PKG_CONFIG_LIBDIR_set=
ac_cv_env_PKG_CONFIG_LIBDIR_value=
ac_cv_env_PKG_CONFIG_PATH_set=
ac_cv_env_PKG_CONFIG_PATH_value=
ac_cv_env_PKG_CONFIG_set=
ac_cv_env_PKG_CONFIG_value=
ac_cv_env_build_alias_set=
ac_cv_env_build_alias_value=
ac_cv_env_host_alias_set=
ac_cv_env_host_alias_value=
ac_cv_env_target_alias_set=
ac_cv_env_target_alias_value=
ac_cv_func__mkgmtime=no
ac_cv_func_malloc_0_nonnull=yes
ac_cv_func_memset=yes
ac_cv_func_mkgmtime=no
ac_cv_func_realloc_0_nonnull=yes
ac_cv_func_strptime=no
ac_cv_func_strtol=yes
ac_cv_func_strtoll=yes
ac_cv_func_timegm64=no
ac_cv_func_timegm=no
ac_cv_header_dlfcn_h=no
ac_cv_header_inttypes_h=no
ac_cv_header_limits_h=yes
ac_cv_header_memory_h=no
ac_cv_header_stdc=yes
ac_cv_header_stdint_h=no
ac_cv_header_stdlib_h=yes
ac_cv_header_string_h=yes
ac_cv_header_strings_h=no
ac_cv_header_sys_stat_h=yes
ac_cv_header_sys_types_h=yes
ac_cv_header_time64_h=no
ac_cv_header_unistd_h=yes
ac_cv_host=i386-unknown-plan9
ac_cv_lib_cunit_CU_initialize_registry=no
ac_cv_lib_expat_XML_ParserCreate=yes
ac_cv_objext=o
ac_cv_path_EGREP=/bin/egrep
ac_cv_path_FGREP=/bin/fgrep
ac_cv_path_GREP=grep
ac_cv_path_SED=/bin/gsed
ac_cv_prog_AWK=gawk
ac_cv_prog_CC=cc
ac_cv_prog_CPP='cc -E'
ac_cv_prog_ac_ct_AR=ar
ac_cv_prog_ac_ct_RANLIB=ranlib
ac_cv_prog_ac_ct_STRIP=strip
ac_cv_prog_cc_c89=
ac_cv_prog_cc_g=yes
ac_cv_prog_make_make_set=yes
ac_cv_target=i386-unknown-plan9
ac_cv_type_size_t=yes
am_cv_CC_dependencies_compiler_type=none
lt_cv_ar_at_file=no
lt_cv_deplibs_check_method=unknown
lt_cv_file_magic_cmd='$MAGIC_CMD'
lt_cv_file_magic_test_file=
lt_cv_ld_reload_flag=-r
lt_cv_nm_interface='BSD nm'
lt_cv_objdir=.libs
lt_cv_path_LD=/bin/ld
lt_cv_path_NM=/bin/nm
lt_cv_path_mainfest_tool=no
lt_cv_prog_compiler_c_o=yes
lt_cv_prog_compiler_pic=' -DPIC'
lt_cv_prog_compiler_pic_works=yes
lt_cv_prog_compiler_static_works=yes
lt_cv_prog_gnu_ld=no
lt_cv_sharedlib_from_linklib_cmd='print -r --'
lt_cv_sys_global_symbol_pipe='sed -n -e '\''s/^.*[	 ]\([BCDEGRST][BCDEGRST]*\)[	 ][	 ]*\([_A-Za-z][_A-Za-z0-9]*\)$/\1 \2 \2/p'\'' | sed '\''/ __gnu_lto/d'\'
lt_cv_sys_global_symbol_to_c_name_address='sed -n -e '\''s/^: \([^ ]*\)[ ]*$/  {\"\1\", (void *) 0},/p'\'' -e '\''s/^[BCDEGRST]* \([^ ]*\) \([^ ]*\)$/  {"\2", (void *) \&\2},/p'\'
lt_cv_sys_global_symbol_to_c_name_address_lib_prefix='sed -n -e '\''s/^: \([^ ]*\)[ ]*$/  {\"\1\", (void *) 0},/p'\'' -e '\''s/^[BCDEGRST]* \([^ ]*\) \(lib[^ ]*\)$/  {"\2", (void *) \&\2},/p'\'' -e '\''s/^[BCDEGRST]* \([^ ]*\) \([^ ]*\)$/  {"lib\2", (void *) \&\2},/p'\'
lt_cv_sys_global_symbol_to_cdecl='sed -n -e '\''s/^T .* \(.*\)$/extern int \1();/p'\'' -e '\''s/^[BCDEGRST]* .* \(.*\)$/extern char \1;/p'\'
lt_cv_sys_max_cmd_len=512
lt_cv_to_host_file_cmd=func_convert_file_noop
lt_cv_to_tool_file_cmd=func_convert_file_noop

## ----------------- ##
## Output variables. ##
## ----------------- ##

ACLOCAL='${SHELL} /usr/jens/dvl/libmetalink-0.1.2/missing --run aclocal-1.11'
AMDEPBACKSLASH='\'
AMDEP_FALSE='#'
AMDEP_TRUE=''
AMTAR='$${TAR-tar}'
AR='ar'
AUTOCONF='${SHELL} /usr/jens/dvl/libmetalink-0.1.2/missing --run autoconf'
AUTOHEADER='${SHELL} /usr/jens/dvl/libmetalink-0.1.2/missing --run autoheader'
AUTOMAKE='${SHELL} /usr/jens/dvl/libmetalink-0.1.2/missing --run automake-1.11'
AWK='gawk'
CC='cc'
CCDEPMODE='depmode=none'
CFLAGS='-g'
CPP='cc -E'
CPPFLAGS=''
CUNIT_CFLAGS=''
CUNIT_LIBS=''
CYGPATH_W='echo'
DEFS='-DHAVE_CONFIG_H'
DEPDIR='.deps'
DLLTOOL='false'
DSYMUTIL=''
DUMPBIN=''
ECHO_C=''
ECHO_N='-n'
ECHO_T=''
EGREP='/bin/egrep'
ENABLE_LIBEXPAT_FALSE='#'
ENABLE_LIBEXPAT_TRUE=''
ENABLE_LIBXML2_FALSE=''
ENABLE_LIBXML2_TRUE='#'
EXEEXT=''
EXPAT_CFLAGS=''
EXPAT_LIBS='-lexpat'
FGREP='/bin/fgrep'
GREP='grep'
HAVE_CUNIT_FALSE=''
HAVE_CUNIT_TRUE='#'
HAVE_STRPTIME_FALSE=''
HAVE_STRPTIME_TRUE='#'
HAVE_TIMEGM_FALSE=''
HAVE_TIMEGM_TRUE='#'
INSTALL_DATA='${INSTALL} -m 644'
INSTALL_PROGRAM='${INSTALL}'
INSTALL_SCRIPT='${INSTALL}'
INSTALL_STRIP_PROGRAM='$(install_sh) -c -s'
LD='/bin/ld'
LDFLAGS=''
LIBOBJS=''
LIBS=''
LIBTOOL='$(SHELL) $(top_builddir)/libtool'
LIPO=''
LN_S='cp -pR'
LTLIBOBJS=''
LT_AGE='0'
LT_CURRENT='3'
LT_REVISION='0'
MAJOR_VERSION='0'
MAKEINFO='${SHELL} /usr/jens/dvl/libmetalink-0.1.2/missing --run makeinfo'
MANIFEST_TOOL=':'
MINOR_VERSION='1'
MKDIR_P='./install-sh -c -d'
NM='/bin/nm'
NMEDIT=''
NUMBER_VERSION='0x%02x%02x%02x'
OBJDUMP='false'
OBJEXT='o'
OTOOL64=''
OTOOL=''
PACKAGE='libmetalink'
PACKAGE_BUGREPORT='t-tujikawa@users.sourceforge.net'
PACKAGE_NAME='libmetalink'
PACKAGE_STRING='libmetalink 0.1.2'
PACKAGE_TARNAME='libmetalink'
PACKAGE_URL=''
PACKAGE_VERSION='0.1.2'
PATCH_VERSION='2'
PATH_SEPARATOR=':'
PKG_CONFIG=''
PKG_CONFIG_LIBDIR=''
PKG_CONFIG_PATH=''
RANLIB='ranlib'
SED='/bin/gsed'
SET_MAKE=''
SHELL='/bin/sh'
STRIP='strip'
VERSION='0.1.2'
XML2_CONFIG=''
XML_CPPFLAGS=''
XML_LIBS=''
ac_ct_AR='ar'
ac_ct_CC=''
ac_ct_DUMPBIN=''
am__EXEEXT_FALSE=''
am__EXEEXT_TRUE='#'
am__fastdepCC_FALSE=''
am__fastdepCC_TRUE='#'
am__include='include'
am__isrc=''
am__leading_dot='.'
am__nodep='_no'
am__quote=''
am__tar='$${TAR-tar} chof - "$$tardir"'
am__untar='$${TAR-tar} xf -'
bindir='${exec_prefix}/bin'
build='i386-unknown-plan9'
build_alias=''
build_cpu='i386'
build_os='plan9'
build_vendor='unknown'
datadir='${datarootdir}'
datarootdir='${prefix}/share'
docdir='${datarootdir}/doc/${PACKAGE_TARNAME}'
dvidir='${docdir}'
exec_prefix='${prefix}'
host='i386-unknown-plan9'
host_alias=''
host_cpu='i386'
host_os='plan9'
host_vendor='unknown'
htmldir='${docdir}'
includedir='${prefix}/include'
infodir='${datarootdir}/info'
install_sh='${SHELL} /usr/jens/dvl/libmetalink-0.1.2/install-sh'
libdir='${exec_prefix}/lib'
libexecdir='${exec_prefix}/libexec'
localedir='${datarootdir}/locale'
localstatedir='${prefix}/var'
mandir='${datarootdir}/man'
mkdir_p='$(top_builddir)/./install-sh -c -d'
oldincludedir='/usr/include'
pdfdir='${docdir}'
prefix='/usr/local'
program_transform_name='s,x,x,'
psdir='${docdir}'
sbindir='${exec_prefix}/sbin'
sharedstatedir='${prefix}/com'
sysconfdir='${prefix}/etc'
target='i386-unknown-plan9'
target_alias=''
target_cpu='i386'
target_os='plan9'
target_vendor='unknown'

## ----------- ##
## confdefs.h. ##
## ----------- ##

/* confdefs.h */
#define PACKAGE_NAME "libmetalink"
#define PACKAGE_TARNAME "libmetalink"
#define PACKAGE_VERSION "0.1.2"
#define PACKAGE_STRING "libmetalink 0.1.2"
#define PACKAGE_BUGREPORT "t-tujikawa@users.sourceforge.net"
#define PACKAGE_URL ""
#define STDC_HEADERS 1
#define HAVE_SYS_TYPES_H 1
#define HAVE_SYS_STAT_H 1
#define HAVE_STDLIB_H 1
#define HAVE_STRING_H 1
#define HAVE_UNISTD_H 1
#define LT_OBJDIR ".libs/"
#define PACKAGE "libmetalink"
#define VERSION "0.1.2"
#define HAVE_LIBEXPAT 1
#define STDC_HEADERS 1
#define HAVE_LIMITS_H 1
#define HAVE_STDLIB_H 1
#define HAVE_STRING_H 1
#define HAVE_STDLIB_H 1
#define HAVE_MALLOC 1
#define HAVE_STDLIB_H 1
#define HAVE_REALLOC 1
#define HAVE_MEMSET 1
#define HAVE_STRTOL 1
#define HAVE_STRTOLL 1

configure: exit 0
