This file contains any messages produced by compilers while
running configure, to aid debugging if configure makes a mistake.

It was created by libpng configure 1.5.13, which was
generated by GNU Autoconf 2.68.  Invocation command line was

  $ ./configure --prefix=/sys/lib/png --exec-prefix=/386 --bindir=/386/bin/ape --sbindir=/386/bin/ape --libexecdir=/386/bin/ape --includedir=/sys/include/ape

## --------- ##
## Platform. ##
## --------- ##

hostname = cirno
uname -m = i386
uname -r = 4
uname -s = Plan9
uname -v = 0

/usr/bin/uname -p = unknown
/bin/uname -X     = unknown

/bin/arch              = unknown
/usr/bin/arch -k       = unknown
/usr/convex/getsysinfo = unknown
/usr/bin/hostinfo      = unknown
/bin/machine           = unknown
/usr/bin/oslevel       = unknown
/bin/universe          = unknown

PATH: /bin
PATH: .


## ----------- ##
## Core tests. ##
## ----------- ##

configure:2325: checking for a BSD-compatible install
configure:2393: result: ./install-sh -c
configure:2404: checking whether build environment is sane
configure:2454: result: yes
configure:2595: checking for a thread-safe mkdir -p
configure:2634: result: ./install-sh -c -d
configure:2647: checking for gawk
configure:2663: found /bin/gawk
configure:2674: result: gawk
configure:2685: checking whether make sets $(MAKE)
configure:2707: result: yes
configure:2788: checking whether to enable maintainer-specific portions of Makefiles
configure:2797: result: no
configure:2876: checking for gcc
configure:2906: result: no
configure:2969: checking for cc
configure:2990: found /bin/cc
configure:3013: result: cc
configure:3132: checking for C compiler version
configure:3141: cc --version >&5
cc: flag -- ignored
cc: flag -e ignored
cc: flag -r ignored
cc: flag -i ignored
cc: no files to compile or load
configure:3152: $? = 1
configure:3141: cc -v >&5
cc: no files to compile or load
configure:3152: $? = 1
configure:3141: cc -V >&5
cc: flag -V ignored
cc: no files to compile or load
configure:3152: $? = 1
configure:3141: cc -qversion >&5
cc: flag -q ignored
cc: flag -e ignored
cc: flag -r ignored
cc: flag -i ignored
cc: no files to compile or load
configure:3152: $? = 1
configure:3172: checking whether the C compiler works
configure:3194: cc -D_POSIX_SOURCE -D_SUSV2_SOURCE -D_BSD_EXTENSION   conftest.c  >&5
configure:3198: $? = 0
configure:3246: result: yes
configure:3249: checking for C compiler default output file name
configure:3251: result: a.out
configure:3257: checking for suffix of executables
configure:3264: cc -o conftest -D_POSIX_SOURCE -D_SUSV2_SOURCE -D_BSD_EXTENSION   conftest.c  >&5
configure:3268: $? = 0
configure:3290: result: 
configure:3312: checking whether we are cross compiling
configure:3320: cc -o conftest -D_POSIX_SOURCE -D_SUSV2_SOURCE -D_BSD_EXTENSION   conftest.c  >&5
configure:3324: $? = 0
configure:3331: ./conftest
configure:3335: $? = 0
configure:3350: result: no
configure:3355: checking for suffix of object files
configure:3377: cc -c -D_POSIX_SOURCE -D_SUSV2_SOURCE -D_BSD_EXTENSION  conftest.c >&5
configure:3381: $? = 0
configure:3402: result: o
configure:3406: checking whether we are using the GNU C compiler
configure:3425: cc -c -D_POSIX_SOURCE -D_SUSV2_SOURCE -D_BSD_EXTENSION  conftest.c >&5
/usr/jens/dvl/libpng-1.5.13/conftest.c:16[stdin:17] syntax error, last name: me
configure:3425: $? = 1
configure: failed program was:
| /* confdefs.h */
| #define PACKAGE_NAME "libpng"
| #define PACKAGE_TARNAME "libpng"
| #define PACKAGE_VERSION "1.5.13"
| #define PACKAGE_STRING "libpng 1.5.13"
| #define PACKAGE_BUGREPORT "png-mng-implement@lists.sourceforge.net"
| #define PACKAGE_URL ""
| #define PACKAGE "libpng"
| #define VERSION "1.5.13"
| /* end confdefs.h.  */
| 
| int
| main ()
| {
| #ifndef __GNUC__
|        choke me
| #endif
| 
|   ;
|   return 0;
| }
configure:3434: result: no
configure:3443: checking whether cc accepts -g
configure:3463: cc -c -g  conftest.c >&5
configure:3463: $? = 0
configure:3504: result: yes
configure:3521: checking for cc option to accept ISO C89
configure:3585: cc  -c -D_POSIX_SOURCE -D_SUSV2_SOURCE -D_BSD_EXTENSION  conftest.c >&5
configure:3585: $? = 0
configure:3598: result: none needed
configure:3629: checking for style of include used by make
configure:3657: result: GNU
configure:3683: checking dependency style of cc
configure:3794: result: none
configure:3818: checking dependency style of cc
configure:3927: result: none
configure:3946: checking build system type
configure:3960: result: i386-unknown-plan9
configure:3980: checking host system type
configure:3993: result: i386-unknown-plan9
configure:4013: checking for a sed that does not truncate output
configure:4077: result: /bin/gsed
configure:4095: checking for grep that handles long lines and -e
configure:4153: result: grep
configure:4158: checking for egrep
configure:4220: result: egrep
configure:4225: checking for fgrep
configure:4287: result: fgrep
configure:4314: checking how to print strings
configure:4343: result: print -r
configure:4407: checking for non-GNU ld
configure:4441: result: /bin/ld
configure:4448: checking if the linker (/bin/ld) is GNU ld
configure:4463: result: no
configure:4480: checking how to run the C preprocessor
configure:4511: cc -E  conftest.c
configure:4511: $? = 0
configure:4525: cc -E  conftest.c
configure:4525: $? = 1
configure: failed program was:
| /* confdefs.h */
| #define PACKAGE_NAME "libpng"
| #define PACKAGE_TARNAME "libpng"
| #define PACKAGE_VERSION "1.5.13"
| #define PACKAGE_STRING "libpng 1.5.13"
| #define PACKAGE_BUGREPORT "png-mng-implement@lists.sourceforge.net"
| #define PACKAGE_URL ""
| #define PACKAGE "libpng"
| #define VERSION "1.5.13"
| /* end confdefs.h.  */
| #include <ac_nonexistent.h>
configure:4550: result: cc -E
configure:4570: cc -E  conftest.c
configure:4570: $? = 0
configure:4584: cc -E  conftest.c
configure:4584: $? = 1
configure: failed program was:
| /* confdefs.h */
| #define PACKAGE_NAME "libpng"
| #define PACKAGE_TARNAME "libpng"
| #define PACKAGE_VERSION "1.5.13"
| #define PACKAGE_STRING "libpng 1.5.13"
| #define PACKAGE_BUGREPORT "png-mng-implement@lists.sourceforge.net"
| #define PACKAGE_URL ""
| #define PACKAGE "libpng"
| #define VERSION "1.5.13"
| /* end confdefs.h.  */
| #include <ac_nonexistent.h>
configure:4655: checking for sed
configure:4682: result: /bin/gsed
configure:4797: checking whether ln -s works
configure:4804: result: no, using cp -p
configure:4808: checking whether make sets $(MAKE)
configure:4830: result: yes
configure:4881: checking for BSD- or MS-compatible name lister (nm)
configure:4930: result: /bin/nm
configure:5060: checking the name lister (/bin/nm) interface
configure:5067: cc -c -D_POSIX_SOURCE -D_SUSV2_SOURCE -D_BSD_EXTENSION  conftest.c >&5
configure:5070: /bin/nm "conftest.o"
configure:5073: output
 D some_variable
configure:5080: result: BSD nm
configure:5084: checking the maximum length of command line arguments
configure:5214: result: 512
configure:5231: checking whether the shell understands some XSI constructs
configure:5241: result: yes
configure:5245: checking whether the shell understands "+="
configure:5251: result: no
configure:5286: checking how to convert i386-unknown-plan9 file names to i386-unknown-plan9 format
configure:5326: result: func_convert_file_noop
configure:5333: checking how to convert i386-unknown-plan9 file names to toolchain format
configure:5353: result: func_convert_file_noop
configure:5360: checking for /bin/ld option to reload object files
configure:5367: result: -r
configure:5441: checking for objdump
configure:5471: result: no
configure:5497: checking how to recognize dependent libraries
configure:5699: result: unknown
configure:5784: checking for dlltool
configure:5814: result: no
configure:5841: checking how to associate runtime and link libraries
configure:5868: result: print -r --
configure:5929: checking for ar
configure:5945: found /bin/ar
configure:5956: result: ar
configure:5993: checking for archiver @FILE support
configure:6010: cc -c -D_POSIX_SOURCE -D_SUSV2_SOURCE -D_BSD_EXTENSION  conftest.c >&5
configure:6010: $? = 0
configure:6013: ar cru libconftest.a @conftest.lst >&5
ar: @conftest.lst cannot open
configure:6016: $? = 0
configure:6021: ar cru libconftest.a @conftest.lst >&5
ar: @conftest.lst cannot open
configure:6024: $? = 0
configure:6036: result: no
configure:6094: checking for strip
configure:6110: found /bin/strip
configure:6121: result: strip
configure:6193: checking for ranlib
configure:6209: found /bin/ranlib
configure:6220: result: ranlib
configure:6322: checking command to parse /bin/nm output from cc object
configure:6442: cc -c -D_POSIX_SOURCE -D_SUSV2_SOURCE -D_BSD_EXTENSION  conftest.c >&5
configure:6445: $? = 0
configure:6449: /bin/nm conftest.o \| sed -n -e 's/^.*[ ]\([BCDEGRST][BCDEGRST]*\)[ ][ ]*\([_A-Za-z][_A-Za-z0-9]*\)$/\1 \2 \2/p' | sed '/ __gnu_lto/d' \> conftest.nm
configure:6452: $? = 0
configure:6518: cc -o conftest -D_POSIX_SOURCE -D_SUSV2_SOURCE -D_BSD_EXTENSION   conftest.c conftstm.o >&5
configure:6521: $? = 0
configure:6559: result: ok
configure:6596: checking for sysroot
configure:6626: result: no
configure:6882: checking for mt
configure:6912: result: no
configure:6932: checking if : is a manifest tool
configure:6938: : '-?'
configure:6946: result: no
configure:7584: checking for ANSI C header files
configure:7604: cc -c -D_POSIX_SOURCE -D_SUSV2_SOURCE -D_BSD_EXTENSION  conftest.c >&5
configure:7604: $? = 0
configure:7677: cc -o conftest -D_POSIX_SOURCE -D_SUSV2_SOURCE -D_BSD_EXTENSION   conftest.c  >&5
configure:7677: $? = 0
configure:7677: ./conftest
configure:7677: $? = 0
configure:7688: result: yes
configure:7701: checking for sys/types.h
configure:7701: cc -c -D_POSIX_SOURCE -D_SUSV2_SOURCE -D_BSD_EXTENSION  conftest.c >&5
configure:7701: $? = 0
configure:7701: result: yes
configure:7701: checking for sys/stat.h
configure:7701: cc -c -D_POSIX_SOURCE -D_SUSV2_SOURCE -D_BSD_EXTENSION  conftest.c >&5
configure:7701: $? = 0
configure:7701: result: yes
configure:7701: checking for stdlib.h
configure:7701: cc -c -D_POSIX_SOURCE -D_SUSV2_SOURCE -D_BSD_EXTENSION  conftest.c >&5
configure:7701: $? = 0
configure:7701: result: yes
configure:7701: checking for string.h
configure:7701: cc -c -D_POSIX_SOURCE -D_SUSV2_SOURCE -D_BSD_EXTENSION  conftest.c >&5
configure:7701: $? = 0
configure:7701: result: yes
configure:7701: checking for memory.h
configure:7701: cc -c -D_POSIX_SOURCE -D_SUSV2_SOURCE -D_BSD_EXTENSION  conftest.c >&5
configure:7701: $? = 1
configure: failed program was:
| /* confdefs.h */
| #define PACKAGE_NAME "libpng"
| #define PACKAGE_TARNAME "libpng"
| #define PACKAGE_VERSION "1.5.13"
| #define PACKAGE_STRING "libpng 1.5.13"
| #define PACKAGE_BUGREPORT "png-mng-implement@lists.sourceforge.net"
| #define PACKAGE_URL ""
| #define PACKAGE "libpng"
| #define VERSION "1.5.13"
| #define STDC_HEADERS 1
| #define HAVE_SYS_TYPES_H 1
| #define HAVE_SYS_STAT_H 1
| #define HAVE_STDLIB_H 1
| #define HAVE_STRING_H 1
| /* end confdefs.h.  */
| #include <stdio.h>
| #ifdef HAVE_SYS_TYPES_H
| # include <sys/types.h>
| #endif
| #ifdef HAVE_SYS_STAT_H
| # include <sys/stat.h>
| #endif
| #ifdef STDC_HEADERS
| # include <stdlib.h>
| # include <stddef.h>
| #else
| # ifdef HAVE_STDLIB_H
| #  include <stdlib.h>
| # endif
| #endif
| #ifdef HAVE_STRING_H
| # if !defined STDC_HEADERS && defined HAVE_MEMORY_H
| #  include <memory.h>
| # endif
| # include <string.h>
| #endif
| #ifdef HAVE_STRINGS_H
| # include <strings.h>
| #endif
| #ifdef HAVE_INTTYPES_H
| # include <inttypes.h>
| #endif
| #ifdef HAVE_STDINT_H
| # include <stdint.h>
| #endif
| #ifdef HAVE_UNISTD_H
| # include <unistd.h>
| #endif
| 
| #include <memory.h>
configure:7701: result: no
configure:7701: checking for strings.h
configure:7701: cc -c -D_POSIX_SOURCE -D_SUSV2_SOURCE -D_BSD_EXTENSION  conftest.c >&5
configure:7701: $? = 1
configure: failed program was:
| /* confdefs.h */
| #define PACKAGE_NAME "libpng"
| #define PACKAGE_TARNAME "libpng"
| #define PACKAGE_VERSION "1.5.13"
| #define PACKAGE_STRING "libpng 1.5.13"
| #define PACKAGE_BUGREPORT "png-mng-implement@lists.sourceforge.net"
| #define PACKAGE_URL ""
| #define PACKAGE "libpng"
| #define VERSION "1.5.13"
| #define STDC_HEADERS 1
| #define HAVE_SYS_TYPES_H 1
| #define HAVE_SYS_STAT_H 1
| #define HAVE_STDLIB_H 1
| #define HAVE_STRING_H 1
| /* end confdefs.h.  */
| #include <stdio.h>
| #ifdef HAVE_SYS_TYPES_H
| # include <sys/types.h>
| #endif
| #ifdef HAVE_SYS_STAT_H
| # include <sys/stat.h>
| #endif
| #ifdef STDC_HEADERS
| # include <stdlib.h>
| # include <stddef.h>
| #else
| # ifdef HAVE_STDLIB_H
| #  include <stdlib.h>
| # endif
| #endif
| #ifdef HAVE_STRING_H
| # if !defined STDC_HEADERS && defined HAVE_MEMORY_H
| #  include <memory.h>
| # endif
| # include <string.h>
| #endif
| #ifdef HAVE_STRINGS_H
| # include <strings.h>
| #endif
| #ifdef HAVE_INTTYPES_H
| # include <inttypes.h>
| #endif
| #ifdef HAVE_STDINT_H
| # include <stdint.h>
| #endif
| #ifdef HAVE_UNISTD_H
| # include <unistd.h>
| #endif
| 
| #include <strings.h>
configure:7701: result: no
configure:7701: checking for inttypes.h
configure:7701: cc -c -D_POSIX_SOURCE -D_SUSV2_SOURCE -D_BSD_EXTENSION  conftest.c >&5
configure:7701: $? = 0
configure:7701: result: yes
configure:7701: checking for stdint.h
configure:7701: cc -c -D_POSIX_SOURCE -D_SUSV2_SOURCE -D_BSD_EXTENSION  conftest.c >&5
configure:7701: $? = 1
configure: failed program was:
| /* confdefs.h */
| #define PACKAGE_NAME "libpng"
| #define PACKAGE_TARNAME "libpng"
| #define PACKAGE_VERSION "1.5.13"
| #define PACKAGE_STRING "libpng 1.5.13"
| #define PACKAGE_BUGREPORT "png-mng-implement@lists.sourceforge.net"
| #define PACKAGE_URL ""
| #define PACKAGE "libpng"
| #define VERSION "1.5.13"
| #define STDC_HEADERS 1
| #define HAVE_SYS_TYPES_H 1
| #define HAVE_SYS_STAT_H 1
| #define HAVE_STDLIB_H 1
| #define HAVE_STRING_H 1
| #define HAVE_INTTYPES_H 1
| /* end confdefs.h.  */
| #include <stdio.h>
| #ifdef HAVE_SYS_TYPES_H
| # include <sys/types.h>
| #endif
| #ifdef HAVE_SYS_STAT_H
| # include <sys/stat.h>
| #endif
| #ifdef STDC_HEADERS
| # include <stdlib.h>
| # include <stddef.h>
| #else
| # ifdef HAVE_STDLIB_H
| #  include <stdlib.h>
| # endif
| #endif
| #ifdef HAVE_STRING_H
| # if !defined STDC_HEADERS && defined HAVE_MEMORY_H
| #  include <memory.h>
| # endif
| # include <string.h>
| #endif
| #ifdef HAVE_STRINGS_H
| # include <strings.h>
| #endif
| #ifdef HAVE_INTTYPES_H
| # include <inttypes.h>
| #endif
| #ifdef HAVE_STDINT_H
| # include <stdint.h>
| #endif
| #ifdef HAVE_UNISTD_H
| # include <unistd.h>
| #endif
| 
| #include <stdint.h>
configure:7701: result: no
configure:7701: checking for unistd.h
configure:7701: cc -c -D_POSIX_SOURCE -D_SUSV2_SOURCE -D_BSD_EXTENSION  conftest.c >&5
configure:7701: $? = 0
configure:7701: result: yes
configure:7715: checking for dlfcn.h
configure:7715: cc -c -D_POSIX_SOURCE -D_SUSV2_SOURCE -D_BSD_EXTENSION  conftest.c >&5
configure:7715: $? = 1
configure: failed program was:
| /* confdefs.h */
| #define PACKAGE_NAME "libpng"
| #define PACKAGE_TARNAME "libpng"
| #define PACKAGE_VERSION "1.5.13"
| #define PACKAGE_STRING "libpng 1.5.13"
| #define PACKAGE_BUGREPORT "png-mng-implement@lists.sourceforge.net"
| #define PACKAGE_URL ""
| #define PACKAGE "libpng"
| #define VERSION "1.5.13"
| #define STDC_HEADERS 1
| #define HAVE_SYS_TYPES_H 1
| #define HAVE_SYS_STAT_H 1
| #define HAVE_STDLIB_H 1
| #define HAVE_STRING_H 1
| #define HAVE_INTTYPES_H 1
| #define HAVE_UNISTD_H 1
| /* end confdefs.h.  */
| #include <stdio.h>
| #ifdef HAVE_SYS_TYPES_H
| # include <sys/types.h>
| #endif
| #ifdef HAVE_SYS_STAT_H
| # include <sys/stat.h>
| #endif
| #ifdef STDC_HEADERS
| # include <stdlib.h>
| # include <stddef.h>
| #else
| # ifdef HAVE_STDLIB_H
| #  include <stdlib.h>
| # endif
| #endif
| #ifdef HAVE_STRING_H
| # if !defined STDC_HEADERS && defined HAVE_MEMORY_H
| #  include <memory.h>
| # endif
| # include <string.h>
| #endif
| #ifdef HAVE_STRINGS_H
| # include <strings.h>
| #endif
| #ifdef HAVE_INTTYPES_H
| # include <inttypes.h>
| #endif
| #ifdef HAVE_STDINT_H
| # include <stdint.h>
| #endif
| #ifdef HAVE_UNISTD_H
| # include <unistd.h>
| #endif
| 
| #include <dlfcn.h>
configure:7715: result: no
configure:8219: checking for objdir
configure:8234: result: .libs
configure:8863: checking for cc option to produce PIC
configure:8870: result:  -DPIC
configure:8878: checking if cc PIC flag  -DPIC works
configure:8896: cc -c -D_POSIX_SOURCE -D_SUSV2_SOURCE -D_BSD_EXTENSION   -DPIC -DPIC conftest.c >&5
configure:8900: $? = 0
configure:8913: result: yes
configure:8942: checking if cc static flag  works
configure:8970: result: yes
configure:8985: checking if cc supports -c -o file.o
configure:9006: cc -c -D_POSIX_SOURCE -D_SUSV2_SOURCE -D_BSD_EXTENSION  -o out/conftest2.o conftest.c >&5
configure:9010: $? = 0
configure:9032: result: yes
configure:9040: checking if cc supports -c -o file.o
configure:9087: result: yes
configure:9120: checking whether the cc linker (/bin/ld) supports shared libraries
configure:10273: result: no
configure:10513: checking dynamic linker characteristics
configure:11246: result: no
configure:11353: checking how to hardcode library paths into programs
configure:11378: result: unsupported
configure:11918: checking whether stripping libraries is possible
configure:11940: result: no
configure:11958: checking if libtool supports shared libraries
configure:11960: result: no
configure:11963: checking whether to build shared libraries
configure:11984: result: no
configure:11987: checking whether to build static libraries
configure:11991: result: yes
configure:12033: checking for a C preprocessor that does not parse its input
configure:12039: cc -E  conftest.c
configure:12039: $? = 0
configure:12059: result: cc -E
configure:12070: checking for ANSI C header files
configure:12174: result: yes
configure:12185: checking malloc.h usability
configure:12185: cc -c -D_POSIX_SOURCE -D_SUSV2_SOURCE -D_BSD_EXTENSION  conftest.c >&5
configure:12185: $? = 1
configure: failed program was:
| /* confdefs.h */
| #define PACKAGE_NAME "libpng"
| #define PACKAGE_TARNAME "libpng"
| #define PACKAGE_VERSION "1.5.13"
| #define PACKAGE_STRING "libpng 1.5.13"
| #define PACKAGE_BUGREPORT "png-mng-implement@lists.sourceforge.net"
| #define PACKAGE_URL ""
| #define PACKAGE "libpng"
| #define VERSION "1.5.13"
| #define STDC_HEADERS 1
| #define HAVE_SYS_TYPES_H 1
| #define HAVE_SYS_STAT_H 1
| #define HAVE_STDLIB_H 1
| #define HAVE_STRING_H 1
| #define HAVE_INTTYPES_H 1
| #define HAVE_UNISTD_H 1
| #define LT_OBJDIR ".libs/"
| #define STDC_HEADERS 1
| /* end confdefs.h.  */
| #include <stdio.h>
| #ifdef HAVE_SYS_TYPES_H
| # include <sys/types.h>
| #endif
| #ifdef HAVE_SYS_STAT_H
| # include <sys/stat.h>
| #endif
| #ifdef STDC_HEADERS
| # include <stdlib.h>
| # include <stddef.h>
| #else
| # ifdef HAVE_STDLIB_H
| #  include <stdlib.h>
| # endif
| #endif
| #ifdef HAVE_STRING_H
| # if !defined STDC_HEADERS && defined HAVE_MEMORY_H
| #  include <memory.h>
| # endif
| # include <string.h>
| #endif
| #ifdef HAVE_STRINGS_H
| # include <strings.h>
| #endif
| #ifdef HAVE_INTTYPES_H
| # include <inttypes.h>
| #endif
| #ifdef HAVE_STDINT_H
| # include <stdint.h>
| #endif
| #ifdef HAVE_UNISTD_H
| # include <unistd.h>
| #endif
| #include <malloc.h>
configure:12185: result: no
configure:12185: checking malloc.h presence
configure:12185: cc -E  conftest.c
configure:12185: $? = 1
configure: failed program was:
| /* confdefs.h */
| #define PACKAGE_NAME "libpng"
| #define PACKAGE_TARNAME "libpng"
| #define PACKAGE_VERSION "1.5.13"
| #define PACKAGE_STRING "libpng 1.5.13"
| #define PACKAGE_BUGREPORT "png-mng-implement@lists.sourceforge.net"
| #define PACKAGE_URL ""
| #define PACKAGE "libpng"
| #define VERSION "1.5.13"
| #define STDC_HEADERS 1
| #define HAVE_SYS_TYPES_H 1
| #define HAVE_SYS_STAT_H 1
| #define HAVE_STDLIB_H 1
| #define HAVE_STRING_H 1
| #define HAVE_INTTYPES_H 1
| #define HAVE_UNISTD_H 1
| #define LT_OBJDIR ".libs/"
| #define STDC_HEADERS 1
| /* end confdefs.h.  */
| #include <malloc.h>
configure:12185: result: no
configure:12185: checking for malloc.h
configure:12185: result: no
configure:12185: checking for stdlib.h
configure:12185: result: yes
configure:12185: checking for string.h
configure:12185: result: yes
configure:12185: checking for strings.h
configure:12185: result: no
configure:12197: checking for an ANSI C-conforming const
configure:12262: cc -c -D_POSIX_SOURCE -D_SUSV2_SOURCE -D_BSD_EXTENSION  conftest.c >&5
configure:12262: $? = 0
configure:12269: result: yes
configure:12277: checking for size_t
configure:12277: cc -c -D_POSIX_SOURCE -D_SUSV2_SOURCE -D_BSD_EXTENSION  conftest.c >&5
configure:12277: $? = 0
configure:12277: cc -c -D_POSIX_SOURCE -D_SUSV2_SOURCE -D_BSD_EXTENSION  conftest.c >&5
/usr/jens/dvl/libpng-1.5.13/conftest.c:58[stdin:893] syntax error, last name: size_t
configure:12277: $? = 1
configure: failed program was:
| /* confdefs.h */
| #define PACKAGE_NAME "libpng"
| #define PACKAGE_TARNAME "libpng"
| #define PACKAGE_VERSION "1.5.13"
| #define PACKAGE_STRING "libpng 1.5.13"
| #define PACKAGE_BUGREPORT "png-mng-implement@lists.sourceforge.net"
| #define PACKAGE_URL ""
| #define PACKAGE "libpng"
| #define VERSION "1.5.13"
| #define STDC_HEADERS 1
| #define HAVE_SYS_TYPES_H 1
| #define HAVE_SYS_STAT_H 1
| #define HAVE_STDLIB_H 1
| #define HAVE_STRING_H 1
| #define HAVE_INTTYPES_H 1
| #define HAVE_UNISTD_H 1
| #define LT_OBJDIR ".libs/"
| #define STDC_HEADERS 1
| #define HAVE_STDLIB_H 1
| #define HAVE_STRING_H 1
| /* end confdefs.h.  */
| #include <stdio.h>
| #ifdef HAVE_SYS_TYPES_H
| # include <sys/types.h>
| #endif
| #ifdef HAVE_SYS_STAT_H
| # include <sys/stat.h>
| #endif
| #ifdef STDC_HEADERS
| # include <stdlib.h>
| # include <stddef.h>
| #else
| # ifdef HAVE_STDLIB_H
| #  include <stdlib.h>
| # endif
| #endif
| #ifdef HAVE_STRING_H
| # if !defined STDC_HEADERS && defined HAVE_MEMORY_H
| #  include <memory.h>
| # endif
| # include <string.h>
| #endif
| #ifdef HAVE_STRINGS_H
| # include <strings.h>
| #endif
| #ifdef HAVE_INTTYPES_H
| # include <inttypes.h>
| #endif
| #ifdef HAVE_STDINT_H
| # include <stdint.h>
| #endif
| #ifdef HAVE_UNISTD_H
| # include <unistd.h>
| #endif
| int
| main ()
| {
| if (sizeof ((size_t)))
| 	    return 0;
|   ;
|   return 0;
| }
configure:12277: result: yes
configure:12288: checking whether struct tm is in sys/time.h or time.h
configure:12308: cc -c -D_POSIX_SOURCE -D_SUSV2_SOURCE -D_BSD_EXTENSION  conftest.c >&5
configure:12308: $? = 0
configure:12315: result: time.h
configure:12323: checking for C/C++ restrict keyword
configure:12348: cc -c -D_POSIX_SOURCE -D_SUSV2_SOURCE -D_BSD_EXTENSION  conftest.c >&5
/usr/jens/dvl/libpng-1.5.13/conftest.c:23[stdin:24] syntax error, last name: ip
configure:12348: $? = 1
configure: failed program was:
| /* confdefs.h */
| #define PACKAGE_NAME "libpng"
| #define PACKAGE_TARNAME "libpng"
| #define PACKAGE_VERSION "1.5.13"
| #define PACKAGE_STRING "libpng 1.5.13"
| #define PACKAGE_BUGREPORT "png-mng-implement@lists.sourceforge.net"
| #define PACKAGE_URL ""
| #define PACKAGE "libpng"
| #define VERSION "1.5.13"
| #define STDC_HEADERS 1
| #define HAVE_SYS_TYPES_H 1
| #define HAVE_SYS_STAT_H 1
| #define HAVE_STDLIB_H 1
| #define HAVE_STRING_H 1
| #define HAVE_INTTYPES_H 1
| #define HAVE_UNISTD_H 1
| #define LT_OBJDIR ".libs/"
| #define STDC_HEADERS 1
| #define HAVE_STDLIB_H 1
| #define HAVE_STRING_H 1
| /* end confdefs.h.  */
| typedef int * int_ptr;
| 	int foo (int_ptr __restrict ip) {
| 	return ip[0];
|        }
| int
| main ()
| {
| int s[1];
| 	int * __restrict t = s;
| 	t[0] = 0;
| 	return foo(t)
|   ;
|   return 0;
| }
configure:12348: cc -c -D_POSIX_SOURCE -D_SUSV2_SOURCE -D_BSD_EXTENSION  conftest.c >&5
/usr/jens/dvl/libpng-1.5.13/conftest.c:23[stdin:24] syntax error, last name: ip
configure:12348: $? = 1
configure: failed program was:
| /* confdefs.h */
| #define PACKAGE_NAME "libpng"
| #define PACKAGE_TARNAME "libpng"
| #define PACKAGE_VERSION "1.5.13"
| #define PACKAGE_STRING "libpng 1.5.13"
| #define PACKAGE_BUGREPORT "png-mng-implement@lists.sourceforge.net"
| #define PACKAGE_URL ""
| #define PACKAGE "libpng"
| #define VERSION "1.5.13"
| #define STDC_HEADERS 1
| #define HAVE_SYS_TYPES_H 1
| #define HAVE_SYS_STAT_H 1
| #define HAVE_STDLIB_H 1
| #define HAVE_STRING_H 1
| #define HAVE_INTTYPES_H 1
| #define HAVE_UNISTD_H 1
| #define LT_OBJDIR ".libs/"
| #define STDC_HEADERS 1
| #define HAVE_STDLIB_H 1
| #define HAVE_STRING_H 1
| /* end confdefs.h.  */
| typedef int * int_ptr;
| 	int foo (int_ptr __restrict__ ip) {
| 	return ip[0];
|        }
| int
| main ()
| {
| int s[1];
| 	int * __restrict__ t = s;
| 	t[0] = 0;
| 	return foo(t)
|   ;
|   return 0;
| }
configure:12348: cc -c -D_POSIX_SOURCE -D_SUSV2_SOURCE -D_BSD_EXTENSION  conftest.c >&5
/usr/jens/dvl/libpng-1.5.13/conftest.c:23[stdin:24] syntax error, last name: ip
configure:12348: $? = 1
configure: failed program was:
| /* confdefs.h */
| #define PACKAGE_NAME "libpng"
| #define PACKAGE_TARNAME "libpng"
| #define PACKAGE_VERSION "1.5.13"
| #define PACKAGE_STRING "libpng 1.5.13"
| #define PACKAGE_BUGREPORT "png-mng-implement@lists.sourceforge.net"
| #define PACKAGE_URL ""
| #define PACKAGE "libpng"
| #define VERSION "1.5.13"
| #define STDC_HEADERS 1
| #define HAVE_SYS_TYPES_H 1
| #define HAVE_SYS_STAT_H 1
| #define HAVE_STDLIB_H 1
| #define HAVE_STRING_H 1
| #define HAVE_INTTYPES_H 1
| #define HAVE_UNISTD_H 1
| #define LT_OBJDIR ".libs/"
| #define STDC_HEADERS 1
| #define HAVE_STDLIB_H 1
| #define HAVE_STRING_H 1
| /* end confdefs.h.  */
| typedef int * int_ptr;
| 	int foo (int_ptr _Restrict ip) {
| 	return ip[0];
|        }
| int
| main ()
| {
| int s[1];
| 	int * _Restrict t = s;
| 	t[0] = 0;
| 	return foo(t)
|   ;
|   return 0;
| }
configure:12348: cc -c -D_POSIX_SOURCE -D_SUSV2_SOURCE -D_BSD_EXTENSION  conftest.c >&5
configure:12348: $? = 0
configure:12356: result: restrict
configure:12371: checking for working strtod
configure:12412: cc -o conftest -D_POSIX_SOURCE -D_SUSV2_SOURCE -D_BSD_EXTENSION   conftest.c  >&5
configure:12412: $? = 0
configure:12412: ./conftest
configure:12412: $? = 0
configure:12422: result: yes
configure:12486: checking for memset
configure:12486: cc -o conftest -D_POSIX_SOURCE -D_SUSV2_SOURCE -D_BSD_EXTENSION   conftest.c  >&5
configure:12486: $? = 0
configure:12486: result: yes
configure:12499: checking for pow
configure:12499: cc -o conftest -D_POSIX_SOURCE -D_SUSV2_SOURCE -D_BSD_EXTENSION   conftest.c  >&5
configure:12499: $? = 0
configure:12499: result: yes
configure:12564: checking for zlibVersion in -lz
configure:12589: cc -o conftest -D_POSIX_SOURCE -D_SUSV2_SOURCE -D_BSD_EXTENSION   conftest.c -lz   >&5
configure:12589: $? = 0
configure:12598: result: yes
configure:12663: checking for feenableexcept in -lm
configure:12688: cc -o conftest -D_POSIX_SOURCE -D_SUSV2_SOURCE -D_BSD_EXTENSION   conftest.c -lm  -lz  >&5
main: undefined: feenableexcept
configure:12688: $? = 1
configure: failed program was:
| /* confdefs.h */
| #define PACKAGE_NAME "libpng"
| #define PACKAGE_TARNAME "libpng"
| #define PACKAGE_VERSION "1.5.13"
| #define PACKAGE_STRING "libpng 1.5.13"
| #define PACKAGE_BUGREPORT "png-mng-implement@lists.sourceforge.net"
| #define PACKAGE_URL ""
| #define PACKAGE "libpng"
| #define VERSION "1.5.13"
| #define STDC_HEADERS 1
| #define HAVE_SYS_TYPES_H 1
| #define HAVE_SYS_STAT_H 1
| #define HAVE_STDLIB_H 1
| #define HAVE_STRING_H 1
| #define HAVE_INTTYPES_H 1
| #define HAVE_UNISTD_H 1
| #define LT_OBJDIR ".libs/"
| #define STDC_HEADERS 1
| #define HAVE_STDLIB_H 1
| #define HAVE_STRING_H 1
| #define HAVE_MEMSET 1
| #define HAVE_POW 1
| #define HAVE_LIBZ 1
| /* end confdefs.h.  */
| 
| /* Override any GCC internal prototype to avoid an error.
|    Use char because int might match the return type of a GCC
|    builtin and then its argument prototype would still apply.  */
| #ifdef __cplusplus
| extern "C"
| #endif
| char feenableexcept ();
| int
| main ()
| {
| return feenableexcept ();
|   ;
|   return 0;
| }
configure:12697: result: no
configure:12710: checking for feenableexcept
configure:12710: cc -o conftest -D_POSIX_SOURCE -D_SUSV2_SOURCE -D_BSD_EXTENSION   conftest.c -lz  >&5
main: undefined: feenableexcept
configure:12710: $? = 1
configure: failed program was:
| /* confdefs.h */
| #define PACKAGE_NAME "libpng"
| #define PACKAGE_TARNAME "libpng"
| #define PACKAGE_VERSION "1.5.13"
| #define PACKAGE_STRING "libpng 1.5.13"
| #define PACKAGE_BUGREPORT "png-mng-implement@lists.sourceforge.net"
| #define PACKAGE_URL ""
| #define PACKAGE "libpng"
| #define VERSION "1.5.13"
| #define STDC_HEADERS 1
| #define HAVE_SYS_TYPES_H 1
| #define HAVE_SYS_STAT_H 1
| #define HAVE_STDLIB_H 1
| #define HAVE_STRING_H 1
| #define HAVE_INTTYPES_H 1
| #define HAVE_UNISTD_H 1
| #define LT_OBJDIR ".libs/"
| #define STDC_HEADERS 1
| #define HAVE_STDLIB_H 1
| #define HAVE_STRING_H 1
| #define HAVE_MEMSET 1
| #define HAVE_POW 1
| #define HAVE_LIBZ 1
| /* end confdefs.h.  */
| /* Define feenableexcept to an innocuous variant, in case <limits.h> declares feenableexcept.
|    For example, HP-UX 11i <limits.h> declares gettimeofday.  */
| #define feenableexcept innocuous_feenableexcept
| 
| /* System header to define __stub macros and hopefully few prototypes,
|     which can conflict with char feenableexcept (); below.
|     Prefer <limits.h> to <assert.h> if __STDC__ is defined, since
|     <limits.h> exists even on freestanding compilers.  */
| 
| #ifdef __STDC__
| # include <limits.h>
| #else
| # include <assert.h>
| #endif
| 
| #undef feenableexcept
| 
| /* Override any GCC internal prototype to avoid an error.
|    Use char because int might match the return type of a GCC
|    builtin and then its argument prototype would still apply.  */
| #ifdef __cplusplus
| extern "C"
| #endif
| char feenableexcept ();
| /* The GNU C library defines this for functions which it implements
|     to always fail with ENOSYS.  Some functions are actually named
|     something starting with __ and the normal name is an alias.  */
| #if defined __stub_feenableexcept || defined __stub___feenableexcept
| choke me
| #endif
| 
| int
| main ()
| {
| return feenableexcept ();
|   ;
|   return 0;
| }
configure:12710: result: no
configure:12724: checking if using Solaris linker
configure:12733: result: no
configure:12745: checking if libraries can be versioned
configure:12770: result: no
configure:12772: WARNING: *** You have not enabled versioned symbols.
configure:12817: pkgconfig directory is ${libdir}/pkgconfig
configure:13020: creating ./config.status

## ---------------------- ##
## Running config.status. ##
## ---------------------- ##

This file was extended by libpng config.status 1.5.13, which was
generated by GNU Autoconf 2.68.  Invocation command line was

  CONFIG_FILES    = 
  CONFIG_HEADERS  = 
  CONFIG_LINKS    = 
  CONFIG_COMMANDS = 
  $ ./config.status 

on cirno

config.status:1116: creating Makefile
config.status:1116: creating libpng.pc
config.status:1116: creating libpng-config
config.status:1116: creating config.h
config.status:1297: config.h is unchanged
config.status:1345: executing depfiles commands
config.status:1345: executing libtool commands

## ---------------- ##
## Cache variables. ##
## ---------------- ##

ac_cv_build=i386-unknown-plan9
ac_cv_c_compiler_gnu=no
ac_cv_c_const=yes
ac_cv_c_restrict=restrict
ac_cv_env_CCASFLAGS_set=
ac_cv_env_CCASFLAGS_value=
ac_cv_env_CCAS_set=
ac_cv_env_CCAS_value=
ac_cv_env_CC_set=
ac_cv_env_CC_value=
ac_cv_env_CFLAGS_set=set
ac_cv_env_CFLAGS_value='-D_POSIX_SOURCE -D_SUSV2_SOURCE -D_BSD_EXTENSION'
ac_cv_env_CPPFLAGS_set=
ac_cv_env_CPPFLAGS_value=
ac_cv_env_CPP_set=
ac_cv_env_CPP_value=
ac_cv_env_LDFLAGS_set=
ac_cv_env_LDFLAGS_value=
ac_cv_env_LIBS_set=
ac_cv_env_LIBS_value=
ac_cv_env_build_alias_set=
ac_cv_env_build_alias_value=
ac_cv_env_host_alias_set=
ac_cv_env_host_alias_value=
ac_cv_env_target_alias_set=
ac_cv_env_target_alias_value=
ac_cv_func_feenableexcept=no
ac_cv_func_memset=yes
ac_cv_func_pow=yes
ac_cv_func_strtod=yes
ac_cv_header_dlfcn_h=no
ac_cv_header_inttypes_h=yes
ac_cv_header_malloc_h=no
ac_cv_header_memory_h=no
ac_cv_header_stdc=yes
ac_cv_header_stdint_h=no
ac_cv_header_stdlib_h=yes
ac_cv_header_string_h=yes
ac_cv_header_strings_h=no
ac_cv_header_sys_stat_h=yes
ac_cv_header_sys_types_h=yes
ac_cv_header_unistd_h=yes
ac_cv_host=i386-unknown-plan9
ac_cv_lib_m_feenableexcept=no
ac_cv_lib_z_zlibVersion=yes
ac_cv_objext=o
ac_cv_path_EGREP=egrep
ac_cv_path_FGREP=fgrep
ac_cv_path_GREP=grep
ac_cv_path_SED=/bin/gsed
ac_cv_prog_AWK=gawk
ac_cv_prog_CC=cc
ac_cv_prog_CPP='cc -E'
ac_cv_prog_ac_ct_AR=ar
ac_cv_prog_ac_ct_RANLIB=ranlib
ac_cv_prog_ac_ct_SED=/bin/gsed
ac_cv_prog_ac_ct_STRIP=strip
ac_cv_prog_cc_c89=
ac_cv_prog_cc_g=yes
ac_cv_prog_make_make_set=yes
ac_cv_struct_tm=time.h
ac_cv_type_size_t=yes
am_cv_CCAS_dependencies_compiler_type=none
am_cv_CC_dependencies_compiler_type=none
lt_cv_ar_at_file=no
lt_cv_deplibs_check_method=unknown
lt_cv_file_magic_cmd='$MAGIC_CMD'
lt_cv_file_magic_test_file=
lt_cv_ld_reload_flag=-r
lt_cv_nm_interface='BSD nm'
lt_cv_objdir=.libs
lt_cv_path_LD=/bin/ld
lt_cv_path_NM=/bin/nm
lt_cv_path_mainfest_tool=no
lt_cv_prog_compiler_c_o=yes
lt_cv_prog_compiler_pic=' -DPIC'
lt_cv_prog_compiler_pic_works=yes
lt_cv_prog_compiler_static_works=yes
lt_cv_prog_gnu_ld=no
lt_cv_sharedlib_from_linklib_cmd='print -r --'
lt_cv_sys_global_symbol_pipe='sed -n -e '\''s/^.*[	 ]\([BCDEGRST][BCDEGRST]*\)[	 ][	 ]*\([_A-Za-z][_A-Za-z0-9]*\)$/\1 \2 \2/p'\'' | sed '\''/ __gnu_lto/d'\'
lt_cv_sys_global_symbol_to_c_name_address='sed -n -e '\''s/^: \([^ ]*\)[ ]*$/  {\"\1\", (void *) 0},/p'\'' -e '\''s/^[BCDEGRST]* \([^ ]*\) \([^ ]*\)$/  {"\2", (void *) \&\2},/p'\'
lt_cv_sys_global_symbol_to_c_name_address_lib_prefix='sed -n -e '\''s/^: \([^ ]*\)[ ]*$/  {\"\1\", (void *) 0},/p'\'' -e '\''s/^[BCDEGRST]* \([^ ]*\) \(lib[^ ]*\)$/  {"\2", (void *) \&\2},/p'\'' -e '\''s/^[BCDEGRST]* \([^ ]*\) \([^ ]*\)$/  {"lib\2", (void *) \&\2},/p'\'
lt_cv_sys_global_symbol_to_cdecl='sed -n -e '\''s/^T .* \(.*\)$/extern int \1();/p'\'' -e '\''s/^[BCDEGRST]* .* \(.*\)$/extern char \1;/p'\'
lt_cv_sys_max_cmd_len=512
lt_cv_to_host_file_cmd=func_convert_file_noop
lt_cv_to_tool_file_cmd=func_convert_file_noop

## ----------------- ##
## Output variables. ##
## ----------------- ##

ACLOCAL='${SHELL} /usr/jens/dvl/libpng-1.5.13/missing --run aclocal-1.11'
AMDEPBACKSLASH='\'
AMDEP_FALSE='#'
AMDEP_TRUE=''
AMTAR='${SHELL} /usr/jens/dvl/libpng-1.5.13/missing --run tar'
AM_CCASFLAGS='-Wa,--noexecstack'
AR='ar'
AS='as'
AUTOCONF='${SHELL} /usr/jens/dvl/libpng-1.5.13/missing --run autoconf'
AUTOHEADER='${SHELL} /usr/jens/dvl/libpng-1.5.13/missing --run autoheader'
AUTOMAKE='${SHELL} /usr/jens/dvl/libpng-1.5.13/missing --run automake-1.11'
AWK='gawk'
CC='cc'
CCAS='cc'
CCASDEPMODE='depmode=none'
CCASFLAGS='-D_POSIX_SOURCE -D_SUSV2_SOURCE -D_BSD_EXTENSION'
CCDEPMODE='depmode=none'
CFLAGS='-D_POSIX_SOURCE -D_SUSV2_SOURCE -D_BSD_EXTENSION'
CPP='cc -E'
CPPFLAGS=''
CYGPATH_W='echo'
DEFS='-DHAVE_CONFIG_H'
DEPDIR='.deps'
DFNCPP='cc -E'
DLLTOOL='false'
DSYMUTIL=''
DUMPBIN=''
ECHO_C=''
ECHO_N='-n'
ECHO_T=''
EGREP='egrep'
EXEEXT=''
FGREP='fgrep'
GREP='grep'
HAVE_LD_VERSION_SCRIPT_FALSE=''
HAVE_LD_VERSION_SCRIPT_TRUE='#'
HAVE_SOLARIS_LD_FALSE=''
HAVE_SOLARIS_LD_TRUE='#'
INSTALL_DATA='${INSTALL} -m 644'
INSTALL_PROGRAM='${INSTALL}'
INSTALL_SCRIPT='${INSTALL}'
INSTALL_STRIP_PROGRAM='$(install_sh) -c -s'
LD='/bin/ld'
LDFLAGS=''
LIBOBJS=''
LIBPNG_DEFINES='-DPNG_CONFIGURE_LIBPNG'
LIBS='-lz '
LIBTOOL='$(SHELL) $(top_builddir)/libtool'
LIPO=''
LN_S='cp -p'
LTLIBOBJS=''
MAINT='#'
MAINTAINER_MODE_FALSE=''
MAINTAINER_MODE_TRUE='#'
MAKEINFO='${SHELL} /usr/jens/dvl/libpng-1.5.13/missing --run makeinfo'
MANIFEST_TOOL=':'
MKDIR_P='./install-sh -c -d'
NM='/bin/nm'
NMEDIT=''
OBJDUMP='false'
OBJEXT='o'
OTOOL64=''
OTOOL=''
PACKAGE='libpng'
PACKAGE_BUGREPORT='png-mng-implement@lists.sourceforge.net'
PACKAGE_NAME='libpng'
PACKAGE_STRING='libpng 1.5.13'
PACKAGE_TARNAME='libpng'
PACKAGE_URL=''
PACKAGE_VERSION='1.5.13'
PATH_SEPARATOR=':'
PNGLIB_MAJOR='1'
PNGLIB_MINOR='5'
PNGLIB_RELEASE='13'
PNGLIB_VERSION='1.5.13'
PNG_ARM_NEON_FALSE=''
PNG_ARM_NEON_TRUE='#'
POW_LIB=''
RANLIB='ranlib'
SED='/bin/gsed'
SET_MAKE=''
SHELL='/bin/sh'
STRIP='strip'
SYMBOL_PREFIX=''
VERSION='1.5.13'
ac_ct_AR='ar'
ac_ct_CC=''
ac_ct_DUMPBIN=''
am__EXEEXT_FALSE=''
am__EXEEXT_TRUE='#'
am__fastdepCCAS_FALSE=''
am__fastdepCCAS_TRUE='#'
am__fastdepCC_FALSE=''
am__fastdepCC_TRUE='#'
am__include='include'
am__isrc=''
am__leading_dot='.'
am__nodep='_no'
am__quote=''
am__tar='${AMTAR} chof - "$$tardir"'
am__untar='${AMTAR} xf -'
binconfigs='${binconfigs}'
bindir='/386/bin/ape'
build='i386-unknown-plan9'
build_alias=''
build_cpu='i386'
build_os='plan9'
build_vendor='unknown'
datadir='${datarootdir}'
datarootdir='${prefix}/share'
docdir='${datarootdir}/doc/${PACKAGE_TARNAME}'
dvidir='${docdir}'
exec_prefix='/386'
host='i386-unknown-plan9'
host_alias=''
host_cpu='i386'
host_os='plan9'
host_vendor='unknown'
htmldir='${docdir}'
includedir='/sys/include/ape'
infodir='${datarootdir}/info'
install_sh='${SHELL} /usr/jens/dvl/libpng-1.5.13/install-sh'
libdir='${exec_prefix}/lib'
libexecdir='/386/bin/ape'
localedir='${datarootdir}/locale'
localstatedir='${prefix}/var'
mandir='${datarootdir}/man'
mkdir_p='$(top_builddir)/./install-sh -c -d'
oldincludedir='/usr/include'
pdfdir='${docdir}'
pkgconfigdir='${libdir}/pkgconfig'
prefix='/sys/lib/png'
program_transform_name='s,x,x,'
psdir='${docdir}'
sbindir='/386/bin/ape'
sharedstatedir='${prefix}/com'
sysconfdir='${prefix}/etc'
target_alias=''

## ----------- ##
## confdefs.h. ##
## ----------- ##

/* confdefs.h */
#define PACKAGE_NAME "libpng"
#define PACKAGE_TARNAME "libpng"
#define PACKAGE_VERSION "1.5.13"
#define PACKAGE_STRING "libpng 1.5.13"
#define PACKAGE_BUGREPORT "png-mng-implement@lists.sourceforge.net"
#define PACKAGE_URL ""
#define PACKAGE "libpng"
#define VERSION "1.5.13"
#define STDC_HEADERS 1
#define HAVE_SYS_TYPES_H 1
#define HAVE_SYS_STAT_H 1
#define HAVE_STDLIB_H 1
#define HAVE_STRING_H 1
#define HAVE_INTTYPES_H 1
#define HAVE_UNISTD_H 1
#define LT_OBJDIR ".libs/"
#define STDC_HEADERS 1
#define HAVE_STDLIB_H 1
#define HAVE_STRING_H 1
#define HAVE_MEMSET 1
#define HAVE_POW 1
#define HAVE_LIBZ 1

configure: exit 0
