This file contains any messages produced by compilers while
running configure, to aid debugging if configure makes a mistake.

It was created by PCRE configure 8.32, which was
generated by GNU Autoconf 2.68.  Invocation command line was

  $ ./configure --prefix=/sys --exec-prefix=/386 --libdir=/386/lib/ape --includedir=/sys/include/ape --datadir=/sys --disable-cpp

## --------- ##
## Platform. ##
## --------- ##

hostname = cirno
uname -m = i386
uname -r = 4
uname -s = Plan9
uname -v = 0

/usr/bin/uname -p = unknown
/bin/uname -X     = unknown

/bin/arch              = unknown
/usr/bin/arch -k       = unknown
/usr/convex/getsysinfo = unknown
/usr/bin/hostinfo      = unknown
/bin/machine           = unknown
/usr/bin/oslevel       = unknown
/bin/universe          = unknown

PATH: /bin
PATH: .


## ----------- ##
## Core tests. ##
## ----------- ##

configure:2783: checking for a BSD-compatible install
configure:2851: result: ./install-sh -c
configure:2862: checking whether build environment is sane
configure:2912: result: yes
configure:3053: checking for a thread-safe mkdir -p
configure:3092: result: ./install-sh -c -d
configure:3105: checking for gawk
configure:3121: found /bin/gawk
configure:3132: result: gawk
configure:3143: checking whether make sets $(MAKE)
configure:3165: result: yes
configure:3256: checking whether make supports nested variables
configure:3273: result: no
configure:3351: checking for gcc
configure:3381: result: no
configure:3444: checking for cc
configure:3465: found /bin/cc
configure:3488: result: cc
configure:3607: checking for C compiler version
configure:3616: cc --version >&5
cc: flag -- ignored
cc: flag -e ignored
cc: flag -r ignored
cc: flag -i ignored
cc: no files to compile or load
configure:3627: $? = 1
configure:3616: cc -v >&5
cc: no files to compile or load
configure:3627: $? = 1
configure:3616: cc -V >&5
cc: flag -V ignored
cc: no files to compile or load
configure:3627: $? = 1
configure:3616: cc -qversion >&5
cc: flag -q ignored
cc: flag -e ignored
cc: flag -r ignored
cc: flag -i ignored
cc: no files to compile or load
configure:3627: $? = 1
configure:3647: checking whether the C compiler works
configure:3669: cc -D_POSIX_SOURCE -D_SUSV2_SOURCE -D_RESEARCH_SOURCE -D_REENTRANT_SOURCE -D_BSD_EXTENSION -D_NET_EXTENSION -D_LIMITS_EXTENSION -D_C99_SNPRINTF_EXTENSION -D_REGEXP_EXTENSION -DHAVE_SOCK_OPTS   conftest.c  >&5
configure:3673: $? = 0
configure:3721: result: yes
configure:3724: checking for C compiler default output file name
configure:3726: result: a.out
configure:3732: checking for suffix of executables
configure:3739: cc -o conftest -D_POSIX_SOURCE -D_SUSV2_SOURCE -D_RESEARCH_SOURCE -D_REENTRANT_SOURCE -D_BSD_EXTENSION -D_NET_EXTENSION -D_LIMITS_EXTENSION -D_C99_SNPRINTF_EXTENSION -D_REGEXP_EXTENSION -DHAVE_SOCK_OPTS   conftest.c  >&5
configure:3743: $? = 0
configure:3765: result: 
configure:3787: checking whether we are cross compiling
configure:3795: cc -o conftest -D_POSIX_SOURCE -D_SUSV2_SOURCE -D_RESEARCH_SOURCE -D_REENTRANT_SOURCE -D_BSD_EXTENSION -D_NET_EXTENSION -D_LIMITS_EXTENSION -D_C99_SNPRINTF_EXTENSION -D_REGEXP_EXTENSION -DHAVE_SOCK_OPTS   conftest.c  >&5
configure:3799: $? = 0
configure:3806: ./conftest
configure:3810: $? = 0
configure:3825: result: no
configure:3830: checking for suffix of object files
configure:3852: cc -c -D_POSIX_SOURCE -D_SUSV2_SOURCE -D_RESEARCH_SOURCE -D_REENTRANT_SOURCE -D_BSD_EXTENSION -D_NET_EXTENSION -D_LIMITS_EXTENSION -D_C99_SNPRINTF_EXTENSION -D_REGEXP_EXTENSION -DHAVE_SOCK_OPTS  conftest.c >&5
configure:3856: $? = 0
configure:3877: result: o
configure:3881: checking whether we are using the GNU C compiler
configure:3900: cc -c -D_POSIX_SOURCE -D_SUSV2_SOURCE -D_RESEARCH_SOURCE -D_REENTRANT_SOURCE -D_BSD_EXTENSION -D_NET_EXTENSION -D_LIMITS_EXTENSION -D_C99_SNPRINTF_EXTENSION -D_REGEXP_EXTENSION -DHAVE_SOCK_OPTS  conftest.c >&5
/usr/jens/dvl/pcre-8.32/conftest.c:16[stdin:17] syntax error, last name: me
configure:3900: $? = 1
configure: failed program was:
| /* confdefs.h */
| #define PACKAGE_NAME "PCRE"
| #define PACKAGE_TARNAME "pcre"
| #define PACKAGE_VERSION "8.32"
| #define PACKAGE_STRING "PCRE 8.32"
| #define PACKAGE_BUGREPORT ""
| #define PACKAGE_URL ""
| #define PACKAGE "pcre"
| #define VERSION "8.32"
| /* end confdefs.h.  */
| 
| int
| main ()
| {
| #ifndef __GNUC__
|        choke me
| #endif
| 
|   ;
|   return 0;
| }
configure:3909: result: no
configure:3918: checking whether cc accepts -g
configure:3938: cc -c -g  conftest.c >&5
configure:3938: $? = 0
configure:3979: result: yes
configure:3996: checking for cc option to accept ISO C89
configure:4060: cc  -c -D_POSIX_SOURCE -D_SUSV2_SOURCE -D_RESEARCH_SOURCE -D_REENTRANT_SOURCE -D_BSD_EXTENSION -D_NET_EXTENSION -D_LIMITS_EXTENSION -D_C99_SNPRINTF_EXTENSION -D_REGEXP_EXTENSION -DHAVE_SOCK_OPTS  conftest.c >&5
configure:4060: $? = 0
configure:4073: result: none needed
configure:4104: checking for style of include used by make
configure:4132: result: GNU
configure:4158: checking dependency style of cc
configure:4269: result: none
configure:4342: checking for g++
configure:4372: result: no
configure:4342: checking for c++
configure:4372: result: no
configure:4342: checking for gpp
configure:4372: result: no
configure:4342: checking for aCC
configure:4372: result: no
configure:4342: checking for CC
configure:4372: result: no
configure:4342: checking for cxx
configure:4372: result: no
configure:4342: checking for cc++
configure:4372: result: no
configure:4342: checking for cl.exe
configure:4372: result: no
configure:4342: checking for FCC
configure:4372: result: no
configure:4342: checking for KCC
configure:4372: result: no
configure:4342: checking for RCC
configure:4372: result: no
configure:4342: checking for xlC_r
configure:4372: result: no
configure:4342: checking for xlC
configure:4372: result: no
configure:4396: checking for C++ compiler version
configure:4405: g++ --version >&5
./configure: g++: not found
configure:4416: $? = 127
configure:4405: g++ -v >&5
./configure: g++: not found
configure:4416: $? = 127
configure:4405: g++ -V >&5
./configure: g++: not found
configure:4416: $? = 127
configure:4405: g++ -qversion >&5
./configure: g++: not found
configure:4416: $? = 127
configure:4420: checking whether we are using the GNU C++ compiler
configure:4439: g++ -c   conftest.cpp >&5
configure:4439: $? = 127
configure: failed program was:
| /* confdefs.h */
| #define PACKAGE_NAME "PCRE"
| #define PACKAGE_TARNAME "pcre"
| #define PACKAGE_VERSION "8.32"
| #define PACKAGE_STRING "PCRE 8.32"
| #define PACKAGE_BUGREPORT ""
| #define PACKAGE_URL ""
| #define PACKAGE "pcre"
| #define VERSION "8.32"
| /* end confdefs.h.  */
| 
| int
| main ()
| {
| #ifndef __GNUC__
|        choke me
| #endif
| 
|   ;
|   return 0;
| }
configure:4448: result: no
configure:4457: checking whether g++ accepts -g
configure:4477: g++ -c -g  conftest.cpp >&5
configure:4477: $? = 127
configure: failed program was:
| /* confdefs.h */
| #define PACKAGE_NAME "PCRE"
| #define PACKAGE_TARNAME "pcre"
| #define PACKAGE_VERSION "8.32"
| #define PACKAGE_STRING "PCRE 8.32"
| #define PACKAGE_BUGREPORT ""
| #define PACKAGE_URL ""
| #define PACKAGE "pcre"
| #define VERSION "8.32"
| /* end confdefs.h.  */
| 
| int
| main ()
| {
| 
|   ;
|   return 0;
| }
configure:4492: g++ -c   conftest.cpp >&5
configure:4492: $? = 127
configure: failed program was:
| /* confdefs.h */
| #define PACKAGE_NAME "PCRE"
| #define PACKAGE_TARNAME "pcre"
| #define PACKAGE_VERSION "8.32"
| #define PACKAGE_STRING "PCRE 8.32"
| #define PACKAGE_BUGREPORT ""
| #define PACKAGE_URL ""
| #define PACKAGE "pcre"
| #define VERSION "8.32"
| /* end confdefs.h.  */
| 
| int
| main ()
| {
| 
|   ;
|   return 0;
| }
configure:4508: g++ -c -g  conftest.cpp >&5
configure:4508: $? = 127
configure: failed program was:
| /* confdefs.h */
| #define PACKAGE_NAME "PCRE"
| #define PACKAGE_TARNAME "pcre"
| #define PACKAGE_VERSION "8.32"
| #define PACKAGE_STRING "PCRE 8.32"
| #define PACKAGE_BUGREPORT ""
| #define PACKAGE_URL ""
| #define PACKAGE "pcre"
| #define VERSION "8.32"
| /* end confdefs.h.  */
| 
| int
| main ()
| {
| 
|   ;
|   return 0;
| }
configure:4518: result: no
configure:4543: checking dependency style of g++
configure:4654: result: none
configure:4673: checking whether cc understands -c and -o together
configure:4701: cc -c conftest.c -o conftest2.o >&5
configure:4705: $? = 0
configure:4711: cc -c conftest.c -o conftest2.o >&5
configure:4715: $? = 0
configure:4770: result: yes
configure:4838: g++ -c   conftest.cpp >&5
configure:4838: $? = 127
configure: failed program was:
| /* confdefs.h */
| #define PACKAGE_NAME "PCRE"
| #define PACKAGE_TARNAME "pcre"
| #define PACKAGE_VERSION "8.32"
| #define PACKAGE_STRING "PCRE 8.32"
| #define PACKAGE_BUGREPORT ""
| #define PACKAGE_URL ""
| #define PACKAGE "pcre"
| #define VERSION "8.32"
| /* end confdefs.h.  */
| 
| int
| main ()
| {
| 
|   ;
|   return 0;
| }
configure:4858: checking how to run the C preprocessor
configure:4889: cc -E  conftest.c
configure:4889: $? = 0
configure:4903: cc -E  conftest.c
configure:4903: $? = 1
configure: failed program was:
| /* confdefs.h */
| #define PACKAGE_NAME "PCRE"
| #define PACKAGE_TARNAME "pcre"
| #define PACKAGE_VERSION "8.32"
| #define PACKAGE_STRING "PCRE 8.32"
| #define PACKAGE_BUGREPORT ""
| #define PACKAGE_URL ""
| #define PACKAGE "pcre"
| #define VERSION "8.32"
| /* end confdefs.h.  */
| #include <ac_nonexistent.h>
configure:4928: result: cc -E
configure:4948: cc -E  conftest.c
configure:4948: $? = 0
configure:4962: cc -E  conftest.c
configure:4962: $? = 1
configure: failed program was:
| /* confdefs.h */
| #define PACKAGE_NAME "PCRE"
| #define PACKAGE_TARNAME "pcre"
| #define PACKAGE_VERSION "8.32"
| #define PACKAGE_STRING "PCRE 8.32"
| #define PACKAGE_BUGREPORT ""
| #define PACKAGE_URL ""
| #define PACKAGE "pcre"
| #define VERSION "8.32"
| /* end confdefs.h.  */
| #include <ac_nonexistent.h>
configure:4991: checking for grep that handles long lines and -e
configure:5049: result: grep
configure:5054: checking for egrep
configure:5116: result: /bin/egrep
configure:5121: checking for ANSI C header files
configure:5141: cc -c -D_POSIX_SOURCE -D_SUSV2_SOURCE -D_RESEARCH_SOURCE -D_REENTRANT_SOURCE -D_BSD_EXTENSION -D_NET_EXTENSION -D_LIMITS_EXTENSION -D_C99_SNPRINTF_EXTENSION -D_REGEXP_EXTENSION -DHAVE_SOCK_OPTS  conftest.c >&5
configure:5141: $? = 0
configure:5214: cc -o conftest -D_POSIX_SOURCE -D_SUSV2_SOURCE -D_RESEARCH_SOURCE -D_REENTRANT_SOURCE -D_BSD_EXTENSION -D_NET_EXTENSION -D_LIMITS_EXTENSION -D_C99_SNPRINTF_EXTENSION -D_REGEXP_EXTENSION -DHAVE_SOCK_OPTS   conftest.c  >&5
configure:5214: $? = 0
configure:5214: ./conftest
configure:5214: $? = 0
configure:5225: result: yes
configure:5238: checking for sys/types.h
configure:5238: cc -c -D_POSIX_SOURCE -D_SUSV2_SOURCE -D_RESEARCH_SOURCE -D_REENTRANT_SOURCE -D_BSD_EXTENSION -D_NET_EXTENSION -D_LIMITS_EXTENSION -D_C99_SNPRINTF_EXTENSION -D_REGEXP_EXTENSION -DHAVE_SOCK_OPTS  conftest.c >&5
configure:5238: $? = 0
configure:5238: result: yes
configure:5238: checking for sys/stat.h
configure:5238: cc -c -D_POSIX_SOURCE -D_SUSV2_SOURCE -D_RESEARCH_SOURCE -D_REENTRANT_SOURCE -D_BSD_EXTENSION -D_NET_EXTENSION -D_LIMITS_EXTENSION -D_C99_SNPRINTF_EXTENSION -D_REGEXP_EXTENSION -DHAVE_SOCK_OPTS  conftest.c >&5
configure:5238: $? = 0
configure:5238: result: yes
configure:5238: checking for stdlib.h
configure:5238: cc -c -D_POSIX_SOURCE -D_SUSV2_SOURCE -D_RESEARCH_SOURCE -D_REENTRANT_SOURCE -D_BSD_EXTENSION -D_NET_EXTENSION -D_LIMITS_EXTENSION -D_C99_SNPRINTF_EXTENSION -D_REGEXP_EXTENSION -DHAVE_SOCK_OPTS  conftest.c >&5
configure:5238: $? = 0
configure:5238: result: yes
configure:5238: checking for string.h
configure:5238: cc -c -D_POSIX_SOURCE -D_SUSV2_SOURCE -D_RESEARCH_SOURCE -D_REENTRANT_SOURCE -D_BSD_EXTENSION -D_NET_EXTENSION -D_LIMITS_EXTENSION -D_C99_SNPRINTF_EXTENSION -D_REGEXP_EXTENSION -DHAVE_SOCK_OPTS  conftest.c >&5
configure:5238: $? = 0
configure:5238: result: yes
configure:5238: checking for memory.h
configure:5238: cc -c -D_POSIX_SOURCE -D_SUSV2_SOURCE -D_RESEARCH_SOURCE -D_REENTRANT_SOURCE -D_BSD_EXTENSION -D_NET_EXTENSION -D_LIMITS_EXTENSION -D_C99_SNPRINTF_EXTENSION -D_REGEXP_EXTENSION -DHAVE_SOCK_OPTS  conftest.c >&5
configure:5238: $? = 1
configure: failed program was:
| /* confdefs.h */
| #define PACKAGE_NAME "PCRE"
| #define PACKAGE_TARNAME "pcre"
| #define PACKAGE_VERSION "8.32"
| #define PACKAGE_STRING "PCRE 8.32"
| #define PACKAGE_BUGREPORT ""
| #define PACKAGE_URL ""
| #define PACKAGE "pcre"
| #define VERSION "8.32"
| #define STDC_HEADERS 1
| #define HAVE_SYS_TYPES_H 1
| #define HAVE_SYS_STAT_H 1
| #define HAVE_STDLIB_H 1
| #define HAVE_STRING_H 1
| /* end confdefs.h.  */
| #include <stdio.h>
| #ifdef HAVE_SYS_TYPES_H
| # include <sys/types.h>
| #endif
| #ifdef HAVE_SYS_STAT_H
| # include <sys/stat.h>
| #endif
| #ifdef STDC_HEADERS
| # include <stdlib.h>
| # include <stddef.h>
| #else
| # ifdef HAVE_STDLIB_H
| #  include <stdlib.h>
| # endif
| #endif
| #ifdef HAVE_STRING_H
| # if !defined STDC_HEADERS && defined HAVE_MEMORY_H
| #  include <memory.h>
| # endif
| # include <string.h>
| #endif
| #ifdef HAVE_STRINGS_H
| # include <strings.h>
| #endif
| #ifdef HAVE_INTTYPES_H
| # include <inttypes.h>
| #endif
| #ifdef HAVE_STDINT_H
| # include <stdint.h>
| #endif
| #ifdef HAVE_UNISTD_H
| # include <unistd.h>
| #endif
| 
| #include <memory.h>
configure:5238: result: no
configure:5238: checking for strings.h
configure:5238: cc -c -D_POSIX_SOURCE -D_SUSV2_SOURCE -D_RESEARCH_SOURCE -D_REENTRANT_SOURCE -D_BSD_EXTENSION -D_NET_EXTENSION -D_LIMITS_EXTENSION -D_C99_SNPRINTF_EXTENSION -D_REGEXP_EXTENSION -DHAVE_SOCK_OPTS  conftest.c >&5
configure:5238: $? = 1
configure: failed program was:
| /* confdefs.h */
| #define PACKAGE_NAME "PCRE"
| #define PACKAGE_TARNAME "pcre"
| #define PACKAGE_VERSION "8.32"
| #define PACKAGE_STRING "PCRE 8.32"
| #define PACKAGE_BUGREPORT ""
| #define PACKAGE_URL ""
| #define PACKAGE "pcre"
| #define VERSION "8.32"
| #define STDC_HEADERS 1
| #define HAVE_SYS_TYPES_H 1
| #define HAVE_SYS_STAT_H 1
| #define HAVE_STDLIB_H 1
| #define HAVE_STRING_H 1
| /* end confdefs.h.  */
| #include <stdio.h>
| #ifdef HAVE_SYS_TYPES_H
| # include <sys/types.h>
| #endif
| #ifdef HAVE_SYS_STAT_H
| # include <sys/stat.h>
| #endif
| #ifdef STDC_HEADERS
| # include <stdlib.h>
| # include <stddef.h>
| #else
| # ifdef HAVE_STDLIB_H
| #  include <stdlib.h>
| # endif
| #endif
| #ifdef HAVE_STRING_H
| # if !defined STDC_HEADERS && defined HAVE_MEMORY_H
| #  include <memory.h>
| # endif
| # include <string.h>
| #endif
| #ifdef HAVE_STRINGS_H
| # include <strings.h>
| #endif
| #ifdef HAVE_INTTYPES_H
| # include <inttypes.h>
| #endif
| #ifdef HAVE_STDINT_H
| # include <stdint.h>
| #endif
| #ifdef HAVE_UNISTD_H
| # include <unistd.h>
| #endif
| 
| #include <strings.h>
configure:5238: result: no
configure:5238: checking for inttypes.h
configure:5238: cc -c -D_POSIX_SOURCE -D_SUSV2_SOURCE -D_RESEARCH_SOURCE -D_REENTRANT_SOURCE -D_BSD_EXTENSION -D_NET_EXTENSION -D_LIMITS_EXTENSION -D_C99_SNPRINTF_EXTENSION -D_REGEXP_EXTENSION -DHAVE_SOCK_OPTS  conftest.c >&5
configure:5238: $? = 0
configure:5238: result: yes
configure:5238: checking for stdint.h
configure:5238: cc -c -D_POSIX_SOURCE -D_SUSV2_SOURCE -D_RESEARCH_SOURCE -D_REENTRANT_SOURCE -D_BSD_EXTENSION -D_NET_EXTENSION -D_LIMITS_EXTENSION -D_C99_SNPRINTF_EXTENSION -D_REGEXP_EXTENSION -DHAVE_SOCK_OPTS  conftest.c >&5
configure:5238: $? = 1
configure: failed program was:
| /* confdefs.h */
| #define PACKAGE_NAME "PCRE"
| #define PACKAGE_TARNAME "pcre"
| #define PACKAGE_VERSION "8.32"
| #define PACKAGE_STRING "PCRE 8.32"
| #define PACKAGE_BUGREPORT ""
| #define PACKAGE_URL ""
| #define PACKAGE "pcre"
| #define VERSION "8.32"
| #define STDC_HEADERS 1
| #define HAVE_SYS_TYPES_H 1
| #define HAVE_SYS_STAT_H 1
| #define HAVE_STDLIB_H 1
| #define HAVE_STRING_H 1
| #define HAVE_INTTYPES_H 1
| /* end confdefs.h.  */
| #include <stdio.h>
| #ifdef HAVE_SYS_TYPES_H
| # include <sys/types.h>
| #endif
| #ifdef HAVE_SYS_STAT_H
| # include <sys/stat.h>
| #endif
| #ifdef STDC_HEADERS
| # include <stdlib.h>
| # include <stddef.h>
| #else
| # ifdef HAVE_STDLIB_H
| #  include <stdlib.h>
| # endif
| #endif
| #ifdef HAVE_STRING_H
| # if !defined STDC_HEADERS && defined HAVE_MEMORY_H
| #  include <memory.h>
| # endif
| # include <string.h>
| #endif
| #ifdef HAVE_STRINGS_H
| # include <strings.h>
| #endif
| #ifdef HAVE_INTTYPES_H
| # include <inttypes.h>
| #endif
| #ifdef HAVE_STDINT_H
| # include <stdint.h>
| #endif
| #ifdef HAVE_UNISTD_H
| # include <unistd.h>
| #endif
| 
| #include <stdint.h>
configure:5238: result: no
configure:5238: checking for unistd.h
configure:5238: cc -c -D_POSIX_SOURCE -D_SUSV2_SOURCE -D_RESEARCH_SOURCE -D_REENTRANT_SOURCE -D_BSD_EXTENSION -D_NET_EXTENSION -D_LIMITS_EXTENSION -D_C99_SNPRINTF_EXTENSION -D_REGEXP_EXTENSION -DHAVE_SOCK_OPTS  conftest.c >&5
configure:5238: $? = 0
configure:5238: result: yes
configure:5250: checking for int64_t
configure:5250: cc -c -D_POSIX_SOURCE -D_SUSV2_SOURCE -D_RESEARCH_SOURCE -D_REENTRANT_SOURCE -D_BSD_EXTENSION -D_NET_EXTENSION -D_LIMITS_EXTENSION -D_C99_SNPRINTF_EXTENSION -D_REGEXP_EXTENSION -DHAVE_SOCK_OPTS  conftest.c >&5
configure:5250: $? = 0
configure:5250: cc -c -D_POSIX_SOURCE -D_SUSV2_SOURCE -D_RESEARCH_SOURCE -D_REENTRANT_SOURCE -D_BSD_EXTENSION -D_NET_EXTENSION -D_LIMITS_EXTENSION -D_C99_SNPRINTF_EXTENSION -D_REGEXP_EXTENSION -DHAVE_SOCK_OPTS  conftest.c >&5
/usr/jens/dvl/pcre-8.32/conftest.c:55[stdin:890] array size must be a positive constant
configure:5250: $? = 1
configure: failed program was:
| /* confdefs.h */
| #define PACKAGE_NAME "PCRE"
| #define PACKAGE_TARNAME "pcre"
| #define PACKAGE_VERSION "8.32"
| #define PACKAGE_STRING "PCRE 8.32"
| #define PACKAGE_BUGREPORT ""
| #define PACKAGE_URL ""
| #define PACKAGE "pcre"
| #define VERSION "8.32"
| #define STDC_HEADERS 1
| #define HAVE_SYS_TYPES_H 1
| #define HAVE_SYS_STAT_H 1
| #define HAVE_STDLIB_H 1
| #define HAVE_STRING_H 1
| #define HAVE_INTTYPES_H 1
| #define HAVE_UNISTD_H 1
| /* end confdefs.h.  */
| #include <stdio.h>
| #ifdef HAVE_SYS_TYPES_H
| # include <sys/types.h>
| #endif
| #ifdef HAVE_SYS_STAT_H
| # include <sys/stat.h>
| #endif
| #ifdef STDC_HEADERS
| # include <stdlib.h>
| # include <stddef.h>
| #else
| # ifdef HAVE_STDLIB_H
| #  include <stdlib.h>
| # endif
| #endif
| #ifdef HAVE_STRING_H
| # if !defined STDC_HEADERS && defined HAVE_MEMORY_H
| #  include <memory.h>
| # endif
| # include <string.h>
| #endif
| #ifdef HAVE_STRINGS_H
| # include <strings.h>
| #endif
| #ifdef HAVE_INTTYPES_H
| # include <inttypes.h>
| #endif
| #ifdef HAVE_STDINT_H
| # include <stdint.h>
| #endif
| #ifdef HAVE_UNISTD_H
| # include <unistd.h>
| #endif
| 	        enum { N = 64 / 2 - 1 };
| int
| main ()
| {
| static int test_array [1 - 2 * !((int64_t) (((((int64_t) 1 << N) << N) - 1) * 2 + 1)
| 		 < (int64_t) (((((int64_t) 1 << N) << N) - 1) * 2 + 2))];
| test_array [0] = 0
| 
|   ;
|   return 0;
| }
configure:5250: result: yes
configure:5267: checking build system type
configure:5281: result: i386-unknown-plan9
configure:5301: checking host system type
configure:5314: result: i386-unknown-plan9
configure:5683: checking how to print strings
configure:5712: result: print -r
configure:5731: checking for a sed that does not truncate output
configure:5795: result: /bin/gsed
configure:5813: checking for fgrep
configure:5875: result: /bin/fgrep
configure:5943: checking for non-GNU ld
configure:5977: result: /bin/ld
configure:5984: checking if the linker (/bin/ld) is GNU ld
configure:5999: result: no
configure:6011: checking for BSD- or MS-compatible name lister (nm)
configure:6060: result: /bin/nm
configure:6190: checking the name lister (/bin/nm) interface
configure:6197: cc -c -D_POSIX_SOURCE -D_SUSV2_SOURCE -D_RESEARCH_SOURCE -D_REENTRANT_SOURCE -D_BSD_EXTENSION -D_NET_EXTENSION -D_LIMITS_EXTENSION -D_C99_SNPRINTF_EXTENSION -D_REGEXP_EXTENSION -DHAVE_SOCK_OPTS  conftest.c >&5
configure:6200: /bin/nm "conftest.o"
configure:6203: output
 D some_variable
configure:6210: result: BSD nm
configure:6213: checking whether ln -s works
configure:6220: result: no, using cp -p
configure:6225: checking the maximum length of command line arguments
configure:6350: result: 512
configure:6367: checking whether the shell understands some XSI constructs
configure:6377: result: yes
configure:6381: checking whether the shell understands "+="
configure:6387: result: no
configure:6422: checking how to convert i386-unknown-plan9 file names to i386-unknown-plan9 format
configure:6462: result: func_convert_file_noop
configure:6469: checking how to convert i386-unknown-plan9 file names to toolchain format
configure:6489: result: func_convert_file_noop
configure:6496: checking for /bin/ld option to reload object files
configure:6503: result: -r
configure:6577: checking for objdump
configure:6604: result: objdump
configure:6633: checking how to recognize dependent libraries
configure:6835: result: unknown
configure:6920: checking for dlltool
configure:6947: result: dlltool
configure:6977: checking how to associate runtime and link libraries
configure:7004: result: print -r --
configure:7064: checking for ar
configure:7080: found /bin/ar
configure:7091: result: ar
configure:7128: checking for archiver @FILE support
configure:7145: cc -c -D_POSIX_SOURCE -D_SUSV2_SOURCE -D_RESEARCH_SOURCE -D_REENTRANT_SOURCE -D_BSD_EXTENSION -D_NET_EXTENSION -D_LIMITS_EXTENSION -D_C99_SNPRINTF_EXTENSION -D_REGEXP_EXTENSION -DHAVE_SOCK_OPTS  conftest.c >&5
configure:7145: $? = 0
configure:7148: ar cru libconftest.a @conftest.lst >&5
ar: @conftest.lst cannot open
configure:7151: $? = 0
configure:7156: ar cru libconftest.a @conftest.lst >&5
ar: @conftest.lst cannot open
configure:7159: $? = 0
configure:7171: result: no
configure:7229: checking for strip
configure:7245: found /bin/strip
configure:7256: result: strip
configure:7328: checking for ranlib
configure:7344: found /bin/ranlib
configure:7355: result: ranlib
configure:7457: checking command to parse /bin/nm output from cc object
configure:7576: cc -c -D_POSIX_SOURCE -D_SUSV2_SOURCE -D_RESEARCH_SOURCE -D_REENTRANT_SOURCE -D_BSD_EXTENSION -D_NET_EXTENSION -D_LIMITS_EXTENSION -D_C99_SNPRINTF_EXTENSION -D_REGEXP_EXTENSION -DHAVE_SOCK_OPTS  conftest.c >&5
configure:7579: $? = 0
configure:7583: /bin/nm conftest.o \| sed -n -e 's/^.*[ ]\([BCDEGRST][BCDEGRST]*\)[ ][ ]*\([_A-Za-z][_A-Za-z0-9]*\)$/\1 \2 \2/p' | sed '/ __gnu_lto/d' \> conftest.nm
configure:7586: $? = 0
configure:7652: cc -o conftest -D_POSIX_SOURCE -D_SUSV2_SOURCE -D_RESEARCH_SOURCE -D_REENTRANT_SOURCE -D_BSD_EXTENSION -D_NET_EXTENSION -D_LIMITS_EXTENSION -D_C99_SNPRINTF_EXTENSION -D_REGEXP_EXTENSION -DHAVE_SOCK_OPTS   conftest.c conftstm.o >&5
configure:7655: $? = 0
configure:7693: result: ok
configure:7730: checking for sysroot
configure:7760: result: no
configure:8003: checking for mt
configure:8033: result: no
configure:8053: checking if : is a manifest tool
configure:8059: : '-?'
configure:8067: result: no
configure:8696: checking for dlfcn.h
configure:8696: cc -c -D_POSIX_SOURCE -D_SUSV2_SOURCE -D_RESEARCH_SOURCE -D_REENTRANT_SOURCE -D_BSD_EXTENSION -D_NET_EXTENSION -D_LIMITS_EXTENSION -D_C99_SNPRINTF_EXTENSION -D_REGEXP_EXTENSION -DHAVE_SOCK_OPTS  conftest.c >&5
configure:8696: $? = 1
configure: failed program was:
| /* confdefs.h */
| #define PACKAGE_NAME "PCRE"
| #define PACKAGE_TARNAME "pcre"
| #define PACKAGE_VERSION "8.32"
| #define PACKAGE_STRING "PCRE 8.32"
| #define PACKAGE_BUGREPORT ""
| #define PACKAGE_URL ""
| #define PACKAGE "pcre"
| #define VERSION "8.32"
| #define STDC_HEADERS 1
| #define HAVE_SYS_TYPES_H 1
| #define HAVE_SYS_STAT_H 1
| #define HAVE_STDLIB_H 1
| #define HAVE_STRING_H 1
| #define HAVE_INTTYPES_H 1
| #define HAVE_UNISTD_H 1
| /* end confdefs.h.  */
| #include <stdio.h>
| #ifdef HAVE_SYS_TYPES_H
| # include <sys/types.h>
| #endif
| #ifdef HAVE_SYS_STAT_H
| # include <sys/stat.h>
| #endif
| #ifdef STDC_HEADERS
| # include <stdlib.h>
| # include <stddef.h>
| #else
| # ifdef HAVE_STDLIB_H
| #  include <stdlib.h>
| # endif
| #endif
| #ifdef HAVE_STRING_H
| # if !defined STDC_HEADERS && defined HAVE_MEMORY_H
| #  include <memory.h>
| # endif
| # include <string.h>
| #endif
| #ifdef HAVE_STRINGS_H
| # include <strings.h>
| #endif
| #ifdef HAVE_INTTYPES_H
| # include <inttypes.h>
| #endif
| #ifdef HAVE_STDINT_H
| # include <stdint.h>
| #endif
| #ifdef HAVE_UNISTD_H
| # include <unistd.h>
| #endif
| 
| #include <dlfcn.h>
configure:8696: result: no
configure:8891: checking for objdir
configure:8906: result: .libs
configure:9522: checking for cc option to produce PIC
configure:9529: result:  -DPIC
configure:9537: checking if cc PIC flag  -DPIC works
configure:9555: cc -c -D_POSIX_SOURCE -D_SUSV2_SOURCE -D_RESEARCH_SOURCE -D_REENTRANT_SOURCE -D_BSD_EXTENSION -D_NET_EXTENSION -D_LIMITS_EXTENSION -D_C99_SNPRINTF_EXTENSION -D_REGEXP_EXTENSION -DHAVE_SOCK_OPTS   -DPIC -DPIC conftest.c >&5
configure:9559: $? = 0
configure:9572: result: yes
configure:9601: checking if cc static flag  works
configure:9629: result: yes
configure:9644: checking if cc supports -c -o file.o
configure:9665: cc -c -D_POSIX_SOURCE -D_SUSV2_SOURCE -D_RESEARCH_SOURCE -D_REENTRANT_SOURCE -D_BSD_EXTENSION -D_NET_EXTENSION -D_LIMITS_EXTENSION -D_C99_SNPRINTF_EXTENSION -D_REGEXP_EXTENSION -DHAVE_SOCK_OPTS  -o out/conftest2.o conftest.c >&5
configure:9669: $? = 0
configure:9691: result: yes
configure:9699: checking if cc supports -c -o file.o
configure:9746: result: yes
configure:9779: checking whether the cc linker (/bin/ld) supports shared libraries
configure:10937: result: no
configure:11182: checking dynamic linker characteristics
configure:11931: result: no
configure:12038: checking how to hardcode library paths into programs
configure:12063: result: unsupported
configure:12603: checking whether stripping libraries is possible
configure:12625: result: no
configure:12643: checking if libtool supports shared libraries
configure:12645: result: no
configure:12648: checking whether to build shared libraries
configure:12669: result: no
configure:12672: checking whether to build static libraries
configure:12676: result: yes
configure:15914: checking whether ln -s works
configure:15921: result: no, using cp -p
configure:16459: checking for ANSI C header files
configure:16563: result: yes
configure:16574: checking limits.h usability
configure:16574: cc -c -D_POSIX_SOURCE -D_SUSV2_SOURCE -D_RESEARCH_SOURCE -D_REENTRANT_SOURCE -D_BSD_EXTENSION -D_NET_EXTENSION -D_LIMITS_EXTENSION -D_C99_SNPRINTF_EXTENSION -D_REGEXP_EXTENSION -DHAVE_SOCK_OPTS  conftest.c >&5
configure:16574: $? = 0
configure:16574: result: yes
configure:16574: checking limits.h presence
configure:16574: cc -E  conftest.c
configure:16574: $? = 0
configure:16574: result: yes
configure:16574: checking for limits.h
configure:16574: result: yes
configure:16574: checking for sys/types.h
configure:16574: result: yes
configure:16574: checking for sys/stat.h
configure:16574: result: yes
configure:16574: checking dirent.h usability
configure:16574: cc -c -D_POSIX_SOURCE -D_SUSV2_SOURCE -D_RESEARCH_SOURCE -D_REENTRANT_SOURCE -D_BSD_EXTENSION -D_NET_EXTENSION -D_LIMITS_EXTENSION -D_C99_SNPRINTF_EXTENSION -D_REGEXP_EXTENSION -DHAVE_SOCK_OPTS  conftest.c >&5
configure:16574: $? = 0
configure:16574: result: yes
configure:16574: checking dirent.h presence
configure:16574: cc -E  conftest.c
configure:16574: $? = 0
configure:16574: result: yes
configure:16574: checking for dirent.h
configure:16574: result: yes
configure:16574: checking windows.h usability
configure:16574: cc -c -D_POSIX_SOURCE -D_SUSV2_SOURCE -D_RESEARCH_SOURCE -D_REENTRANT_SOURCE -D_BSD_EXTENSION -D_NET_EXTENSION -D_LIMITS_EXTENSION -D_C99_SNPRINTF_EXTENSION -D_REGEXP_EXTENSION -DHAVE_SOCK_OPTS  conftest.c >&5
configure:16574: $? = 1
configure: failed program was:
| /* confdefs.h */
| #define PACKAGE_NAME "PCRE"
| #define PACKAGE_TARNAME "pcre"
| #define PACKAGE_VERSION "8.32"
| #define PACKAGE_STRING "PCRE 8.32"
| #define PACKAGE_BUGREPORT ""
| #define PACKAGE_URL ""
| #define PACKAGE "pcre"
| #define VERSION "8.32"
| #define STDC_HEADERS 1
| #define HAVE_SYS_TYPES_H 1
| #define HAVE_SYS_STAT_H 1
| #define HAVE_STDLIB_H 1
| #define HAVE_STRING_H 1
| #define HAVE_INTTYPES_H 1
| #define HAVE_UNISTD_H 1
| #define LT_OBJDIR ".libs/"
| #define HAVE_VISIBILITY 0
| #define STDC_HEADERS 1
| #define HAVE_LIMITS_H 1
| #define HAVE_SYS_TYPES_H 1
| #define HAVE_SYS_STAT_H 1
| #define HAVE_DIRENT_H 1
| /* end confdefs.h.  */
| #include <stdio.h>
| #ifdef HAVE_SYS_TYPES_H
| # include <sys/types.h>
| #endif
| #ifdef HAVE_SYS_STAT_H
| # include <sys/stat.h>
| #endif
| #ifdef STDC_HEADERS
| # include <stdlib.h>
| # include <stddef.h>
| #else
| # ifdef HAVE_STDLIB_H
| #  include <stdlib.h>
| # endif
| #endif
| #ifdef HAVE_STRING_H
| # if !defined STDC_HEADERS && defined HAVE_MEMORY_H
| #  include <memory.h>
| # endif
| # include <string.h>
| #endif
| #ifdef HAVE_STRINGS_H
| # include <strings.h>
| #endif
| #ifdef HAVE_INTTYPES_H
| # include <inttypes.h>
| #endif
| #ifdef HAVE_STDINT_H
| # include <stdint.h>
| #endif
| #ifdef HAVE_UNISTD_H
| # include <unistd.h>
| #endif
| #include <windows.h>
configure:16574: result: no
configure:16574: checking windows.h presence
configure:16574: cc -E  conftest.c
configure:16574: $? = 1
configure: failed program was:
| /* confdefs.h */
| #define PACKAGE_NAME "PCRE"
| #define PACKAGE_TARNAME "pcre"
| #define PACKAGE_VERSION "8.32"
| #define PACKAGE_STRING "PCRE 8.32"
| #define PACKAGE_BUGREPORT ""
| #define PACKAGE_URL ""
| #define PACKAGE "pcre"
| #define VERSION "8.32"
| #define STDC_HEADERS 1
| #define HAVE_SYS_TYPES_H 1
| #define HAVE_SYS_STAT_H 1
| #define HAVE_STDLIB_H 1
| #define HAVE_STRING_H 1
| #define HAVE_INTTYPES_H 1
| #define HAVE_UNISTD_H 1
| #define LT_OBJDIR ".libs/"
| #define HAVE_VISIBILITY 0
| #define STDC_HEADERS 1
| #define HAVE_LIMITS_H 1
| #define HAVE_SYS_TYPES_H 1
| #define HAVE_SYS_STAT_H 1
| #define HAVE_DIRENT_H 1
| /* end confdefs.h.  */
| #include <windows.h>
configure:16574: result: no
configure:16574: checking for windows.h
configure:16574: result: no
configure:16849: checking for an ANSI C-conforming const
configure:16914: cc -c -D_POSIX_SOURCE -D_SUSV2_SOURCE -D_RESEARCH_SOURCE -D_REENTRANT_SOURCE -D_BSD_EXTENSION -D_NET_EXTENSION -D_LIMITS_EXTENSION -D_C99_SNPRINTF_EXTENSION -D_REGEXP_EXTENSION -DHAVE_SOCK_OPTS  conftest.c >&5
configure:16914: $? = 0
configure:16921: result: yes
configure:16929: checking for size_t
configure:16929: cc -c -D_POSIX_SOURCE -D_SUSV2_SOURCE -D_RESEARCH_SOURCE -D_REENTRANT_SOURCE -D_BSD_EXTENSION -D_NET_EXTENSION -D_LIMITS_EXTENSION -D_C99_SNPRINTF_EXTENSION -D_REGEXP_EXTENSION -DHAVE_SOCK_OPTS  conftest.c >&5
configure:16929: $? = 0
configure:16929: cc -c -D_POSIX_SOURCE -D_SUSV2_SOURCE -D_RESEARCH_SOURCE -D_REENTRANT_SOURCE -D_BSD_EXTENSION -D_NET_EXTENSION -D_LIMITS_EXTENSION -D_C99_SNPRINTF_EXTENSION -D_REGEXP_EXTENSION -DHAVE_SOCK_OPTS  conftest.c >&5
/usr/jens/dvl/pcre-8.32/conftest.c:61[stdin:896] syntax error, last name: size_t
configure:16929: $? = 1
configure: failed program was:
| /* confdefs.h */
| #define PACKAGE_NAME "PCRE"
| #define PACKAGE_TARNAME "pcre"
| #define PACKAGE_VERSION "8.32"
| #define PACKAGE_STRING "PCRE 8.32"
| #define PACKAGE_BUGREPORT ""
| #define PACKAGE_URL ""
| #define PACKAGE "pcre"
| #define VERSION "8.32"
| #define STDC_HEADERS 1
| #define HAVE_SYS_TYPES_H 1
| #define HAVE_SYS_STAT_H 1
| #define HAVE_STDLIB_H 1
| #define HAVE_STRING_H 1
| #define HAVE_INTTYPES_H 1
| #define HAVE_UNISTD_H 1
| #define LT_OBJDIR ".libs/"
| #define HAVE_VISIBILITY 0
| #define STDC_HEADERS 1
| #define HAVE_LIMITS_H 1
| #define HAVE_SYS_TYPES_H 1
| #define HAVE_SYS_STAT_H 1
| #define HAVE_DIRENT_H 1
| /* end confdefs.h.  */
| #include <stdio.h>
| #ifdef HAVE_SYS_TYPES_H
| # include <sys/types.h>
| #endif
| #ifdef HAVE_SYS_STAT_H
| # include <sys/stat.h>
| #endif
| #ifdef STDC_HEADERS
| # include <stdlib.h>
| # include <stddef.h>
| #else
| # ifdef HAVE_STDLIB_H
| #  include <stdlib.h>
| # endif
| #endif
| #ifdef HAVE_STRING_H
| # if !defined STDC_HEADERS && defined HAVE_MEMORY_H
| #  include <memory.h>
| # endif
| # include <string.h>
| #endif
| #ifdef HAVE_STRINGS_H
| # include <strings.h>
| #endif
| #ifdef HAVE_INTTYPES_H
| # include <inttypes.h>
| #endif
| #ifdef HAVE_STDINT_H
| # include <stdint.h>
| #endif
| #ifdef HAVE_UNISTD_H
| # include <unistd.h>
| #endif
| int
| main ()
| {
| if (sizeof ((size_t)))
| 	    return 0;
|   ;
|   return 0;
| }
configure:16929: result: yes
configure:16946: checking for bcopy
configure:16946: cc -o conftest -D_POSIX_SOURCE -D_SUSV2_SOURCE -D_RESEARCH_SOURCE -D_REENTRANT_SOURCE -D_BSD_EXTENSION -D_NET_EXTENSION -D_LIMITS_EXTENSION -D_C99_SNPRINTF_EXTENSION -D_REGEXP_EXTENSION -DHAVE_SOCK_OPTS   conftest.c  >&5
configure:16946: $? = 0
configure:16946: result: yes
configure:16946: checking for memmove
configure:16946: cc -o conftest -D_POSIX_SOURCE -D_SUSV2_SOURCE -D_RESEARCH_SOURCE -D_REENTRANT_SOURCE -D_BSD_EXTENSION -D_NET_EXTENSION -D_LIMITS_EXTENSION -D_C99_SNPRINTF_EXTENSION -D_REGEXP_EXTENSION -DHAVE_SOCK_OPTS   conftest.c  >&5
configure:16946: $? = 0
configure:16946: result: yes
configure:16946: checking for strerror
configure:16946: cc -o conftest -D_POSIX_SOURCE -D_SUSV2_SOURCE -D_RESEARCH_SOURCE -D_REENTRANT_SOURCE -D_BSD_EXTENSION -D_NET_EXTENSION -D_LIMITS_EXTENSION -D_C99_SNPRINTF_EXTENSION -D_REGEXP_EXTENSION -DHAVE_SOCK_OPTS   conftest.c  >&5
configure:16946: $? = 0
configure:16946: result: yes
configure:16960: checking zlib.h usability
configure:16960: cc -c -D_POSIX_SOURCE -D_SUSV2_SOURCE -D_RESEARCH_SOURCE -D_REENTRANT_SOURCE -D_BSD_EXTENSION -D_NET_EXTENSION -D_LIMITS_EXTENSION -D_C99_SNPRINTF_EXTENSION -D_REGEXP_EXTENSION -DHAVE_SOCK_OPTS  conftest.c >&5
configure:16960: $? = 0
configure:16960: result: yes
configure:16960: checking zlib.h presence
configure:16960: cc -E  conftest.c
configure:16960: $? = 0
configure:16960: result: yes
configure:16960: checking for zlib.h
configure:16960: result: yes
configure:16970: checking for gzopen in -lz
configure:16995: cc -o conftest -D_POSIX_SOURCE -D_SUSV2_SOURCE -D_RESEARCH_SOURCE -D_REENTRANT_SOURCE -D_BSD_EXTENSION -D_NET_EXTENSION -D_LIMITS_EXTENSION -D_C99_SNPRINTF_EXTENSION -D_REGEXP_EXTENSION -DHAVE_SOCK_OPTS   conftest.c -lz   >&5
configure:16995: $? = 0
configure:17004: result: yes
configure:17029: checking bzlib.h usability
configure:17029: cc -c -D_POSIX_SOURCE -D_SUSV2_SOURCE -D_RESEARCH_SOURCE -D_REENTRANT_SOURCE -D_BSD_EXTENSION -D_NET_EXTENSION -D_LIMITS_EXTENSION -D_C99_SNPRINTF_EXTENSION -D_REGEXP_EXTENSION -DHAVE_SOCK_OPTS  conftest.c >&5
configure:17029: $? = 0
configure:17029: result: yes
configure:17029: checking bzlib.h presence
configure:17029: cc -E  conftest.c
configure:17029: $? = 0
configure:17029: result: yes
configure:17029: checking for bzlib.h
configure:17029: result: yes
configure:17044: checking for libbz2
configure:17062: cc -o conftest -D_POSIX_SOURCE -D_SUSV2_SOURCE -D_RESEARCH_SOURCE -D_REENTRANT_SOURCE -D_BSD_EXTENSION -D_NET_EXTENSION -D_LIMITS_EXTENSION -D_C99_SNPRINTF_EXTENSION -D_REGEXP_EXTENSION -DHAVE_SOCK_OPTS   conftest.c  -lbz2 >&5
configure:17062: $? = 0
configure:17063: result: yes
configure:18688: creating ./config.status

## ---------------------- ##
## Running config.status. ##
## ---------------------- ##

This file was extended by PCRE config.status 8.32, which was
generated by GNU Autoconf 2.68.  Invocation command line was

  CONFIG_FILES    = 
  CONFIG_HEADERS  = 
  CONFIG_LINKS    = 
  CONFIG_COMMANDS = 
  $ ./config.status 

on cirno

config.status:1241: creating Makefile
config.status:1241: creating libpcre.pc
config.status:1241: creating libpcre16.pc
config.status:1241: creating libpcre32.pc
config.status:1241: creating libpcreposix.pc
config.status:1241: creating libpcrecpp.pc
config.status:1241: creating pcre-config
config.status:1241: creating pcre.h
config.status:1241: creating pcre_stringpiece.h
config.status:1241: creating pcrecpparg.h
config.status:1241: creating config.h
config.status:1470: executing depfiles commands
config.status:1470: executing libtool commands
config.status:1470: executing script-chmod commands
config.status:1470: executing delete-old-chartables commands

## ---------------- ##
## Cache variables. ##
## ---------------- ##

ac_cv_build=i386-unknown-plan9
ac_cv_c_compiler_gnu=no
ac_cv_c_const=yes
ac_cv_c_int64_t=yes
ac_cv_cxx_compiler_gnu=no
ac_cv_env_CCC_set=
ac_cv_env_CCC_value=
ac_cv_env_CC_set=
ac_cv_env_CC_value=
ac_cv_env_CFLAGS_set=set
ac_cv_env_CFLAGS_value='-D_POSIX_SOURCE -D_SUSV2_SOURCE -D_RESEARCH_SOURCE -D_REENTRANT_SOURCE -D_BSD_EXTENSION -D_NET_EXTENSION -D_LIMITS_EXTENSION -D_C99_SNPRINTF_EXTENSION -D_REGEXP_EXTENSION -DHAVE_SOCK_OPTS'
ac_cv_env_CPPFLAGS_set=
ac_cv_env_CPPFLAGS_value=
ac_cv_env_CPP_set=
ac_cv_env_CPP_value=
ac_cv_env_CXXCPP_set=
ac_cv_env_CXXCPP_value=
ac_cv_env_CXXFLAGS_set=
ac_cv_env_CXXFLAGS_value=
ac_cv_env_CXX_set=
ac_cv_env_CXX_value=
ac_cv_env_GENHTML_set=
ac_cv_env_GENHTML_value=
ac_cv_env_LCOV_set=
ac_cv_env_LCOV_value=
ac_cv_env_LDFLAGS_set=
ac_cv_env_LDFLAGS_value=
ac_cv_env_LIBS_set=
ac_cv_env_LIBS_value=
ac_cv_env_PKG_CONFIG_LIBDIR_set=
ac_cv_env_PKG_CONFIG_LIBDIR_value=
ac_cv_env_PKG_CONFIG_PATH_set=
ac_cv_env_PKG_CONFIG_PATH_value=
ac_cv_env_PKG_CONFIG_set=
ac_cv_env_PKG_CONFIG_value=
ac_cv_env_VALGRIND_CFLAGS_set=
ac_cv_env_VALGRIND_CFLAGS_value=
ac_cv_env_VALGRIND_LIBS_set=
ac_cv_env_VALGRIND_LIBS_value=
ac_cv_env_build_alias_set=
ac_cv_env_build_alias_value=
ac_cv_env_host_alias_set=
ac_cv_env_host_alias_value=
ac_cv_env_target_alias_set=
ac_cv_env_target_alias_value=
ac_cv_func_bcopy=yes
ac_cv_func_memmove=yes
ac_cv_func_strerror=yes
ac_cv_header_bzlib_h=yes
ac_cv_header_dirent_h=yes
ac_cv_header_dlfcn_h=no
ac_cv_header_inttypes_h=yes
ac_cv_header_limits_h=yes
ac_cv_header_memory_h=no
ac_cv_header_stdc=yes
ac_cv_header_stdint_h=no
ac_cv_header_stdlib_h=yes
ac_cv_header_string_h=yes
ac_cv_header_strings_h=no
ac_cv_header_sys_stat_h=yes
ac_cv_header_sys_types_h=yes
ac_cv_header_unistd_h=yes
ac_cv_header_windows_h=no
ac_cv_header_zlib_h=yes
ac_cv_host=i386-unknown-plan9
ac_cv_lib_z_gzopen=yes
ac_cv_objext=o
ac_cv_path_EGREP=/bin/egrep
ac_cv_path_FGREP=/bin/fgrep
ac_cv_path_GREP=grep
ac_cv_path_SED=/bin/gsed
ac_cv_prog_AWK=gawk
ac_cv_prog_CC=cc
ac_cv_prog_CPP='cc -E'
ac_cv_prog_ac_ct_AR=ar
ac_cv_prog_ac_ct_DLLTOOL=dlltool
ac_cv_prog_ac_ct_OBJDUMP=objdump
ac_cv_prog_ac_ct_RANLIB=ranlib
ac_cv_prog_ac_ct_STRIP=strip
ac_cv_prog_cc_c89=
ac_cv_prog_cc_cc_c_o=yes
ac_cv_prog_cc_g=yes
ac_cv_prog_cxx_g=no
ac_cv_prog_make_make_set=yes
ac_cv_type_size_t=yes
am_cv_CC_dependencies_compiler_type=none
am_cv_CXX_dependencies_compiler_type=none
am_cv_make_support_nested_variables=no
lt_cv_ar_at_file=no
lt_cv_deplibs_check_method=unknown
lt_cv_file_magic_cmd='$MAGIC_CMD'
lt_cv_file_magic_test_file=
lt_cv_ld_reload_flag=-r
lt_cv_nm_interface='BSD nm'
lt_cv_objdir=.libs
lt_cv_path_LD=/bin/ld
lt_cv_path_NM=/bin/nm
lt_cv_path_mainfest_tool=no
lt_cv_prog_compiler_c_o=yes
lt_cv_prog_compiler_pic=' -DPIC'
lt_cv_prog_compiler_pic_works=yes
lt_cv_prog_compiler_static_works=yes
lt_cv_prog_gnu_ld=no
lt_cv_sharedlib_from_linklib_cmd='print -r --'
lt_cv_sys_global_symbol_pipe='sed -n -e '\''s/^.*[	 ]\([BCDEGRST][BCDEGRST]*\)[	 ][	 ]*\([_A-Za-z][_A-Za-z0-9]*\)$/\1 \2 \2/p'\'' | sed '\''/ __gnu_lto/d'\'
lt_cv_sys_global_symbol_to_c_name_address='sed -n -e '\''s/^: \([^ ]*\)[ ]*$/  {\"\1\", (void *) 0},/p'\'' -e '\''s/^[BCDEGRST]* \([^ ]*\) \([^ ]*\)$/  {"\2", (void *) \&\2},/p'\'
lt_cv_sys_global_symbol_to_c_name_address_lib_prefix='sed -n -e '\''s/^: \([^ ]*\)[ ]*$/  {\"\1\", (void *) 0},/p'\'' -e '\''s/^[BCDEGRST]* \([^ ]*\) \(lib[^ ]*\)$/  {"\2", (void *) \&\2},/p'\'' -e '\''s/^[BCDEGRST]* \([^ ]*\) \([^ ]*\)$/  {"lib\2", (void *) \&\2},/p'\'
lt_cv_sys_global_symbol_to_cdecl='sed -n -e '\''s/^T .* \(.*\)$/extern int \1();/p'\'' -e '\''s/^[BCDEGRST]* .* \(.*\)$/extern char \1;/p'\'
lt_cv_sys_max_cmd_len=512
lt_cv_to_host_file_cmd=func_convert_file_noop
lt_cv_to_tool_file_cmd=func_convert_file_noop

## ----------------- ##
## Output variables. ##
## ----------------- ##

ACLOCAL='${SHELL} /usr/jens/dvl/pcre-8.32/missing --run aclocal-1.11'
AMDEPBACKSLASH='\'
AMDEP_FALSE='#'
AMDEP_TRUE=''
AMTAR='$${TAR-tar}'
AM_BACKSLASH='\'
AM_DEFAULT_V='0'
AM_DEFAULT_VERBOSITY='0'
AM_V='0'
AR='ar'
AS='as'
AUTOCONF='${SHELL} /usr/jens/dvl/pcre-8.32/missing --run autoconf'
AUTOHEADER='${SHELL} /usr/jens/dvl/pcre-8.32/missing --run autoheader'
AUTOMAKE='${SHELL} /usr/jens/dvl/pcre-8.32/missing --run automake-1.11'
AWK='gawk'
CC='cc'
CCDEPMODE='depmode=none'
CFLAGS='-D_POSIX_SOURCE -D_SUSV2_SOURCE -D_RESEARCH_SOURCE -D_REENTRANT_SOURCE -D_BSD_EXTENSION -D_NET_EXTENSION -D_LIMITS_EXTENSION -D_C99_SNPRINTF_EXTENSION -D_REGEXP_EXTENSION -DHAVE_SOCK_OPTS'
CPP='cc -E'
CPPFLAGS=''
CXX=''
CXXCPP=''
CXXDEPMODE='depmode=none'
CXXFLAGS=''
CYGPATH_W='echo'
DEFS='-DHAVE_CONFIG_H'
DEPDIR='.deps'
DISTCHECK_CONFIGURE_FLAGS='CFLAGS='\'''\'' CXXFLAGS='\'''\'' --enable-pcre16 --enable-pcre32 --enable-jit --enable-cpp --enable-unicode-properties'
DLLTOOL='dlltool'
DSYMUTIL=''
DUMPBIN=''
ECHO_C=''
ECHO_N='-n'
ECHO_T=''
EGREP='/bin/egrep'
EXEEXT=''
EXTRA_LIBPCRE16_LDFLAGS='                         -version-info 2:0:2'
EXTRA_LIBPCRE32_LDFLAGS='                         -version-info 0:0:0'
EXTRA_LIBPCRECPP_LDFLAGS='                            -version-info 0:0:0                           '
EXTRA_LIBPCREPOSIX_LDFLAGS='                              -version-info 0:1:0'
EXTRA_LIBPCRE_LDFLAGS='                         -version-info 3:0:2'
FGREP='/bin/fgrep'
GCOV_CFLAGS=''
GCOV_CXXFLAGS=''
GCOV_LIBS=''
GENHTML=''
GREP='grep'
HAVE_VISIBILITY='0'
INSTALL_DATA='${INSTALL} -m 644'
INSTALL_PROGRAM='${INSTALL}'
INSTALL_SCRIPT='${INSTALL}'
INSTALL_STRIP_PROGRAM='$(install_sh) -c -s'
LCOV=''
LD='/bin/ld'
LDFLAGS=''
LIBBZ2=''
LIBOBJS=''
LIBREADLINE=''
LIBS=''
LIBTOOL='$(SHELL) $(top_builddir)/libtool'
LIBZ=''
LIPO=''
LN_S='cp -p'
LTLIBOBJS=''
MAKEINFO='${SHELL} /usr/jens/dvl/pcre-8.32/missing --run makeinfo'
MANIFEST_TOOL=':'
MKDIR_P='./install-sh -c -d'
NM='/bin/nm'
NMEDIT=''
OBJDUMP='objdump'
OBJEXT='o'
OTOOL64=''
OTOOL=''
PACKAGE='pcre'
PACKAGE_BUGREPORT=''
PACKAGE_NAME='PCRE'
PACKAGE_STRING='PCRE 8.32'
PACKAGE_TARNAME='pcre'
PACKAGE_URL=''
PACKAGE_VERSION='8.32'
PATH_SEPARATOR=':'
PCRE_DATE='2012-11-30'
PCRE_MAJOR='8'
PCRE_MINOR='32'
PCRE_PRERELEASE=''
PCRE_STATIC_CFLAG='-DPCRE_STATIC'
PKG_CONFIG=''
PKG_CONFIG_LIBDIR=''
PKG_CONFIG_PATH=''
PTHREAD_CC=''
PTHREAD_CFLAGS=''
PTHREAD_LIBS=''
RANLIB='ranlib'
SED='/bin/gsed'
SET_MAKE=''
SHELL='/bin/sh'
SHTOOL=''
STRIP='strip'
VALGRIND_CFLAGS=''
VALGRIND_LIBS=''
VERSION='8.32'
VISIBILITY_CFLAGS=''
VISIBILITY_CXXFLAGS=''
WITH_GCOV_FALSE=''
WITH_GCOV_TRUE='#'
WITH_JIT_FALSE=''
WITH_JIT_TRUE='#'
WITH_PCRE16_FALSE=''
WITH_PCRE16_TRUE='#'
WITH_PCRE32_FALSE=''
WITH_PCRE32_TRUE='#'
WITH_PCRE8_FALSE='#'
WITH_PCRE8_TRUE=''
WITH_PCRE_CPP_FALSE=''
WITH_PCRE_CPP_TRUE='#'
WITH_REBUILD_CHARTABLES_FALSE=''
WITH_REBUILD_CHARTABLES_TRUE='#'
WITH_UTF_FALSE=''
WITH_UTF_TRUE='#'
WITH_VALGRIND_FALSE=''
WITH_VALGRIND_TRUE='#'
ac_ct_AR='ar'
ac_ct_CC=''
ac_ct_CXX=''
ac_ct_DUMPBIN=''
am__EXEEXT_FALSE=''
am__EXEEXT_TRUE='#'
am__fastdepCC_FALSE=''
am__fastdepCC_TRUE='#'
am__fastdepCXX_FALSE=''
am__fastdepCXX_TRUE='#'
am__include='include'
am__isrc=''
am__leading_dot='.'
am__nodep='_no'
am__quote=''
am__tar='$${TAR-tar} chof - "$$tardir"'
am__untar='$${TAR-tar} xf -'
ax_pthread_config=''
bindir='${exec_prefix}/bin'
build='i386-unknown-plan9'
build_alias=''
build_cpu='i386'
build_os='plan9'
build_vendor='unknown'
datadir='/sys'
datarootdir='${prefix}/share'
docdir='${datarootdir}/doc/${PACKAGE_TARNAME}'
dvidir='${docdir}'
enable_cpp='no'
enable_pcre16='no'
enable_pcre32='no'
enable_pcre8='yes'
exec_prefix='/386'
host='i386-unknown-plan9'
host_alias=''
host_cpu='i386'
host_os='plan9'
host_vendor='unknown'
htmldir='${docdir}/html'
includedir='/sys/include/ape'
infodir='${datarootdir}/info'
install_sh='${SHELL} /usr/jens/dvl/pcre-8.32/install-sh'
libdir='/386/lib/ape'
libexecdir='${exec_prefix}/libexec'
localedir='${datarootdir}/locale'
localstatedir='${prefix}/var'
mandir='${datarootdir}/man'
mkdir_p='$(top_builddir)/./install-sh -c -d'
oldincludedir='/usr/include'
pcre_have_bits_type_traits='0'
pcre_have_long_long=''
pcre_have_type_traits='0'
pcre_have_ulong_long=''
pdfdir='${docdir}'
prefix='/sys'
program_transform_name='s,x,x,'
psdir='${docdir}'
sbindir='${exec_prefix}/sbin'
sharedstatedir='${prefix}/com'
sysconfdir='${prefix}/etc'
target_alias=''

## ----------- ##
## confdefs.h. ##
## ----------- ##

/* confdefs.h */
#define PACKAGE_NAME "PCRE"
#define PACKAGE_TARNAME "pcre"
#define PACKAGE_VERSION "8.32"
#define PACKAGE_STRING "PCRE 8.32"
#define PACKAGE_BUGREPORT ""
#define PACKAGE_URL ""
#define PACKAGE "pcre"
#define VERSION "8.32"
#define STDC_HEADERS 1
#define HAVE_SYS_TYPES_H 1
#define HAVE_SYS_STAT_H 1
#define HAVE_STDLIB_H 1
#define HAVE_STRING_H 1
#define HAVE_INTTYPES_H 1
#define HAVE_UNISTD_H 1
#define LT_OBJDIR ".libs/"
#define HAVE_VISIBILITY 0
#define STDC_HEADERS 1
#define HAVE_LIMITS_H 1
#define HAVE_SYS_TYPES_H 1
#define HAVE_SYS_STAT_H 1
#define HAVE_DIRENT_H 1
#define HAVE_BCOPY 1
#define HAVE_MEMMOVE 1
#define HAVE_STRERROR 1
#define HAVE_ZLIB_H 1
#define HAVE_BZLIB_H 1
#define PCRE_STATIC 1
#define SUPPORT_PCRE8 /**/
#define PCREGREP_BUFSIZE 20480
#define NEWLINE 10
#define LINK_SIZE 2
#define POSIX_MALLOC_THRESHOLD 10
#define MATCH_LIMIT 10000000
#define MATCH_LIMIT_RECURSION MATCH_LIMIT
#define MAX_NAME_SIZE 32
#define MAX_NAME_COUNT 10000

configure: exit 0
