This file contains any messages produced by compilers while
running configure, to aid debugging if configure makes a mistake.

It was created by configure, which was
generated by GNU Autoconf 2.61.  Invocation command line was

  $ ./configure --prefix=/sys/lib/apr-1 --exec-prefix=/386 --bindir=/386/bin/ape --sbindir=/386/bin/ape --libexecdir=/386/bin/ape --libdir=/386/lib/ape --includedir=/sys/include/ape --datarootdir=/sys --with-apr=/rc/bin/ape/apr-config

## --------- ##
## Platform. ##
## --------- ##

hostname = cirno
uname -m = i386
uname -r = 4
uname -s = Plan9
uname -v = 0

/usr/bin/uname -p = unknown
/bin/uname -X     = unknown

/bin/arch              = unknown
/usr/bin/arch -k       = unknown
/usr/convex/getsysinfo = unknown
/usr/bin/hostinfo      = unknown
/bin/machine           = unknown
/usr/bin/oslevel       = unknown
/bin/universe          = unknown

PATH: /bin
PATH: .


## ----------- ##
## Core tests. ##
## ----------- ##

configure:1758: checking for gawk
configure:1774: found /bin/gawk
configure:1785: result: gawk
configure:1809: checking for a BSD-compatible install
configure:1865: result: /bin/install -c
configure:1916: checking for APR
configure:1998: result: yes
configure:2179: creating ./config.status

## ---------------------- ##
## Running config.status. ##
## ---------------------- ##

This file was extended by config.status, which was
generated by GNU Autoconf 2.61.  Invocation command line was

  CONFIG_FILES    = 
  CONFIG_HEADERS  = 
  CONFIG_LINKS    = 
  CONFIG_COMMANDS = 
  $ ./config.status 

on cirno

config.status:605: creating Makefile
config.status:605: creating ccs/Makefile
config.status:605: creating ces/Makefile
config.status:605: creating lib/Makefile
config.status:605: creating util/Makefile
config.status:605: creating lib/apr_iconv_private.h
config.status:814: lib/apr_iconv_private.h is unchanged

## ---------------- ##
## Cache variables. ##
## ---------------- ##

ac_cv_env_build_alias_set=
ac_cv_env_build_alias_value=
ac_cv_env_host_alias_set=
ac_cv_env_host_alias_value=
ac_cv_env_target_alias_set=
ac_cv_env_target_alias_value=
ac_cv_path_install='/bin/install -c'
ac_cv_prog_AWK=gawk

## ----------------- ##
## Output variables. ##
## ----------------- ##

API_CPPFLAGS=''
API_INCLUDES='-I/usr/jens/dvl/apr-iconv-1.2.1/lib -I/usr/jens/dvl/apr-iconv-1.2.1/include'
API_INCPATH='apr-1'
API_LIBNAME='apriconv-1'
APR_BUILD_DIR='/sys/lib/apr-1/build'
APR_INCLUDES=' -I/sys/include/ape/apr-1 /sys/include/ape /386/include/ape'
APR_LIBS=' /386/lib/ape/libapr-1.a '
APR_LIB_TARGET='@export_lib_target@'
APR_SOURCE_DIR='/sys/src/pkg/apr-1'
APR_SO_EXT='.o'
AWK='gawk'
DEFS='-DHAVE_CONFIG_H'
ECHO_C=''
ECHO_N='-n'
ECHO_T=''
INCLUDE_RULES='include /usr/jens/dvl/apr-iconv-1.2.1/build/rules.mk'
INSTALL_DATA='${INSTALL} -m 644'
INSTALL_PROGRAM='${INSTALL}'
INSTALL_SCRIPT='${INSTALL}'
LIBOBJS=''
LIBS=''
LTLIBOBJS=''
LT_VERSION='-version-info 2:1:2'
PACKAGE_BUGREPORT=''
PACKAGE_NAME=''
PACKAGE_STRING=''
PACKAGE_TARNAME=''
PACKAGE_VERSION=''
PATH_SEPARATOR=':'
SHELL='/bin/sh'
api_builddir='/usr/jens/dvl/apr-iconv-1.2.1'
api_srcdir='/usr/jens/dvl/apr-iconv-1.2.1'
bindir='/386/bin/ape'
build_alias=''
datadir='${datarootdir}'
datarootdir='/sys'
docdir='${datarootdir}/doc/${PACKAGE}'
dvidir='${docdir}'
exec_prefix='/386'
host_alias=''
htmldir='${docdir}'
iconv_libdir='/sys/lib/apr-1/lib/iconv'
includedir='/sys/include/ape'
infodir='${datarootdir}/info'
libdir='/386/lib/ape'
libexecdir='/386/bin/ape'
localedir='${datarootdir}/locale'
localstatedir='${prefix}/var'
mandir='${datarootdir}/man'
oldincludedir='/usr/include'
pdfdir='${docdir}'
prefix='/sys/lib/apr-1'
program_transform_name='s,x,x,'
psdir='${docdir}'
sbindir='/386/bin/ape'
sharedstatedir='${prefix}/com'
sysconfdir='${prefix}/etc'
target_alias=''

## ----------- ##
## confdefs.h. ##
## ----------- ##

#define PACKAGE_NAME ""
#define PACKAGE_TARNAME ""
#define PACKAGE_VERSION ""
#define PACKAGE_STRING ""
#define PACKAGE_BUGREPORT ""
#define ICONV_DEFAULT_PATH "/sys/lib/apr-1/lib/iconv"

configure: exit 0
