This file contains any messages produced by compilers while
running configure, to aid debugging if configure makes a mistake.

It was created by configure, which was
generated by GNU Autoconf 2.61.  Invocation command line was

  $ ./configure --prefix=/sys --exec-prefix=/386 --libdir=/386/lib/ape --includedir=/sys/include/ape

## --------- ##
## Platform. ##
## --------- ##

hostname = cirno
uname -m = i386
uname -r = 4
uname -s = Plan9
uname -v = 0

/usr/bin/uname -p = unknown
/bin/uname -X     = unknown

/bin/arch              = unknown
/usr/bin/arch -k       = unknown
/usr/convex/getsysinfo = unknown
/usr/bin/hostinfo      = unknown
/bin/machine           = unknown
/usr/bin/oslevel       = unknown
/bin/universe          = unknown

PATH: /bin
PATH: .


## ----------- ##
## Core tests. ##
## ----------- ##

configure:1769: checking for a BSD-compatible install
configure:1825: result: /bin/install -c
configure:1836: checking whether build environment is sane
configure:1879: result: yes
configure:1907: checking for a thread-safe mkdir -p
configure:1946: result: ./install-sh -c -d
configure:1959: checking for gawk
configure:1975: found /bin/gawk
configure:1986: result: gawk
configure:1997: checking whether make sets $(MAKE)
configure:2018: result: yes
configure:2208: checking whether to enable maintainer-specific portions of Makefiles
configure:2217: result: no
configure:2301: checking for gcc
configure:2331: result: no
configure:2398: checking for cc
configure:2419: found /bin/cc
configure:2442: result: cc
configure:2566: checking for C compiler version
configure:2573: cc --version >&5
cc: flag -- ignored
cc: flag -e ignored
cc: flag -r ignored
cc: flag -i ignored
cc: no files to compile or load
configure:2576: $? = 1
configure:2583: cc -v >&5
cc: no files to compile or load
configure:2586: $? = 1
configure:2593: cc -V >&5
cc: flag -V ignored
cc: no files to compile or load
configure:2596: $? = 1
configure:2619: checking for C compiler default output file name
configure:2646: cc -D_POSIX_SOURCE -D_SUSV2_SOURCE -D_RESEARCH_SOURCE -D_REENTRANT_SOURCE -D_BSD_EXTENSION -D_NET_EXTENSION -D_LIMITS_EXTENSION -D_C99_SNPRINTF_EXTENSION -D_REGEXP_EXTENSION -DHAVE_SOCK_OPTS   conftest.c  >&5
configure:2649: $? = 0
configure:2687: result: a.out
configure:2704: checking whether the C compiler works
configure:2714: ./a.out
configure:2717: $? = 0
configure:2734: result: yes
configure:2741: checking whether we are cross compiling
configure:2743: result: no
configure:2746: checking for suffix of executables
configure:2753: cc -o conftest -D_POSIX_SOURCE -D_SUSV2_SOURCE -D_RESEARCH_SOURCE -D_REENTRANT_SOURCE -D_BSD_EXTENSION -D_NET_EXTENSION -D_LIMITS_EXTENSION -D_C99_SNPRINTF_EXTENSION -D_REGEXP_EXTENSION -DHAVE_SOCK_OPTS   conftest.c  >&5
configure:2756: $? = 0
configure:2780: result: 
configure:2786: checking for suffix of object files
configure:2812: cc -c -D_POSIX_SOURCE -D_SUSV2_SOURCE -D_RESEARCH_SOURCE -D_REENTRANT_SOURCE -D_BSD_EXTENSION -D_NET_EXTENSION -D_LIMITS_EXTENSION -D_C99_SNPRINTF_EXTENSION -D_REGEXP_EXTENSION -DHAVE_SOCK_OPTS  conftest.c >&5
configure:2815: $? = 0
configure:2838: result: o
configure:2842: checking whether we are using the GNU C compiler
configure:2871: cc -c -D_POSIX_SOURCE -D_SUSV2_SOURCE -D_RESEARCH_SOURCE -D_REENTRANT_SOURCE -D_BSD_EXTENSION -D_NET_EXTENSION -D_LIMITS_EXTENSION -D_C99_SNPRINTF_EXTENSION -D_REGEXP_EXTENSION -DHAVE_SOCK_OPTS  conftest.c >&5
/usr/jens/dvl/which-2.20/conftest.c:15[stdin:16] syntax error, last name: me
configure:2877: $? = 1
configure: failed program was:
| /* confdefs.h.  */
| #define PACKAGE_NAME ""
| #define PACKAGE_TARNAME ""
| #define PACKAGE_VERSION ""
| #define PACKAGE_STRING ""
| #define PACKAGE_BUGREPORT ""
| #define PACKAGE "which"
| #define VERSION "2.20"
| /* end confdefs.h.  */
| 
| int
| main ()
| {
| #ifndef __GNUC__
|        choke me
| #endif
| 
|   ;
|   return 0;
| }
configure:2894: result: no
configure:2899: checking whether cc accepts -g
configure:2929: cc -c -g  conftest.c >&5
configure:2935: $? = 0
configure:3034: result: yes
configure:3051: checking for cc option to accept ISO C89
configure:3125: cc  -c -D_POSIX_SOURCE -D_SUSV2_SOURCE -D_RESEARCH_SOURCE -D_REENTRANT_SOURCE -D_BSD_EXTENSION -D_NET_EXTENSION -D_LIMITS_EXTENSION -D_C99_SNPRINTF_EXTENSION -D_REGEXP_EXTENSION -DHAVE_SOCK_OPTS  conftest.c >&5
configure:3131: $? = 0
configure:3154: result: none needed
configure:3183: checking for style of include used by make
configure:3211: result: GNU
configure:3236: checking dependency style of cc
configure:3327: result: none
configure:3355: checking for a BSD-compatible install
configure:3411: result: /bin/install -c
configure:3434: checking how to run the C preprocessor
configure:3474: cc -E  conftest.c
configure:3480: $? = 0
configure:3511: cc -E  conftest.c
configure:3517: $? = 1
configure: failed program was:
| /* confdefs.h.  */
| #define PACKAGE_NAME ""
| #define PACKAGE_TARNAME ""
| #define PACKAGE_VERSION ""
| #define PACKAGE_STRING ""
| #define PACKAGE_BUGREPORT ""
| #define PACKAGE "which"
| #define VERSION "2.20"
| /* end confdefs.h.  */
| #include <ac_nonexistent.h>
configure:3550: result: cc -E
configure:3579: cc -E  conftest.c
configure:3585: $? = 0
configure:3616: cc -E  conftest.c
configure:3622: $? = 1
configure: failed program was:
| /* confdefs.h.  */
| #define PACKAGE_NAME ""
| #define PACKAGE_TARNAME ""
| #define PACKAGE_VERSION ""
| #define PACKAGE_STRING ""
| #define PACKAGE_BUGREPORT ""
| #define PACKAGE "which"
| #define VERSION "2.20"
| /* end confdefs.h.  */
| #include <ac_nonexistent.h>
configure:3660: checking for grep that handles long lines and -e
configure:3734: result: grep
configure:3739: checking for egrep
configure:3817: result: /bin/egrep
configure:3822: checking for ANSI C header files
configure:3852: cc -c -D_POSIX_SOURCE -D_SUSV2_SOURCE -D_RESEARCH_SOURCE -D_REENTRANT_SOURCE -D_BSD_EXTENSION -D_NET_EXTENSION -D_LIMITS_EXTENSION -D_C99_SNPRINTF_EXTENSION -D_REGEXP_EXTENSION -DHAVE_SOCK_OPTS  conftest.c >&5
configure:3858: $? = 0
configure:3957: cc -o conftest -D_POSIX_SOURCE -D_SUSV2_SOURCE -D_RESEARCH_SOURCE -D_REENTRANT_SOURCE -D_BSD_EXTENSION -D_NET_EXTENSION -D_LIMITS_EXTENSION -D_C99_SNPRINTF_EXTENSION -D_REGEXP_EXTENSION -DHAVE_SOCK_OPTS   conftest.c  >&5
configure:3960: $? = 0
configure:3966: ./conftest
configure:3969: $? = 0
configure:3986: result: yes
configure:4010: checking for sys/types.h
configure:4031: cc -c -D_POSIX_SOURCE -D_SUSV2_SOURCE -D_RESEARCH_SOURCE -D_REENTRANT_SOURCE -D_BSD_EXTENSION -D_NET_EXTENSION -D_LIMITS_EXTENSION -D_C99_SNPRINTF_EXTENSION -D_REGEXP_EXTENSION -DHAVE_SOCK_OPTS  conftest.c >&5
configure:4037: $? = 0
configure:4053: result: yes
configure:4010: checking for sys/stat.h
configure:4031: cc -c -D_POSIX_SOURCE -D_SUSV2_SOURCE -D_RESEARCH_SOURCE -D_REENTRANT_SOURCE -D_BSD_EXTENSION -D_NET_EXTENSION -D_LIMITS_EXTENSION -D_C99_SNPRINTF_EXTENSION -D_REGEXP_EXTENSION -DHAVE_SOCK_OPTS  conftest.c >&5
configure:4037: $? = 0
configure:4053: result: yes
configure:4010: checking for stdlib.h
configure:4031: cc -c -D_POSIX_SOURCE -D_SUSV2_SOURCE -D_RESEARCH_SOURCE -D_REENTRANT_SOURCE -D_BSD_EXTENSION -D_NET_EXTENSION -D_LIMITS_EXTENSION -D_C99_SNPRINTF_EXTENSION -D_REGEXP_EXTENSION -DHAVE_SOCK_OPTS  conftest.c >&5
configure:4037: $? = 0
configure:4053: result: yes
configure:4010: checking for string.h
configure:4031: cc -c -D_POSIX_SOURCE -D_SUSV2_SOURCE -D_RESEARCH_SOURCE -D_REENTRANT_SOURCE -D_BSD_EXTENSION -D_NET_EXTENSION -D_LIMITS_EXTENSION -D_C99_SNPRINTF_EXTENSION -D_REGEXP_EXTENSION -DHAVE_SOCK_OPTS  conftest.c >&5
configure:4037: $? = 0
configure:4053: result: yes
configure:4010: checking for memory.h
configure:4031: cc -c -D_POSIX_SOURCE -D_SUSV2_SOURCE -D_RESEARCH_SOURCE -D_REENTRANT_SOURCE -D_BSD_EXTENSION -D_NET_EXTENSION -D_LIMITS_EXTENSION -D_C99_SNPRINTF_EXTENSION -D_REGEXP_EXTENSION -DHAVE_SOCK_OPTS  conftest.c >&5
configure:4037: $? = 1
configure: failed program was:
| /* confdefs.h.  */
| #define PACKAGE_NAME ""
| #define PACKAGE_TARNAME ""
| #define PACKAGE_VERSION ""
| #define PACKAGE_STRING ""
| #define PACKAGE_BUGREPORT ""
| #define PACKAGE "which"
| #define VERSION "2.20"
| #define STDC_HEADERS 1
| #define HAVE_SYS_TYPES_H 1
| #define HAVE_SYS_STAT_H 1
| #define HAVE_STDLIB_H 1
| #define HAVE_STRING_H 1
| /* end confdefs.h.  */
| #include <stdio.h>
| #ifdef HAVE_SYS_TYPES_H
| # include <sys/types.h>
| #endif
| #ifdef HAVE_SYS_STAT_H
| # include <sys/stat.h>
| #endif
| #ifdef STDC_HEADERS
| # include <stdlib.h>
| # include <stddef.h>
| #else
| # ifdef HAVE_STDLIB_H
| #  include <stdlib.h>
| # endif
| #endif
| #ifdef HAVE_STRING_H
| # if !defined STDC_HEADERS && defined HAVE_MEMORY_H
| #  include <memory.h>
| # endif
| # include <string.h>
| #endif
| #ifdef HAVE_STRINGS_H
| # include <strings.h>
| #endif
| #ifdef HAVE_INTTYPES_H
| # include <inttypes.h>
| #endif
| #ifdef HAVE_STDINT_H
| # include <stdint.h>
| #endif
| #ifdef HAVE_UNISTD_H
| # include <unistd.h>
| #endif
| 
| #include <memory.h>
configure:4053: result: no
configure:4010: checking for strings.h
configure:4031: cc -c -D_POSIX_SOURCE -D_SUSV2_SOURCE -D_RESEARCH_SOURCE -D_REENTRANT_SOURCE -D_BSD_EXTENSION -D_NET_EXTENSION -D_LIMITS_EXTENSION -D_C99_SNPRINTF_EXTENSION -D_REGEXP_EXTENSION -DHAVE_SOCK_OPTS  conftest.c >&5
configure:4037: $? = 1
configure: failed program was:
| /* confdefs.h.  */
| #define PACKAGE_NAME ""
| #define PACKAGE_TARNAME ""
| #define PACKAGE_VERSION ""
| #define PACKAGE_STRING ""
| #define PACKAGE_BUGREPORT ""
| #define PACKAGE "which"
| #define VERSION "2.20"
| #define STDC_HEADERS 1
| #define HAVE_SYS_TYPES_H 1
| #define HAVE_SYS_STAT_H 1
| #define HAVE_STDLIB_H 1
| #define HAVE_STRING_H 1
| /* end confdefs.h.  */
| #include <stdio.h>
| #ifdef HAVE_SYS_TYPES_H
| # include <sys/types.h>
| #endif
| #ifdef HAVE_SYS_STAT_H
| # include <sys/stat.h>
| #endif
| #ifdef STDC_HEADERS
| # include <stdlib.h>
| # include <stddef.h>
| #else
| # ifdef HAVE_STDLIB_H
| #  include <stdlib.h>
| # endif
| #endif
| #ifdef HAVE_STRING_H
| # if !defined STDC_HEADERS && defined HAVE_MEMORY_H
| #  include <memory.h>
| # endif
| # include <string.h>
| #endif
| #ifdef HAVE_STRINGS_H
| # include <strings.h>
| #endif
| #ifdef HAVE_INTTYPES_H
| # include <inttypes.h>
| #endif
| #ifdef HAVE_STDINT_H
| # include <stdint.h>
| #endif
| #ifdef HAVE_UNISTD_H
| # include <unistd.h>
| #endif
| 
| #include <strings.h>
configure:4053: result: no
configure:4010: checking for inttypes.h
configure:4031: cc -c -D_POSIX_SOURCE -D_SUSV2_SOURCE -D_RESEARCH_SOURCE -D_REENTRANT_SOURCE -D_BSD_EXTENSION -D_NET_EXTENSION -D_LIMITS_EXTENSION -D_C99_SNPRINTF_EXTENSION -D_REGEXP_EXTENSION -DHAVE_SOCK_OPTS  conftest.c >&5
configure:4037: $? = 0
configure:4053: result: yes
configure:4010: checking for stdint.h
configure:4031: cc -c -D_POSIX_SOURCE -D_SUSV2_SOURCE -D_RESEARCH_SOURCE -D_REENTRANT_SOURCE -D_BSD_EXTENSION -D_NET_EXTENSION -D_LIMITS_EXTENSION -D_C99_SNPRINTF_EXTENSION -D_REGEXP_EXTENSION -DHAVE_SOCK_OPTS  conftest.c >&5
configure:4037: $? = 1
configure: failed program was:
| /* confdefs.h.  */
| #define PACKAGE_NAME ""
| #define PACKAGE_TARNAME ""
| #define PACKAGE_VERSION ""
| #define PACKAGE_STRING ""
| #define PACKAGE_BUGREPORT ""
| #define PACKAGE "which"
| #define VERSION "2.20"
| #define STDC_HEADERS 1
| #define HAVE_SYS_TYPES_H 1
| #define HAVE_SYS_STAT_H 1
| #define HAVE_STDLIB_H 1
| #define HAVE_STRING_H 1
| #define HAVE_INTTYPES_H 1
| /* end confdefs.h.  */
| #include <stdio.h>
| #ifdef HAVE_SYS_TYPES_H
| # include <sys/types.h>
| #endif
| #ifdef HAVE_SYS_STAT_H
| # include <sys/stat.h>
| #endif
| #ifdef STDC_HEADERS
| # include <stdlib.h>
| # include <stddef.h>
| #else
| # ifdef HAVE_STDLIB_H
| #  include <stdlib.h>
| # endif
| #endif
| #ifdef HAVE_STRING_H
| # if !defined STDC_HEADERS && defined HAVE_MEMORY_H
| #  include <memory.h>
| # endif
| # include <string.h>
| #endif
| #ifdef HAVE_STRINGS_H
| # include <strings.h>
| #endif
| #ifdef HAVE_INTTYPES_H
| # include <inttypes.h>
| #endif
| #ifdef HAVE_STDINT_H
| # include <stdint.h>
| #endif
| #ifdef HAVE_UNISTD_H
| # include <unistd.h>
| #endif
| 
| #include <stdint.h>
configure:4053: result: no
configure:4010: checking for unistd.h
configure:4031: cc -c -D_POSIX_SOURCE -D_SUSV2_SOURCE -D_RESEARCH_SOURCE -D_REENTRANT_SOURCE -D_BSD_EXTENSION -D_NET_EXTENSION -D_LIMITS_EXTENSION -D_C99_SNPRINTF_EXTENSION -D_REGEXP_EXTENSION -DHAVE_SOCK_OPTS  conftest.c >&5
configure:4037: $? = 0
configure:4053: result: yes
configure:4075: checking minix/config.h usability
configure:4092: cc -c -D_POSIX_SOURCE -D_SUSV2_SOURCE -D_RESEARCH_SOURCE -D_REENTRANT_SOURCE -D_BSD_EXTENSION -D_NET_EXTENSION -D_LIMITS_EXTENSION -D_C99_SNPRINTF_EXTENSION -D_REGEXP_EXTENSION -DHAVE_SOCK_OPTS  conftest.c >&5
configure:4098: $? = 1
configure: failed program was:
| /* confdefs.h.  */
| #define PACKAGE_NAME ""
| #define PACKAGE_TARNAME ""
| #define PACKAGE_VERSION ""
| #define PACKAGE_STRING ""
| #define PACKAGE_BUGREPORT ""
| #define PACKAGE "which"
| #define VERSION "2.20"
| #define STDC_HEADERS 1
| #define HAVE_SYS_TYPES_H 1
| #define HAVE_SYS_STAT_H 1
| #define HAVE_STDLIB_H 1
| #define HAVE_STRING_H 1
| #define HAVE_INTTYPES_H 1
| #define HAVE_UNISTD_H 1
| /* end confdefs.h.  */
| #include <stdio.h>
| #ifdef HAVE_SYS_TYPES_H
| # include <sys/types.h>
| #endif
| #ifdef HAVE_SYS_STAT_H
| # include <sys/stat.h>
| #endif
| #ifdef STDC_HEADERS
| # include <stdlib.h>
| # include <stddef.h>
| #else
| # ifdef HAVE_STDLIB_H
| #  include <stdlib.h>
| # endif
| #endif
| #ifdef HAVE_STRING_H
| # if !defined STDC_HEADERS && defined HAVE_MEMORY_H
| #  include <memory.h>
| # endif
| # include <string.h>
| #endif
| #ifdef HAVE_STRINGS_H
| # include <strings.h>
| #endif
| #ifdef HAVE_INTTYPES_H
| # include <inttypes.h>
| #endif
| #ifdef HAVE_STDINT_H
| # include <stdint.h>
| #endif
| #ifdef HAVE_UNISTD_H
| # include <unistd.h>
| #endif
| #include <minix/config.h>
configure:4112: result: no
configure:4116: checking minix/config.h presence
configure:4131: cc -E  conftest.c
configure:4137: $? = 1
configure: failed program was:
| /* confdefs.h.  */
| #define PACKAGE_NAME ""
| #define PACKAGE_TARNAME ""
| #define PACKAGE_VERSION ""
| #define PACKAGE_STRING ""
| #define PACKAGE_BUGREPORT ""
| #define PACKAGE "which"
| #define VERSION "2.20"
| #define STDC_HEADERS 1
| #define HAVE_SYS_TYPES_H 1
| #define HAVE_SYS_STAT_H 1
| #define HAVE_STDLIB_H 1
| #define HAVE_STRING_H 1
| #define HAVE_INTTYPES_H 1
| #define HAVE_UNISTD_H 1
| /* end confdefs.h.  */
| #include <minix/config.h>
configure:4151: result: no
configure:4179: checking for minix/config.h
configure:4186: result: no
configure:4217: checking for xmalloc in libiberty.a
configure:4256: cc -o conftest -D_POSIX_SOURCE -D_SUSV2_SOURCE -D_RESEARCH_SOURCE -D_REENTRANT_SOURCE -D_BSD_EXTENSION -D_NET_EXTENSION -D_LIMITS_EXTENSION -D_C99_SNPRINTF_EXTENSION -D_REGEXP_EXTENSION -DHAVE_SOCK_OPTS   conftest.c /lib/libiberty.a   >&5
??none??: cannot open file: /lib/libiberty.a
configure:4262: $? = 1
configure: failed program was:
| /* confdefs.h.  */
| #define PACKAGE_NAME ""
| #define PACKAGE_TARNAME ""
| #define PACKAGE_VERSION ""
| #define PACKAGE_STRING ""
| #define PACKAGE_BUGREPORT ""
| #define PACKAGE "which"
| #define VERSION "2.20"
| #define STDC_HEADERS 1
| #define HAVE_SYS_TYPES_H 1
| #define HAVE_SYS_STAT_H 1
| #define HAVE_STDLIB_H 1
| #define HAVE_STRING_H 1
| #define HAVE_INTTYPES_H 1
| #define HAVE_UNISTD_H 1
| /* end confdefs.h.  */
|     /* Override any gcc2 internal prototype to avoid an error.  */
|     /* We use char because int might match the return type of a gcc2
|       builtin and then its argument prototype would still apply.  */
|   char xmalloc();
| 
| int
| main ()
| {
| xmalloc()
|   ;
|   return 0;
| }
configure:4256: cc -o conftest -D_POSIX_SOURCE -D_SUSV2_SOURCE -D_RESEARCH_SOURCE -D_REENTRANT_SOURCE -D_BSD_EXTENSION -D_NET_EXTENSION -D_LIMITS_EXTENSION -D_C99_SNPRINTF_EXTENSION -D_REGEXP_EXTENSION -DHAVE_SOCK_OPTS   conftest.c /usr/lib/libiberty.a   >&5
??none??: cannot open file: /usr/lib/libiberty.a
configure:4262: $? = 1
configure: failed program was:
| /* confdefs.h.  */
| #define PACKAGE_NAME ""
| #define PACKAGE_TARNAME ""
| #define PACKAGE_VERSION ""
| #define PACKAGE_STRING ""
| #define PACKAGE_BUGREPORT ""
| #define PACKAGE "which"
| #define VERSION "2.20"
| #define STDC_HEADERS 1
| #define HAVE_SYS_TYPES_H 1
| #define HAVE_SYS_STAT_H 1
| #define HAVE_STDLIB_H 1
| #define HAVE_STRING_H 1
| #define HAVE_INTTYPES_H 1
| #define HAVE_UNISTD_H 1
| /* end confdefs.h.  */
|     /* Override any gcc2 internal prototype to avoid an error.  */
|     /* We use char because int might match the return type of a gcc2
|       builtin and then its argument prototype would still apply.  */
|   char xmalloc();
| 
| int
| main ()
| {
| xmalloc()
|   ;
|   return 0;
| }
configure:4299: result: no
configure:4305: checking for ANSI C header files
configure:4469: result: yes
configure:4486: checking for unistd.h
configure:4492: result: yes
configure:4486: checking for string.h
configure:4492: result: yes
configure:4496: checking libiberty.h usability
configure:4513: cc -c -D_POSIX_SOURCE -D_SUSV2_SOURCE -D_RESEARCH_SOURCE -D_REENTRANT_SOURCE -D_BSD_EXTENSION -D_NET_EXTENSION -D_LIMITS_EXTENSION -D_C99_SNPRINTF_EXTENSION -D_REGEXP_EXTENSION -DHAVE_SOCK_OPTS  conftest.c >&5
configure:4519: $? = 1
configure: failed program was:
| /* confdefs.h.  */
| #define PACKAGE_NAME ""
| #define PACKAGE_TARNAME ""
| #define PACKAGE_VERSION ""
| #define PACKAGE_STRING ""
| #define PACKAGE_BUGREPORT ""
| #define PACKAGE "which"
| #define VERSION "2.20"
| #define STDC_HEADERS 1
| #define HAVE_SYS_TYPES_H 1
| #define HAVE_SYS_STAT_H 1
| #define HAVE_STDLIB_H 1
| #define HAVE_STRING_H 1
| #define HAVE_INTTYPES_H 1
| #define HAVE_UNISTD_H 1
| #define STDC_HEADERS 1
| #define HAVE_UNISTD_H 1
| #define HAVE_STRING_H 1
| /* end confdefs.h.  */
| #include <stdio.h>
| #ifdef HAVE_SYS_TYPES_H
| # include <sys/types.h>
| #endif
| #ifdef HAVE_SYS_STAT_H
| # include <sys/stat.h>
| #endif
| #ifdef STDC_HEADERS
| # include <stdlib.h>
| # include <stddef.h>
| #else
| # ifdef HAVE_STDLIB_H
| #  include <stdlib.h>
| # endif
| #endif
| #ifdef HAVE_STRING_H
| # if !defined STDC_HEADERS && defined HAVE_MEMORY_H
| #  include <memory.h>
| # endif
| # include <string.h>
| #endif
| #ifdef HAVE_STRINGS_H
| # include <strings.h>
| #endif
| #ifdef HAVE_INTTYPES_H
| # include <inttypes.h>
| #endif
| #ifdef HAVE_STDINT_H
| # include <stdint.h>
| #endif
| #ifdef HAVE_UNISTD_H
| # include <unistd.h>
| #endif
| #include <libiberty.h>
configure:4533: result: no
configure:4537: checking libiberty.h presence
configure:4552: cc -E  conftest.c
configure:4558: $? = 1
configure: failed program was:
| /* confdefs.h.  */
| #define PACKAGE_NAME ""
| #define PACKAGE_TARNAME ""
| #define PACKAGE_VERSION ""
| #define PACKAGE_STRING ""
| #define PACKAGE_BUGREPORT ""
| #define PACKAGE "which"
| #define VERSION "2.20"
| #define STDC_HEADERS 1
| #define HAVE_SYS_TYPES_H 1
| #define HAVE_SYS_STAT_H 1
| #define HAVE_STDLIB_H 1
| #define HAVE_STRING_H 1
| #define HAVE_INTTYPES_H 1
| #define HAVE_UNISTD_H 1
| #define STDC_HEADERS 1
| #define HAVE_UNISTD_H 1
| #define HAVE_STRING_H 1
| /* end confdefs.h.  */
| #include <libiberty.h>
configure:4572: result: no
configure:4600: checking for libiberty.h
configure:4608: result: no
configure:4621: checking whether stat file-mode macros are broken
configure:4658: cc -c -D_POSIX_SOURCE -D_SUSV2_SOURCE -D_RESEARCH_SOURCE -D_REENTRANT_SOURCE -D_BSD_EXTENSION -D_NET_EXTENSION -D_LIMITS_EXTENSION -D_C99_SNPRINTF_EXTENSION -D_REGEXP_EXTENSION -DHAVE_SOCK_OPTS  conftest.c >&5
configure:4664: $? = 0
configure:4679: result: no
configure:4690: checking for an ANSI C-conforming const
configure:4765: cc -c -D_POSIX_SOURCE -D_SUSV2_SOURCE -D_RESEARCH_SOURCE -D_REENTRANT_SOURCE -D_BSD_EXTENSION -D_NET_EXTENSION -D_LIMITS_EXTENSION -D_C99_SNPRINTF_EXTENSION -D_REGEXP_EXTENSION -DHAVE_SOCK_OPTS  conftest.c >&5
configure:4771: $? = 0
configure:4786: result: yes
configure:4796: checking for size_t
configure:4826: cc -c -D_POSIX_SOURCE -D_SUSV2_SOURCE -D_RESEARCH_SOURCE -D_REENTRANT_SOURCE -D_BSD_EXTENSION -D_NET_EXTENSION -D_LIMITS_EXTENSION -D_C99_SNPRINTF_EXTENSION -D_REGEXP_EXTENSION -DHAVE_SOCK_OPTS  conftest.c >&5
configure:4832: $? = 0
configure:4847: result: yes
configure:4860: checking for uid_t in sys/types.h
configure:4883: result: yes
configure:4898: checking type of array argument to getgroups
configure:4942: cc -o conftest -D_POSIX_SOURCE -D_SUSV2_SOURCE -D_RESEARCH_SOURCE -D_REENTRANT_SOURCE -D_BSD_EXTENSION -D_NET_EXTENSION -D_LIMITS_EXTENSION -D_C99_SNPRINTF_EXTENSION -D_REGEXP_EXTENSION -DHAVE_SOCK_OPTS   conftest.c  >&5
configure:4945: $? = 0
configure:4951: ./conftest
configure:4954: $? = 0
configure:4989: result: gid_t
configure:5005: checking for strchr
configure:5061: cc -o conftest -D_POSIX_SOURCE -D_SUSV2_SOURCE -D_RESEARCH_SOURCE -D_REENTRANT_SOURCE -D_BSD_EXTENSION -D_NET_EXTENSION -D_LIMITS_EXTENSION -D_C99_SNPRINTF_EXTENSION -D_REGEXP_EXTENSION -DHAVE_SOCK_OPTS   conftest.c  >&5
configure:5067: $? = 0
configure:5085: result: yes
configure:5005: checking for memcpy
configure:5061: cc -o conftest -D_POSIX_SOURCE -D_SUSV2_SOURCE -D_RESEARCH_SOURCE -D_REENTRANT_SOURCE -D_BSD_EXTENSION -D_NET_EXTENSION -D_LIMITS_EXTENSION -D_C99_SNPRINTF_EXTENSION -D_REGEXP_EXTENSION -DHAVE_SOCK_OPTS   conftest.c  >&5
configure:5067: $? = 0
configure:5085: result: yes
configure:5005: checking for getopt_long
configure:5061: cc -o conftest -D_POSIX_SOURCE -D_SUSV2_SOURCE -D_RESEARCH_SOURCE -D_REENTRANT_SOURCE -D_BSD_EXTENSION -D_NET_EXTENSION -D_LIMITS_EXTENSION -D_C99_SNPRINTF_EXTENSION -D_REGEXP_EXTENSION -DHAVE_SOCK_OPTS   conftest.c  >&5
main: undefined: getopt_long
configure:5067: $? = 1
configure: failed program was:
| /* confdefs.h.  */
| #define PACKAGE_NAME ""
| #define PACKAGE_TARNAME ""
| #define PACKAGE_VERSION ""
| #define PACKAGE_STRING ""
| #define PACKAGE_BUGREPORT ""
| #define PACKAGE "which"
| #define VERSION "2.20"
| #define STDC_HEADERS 1
| #define HAVE_SYS_TYPES_H 1
| #define HAVE_SYS_STAT_H 1
| #define HAVE_STDLIB_H 1
| #define HAVE_STRING_H 1
| #define HAVE_INTTYPES_H 1
| #define HAVE_UNISTD_H 1
| #define STDC_HEADERS 1
| #define HAVE_UNISTD_H 1
| #define HAVE_STRING_H 1
| #define GETGROUPS_T gid_t
| #define HAVE_STRCHR 1
| #define HAVE_MEMCPY 1
| /* end confdefs.h.  */
| /* Define getopt_long to an innocuous variant, in case <limits.h> declares getopt_long.
|    For example, HP-UX 11i <limits.h> declares gettimeofday.  */
| #define getopt_long innocuous_getopt_long
| 
| /* System header to define __stub macros and hopefully few prototypes,
|     which can conflict with char getopt_long (); below.
|     Prefer <limits.h> to <assert.h> if __STDC__ is defined, since
|     <limits.h> exists even on freestanding compilers.  */
| 
| #ifdef __STDC__
| # include <limits.h>
| #else
| # include <assert.h>
| #endif
| 
| #undef getopt_long
| 
| /* Override any GCC internal prototype to avoid an error.
|    Use char because int might match the return type of a GCC
|    builtin and then its argument prototype would still apply.  */
| #ifdef __cplusplus
| extern "C"
| #endif
| char getopt_long ();
| /* The GNU C library defines this for functions which it implements
|     to always fail with ENOSYS.  Some functions are actually named
|     something starting with __ and the normal name is an alias.  */
| #if defined __stub_getopt_long || defined __stub___getopt_long
| choke me
| #endif
| 
| int
| main ()
| {
| return getopt_long ();
|   ;
|   return 0;
| }
configure:5085: result: no
configure:5005: checking for getcwd
configure:5061: cc -o conftest -D_POSIX_SOURCE -D_SUSV2_SOURCE -D_RESEARCH_SOURCE -D_REENTRANT_SOURCE -D_BSD_EXTENSION -D_NET_EXTENSION -D_LIMITS_EXTENSION -D_C99_SNPRINTF_EXTENSION -D_REGEXP_EXTENSION -DHAVE_SOCK_OPTS   conftest.c  >&5
configure:5067: $? = 0
configure:5085: result: yes
configure:5005: checking for getwd
configure:5061: cc -o conftest -D_POSIX_SOURCE -D_SUSV2_SOURCE -D_RESEARCH_SOURCE -D_REENTRANT_SOURCE -D_BSD_EXTENSION -D_NET_EXTENSION -D_LIMITS_EXTENSION -D_C99_SNPRINTF_EXTENSION -D_REGEXP_EXTENSION -DHAVE_SOCK_OPTS   conftest.c  >&5
main: undefined: getwd
configure:5067: $? = 1
configure: failed program was:
| /* confdefs.h.  */
| #define PACKAGE_NAME ""
| #define PACKAGE_TARNAME ""
| #define PACKAGE_VERSION ""
| #define PACKAGE_STRING ""
| #define PACKAGE_BUGREPORT ""
| #define PACKAGE "which"
| #define VERSION "2.20"
| #define STDC_HEADERS 1
| #define HAVE_SYS_TYPES_H 1
| #define HAVE_SYS_STAT_H 1
| #define HAVE_STDLIB_H 1
| #define HAVE_STRING_H 1
| #define HAVE_INTTYPES_H 1
| #define HAVE_UNISTD_H 1
| #define STDC_HEADERS 1
| #define HAVE_UNISTD_H 1
| #define HAVE_STRING_H 1
| #define GETGROUPS_T gid_t
| #define HAVE_STRCHR 1
| #define HAVE_MEMCPY 1
| #define HAVE_GETCWD 1
| /* end confdefs.h.  */
| /* Define getwd to an innocuous variant, in case <limits.h> declares getwd.
|    For example, HP-UX 11i <limits.h> declares gettimeofday.  */
| #define getwd innocuous_getwd
| 
| /* System header to define __stub macros and hopefully few prototypes,
|     which can conflict with char getwd (); below.
|     Prefer <limits.h> to <assert.h> if __STDC__ is defined, since
|     <limits.h> exists even on freestanding compilers.  */
| 
| #ifdef __STDC__
| # include <limits.h>
| #else
| # include <assert.h>
| #endif
| 
| #undef getwd
| 
| /* Override any GCC internal prototype to avoid an error.
|    Use char because int might match the return type of a GCC
|    builtin and then its argument prototype would still apply.  */
| #ifdef __cplusplus
| extern "C"
| #endif
| char getwd ();
| /* The GNU C library defines this for functions which it implements
|     to always fail with ENOSYS.  Some functions are actually named
|     something starting with __ and the normal name is an alias.  */
| #if defined __stub_getwd || defined __stub___getwd
| choke me
| #endif
| 
| int
| main ()
| {
| return getwd ();
|   ;
|   return 0;
| }
configure:5085: result: no
configure:5107: checking for ar
configure:5123: found /bin/ar
configure:5135: result: ar
configure:5186: checking for ranlib
configure:5202: found /bin/ranlib
configure:5213: result: ranlib
configure:5247: checking for stdlib.h
configure:5253: result: yes
configure:5247: checking for memory.h
configure:5253: result: no
configure:5257: checking pwd.h usability
configure:5274: cc -c -D_POSIX_SOURCE -D_SUSV2_SOURCE -D_RESEARCH_SOURCE -D_REENTRANT_SOURCE -D_BSD_EXTENSION -D_NET_EXTENSION -D_LIMITS_EXTENSION -D_C99_SNPRINTF_EXTENSION -D_REGEXP_EXTENSION -DHAVE_SOCK_OPTS  conftest.c >&5
configure:5280: $? = 0
configure:5294: result: yes
configure:5298: checking pwd.h presence
configure:5313: cc -E  conftest.c
configure:5319: $? = 0
configure:5333: result: yes
configure:5361: checking for pwd.h
configure:5369: result: yes
configure:5247: checking for strings.h
configure:5253: result: no
configure:5388: checking for getpwent
configure:5444: cc -o conftest -D_POSIX_SOURCE -D_SUSV2_SOURCE -D_RESEARCH_SOURCE -D_REENTRANT_SOURCE -D_BSD_EXTENSION -D_NET_EXTENSION -D_LIMITS_EXTENSION -D_C99_SNPRINTF_EXTENSION -D_REGEXP_EXTENSION -DHAVE_SOCK_OPTS   conftest.c  >&5
configure:5450: $? = 0
configure:5468: result: yes
configure:5388: checking for getpwnam
configure:5444: cc -o conftest -D_POSIX_SOURCE -D_SUSV2_SOURCE -D_RESEARCH_SOURCE -D_REENTRANT_SOURCE -D_BSD_EXTENSION -D_NET_EXTENSION -D_LIMITS_EXTENSION -D_C99_SNPRINTF_EXTENSION -D_REGEXP_EXTENSION -DHAVE_SOCK_OPTS   conftest.c  >&5
configure:5450: $? = 0
configure:5468: result: yes
configure:5388: checking for getpwuid
configure:5444: cc -o conftest -D_POSIX_SOURCE -D_SUSV2_SOURCE -D_RESEARCH_SOURCE -D_REENTRANT_SOURCE -D_BSD_EXTENSION -D_NET_EXTENSION -D_LIMITS_EXTENSION -D_C99_SNPRINTF_EXTENSION -D_REGEXP_EXTENSION -DHAVE_SOCK_OPTS   conftest.c  >&5
configure:5450: $? = 0
configure:5468: result: yes
configure:5478: checking whether programs are able to redeclare getpw functions
configure:5508: cc -c -D_POSIX_SOURCE -D_SUSV2_SOURCE -D_RESEARCH_SOURCE -D_REENTRANT_SOURCE -D_BSD_EXTENSION -D_NET_EXTENSION -D_LIMITS_EXTENSION -D_C99_SNPRINTF_EXTENSION -D_REGEXP_EXTENSION -DHAVE_SOCK_OPTS  conftest.c >&5
configure:5514: $? = 0
configure:5530: result: yes
configure:5664: creating ./config.status

## ---------------------- ##
## Running config.status. ##
## ---------------------- ##

This file was extended by config.status, which was
generated by GNU Autoconf 2.61.  Invocation command line was

  CONFIG_FILES    = 
  CONFIG_HEADERS  = 
  CONFIG_LINKS    = 
  CONFIG_COMMANDS = 
  $ ./config.status 

on cirno

config.status:643: creating Makefile
config.status:643: creating maintMakefile
config.status:643: creating tilde/Makefile
config.status:643: creating config.h
config.status:926: executing depfiles commands

## ---------------- ##
## Cache variables. ##
## ---------------- ##

ac_cv_c_compiler_gnu=no
ac_cv_c_const=yes
ac_cv_env_CC_set=
ac_cv_env_CC_value=
ac_cv_env_CFLAGS_set=set
ac_cv_env_CFLAGS_value='-D_POSIX_SOURCE -D_SUSV2_SOURCE -D_RESEARCH_SOURCE -D_REENTRANT_SOURCE -D_BSD_EXTENSION -D_NET_EXTENSION -D_LIMITS_EXTENSION -D_C99_SNPRINTF_EXTENSION -D_REGEXP_EXTENSION -DHAVE_SOCK_OPTS'
ac_cv_env_CPPFLAGS_set=
ac_cv_env_CPPFLAGS_value=
ac_cv_env_CPP_set=
ac_cv_env_CPP_value=
ac_cv_env_LDFLAGS_set=
ac_cv_env_LDFLAGS_value=
ac_cv_env_LIBS_set=
ac_cv_env_LIBS_value=
ac_cv_env_build_alias_set=
ac_cv_env_build_alias_value=
ac_cv_env_host_alias_set=
ac_cv_env_host_alias_value=
ac_cv_env_target_alias_set=
ac_cv_env_target_alias_value=
ac_cv_func_getcwd=yes
ac_cv_func_getopt_long=no
ac_cv_func_getpwent=yes
ac_cv_func_getpwnam=yes
ac_cv_func_getpwuid=yes
ac_cv_func_getwd=no
ac_cv_func_memcpy=yes
ac_cv_func_strchr=yes
ac_cv_header_inttypes_h=yes
ac_cv_header_libiberty_h=no
ac_cv_header_memory_h=no
ac_cv_header_minix_config_h=no
ac_cv_header_pwd_h=yes
ac_cv_header_stat_broken=no
ac_cv_header_stdc=yes
ac_cv_header_stdint_h=no
ac_cv_header_stdlib_h=yes
ac_cv_header_string_h=yes
ac_cv_header_strings_h=no
ac_cv_header_sys_stat_h=yes
ac_cv_header_sys_types_h=yes
ac_cv_header_unistd_h=yes
ac_cv_lib_static_libiberty_a_xmalloc=no
ac_cv_objext=o
ac_cv_path_EGREP=/bin/egrep
ac_cv_path_GREP=grep
ac_cv_path_install='/bin/install -c'
ac_cv_prog_AR=ar
ac_cv_prog_AWK=gawk
ac_cv_prog_CC=cc
ac_cv_prog_CPP='cc -E'
ac_cv_prog_ac_ct_RANLIB=ranlib
ac_cv_prog_cc_c89=
ac_cv_prog_cc_g=yes
ac_cv_prog_make_make_set=yes
ac_cv_type_getgroups=gid_t
ac_cv_type_size_t=yes
ac_cv_type_uid_t=yes
am_cv_CC_dependencies_compiler_type=none
bash_cv_can_redecl_getpw=yes
which_cv_iberty=yes

## ----------------- ##
## Output variables. ##
## ----------------- ##

ACLOCAL='${SHELL} /usr/jens/dvl/which-2.20/missing --run aclocal-1.10'
ACLOCAL_CWFLAGS='-I /usr/share/cwautomacros/m4'
AMDEPBACKSLASH='\'
AMDEP_FALSE='#'
AMDEP_TRUE=''
AMTAR='${SHELL} /usr/jens/dvl/which-2.20/missing --run tar'
AR='ar'
AUTOCONF='${SHELL} /usr/jens/dvl/which-2.20/missing --run autoconf'
AUTOHEADER='${SHELL} /usr/jens/dvl/which-2.20/missing --run autoheader'
AUTOMAKE='${SHELL} /usr/jens/dvl/which-2.20/missing --run automake-1.10'
AWK='gawk'
CC='cc'
CCDEPMODE='depmode=none'
CFLAGS='-D_POSIX_SOURCE -D_SUSV2_SOURCE -D_RESEARCH_SOURCE -D_REENTRANT_SOURCE -D_BSD_EXTENSION -D_NET_EXTENSION -D_LIMITS_EXTENSION -D_C99_SNPRINTF_EXTENSION -D_REGEXP_EXTENSION -DHAVE_SOCK_OPTS'
CPP='cc -E'
CPPFLAGS=''
CYGPATH_W='echo'
DEFS='-DHAVE_CONFIG_H'
DEPDIR='.deps'
ECHO_C=''
ECHO_N='-n'
ECHO_T=''
EGREP='/bin/egrep'
EXEEXT=''
GREP='grep'
INSTALL_DATA='${INSTALL} -m 644'
INSTALL_PROGRAM='${INSTALL}'
INSTALL_SCRIPT='${INSTALL}'
INSTALL_STRIP_PROGRAM='$(install_sh) -c -s'
LDFLAGS=''
LIBOBJS=''
LIBS=''
LTLIBOBJS=''
MAINT='#'
MAINTAINER_MODE_FALSE=''
MAINTAINER_MODE_TRUE='#'
MAKEINFO='${SHELL} /usr/jens/dvl/which-2.20/missing --run makeinfo'
OBJEXT='o'
PACKAGE='which'
PACKAGE_BUGREPORT=''
PACKAGE_NAME=''
PACKAGE_STRING=''
PACKAGE_TARNAME=''
PACKAGE_VERSION=''
PATH_SEPARATOR=':'
RANLIB='ranlib'
SET_MAKE=''
SHELL='/bin/sh'
STRIP=''
VERSION='2.20'
ac_ct_CC=''
am__fastdepCC_FALSE=''
am__fastdepCC_TRUE='#'
am__include='include'
am__isrc=''
am__leading_dot='.'
am__quote=''
am__tar='${AMTAR} chof - "$$tardir"'
am__untar='${AMTAR} xf -'
bindir='${exec_prefix}/bin'
build_alias=''
datadir='${datarootdir}'
datarootdir='${prefix}/share'
docdir='${datarootdir}/doc/${PACKAGE}'
dvidir='${docdir}'
exec_prefix='/386'
host_alias=''
htmldir='${docdir}'
includedir='/sys/include/ape'
infodir='${datarootdir}/info'
install_sh='$(SHELL) /usr/jens/dvl/which-2.20/install-sh'
libdir='/386/lib/ape'
libexecdir='${exec_prefix}/libexec'
localedir='${datarootdir}/locale'
localstatedir='${prefix}/var'
mandir='${datarootdir}/man'
mkdir_p='$(top_builddir)/./install-sh -c -d'
oldincludedir='/usr/include'
pdfdir='${docdir}'
prefix='/sys'
program_transform_name='s,x,x,'
psdir='${docdir}'
sbindir='${exec_prefix}/sbin'
sharedstatedir='${prefix}/com'
sysconfdir='${prefix}/etc'
target_alias=''

## ----------- ##
## confdefs.h. ##
## ----------- ##

#define PACKAGE_NAME ""
#define PACKAGE_TARNAME ""
#define PACKAGE_VERSION ""
#define PACKAGE_STRING ""
#define PACKAGE_BUGREPORT ""
#define PACKAGE "which"
#define VERSION "2.20"
#define STDC_HEADERS 1
#define HAVE_SYS_TYPES_H 1
#define HAVE_SYS_STAT_H 1
#define HAVE_STDLIB_H 1
#define HAVE_STRING_H 1
#define HAVE_INTTYPES_H 1
#define HAVE_UNISTD_H 1
#define STDC_HEADERS 1
#define HAVE_UNISTD_H 1
#define HAVE_STRING_H 1
#define GETGROUPS_T gid_t
#define HAVE_STRCHR 1
#define HAVE_MEMCPY 1
#define HAVE_GETCWD 1
#define NEED_XMALLOC 1
#define HAVE_STDLIB_H 1
#define HAVE_PWD_H 1
#define HAVE_GETPWENT 1
#define HAVE_GETPWNAM 1
#define HAVE_GETPWUID 1

configure: exit 0
