This file contains any messages produced by compilers while
running configure, to aid debugging if configure makes a mistake.

It was created by onig configure 5.9.3, which was
generated by GNU Autoconf 2.65.  Invocation command line was

  $ ./configure --prefix=/sys --exec-prefix=/386 --disable-shared --enable-static --includedir=/sys/include/ape --libdir=/386/lib/ape

## --------- ##
## Platform. ##
## --------- ##

hostname = cirno
uname -m = i386
uname -r = 4
uname -s = Plan9
uname -v = 0

/usr/bin/uname -p = unknown
/bin/uname -X     = unknown

/bin/arch              = unknown
/usr/bin/arch -k       = unknown
/usr/convex/getsysinfo = unknown
/usr/bin/hostinfo      = unknown
/bin/machine           = unknown
/usr/bin/oslevel       = unknown
/bin/universe          = unknown

PATH: /bin
PATH: .


## ----------- ##
## Core tests. ##
## ----------- ##

configure:2525: checking for a BSD-compatible install
configure:2593: result: ./install-sh -c
configure:2604: checking whether build environment is sane
configure:2654: result: yes
configure:2795: checking for a thread-safe mkdir -p
configure:2834: result: ./install-sh -c -d
configure:2847: checking for gawk
configure:2863: found /bin/gawk
configure:2874: result: gawk
configure:2885: checking whether make sets $(MAKE)
configure:2907: result: yes
configure:3080: checking for gcc
configure:3110: result: no
configure:3173: checking for cc
configure:3194: found /bin/cc
configure:3217: result: cc
configure:3336: checking for C compiler version
configure:3345: cc --version >&5
cc: flag -- ignored
cc: flag -e ignored
cc: flag -r ignored
cc: flag -i ignored
cc: no files to compile or load
configure:3356: $? = 1
configure:3345: cc -v >&5
cc: no files to compile or load
configure:3356: $? = 1
configure:3345: cc -V >&5
cc: flag -V ignored
cc: no files to compile or load
configure:3356: $? = 1
configure:3345: cc -qversion >&5
cc: flag -q ignored
cc: flag -e ignored
cc: flag -r ignored
cc: flag -i ignored
cc: no files to compile or load
configure:3356: $? = 1
configure:3376: checking whether the C compiler works
configure:3398: cc -D_POSIX_SOURCE -D_SUSV2_SOURCE -D_BSD_EXTENSION -D_REGEXP_EXTENSION -D_LIMITS_EXTENSION -D_C99_SNPRINTF_EXTENSION   conftest.c  >&5
configure:3402: $? = 0
configure:3451: result: yes
configure:3454: checking for C compiler default output file name
configure:3456: result: a.out
configure:3462: checking for suffix of executables
configure:3469: cc -o conftest -D_POSIX_SOURCE -D_SUSV2_SOURCE -D_BSD_EXTENSION -D_REGEXP_EXTENSION -D_LIMITS_EXTENSION -D_C99_SNPRINTF_EXTENSION   conftest.c  >&5
configure:3473: $? = 0
configure:3495: result: 
configure:3517: checking whether we are cross compiling
configure:3525: cc -o conftest -D_POSIX_SOURCE -D_SUSV2_SOURCE -D_BSD_EXTENSION -D_REGEXP_EXTENSION -D_LIMITS_EXTENSION -D_C99_SNPRINTF_EXTENSION   conftest.c  >&5
configure:3529: $? = 0
configure:3536: ./conftest
configure:3540: $? = 0
configure:3555: result: no
configure:3560: checking for suffix of object files
configure:3582: cc -c -D_POSIX_SOURCE -D_SUSV2_SOURCE -D_BSD_EXTENSION -D_REGEXP_EXTENSION -D_LIMITS_EXTENSION -D_C99_SNPRINTF_EXTENSION  conftest.c >&5
configure:3586: $? = 0
configure:3607: result: o
configure:3611: checking whether we are using the GNU C compiler
configure:3630: cc -c -D_POSIX_SOURCE -D_SUSV2_SOURCE -D_BSD_EXTENSION -D_REGEXP_EXTENSION -D_LIMITS_EXTENSION -D_C99_SNPRINTF_EXTENSION  conftest.c >&5
/usr/jens/dvl/onig-5.9.3/conftest.c:16[stdin:17] syntax error, last name: me
configure:3630: $? = 1
configure: failed program was:
| /* confdefs.h */
| #define PACKAGE_NAME "onig"
| #define PACKAGE_TARNAME "onig"
| #define PACKAGE_VERSION "5.9.3"
| #define PACKAGE_STRING "onig 5.9.3"
| #define PACKAGE_BUGREPORT ""
| #define PACKAGE_URL ""
| #define PACKAGE "onig"
| #define VERSION "5.9.3"
| /* end confdefs.h.  */
| 
| int
| main ()
| {
| #ifndef __GNUC__
|        choke me
| #endif
| 
|   ;
|   return 0;
| }
configure:3639: result: no
configure:3648: checking whether cc accepts -g
configure:3668: cc -c -g  conftest.c >&5
configure:3668: $? = 0
configure:3709: result: yes
configure:3726: checking for cc option to accept ISO C89
configure:3790: cc  -c -D_POSIX_SOURCE -D_SUSV2_SOURCE -D_BSD_EXTENSION -D_REGEXP_EXTENSION -D_LIMITS_EXTENSION -D_C99_SNPRINTF_EXTENSION  conftest.c >&5
configure:3790: $? = 0
configure:3803: result: none needed
configure:3834: checking for style of include used by make
configure:3862: result: GNU
configure:3887: checking dependency style of cc
configure:3997: result: none
configure:4041: checking build system type
configure:4055: result: i386-unknown-plan9
configure:4075: checking host system type
configure:4088: result: i386-unknown-plan9
configure:4108: checking for a sed that does not truncate output
configure:4172: result: /bin/gsed
configure:4190: checking for grep that handles long lines and -e
configure:4248: result: grep
configure:4253: checking for egrep
configure:4315: result: /bin/egrep
configure:4320: checking for fgrep
configure:4382: result: /bin/fgrep
configure:4450: checking for non-GNU ld
configure:4484: result: /bin/ld
configure:4491: checking if the linker (/bin/ld) is GNU ld
configure:4506: result: no
configure:4518: checking for BSD- or MS-compatible name lister (nm)
configure:4567: result: /bin/nm
configure:4685: checking the name lister (/bin/nm) interface
configure:4692: cc -c -D_POSIX_SOURCE -D_SUSV2_SOURCE -D_BSD_EXTENSION -D_REGEXP_EXTENSION -D_LIMITS_EXTENSION -D_C99_SNPRINTF_EXTENSION  conftest.c >&5
configure:4695: /bin/nm "conftest.o"
configure:4698: output
 D some_variable
configure:4705: result: BSD nm
configure:4708: checking whether ln -s works
configure:4715: result: no, using cp
configure:4720: checking the maximum length of command line arguments
configure:4840: result: 512
configure:4857: checking whether the shell understands some XSI constructs
configure:4867: result: yes
configure:4871: checking whether the shell understands "+="
configure:4877: result: no
configure:4912: checking for /bin/ld option to reload object files
configure:4919: result: -r
configure:4988: checking for objdump
configure:5018: result: no
configure:5047: checking how to recognize dependent libraries
configure:5243: result: unknown
configure:5303: checking for ar
configure:5319: found /bin/ar
configure:5330: result: ar
configure:5408: checking for strip
configure:5424: found /bin/strip
configure:5435: result: strip
configure:5507: checking for ranlib
configure:5523: found /bin/ranlib
configure:5534: result: ranlib
configure:5624: checking command to parse /bin/nm output from cc object
configure:5742: cc -c -D_POSIX_SOURCE -D_SUSV2_SOURCE -D_BSD_EXTENSION -D_REGEXP_EXTENSION -D_LIMITS_EXTENSION -D_C99_SNPRINTF_EXTENSION  conftest.c >&5
configure:5745: $? = 0
configure:5749: /bin/nm conftest.o \| sed -n -e 's/^.*[	 ]\([BCDEGRST][BCDEGRST]*\)[	 ][	 ]*\([_A-Za-z][_A-Za-z0-9]*\)$/\1 \2 \2/p' \> conftest.nm
configure:5752: $? = 0
configure:5806: cc -o conftest -D_POSIX_SOURCE -D_SUSV2_SOURCE -D_BSD_EXTENSION -D_REGEXP_EXTENSION -D_LIMITS_EXTENSION -D_C99_SNPRINTF_EXTENSION   conftest.c conftstm.o >&5
configure:5809: $? = 0
configure:5847: result: ok
configure:6656: checking how to run the C preprocessor
configure:6687: cc -E  conftest.c
configure:6687: $? = 0
configure:6701: cc -E  conftest.c
configure:6701: $? = 1
configure: failed program was:
| /* confdefs.h */
| #define PACKAGE_NAME "onig"
| #define PACKAGE_TARNAME "onig"
| #define PACKAGE_VERSION "5.9.3"
| #define PACKAGE_STRING "onig 5.9.3"
| #define PACKAGE_BUGREPORT ""
| #define PACKAGE_URL ""
| #define PACKAGE "onig"
| #define VERSION "5.9.3"
| /* end confdefs.h.  */
| #include <ac_nonexistent.h>
configure:6726: result: cc -E
configure:6746: cc -E  conftest.c
configure:6746: $? = 0
configure:6760: cc -E  conftest.c
configure:6760: $? = 1
configure: failed program was:
| /* confdefs.h */
| #define PACKAGE_NAME "onig"
| #define PACKAGE_TARNAME "onig"
| #define PACKAGE_VERSION "5.9.3"
| #define PACKAGE_STRING "onig 5.9.3"
| #define PACKAGE_BUGREPORT ""
| #define PACKAGE_URL ""
| #define PACKAGE "onig"
| #define VERSION "5.9.3"
| /* end confdefs.h.  */
| #include <ac_nonexistent.h>
configure:6789: checking for ANSI C header files
configure:6809: cc -c -D_POSIX_SOURCE -D_SUSV2_SOURCE -D_BSD_EXTENSION -D_REGEXP_EXTENSION -D_LIMITS_EXTENSION -D_C99_SNPRINTF_EXTENSION  conftest.c >&5
configure:6809: $? = 0
configure:6882: cc -o conftest -D_POSIX_SOURCE -D_SUSV2_SOURCE -D_BSD_EXTENSION -D_REGEXP_EXTENSION -D_LIMITS_EXTENSION -D_C99_SNPRINTF_EXTENSION   conftest.c  >&5
configure:6882: $? = 0
configure:6882: ./conftest
configure:6882: $? = 0
configure:6893: result: yes
configure:6906: checking for sys/types.h
configure:6906: cc -c -D_POSIX_SOURCE -D_SUSV2_SOURCE -D_BSD_EXTENSION -D_REGEXP_EXTENSION -D_LIMITS_EXTENSION -D_C99_SNPRINTF_EXTENSION  conftest.c >&5
configure:6906: $? = 0
configure:6906: result: yes
configure:6906: checking for sys/stat.h
configure:6906: cc -c -D_POSIX_SOURCE -D_SUSV2_SOURCE -D_BSD_EXTENSION -D_REGEXP_EXTENSION -D_LIMITS_EXTENSION -D_C99_SNPRINTF_EXTENSION  conftest.c >&5
configure:6906: $? = 0
configure:6906: result: yes
configure:6906: checking for stdlib.h
configure:6906: cc -c -D_POSIX_SOURCE -D_SUSV2_SOURCE -D_BSD_EXTENSION -D_REGEXP_EXTENSION -D_LIMITS_EXTENSION -D_C99_SNPRINTF_EXTENSION  conftest.c >&5
configure:6906: $? = 0
configure:6906: result: yes
configure:6906: checking for string.h
configure:6906: cc -c -D_POSIX_SOURCE -D_SUSV2_SOURCE -D_BSD_EXTENSION -D_REGEXP_EXTENSION -D_LIMITS_EXTENSION -D_C99_SNPRINTF_EXTENSION  conftest.c >&5
configure:6906: $? = 0
configure:6906: result: yes
configure:6906: checking for memory.h
configure:6906: cc -c -D_POSIX_SOURCE -D_SUSV2_SOURCE -D_BSD_EXTENSION -D_REGEXP_EXTENSION -D_LIMITS_EXTENSION -D_C99_SNPRINTF_EXTENSION  conftest.c >&5
configure:6906: $? = 1
configure: failed program was:
| /* confdefs.h */
| #define PACKAGE_NAME "onig"
| #define PACKAGE_TARNAME "onig"
| #define PACKAGE_VERSION "5.9.3"
| #define PACKAGE_STRING "onig 5.9.3"
| #define PACKAGE_BUGREPORT ""
| #define PACKAGE_URL ""
| #define PACKAGE "onig"
| #define VERSION "5.9.3"
| #define STDC_HEADERS 1
| #define HAVE_SYS_TYPES_H 1
| #define HAVE_SYS_STAT_H 1
| #define HAVE_STDLIB_H 1
| #define HAVE_STRING_H 1
| /* end confdefs.h.  */
| #include <stdio.h>
| #ifdef HAVE_SYS_TYPES_H
| # include <sys/types.h>
| #endif
| #ifdef HAVE_SYS_STAT_H
| # include <sys/stat.h>
| #endif
| #ifdef STDC_HEADERS
| # include <stdlib.h>
| # include <stddef.h>
| #else
| # ifdef HAVE_STDLIB_H
| #  include <stdlib.h>
| # endif
| #endif
| #ifdef HAVE_STRING_H
| # if !defined STDC_HEADERS && defined HAVE_MEMORY_H
| #  include <memory.h>
| # endif
| # include <string.h>
| #endif
| #ifdef HAVE_STRINGS_H
| # include <strings.h>
| #endif
| #ifdef HAVE_INTTYPES_H
| # include <inttypes.h>
| #endif
| #ifdef HAVE_STDINT_H
| # include <stdint.h>
| #endif
| #ifdef HAVE_UNISTD_H
| # include <unistd.h>
| #endif
| 
| #include <memory.h>
configure:6906: result: no
configure:6906: checking for strings.h
configure:6906: cc -c -D_POSIX_SOURCE -D_SUSV2_SOURCE -D_BSD_EXTENSION -D_REGEXP_EXTENSION -D_LIMITS_EXTENSION -D_C99_SNPRINTF_EXTENSION  conftest.c >&5
configure:6906: $? = 1
configure: failed program was:
| /* confdefs.h */
| #define PACKAGE_NAME "onig"
| #define PACKAGE_TARNAME "onig"
| #define PACKAGE_VERSION "5.9.3"
| #define PACKAGE_STRING "onig 5.9.3"
| #define PACKAGE_BUGREPORT ""
| #define PACKAGE_URL ""
| #define PACKAGE "onig"
| #define VERSION "5.9.3"
| #define STDC_HEADERS 1
| #define HAVE_SYS_TYPES_H 1
| #define HAVE_SYS_STAT_H 1
| #define HAVE_STDLIB_H 1
| #define HAVE_STRING_H 1
| /* end confdefs.h.  */
| #include <stdio.h>
| #ifdef HAVE_SYS_TYPES_H
| # include <sys/types.h>
| #endif
| #ifdef HAVE_SYS_STAT_H
| # include <sys/stat.h>
| #endif
| #ifdef STDC_HEADERS
| # include <stdlib.h>
| # include <stddef.h>
| #else
| # ifdef HAVE_STDLIB_H
| #  include <stdlib.h>
| # endif
| #endif
| #ifdef HAVE_STRING_H
| # if !defined STDC_HEADERS && defined HAVE_MEMORY_H
| #  include <memory.h>
| # endif
| # include <string.h>
| #endif
| #ifdef HAVE_STRINGS_H
| # include <strings.h>
| #endif
| #ifdef HAVE_INTTYPES_H
| # include <inttypes.h>
| #endif
| #ifdef HAVE_STDINT_H
| # include <stdint.h>
| #endif
| #ifdef HAVE_UNISTD_H
| # include <unistd.h>
| #endif
| 
| #include <strings.h>
configure:6906: result: no
configure:6906: checking for inttypes.h
configure:6906: cc -c -D_POSIX_SOURCE -D_SUSV2_SOURCE -D_BSD_EXTENSION -D_REGEXP_EXTENSION -D_LIMITS_EXTENSION -D_C99_SNPRINTF_EXTENSION  conftest.c >&5
configure:6906: $? = 0
configure:6906: result: yes
configure:6906: checking for stdint.h
configure:6906: cc -c -D_POSIX_SOURCE -D_SUSV2_SOURCE -D_BSD_EXTENSION -D_REGEXP_EXTENSION -D_LIMITS_EXTENSION -D_C99_SNPRINTF_EXTENSION  conftest.c >&5
configure:6906: $? = 1
configure: failed program was:
| /* confdefs.h */
| #define PACKAGE_NAME "onig"
| #define PACKAGE_TARNAME "onig"
| #define PACKAGE_VERSION "5.9.3"
| #define PACKAGE_STRING "onig 5.9.3"
| #define PACKAGE_BUGREPORT ""
| #define PACKAGE_URL ""
| #define PACKAGE "onig"
| #define VERSION "5.9.3"
| #define STDC_HEADERS 1
| #define HAVE_SYS_TYPES_H 1
| #define HAVE_SYS_STAT_H 1
| #define HAVE_STDLIB_H 1
| #define HAVE_STRING_H 1
| #define HAVE_INTTYPES_H 1
| /* end confdefs.h.  */
| #include <stdio.h>
| #ifdef HAVE_SYS_TYPES_H
| # include <sys/types.h>
| #endif
| #ifdef HAVE_SYS_STAT_H
| # include <sys/stat.h>
| #endif
| #ifdef STDC_HEADERS
| # include <stdlib.h>
| # include <stddef.h>
| #else
| # ifdef HAVE_STDLIB_H
| #  include <stdlib.h>
| # endif
| #endif
| #ifdef HAVE_STRING_H
| # if !defined STDC_HEADERS && defined HAVE_MEMORY_H
| #  include <memory.h>
| # endif
| # include <string.h>
| #endif
| #ifdef HAVE_STRINGS_H
| # include <strings.h>
| #endif
| #ifdef HAVE_INTTYPES_H
| # include <inttypes.h>
| #endif
| #ifdef HAVE_STDINT_H
| # include <stdint.h>
| #endif
| #ifdef HAVE_UNISTD_H
| # include <unistd.h>
| #endif
| 
| #include <stdint.h>
configure:6906: result: no
configure:6906: checking for unistd.h
configure:6906: cc -c -D_POSIX_SOURCE -D_SUSV2_SOURCE -D_BSD_EXTENSION -D_REGEXP_EXTENSION -D_LIMITS_EXTENSION -D_C99_SNPRINTF_EXTENSION  conftest.c >&5
configure:6906: $? = 0
configure:6906: result: yes
configure:6921: checking for dlfcn.h
configure:6921: cc -c -D_POSIX_SOURCE -D_SUSV2_SOURCE -D_BSD_EXTENSION -D_REGEXP_EXTENSION -D_LIMITS_EXTENSION -D_C99_SNPRINTF_EXTENSION  conftest.c >&5
configure:6921: $? = 1
configure: failed program was:
| /* confdefs.h */
| #define PACKAGE_NAME "onig"
| #define PACKAGE_TARNAME "onig"
| #define PACKAGE_VERSION "5.9.3"
| #define PACKAGE_STRING "onig 5.9.3"
| #define PACKAGE_BUGREPORT ""
| #define PACKAGE_URL ""
| #define PACKAGE "onig"
| #define VERSION "5.9.3"
| #define STDC_HEADERS 1
| #define HAVE_SYS_TYPES_H 1
| #define HAVE_SYS_STAT_H 1
| #define HAVE_STDLIB_H 1
| #define HAVE_STRING_H 1
| #define HAVE_INTTYPES_H 1
| #define HAVE_UNISTD_H 1
| /* end confdefs.h.  */
| #include <stdio.h>
| #ifdef HAVE_SYS_TYPES_H
| # include <sys/types.h>
| #endif
| #ifdef HAVE_SYS_STAT_H
| # include <sys/stat.h>
| #endif
| #ifdef STDC_HEADERS
| # include <stdlib.h>
| # include <stddef.h>
| #else
| # ifdef HAVE_STDLIB_H
| #  include <stdlib.h>
| # endif
| #endif
| #ifdef HAVE_STRING_H
| # if !defined STDC_HEADERS && defined HAVE_MEMORY_H
| #  include <memory.h>
| # endif
| # include <string.h>
| #endif
| #ifdef HAVE_STRINGS_H
| # include <strings.h>
| #endif
| #ifdef HAVE_INTTYPES_H
| # include <inttypes.h>
| #endif
| #ifdef HAVE_STDINT_H
| # include <stdint.h>
| #endif
| #ifdef HAVE_UNISTD_H
| # include <unistd.h>
| #endif
| 
| #include <dlfcn.h>
configure:6921: result: no
configure:7105: checking for objdir
configure:7120: result: .libs
configure:7471: checking for cc option to produce PIC
configure:7743: result:  -DPIC
configure:7755: checking if cc PIC flag  -DPIC works
configure:7773: cc -c -D_POSIX_SOURCE -D_SUSV2_SOURCE -D_BSD_EXTENSION -D_REGEXP_EXTENSION -D_LIMITS_EXTENSION -D_C99_SNPRINTF_EXTENSION   -DPIC -DPIC conftest.c >&5
configure:7777: $? = 0
configure:7790: result: yes
configure:7814: checking if cc static flag  works
configure:7842: result: yes
configure:7857: checking if cc supports -c -o file.o
configure:7878: cc -c -D_POSIX_SOURCE -D_SUSV2_SOURCE -D_BSD_EXTENSION -D_REGEXP_EXTENSION -D_LIMITS_EXTENSION -D_C99_SNPRINTF_EXTENSION  -o out/conftest2.o conftest.c >&5
configure:7882: $? = 0
configure:7904: result: yes
configure:7912: checking if cc supports -c -o file.o
configure:7959: result: yes
configure:7992: checking whether the cc linker (/bin/ld) supports shared libraries
configure:8983: result: no
configure:9222: checking dynamic linker characteristics
configure:9885: result: no
configure:9987: checking how to hardcode library paths into programs
configure:10012: result: unsupported
configure:10532: checking whether stripping libraries is possible
configure:10554: result: no
configure:10572: checking if libtool supports shared libraries
configure:10574: result: no
configure:10577: checking whether to build shared libraries
configure:10598: result: no
configure:10601: checking whether to build static libraries
configure:10605: result: yes
configure:10644: checking whether make sets $(MAKE)
configure:10666: result: yes
configure:10677: checking for ANSI C header files
configure:10781: result: yes
configure:10792: checking for stdlib.h
configure:10792: result: yes
configure:10792: checking for string.h
configure:10792: result: yes
configure:10792: checking for strings.h
configure:10792: result: no
configure:10792: checking sys/time.h usability
configure:10792: cc -c -D_POSIX_SOURCE -D_SUSV2_SOURCE -D_BSD_EXTENSION -D_REGEXP_EXTENSION -D_LIMITS_EXTENSION -D_C99_SNPRINTF_EXTENSION  conftest.c >&5
configure:10792: $? = 0
configure:10792: result: yes
configure:10792: checking sys/time.h presence
configure:10792: cc -E  conftest.c
configure:10792: $? = 0
configure:10792: result: yes
configure:10792: checking for sys/time.h
configure:10792: result: yes
configure:10792: checking for unistd.h
configure:10792: result: yes
configure:10792: checking sys/times.h usability
configure:10792: cc -c -D_POSIX_SOURCE -D_SUSV2_SOURCE -D_BSD_EXTENSION -D_REGEXP_EXTENSION -D_LIMITS_EXTENSION -D_C99_SNPRINTF_EXTENSION  conftest.c >&5
configure:10792: $? = 0
configure:10792: result: yes
configure:10792: checking sys/times.h presence
configure:10792: cc -E  conftest.c
configure:10792: $? = 0
configure:10792: result: yes
configure:10792: checking for sys/times.h
configure:10792: result: yes
configure:10808: checking size of int
configure:10813: cc -o conftest -D_POSIX_SOURCE -D_SUSV2_SOURCE -D_BSD_EXTENSION -D_REGEXP_EXTENSION -D_LIMITS_EXTENSION -D_C99_SNPRINTF_EXTENSION   conftest.c  >&5
configure:10813: $? = 0
configure:10813: ./conftest
configure:10813: $? = 0
configure:10828: result: 4
configure:10842: checking size of short
configure:10847: cc -o conftest -D_POSIX_SOURCE -D_SUSV2_SOURCE -D_BSD_EXTENSION -D_REGEXP_EXTENSION -D_LIMITS_EXTENSION -D_C99_SNPRINTF_EXTENSION   conftest.c  >&5
configure:10847: $? = 0
configure:10847: ./conftest
configure:10847: $? = 0
configure:10862: result: 2
configure:10876: checking size of long
configure:10881: cc -o conftest -D_POSIX_SOURCE -D_SUSV2_SOURCE -D_BSD_EXTENSION -D_REGEXP_EXTENSION -D_LIMITS_EXTENSION -D_C99_SNPRINTF_EXTENSION   conftest.c  >&5
configure:10881: $? = 0
configure:10881: ./conftest
configure:10881: $? = 0
configure:10896: result: 4
configure:10906: checking for an ANSI C-conforming const
configure:10971: cc -c -D_POSIX_SOURCE -D_SUSV2_SOURCE -D_BSD_EXTENSION -D_REGEXP_EXTENSION -D_LIMITS_EXTENSION -D_C99_SNPRINTF_EXTENSION  conftest.c >&5
configure:10971: $? = 0
configure:10978: result: yes
configure:10986: checking whether time.h and sys/time.h may both be included
configure:11006: cc -c -D_POSIX_SOURCE -D_SUSV2_SOURCE -D_BSD_EXTENSION -D_REGEXP_EXTENSION -D_LIMITS_EXTENSION -D_C99_SNPRINTF_EXTENSION  conftest.c >&5
configure:11006: $? = 0
configure:11013: result: yes
configure:11024: checking for working alloca.h
configure:11041: cc -o conftest -D_POSIX_SOURCE -D_SUSV2_SOURCE -D_BSD_EXTENSION -D_REGEXP_EXTENSION -D_LIMITS_EXTENSION -D_C99_SNPRINTF_EXTENSION   conftest.c  >&5
configure:11041: $? = 1
configure: failed program was:
| /* confdefs.h */
| #define PACKAGE_NAME "onig"
| #define PACKAGE_TARNAME "onig"
| #define PACKAGE_VERSION "5.9.3"
| #define PACKAGE_STRING "onig 5.9.3"
| #define PACKAGE_BUGREPORT ""
| #define PACKAGE_URL ""
| #define PACKAGE "onig"
| #define VERSION "5.9.3"
| #define STDC_HEADERS 1
| #define HAVE_SYS_TYPES_H 1
| #define HAVE_SYS_STAT_H 1
| #define HAVE_STDLIB_H 1
| #define HAVE_STRING_H 1
| #define HAVE_INTTYPES_H 1
| #define HAVE_UNISTD_H 1
| #define LT_OBJDIR ".libs/"
| #define STDC_HEADERS 1
| #define HAVE_STDLIB_H 1
| #define HAVE_STRING_H 1
| #define HAVE_SYS_TIME_H 1
| #define HAVE_UNISTD_H 1
| #define HAVE_SYS_TIMES_H 1
| #define SIZEOF_INT 4
| #define SIZEOF_SHORT 2
| #define SIZEOF_LONG 4
| #define TIME_WITH_SYS_TIME 1
| /* end confdefs.h.  */
| #include <alloca.h>
| int
| main ()
| {
| char *p = (char *) alloca (2 * sizeof (int));
| 			  if (p) return 0;
|   ;
|   return 0;
| }
configure:11049: result: no
configure:11057: checking for alloca
configure:11094: cc -o conftest -D_POSIX_SOURCE -D_SUSV2_SOURCE -D_BSD_EXTENSION -D_REGEXP_EXTENSION -D_LIMITS_EXTENSION -D_C99_SNPRINTF_EXTENSION   conftest.c  >&5
main: undefined: alloca
configure:11094: $? = 1
configure: failed program was:
| /* confdefs.h */
| #define PACKAGE_NAME "onig"
| #define PACKAGE_TARNAME "onig"
| #define PACKAGE_VERSION "5.9.3"
| #define PACKAGE_STRING "onig 5.9.3"
| #define PACKAGE_BUGREPORT ""
| #define PACKAGE_URL ""
| #define PACKAGE "onig"
| #define VERSION "5.9.3"
| #define STDC_HEADERS 1
| #define HAVE_SYS_TYPES_H 1
| #define HAVE_SYS_STAT_H 1
| #define HAVE_STDLIB_H 1
| #define HAVE_STRING_H 1
| #define HAVE_INTTYPES_H 1
| #define HAVE_UNISTD_H 1
| #define LT_OBJDIR ".libs/"
| #define STDC_HEADERS 1
| #define HAVE_STDLIB_H 1
| #define HAVE_STRING_H 1
| #define HAVE_SYS_TIME_H 1
| #define HAVE_UNISTD_H 1
| #define HAVE_SYS_TIMES_H 1
| #define SIZEOF_INT 4
| #define SIZEOF_SHORT 2
| #define SIZEOF_LONG 4
| #define TIME_WITH_SYS_TIME 1
| /* end confdefs.h.  */
| #ifdef __GNUC__
| # define alloca __builtin_alloca
| #else
| # ifdef _MSC_VER
| #  include <malloc.h>
| #  define alloca _alloca
| # else
| #  ifdef HAVE_ALLOCA_H
| #   include <alloca.h>
| #  else
| #   ifdef _AIX
|  #pragma alloca
| #   else
| #    ifndef alloca /* predefined by HP cc +Olibcalls */
| char *alloca ();
| #    endif
| #   endif
| #  endif
| # endif
| #endif
| 
| int
| main ()
| {
| char *p = (char *) alloca (1);
| 				    if (p) return 0;
|   ;
|   return 0;
| }
configure:11102: result: no
configure:11120: checking whether `alloca.c' needs Cray hooks
configure:11143: result: no
configure:11162: checking stack direction for C alloca
configure:11193: cc -o conftest -D_POSIX_SOURCE -D_SUSV2_SOURCE -D_BSD_EXTENSION -D_REGEXP_EXTENSION -D_LIMITS_EXTENSION -D_C99_SNPRINTF_EXTENSION   conftest.c  >&5
configure:11193: $? = 0
configure:11193: ./conftest
configure:11193: $? = 1
configure: program exited with status 1
configure: failed program was:
| /* confdefs.h */
| #define PACKAGE_NAME "onig"
| #define PACKAGE_TARNAME "onig"
| #define PACKAGE_VERSION "5.9.3"
| #define PACKAGE_STRING "onig 5.9.3"
| #define PACKAGE_BUGREPORT ""
| #define PACKAGE_URL ""
| #define PACKAGE "onig"
| #define VERSION "5.9.3"
| #define STDC_HEADERS 1
| #define HAVE_SYS_TYPES_H 1
| #define HAVE_SYS_STAT_H 1
| #define HAVE_STDLIB_H 1
| #define HAVE_STRING_H 1
| #define HAVE_INTTYPES_H 1
| #define HAVE_UNISTD_H 1
| #define LT_OBJDIR ".libs/"
| #define STDC_HEADERS 1
| #define HAVE_STDLIB_H 1
| #define HAVE_STRING_H 1
| #define HAVE_SYS_TIME_H 1
| #define HAVE_UNISTD_H 1
| #define HAVE_SYS_TIMES_H 1
| #define SIZEOF_INT 4
| #define SIZEOF_SHORT 2
| #define SIZEOF_LONG 4
| #define TIME_WITH_SYS_TIME 1
| #define C_ALLOCA 1
| /* end confdefs.h.  */
| #include <stdio.h>
| #ifdef HAVE_SYS_TYPES_H
| # include <sys/types.h>
| #endif
| #ifdef HAVE_SYS_STAT_H
| # include <sys/stat.h>
| #endif
| #ifdef STDC_HEADERS
| # include <stdlib.h>
| # include <stddef.h>
| #else
| # ifdef HAVE_STDLIB_H
| #  include <stdlib.h>
| # endif
| #endif
| #ifdef HAVE_STRING_H
| # if !defined STDC_HEADERS && defined HAVE_MEMORY_H
| #  include <memory.h>
| # endif
| # include <string.h>
| #endif
| #ifdef HAVE_STRINGS_H
| # include <strings.h>
| #endif
| #ifdef HAVE_INTTYPES_H
| # include <inttypes.h>
| #endif
| #ifdef HAVE_STDINT_H
| # include <stdint.h>
| #endif
| #ifdef HAVE_UNISTD_H
| # include <unistd.h>
| #endif
| int
| find_stack_direction ()
| {
|   static char *addr = 0;
|   auto char dummy;
|   if (addr == 0)
|     {
|       addr = &dummy;
|       return find_stack_direction ();
|     }
|   else
|     return (&dummy > addr) ? 1 : -1;
| }
| 
| int
| main ()
| {
|   return find_stack_direction () < 0;
| }
configure:11203: result: -1
configure:11212: checking for working memcmp
configure:11255: cc -o conftest -D_POSIX_SOURCE -D_SUSV2_SOURCE -D_BSD_EXTENSION -D_REGEXP_EXTENSION -D_LIMITS_EXTENSION -D_C99_SNPRINTF_EXTENSION   conftest.c  >&5
configure:11255: $? = 0
configure:11255: ./conftest
configure:11255: $? = 0
configure:11265: result: yes
configure:11275: checking for prototypes
configure:11291: cc -c -D_POSIX_SOURCE -D_SUSV2_SOURCE -D_BSD_EXTENSION -D_REGEXP_EXTENSION -D_LIMITS_EXTENSION -D_C99_SNPRINTF_EXTENSION  conftest.c >&5
configure:11291: $? = 0
configure:11298: result: yes
configure:11306: checking for variable length prototypes and stdarg.h
configure:11332: cc -c -D_POSIX_SOURCE -D_SUSV2_SOURCE -D_BSD_EXTENSION -D_REGEXP_EXTENSION -D_LIMITS_EXTENSION -D_C99_SNPRINTF_EXTENSION  conftest.c >&5
configure:11332: $? = 0
configure:11339: result: yes
configure:11470: creating ./config.status

## ---------------------- ##
## Running config.status. ##
## ---------------------- ##

This file was extended by onig config.status 5.9.3, which was
generated by GNU Autoconf 2.65.  Invocation command line was

  CONFIG_FILES    = 
  CONFIG_HEADERS  = 
  CONFIG_LINKS    = 
  CONFIG_COMMANDS = 
  $ ./config.status 

on cirno

config.status:1076: creating Makefile
config.status:1076: creating onig-config
config.status:1076: creating sample/Makefile
config.status:1076: creating config.h
config.status:1248: config.h is unchanged
config.status:1296: executing depfiles commands
config.status:1296: executing libtool commands
config.status:1296: executing default commands

## ---------------- ##
## Cache variables. ##
## ---------------- ##

_cv_have_prototypes=yes
_cv_stdarg=yes
ac_cv_build=i386-unknown-plan9
ac_cv_c_compiler_gnu=no
ac_cv_c_const=yes
ac_cv_c_stack_direction=-1
ac_cv_env_CC_set=
ac_cv_env_CC_value=
ac_cv_env_CFLAGS_set=set
ac_cv_env_CFLAGS_value='-D_POSIX_SOURCE -D_SUSV2_SOURCE -D_BSD_EXTENSION -D_REGEXP_EXTENSION -D_LIMITS_EXTENSION -D_C99_SNPRINTF_EXTENSION'
ac_cv_env_CPPFLAGS_set=
ac_cv_env_CPPFLAGS_value=
ac_cv_env_CPP_set=
ac_cv_env_CPP_value=
ac_cv_env_LDFLAGS_set=
ac_cv_env_LDFLAGS_value=
ac_cv_env_LIBS_set=
ac_cv_env_LIBS_value=
ac_cv_env_build_alias_set=
ac_cv_env_build_alias_value=
ac_cv_env_host_alias_set=
ac_cv_env_host_alias_value=
ac_cv_env_target_alias_set=
ac_cv_env_target_alias_value=
ac_cv_func_alloca_works=no
ac_cv_func_memcmp_working=yes
ac_cv_header_dlfcn_h=no
ac_cv_header_inttypes_h=yes
ac_cv_header_memory_h=no
ac_cv_header_stdc=yes
ac_cv_header_stdint_h=no
ac_cv_header_stdlib_h=yes
ac_cv_header_string_h=yes
ac_cv_header_strings_h=no
ac_cv_header_sys_stat_h=yes
ac_cv_header_sys_time_h=yes
ac_cv_header_sys_times_h=yes
ac_cv_header_sys_types_h=yes
ac_cv_header_time=yes
ac_cv_header_unistd_h=yes
ac_cv_host=i386-unknown-plan9
ac_cv_objext=o
ac_cv_os_cray=no
ac_cv_path_EGREP=/bin/egrep
ac_cv_path_FGREP=/bin/fgrep
ac_cv_path_GREP=grep
ac_cv_path_SED=/bin/gsed
ac_cv_prog_AWK=gawk
ac_cv_prog_CC=cc
ac_cv_prog_CPP='cc -E'
ac_cv_prog_ac_ct_AR=ar
ac_cv_prog_ac_ct_RANLIB=ranlib
ac_cv_prog_ac_ct_STRIP=strip
ac_cv_prog_cc_c89=
ac_cv_prog_cc_g=yes
ac_cv_prog_make_make_set=yes
ac_cv_sizeof_int=4
ac_cv_sizeof_long=4
ac_cv_sizeof_short=2
ac_cv_working_alloca_h=no
am_cv_CC_dependencies_compiler_type=none
lt_cv_deplibs_check_method=unknown
lt_cv_file_magic_cmd='$MAGIC_CMD'
lt_cv_file_magic_test_file=
lt_cv_ld_reload_flag=-r
lt_cv_nm_interface='BSD nm'
lt_cv_objdir=.libs
lt_cv_path_LD=/bin/ld
lt_cv_path_NM=/bin/nm
lt_cv_prog_compiler_c_o=yes
lt_cv_prog_compiler_pic_works=yes
lt_cv_prog_compiler_static_works=yes
lt_cv_prog_gnu_ld=no
lt_cv_sys_global_symbol_pipe='sed -n -e '\''s/^.*[	 ]\([BCDEGRST][BCDEGRST]*\)[	 ][	 ]*\([_A-Za-z][_A-Za-z0-9]*\)$/\1 \2 \2/p'\'
lt_cv_sys_global_symbol_to_c_name_address='sed -n -e '\''s/^: \([^ ]*\) $/  {\"\1\", (void *) 0},/p'\'' -e '\''s/^[BCDEGRST]* \([^ ]*\) \([^ ]*\)$/  {"\2", (void *) \&\2},/p'\'
lt_cv_sys_global_symbol_to_c_name_address_lib_prefix='sed -n -e '\''s/^: \([^ ]*\) $/  {\"\1\", (void *) 0},/p'\'' -e '\''s/^[BCDEGRST]* \([^ ]*\) \(lib[^ ]*\)$/  {"\2", (void *) \&\2},/p'\'' -e '\''s/^[BCDEGRST]* \([^ ]*\) \([^ ]*\)$/  {"lib\2", (void *) \&\2},/p'\'
lt_cv_sys_global_symbol_to_cdecl='sed -n -e '\''s/^T .* \(.*\)$/extern int \1();/p'\'' -e '\''s/^[BCDEGRST]* .* \(.*\)$/extern char \1;/p'\'
lt_cv_sys_max_cmd_len=512

## ----------------- ##
## Output variables. ##
## ----------------- ##

ACLOCAL='${SHELL} /usr/jens/dvl/onig-5.9.3/missing --run aclocal-1.11'
ALLOCA='${LIBOBJDIR}alloca.o'
AMDEPBACKSLASH='\'
AMDEP_FALSE='#'
AMDEP_TRUE=''
AMTAR='${SHELL} /usr/jens/dvl/onig-5.9.3/missing --run tar'
AR='ar'
AUTOCONF='${SHELL} /usr/jens/dvl/onig-5.9.3/missing --run autoconf'
AUTOHEADER='${SHELL} /usr/jens/dvl/onig-5.9.3/missing --run autoheader'
AUTOMAKE='${SHELL} /usr/jens/dvl/onig-5.9.3/missing --run automake-1.11'
AWK='gawk'
CC='cc'
CCDEPMODE='depmode=none'
CFLAGS='-D_POSIX_SOURCE -D_SUSV2_SOURCE -D_BSD_EXTENSION -D_REGEXP_EXTENSION -D_LIMITS_EXTENSION -D_C99_SNPRINTF_EXTENSION'
CPP='cc -E'
CPPFLAGS=''
CYGPATH_W='echo'
DEFS='-DHAVE_CONFIG_H'
DEPDIR='.deps'
DSYMUTIL=''
DUMPBIN=''
ECHO_C=''
ECHO_N='-n'
ECHO_T=''
EGREP='/bin/egrep'
EXEEXT=''
FGREP='/bin/fgrep'
GREP='grep'
INSTALL_DATA='${INSTALL} -m 644'
INSTALL_PROGRAM='${INSTALL}'
INSTALL_SCRIPT='${INSTALL}'
INSTALL_STRIP_PROGRAM='$(install_sh) -c -s'
LD='/bin/ld'
LDFLAGS=''
LIBOBJS=''
LIBS=''
LIBTOOL='$(SHELL) $(top_builddir)/libtool'
LIPO=''
LN_S='cp'
LTLIBOBJS=''
LTVERSION='2:0:0'
MAKEINFO='${SHELL} /usr/jens/dvl/onig-5.9.3/missing --run makeinfo'
MKDIR_P='./install-sh -c -d'
NM='/bin/nm'
NMEDIT=''
OBJDUMP='false'
OBJEXT='o'
OTOOL64=''
OTOOL=''
PACKAGE='onig'
PACKAGE_BUGREPORT=''
PACKAGE_NAME='onig'
PACKAGE_STRING='onig 5.9.3'
PACKAGE_TARNAME='onig'
PACKAGE_URL=''
PACKAGE_VERSION='5.9.3'
PATH_SEPARATOR=':'
RANLIB='ranlib'
RUBYDIR='..'
SED='/bin/gsed'
SET_MAKE=''
SHELL='/bin/sh'
STATISTICS=''
STRIP='strip'
VERSION='5.9.3'
ac_ct_CC=''
ac_ct_DUMPBIN=''
am__EXEEXT_FALSE=''
am__EXEEXT_TRUE='#'
am__fastdepCC_FALSE=''
am__fastdepCC_TRUE='#'
am__include='include'
am__isrc=''
am__leading_dot='.'
am__quote=''
am__tar='${AMTAR} chof - "$$tardir"'
am__untar='${AMTAR} xf -'
bindir='${exec_prefix}/bin'
build='i386-unknown-plan9'
build_alias=''
build_cpu='i386'
build_os='plan9'
build_vendor='unknown'
datadir='${datarootdir}'
datarootdir='${prefix}/share'
docdir='${datarootdir}/doc/${PACKAGE_TARNAME}'
dvidir='${docdir}'
exec_prefix='/386'
host='i386-unknown-plan9'
host_alias=''
host_cpu='i386'
host_os='plan9'
host_vendor='unknown'
htmldir='${docdir}'
includedir='/sys/include/ape'
infodir='${datarootdir}/info'
install_sh='${SHELL} /usr/jens/dvl/onig-5.9.3/install-sh'
libdir='/386/lib/ape'
libexecdir='${exec_prefix}/libexec'
localedir='${datarootdir}/locale'
localstatedir='${prefix}/var'
lt_ECHO='/bin/echo'
mandir='${datarootdir}/man'
mkdir_p='$(top_builddir)/./install-sh -c -d'
oldincludedir='/usr/include'
pdfdir='${docdir}'
prefix='/sys'
program_transform_name='s,x,x,'
psdir='${docdir}'
sbindir='${exec_prefix}/sbin'
sharedstatedir='${prefix}/com'
sysconfdir='${prefix}/etc'
target_alias=''

## ----------- ##
## confdefs.h. ##
## ----------- ##

/* confdefs.h */
#define PACKAGE_NAME "onig"
#define PACKAGE_TARNAME "onig"
#define PACKAGE_VERSION "5.9.3"
#define PACKAGE_STRING "onig 5.9.3"
#define PACKAGE_BUGREPORT ""
#define PACKAGE_URL ""
#define PACKAGE "onig"
#define VERSION "5.9.3"
#define STDC_HEADERS 1
#define HAVE_SYS_TYPES_H 1
#define HAVE_SYS_STAT_H 1
#define HAVE_STDLIB_H 1
#define HAVE_STRING_H 1
#define HAVE_INTTYPES_H 1
#define HAVE_UNISTD_H 1
#define LT_OBJDIR ".libs/"
#define STDC_HEADERS 1
#define HAVE_STDLIB_H 1
#define HAVE_STRING_H 1
#define HAVE_SYS_TIME_H 1
#define HAVE_UNISTD_H 1
#define HAVE_SYS_TIMES_H 1
#define SIZEOF_INT 4
#define SIZEOF_SHORT 2
#define SIZEOF_LONG 4
#define TIME_WITH_SYS_TIME 1
#define C_ALLOCA 1
#define STACK_DIRECTION -1
#define HAVE_PROTOTYPES 1
#define HAVE_STDARG_PROTOTYPES 1

configure: exit 0
