This file contains any messages produced by compilers while
running configure, to aid debugging if configure makes a mistake.

It was created by configure, which was
generated by GNU Autoconf 2.68.  Invocation command line was

  $ ./configure --prefix=/sys/lib/apr --exec-prefix=/386 -sbindir=/386/bin --libexecdir=/386/bin --datarootdir=/sys --disable-dso --without-libtool --with-devrandom --disable-shared

## --------- ##
## Platform. ##
## --------- ##

hostname = cirno
uname -m = i386
uname -r = 4
uname -s = Plan9
uname -v = 0

/usr/bin/uname -p = unknown
/bin/uname -X     = unknown

/bin/arch              = unknown
/usr/bin/arch -k       = unknown
/usr/convex/getsysinfo = unknown
/usr/bin/hostinfo      = unknown
/bin/machine           = unknown
/usr/bin/oslevel       = unknown
/bin/universe          = unknown

PATH: /bin
PATH: .


## ----------- ##
## Core tests. ##
## ----------- ##

configure:4580: checking build system type
configure:4594: result: i386-unknown-plan9
configure:4614: checking host system type
configure:4627: result: i386-unknown-plan9
configure:4647: checking target system type
configure:4660: result: i386-unknown-plan9
configure:4723: checking for working mkdir -p
configure:4739: result: yes
configure:4831: checking for chosen layout
configure:4833: result: apr
configure:5098: checking for gcc
configure:5128: result: no
configure:5191: checking for cc
configure:5212: found /bin/cc
configure:5235: result: cc
configure:5354: checking for C compiler version
configure:5363: cc --version >&5
cc: flag -- ignored
cc: flag -e ignored
cc: flag -r ignored
cc: flag -i ignored
cc: no files to compile or load
configure:5374: $? = 1
configure:5363: cc -v >&5
cc: no files to compile or load
configure:5374: $? = 1
configure:5363: cc -V >&5
cc: flag -V ignored
cc: no files to compile or load
configure:5374: $? = 1
configure:5363: cc -qversion >&5
cc: flag -q ignored
cc: flag -e ignored
cc: flag -r ignored
cc: flag -i ignored
cc: no files to compile or load
configure:5374: $? = 1
configure:5394: checking whether the C compiler works
configure:5416: cc -D_POSIX_SOURCE -D_SUSV2_SOURCE -D_BSD_EXTENSION   conftest.c  >&5
_main: undefined: main
cc: 8l: 8l 1078: error
configure:5420: $? = 1
configure:5475: result: yes
configure:5478: checking for C compiler default output file name
configure:5480: result: a.out
configure:5486: checking for suffix of executables
configure:5493: cc -o conftest -D_POSIX_SOURCE -D_SUSV2_SOURCE -D_BSD_EXTENSION   conftest.c  >&5
_main: undefined: main
cc: 8l: 8l 1084: error
configure:5497: $? = 1
configure:5521: result: 
configure:5543: checking whether we are cross compiling
configure:5551: cc -o conftest -D_POSIX_SOURCE -D_SUSV2_SOURCE -D_BSD_EXTENSION   conftest.c  >&5
_main: undefined: main
cc: 8l: 8l 1092: error
configure:5555: $? = 1
configure:5562: ./conftest
./configure: ./conftest: not found
configure:5566: $? = 127
configure:5584: result: no
configure:5589: checking for suffix of object files
configure:5611: cc -c -D_POSIX_SOURCE -D_SUSV2_SOURCE -D_BSD_EXTENSION  conftest.c >&5
configure:5615: $? = 0
configure:5636: result: o
configure:5640: checking whether we are using the GNU C compiler
configure:5659: cc -c -D_POSIX_SOURCE -D_SUSV2_SOURCE -D_BSD_EXTENSION  conftest.c >&5
configure:5659: $? = 0
configure:5668: result: yes
configure:5677: checking whether cc accepts -g
configure:5697: cc -c -g  conftest.c >&5
configure:5697: $? = 0
configure:5738: result: yes
configure:5755: checking for cc option to accept ISO C89
configure:5819: cc  -c -D_POSIX_SOURCE -D_SUSV2_SOURCE -D_BSD_EXTENSION  conftest.c >&5
configure:5819: $? = 0
configure:5832: result: none needed
configure:5853: checking for a sed that does not truncate output
configure:5917: result: /bin/gsed
configure:9341: checking whether make sets $(MAKE)
configure:9363: result: yes
configure:9377: checking how to run the C preprocessor
configure:9408: cc -E  conftest.c
configure:9408: $? = 0
configure:9422: cc -E  conftest.c
configure:9422: $? = 0
configure:9408: cc -E  conftest.c
configure:9408: $? = 0
configure:9422: cc -E  conftest.c
configure:9422: $? = 0
configure:9408: cc -E -traditional-cpp  conftest.c
conftest.err:cc: flag -t ignored
conftest.err:cc: flag -r ignored
conftest.err:cc: flag -a ignored
conftest.err:cc: flag -d ignored
conftest.err:cc: flag -i ignored
conftest.err:cc: flag -t ignored
conftest.err:cc: flag -i ignored
configure:9408: $? = 0
configure:9422: cc -E -traditional-cpp  conftest.c
conftest.err:cc: flag -t ignored
conftest.err:cc: flag -r ignored
conftest.err:cc: flag -a ignored
conftest.err:cc: flag -d ignored
conftest.err:cc: flag -i ignored
conftest.err:cc: flag -t ignored
conftest.err:cc: flag -i ignored
configure:9422: $? = 0
configure:9408: cc -E -traditional-cpp  conftest.c
conftest.err:cc: flag -t ignored
conftest.err:cc: flag -r ignored
conftest.err:cc: flag -a ignored
conftest.err:cc: flag -d ignored
conftest.err:cc: flag -i ignored
conftest.err:cc: flag -t ignored
conftest.err:cc: flag -i ignored
configure:9408: $? = 0
configure: failed program was:
| /* confdefs.h */
| #define PACKAGE_NAME ""
| #define PACKAGE_TARNAME ""
| #define PACKAGE_VERSION ""
| #define PACKAGE_STRING ""
| #define PACKAGE_BUGREPORT ""
| #define PACKAGE_URL ""
configure:9408: /lib/cpp  conftest.c
conftest.err:./configure: /lib/cpp: not found
configure:9408: $? = 127
configure: failed program was:
| /* confdefs.h */
| #define PACKAGE_NAME ""
| #define PACKAGE_TARNAME ""
| #define PACKAGE_VERSION ""
| #define PACKAGE_STRING ""
| #define PACKAGE_BUGREPORT ""
| #define PACKAGE_URL ""
configure:9408: /lib/cpp  conftest.c
conftest.err:./configure: /lib/cpp: not found
configure:9408: $? = 127
configure: failed program was:
| /* confdefs.h */
| #define PACKAGE_NAME ""
| #define PACKAGE_TARNAME ""
| #define PACKAGE_VERSION ""
| #define PACKAGE_STRING ""
| #define PACKAGE_BUGREPORT ""
| #define PACKAGE_URL ""
configure:9447: result: /lib/cpp
configure:9467: /lib/cpp  conftest.c
conftest.err:./configure: /lib/cpp: not found
configure:9467: $? = 127
configure: failed program was:
| /* confdefs.h */
| #define PACKAGE_NAME ""
| #define PACKAGE_TARNAME ""
| #define PACKAGE_VERSION ""
| #define PACKAGE_STRING ""
| #define PACKAGE_BUGREPORT ""
| #define PACKAGE_URL ""
configure:9467: /lib/cpp  conftest.c
conftest.err:./configure: /lib/cpp: not found
configure:9467: $? = 127
configure: failed program was:
| /* confdefs.h */
| #define PACKAGE_NAME ""
| #define PACKAGE_TARNAME ""
| #define PACKAGE_VERSION ""
| #define PACKAGE_STRING ""
| #define PACKAGE_BUGREPORT ""
| #define PACKAGE_URL ""
configure:9497: error: in `/usr/jens/dvl/apr-1.4.6':
configure:9499: error: C preprocessor "/lib/cpp" fails sanity check
See `config.log' for more details

## ---------------- ##
## Cache variables. ##
## ---------------- ##

ac_cv_build=i386-unknown-plan9
ac_cv_c_compiler_gnu=yes
ac_cv_env_CC_set=
ac_cv_env_CC_value=
ac_cv_env_CFLAGS_set=set
ac_cv_env_CFLAGS_value='-D_POSIX_SOURCE -D_SUSV2_SOURCE -D_BSD_EXTENSION'
ac_cv_env_CPPFLAGS_set=
ac_cv_env_CPPFLAGS_value=
ac_cv_env_CPP_set=
ac_cv_env_CPP_value=
ac_cv_env_LDFLAGS_set=
ac_cv_env_LDFLAGS_value=
ac_cv_env_LIBS_set=
ac_cv_env_LIBS_value=
ac_cv_env_build_alias_set=
ac_cv_env_build_alias_value=
ac_cv_env_host_alias_set=
ac_cv_env_host_alias_value=
ac_cv_env_target_alias_set=
ac_cv_env_target_alias_value=
ac_cv_host=i386-unknown-plan9
ac_cv_mkdir_p=yes
ac_cv_objext=o
ac_cv_path_SED=/bin/gsed
ac_cv_prog_CC=cc
ac_cv_prog_CPP=/lib/cpp
ac_cv_prog_cc_c89=
ac_cv_prog_cc_g=yes
ac_cv_prog_make_make_set=yes
ac_cv_target=i386-unknown-plan9

## ----------------- ##
## Output variables. ##
## ----------------- ##

ALLOCA=''
APR_CONFIG_LOCATION='source'
APR_DOTTED_VERSION='1.4.6'
APR_LIBNAME=''
APR_MAJOR_VERSION='1'
AR=''
AS=''
ASCPP=''
AWK=''
CC='cc'
CFLAGS='-D_POSIX_SOURCE -D_SUSV2_SOURCE -D_BSD_EXTENSION'
CPP='/lib/cpp'
CPPFLAGS=''
DEFAULT_OSDIR='unix'
DEFS=''
DLLTOOL=''
DSYMUTIL=''
DUMPBIN=''
ECHO_C=''
ECHO_N='-n'
ECHO_T=''
EGREP=''
EXEEXT=''
EXTRA_CFLAGS=''
EXTRA_CPPFLAGS=''
EXTRA_INCLUDES=''
EXTRA_LDFLAGS=''
EXTRA_LIBS=''
FGREP=''
GREP=''
INCLUDES=''
INCLUDE_OUTPUTS=''
INCLUDE_RULES=''
INSTALL_DATA=''
INSTALL_PROGRAM=''
INSTALL_SCRIPT=''
INSTALL_SUBDIRS=''
LD=''
LDFLAGS=''
LDLIBS=''
LIBOBJS=''
LIBS=''
LIBTOOL=''
LIBTOOL_LIBS=''
LIPO=''
LN_S=''
LTFLAGS=''
LTLIBOBJS=''
LT_LDFLAGS=''
LT_NO_INSTALL=''
LT_VERSION=''
MANIFEST_TOOL=''
MKDEP=''
NM=''
NMEDIT=''
NOTEST_CFLAGS=''
NOTEST_CPPFLAGS=''
NOTEST_INCLUDES=''
NOTEST_LDFLAGS=''
NOTEST_LIBS=''
OBJDUMP=''
OBJECTS_PLATFORM=''
OBJEXT='o'
OSDIR=''
OTOOL64=''
OTOOL=''
PACKAGE_BUGREPORT=''
PACKAGE_NAME=''
PACKAGE_STRING=''
PACKAGE_TARNAME=''
PACKAGE_URL=''
PACKAGE_VERSION=''
PATH_SEPARATOR=':'
RANLIB=''
RM=''
SED='/bin/gsed'
SET_MAKE=''
SHELL='/bin/sh'
STRIP=''
ac_ct_AR=''
ac_ct_CC=''
ac_ct_DUMPBIN=''
acceptfilter=''
apr_builddir='/usr/jens/dvl/apr-1.4.6'
apr_builders='/usr/jens/dvl/apr-1.4.6/build'
apr_charset_ebcdic=''
apr_has_user=''
apr_has_xthread_files=''
apr_inaddr_none=''
apr_procattr_user_set_requires_password=''
apr_srcdir='/usr/jens/dvl/apr-1.4.6'
apr_tcp_nopush_flag=''
apr_thread_func=''
aprdso=''
aprlfs=''
arpa_ineth=''
bigendian=''
bindir='${exec_prefix}/bin'
build='i386-unknown-plan9'
build_alias=''
build_cpu='i386'
build_os='plan9'
build_vendor='unknown'
conioh=''
crypth=''
ctypeh=''
datadir='${prefix}'
datarootdir='/sys'
direnth=''
docdir='${datarootdir}/doc/${PACKAGE}'
dvidir='${docdir}'
eolstr=''
errnoh=''
exec_prefix='/386'
export_lib_target=''
fcntlh=''
fcntlser=''
file_as_socket=''
flockser=''
fork=''
hasfcntlser=''
hasflockser=''
hasposixser=''
hasprocpthreadser=''
hassysvser=''
have_corkable_tcp=''
have_getrlimit=''
have_in_addr=''
have_inet_addr=''
have_inet_network=''
have_iovec=''
have_ipv6=''
have_memchr=''
have_memmove=''
have_proc_invoked=''
have_sa_storage=''
have_sctp=''
have_setrlimit=''
have_sigaction=''
have_sigsuspend=''
have_sigwait=''
have_strcasecmp=''
have_strdup=''
have_stricmp=''
have_strncasecmp=''
have_strnicmp=''
have_strstr=''
have_unicode_fs=''
have_union_semun=''
havebeosarea=''
havemmapanon=''
havemmapshm=''
havemmaptmp=''
havemmapzero=''
haveos2shm=''
haveshmget=''
haveshmgetanon=''
havewin32shm=''
host='i386-unknown-plan9'
host_alias=''
host_cpu='i386'
host_os='plan9'
host_vendor='unknown'
htmldir='${docdir}'
includedir='${prefix}/include/apr-${APR_MAJOR_VERSION}'
infodir='${datarootdir}/info'
ino_t_value=''
installbuilddir='${datadir}/build-${APR_MAJOR_VERSION}'
int64_literal=''
int64_t_fmt=''
int64_value=''
int_value=''
ioh=''
lib_target=''
libdir='${exec_prefix}/lib'
libexecdir='/386/bin'
limitsh=''
link=''
localedir='${datarootdir}/locale'
localstatedir='${prefix}'
long_value=''
lt_compile=''
mandir='${prefix}/man'
mmap=''
netdbh=''
netinet_inh=''
netinet_sctp_uioh=''
netinet_sctph=''
netinet_tcph=''
o_nonblock_inherited=''
oc=''
off_t_fmt=''
off_t_value=''
oldincludedir='/usr/include'
osuuid=''
pdfdir='${docdir}'
pid_t_fmt=''
posixser=''
prefix='/sys/lib/apr'
proc_mutex_is_global=''
processh=''
proclockglobal=''
procpthreadser=''
program_transform_name='s,x,x,'
psdir='${docdir}'
pthreadh=''
pthreadser=''
rand=''
sbindir='/386/bin'
semaphoreh=''
sendfile=''
sharedmem=''
sharedstatedir='${prefix}/com'
shlibpath_var=''
short_value=''
signalh=''
size_t_fmt=''
size_t_value=''
so_ext=''
socklen_t_value=''
ssize_t_fmt=''
ssize_t_value=''
stdargh=''
stdint=''
stdioh=''
stdlibh=''
stringh=''
stringsh=''
struct_rlimit=''
sys_ioctlh=''
sys_sendfileh=''
sys_signalh=''
sys_socketh=''
sys_sockioh=''
sys_syslimitsh=''
sys_timeh=''
sys_typesh=''
sys_uioh=''
sys_unh=''
sys_waith=''
sysconfdir='${prefix}/conf'
sysvser=''
target='i386-unknown-plan9'
target_alias=''
target_cpu='i386'
target_os='plan9'
target_vendor='unknown'
tcp_nodelay_inherited=''
threads=''
timeh=''
top_builddir='/usr/jens/dvl/apr-1.4.6'
uint64_literal=''
uint64_t_fmt=''
uint64_t_hex_fmt=''
unistdh=''
usebeosarea=''
usemmapanon=''
usemmapshm=''
usemmaptmp=''
usemmapzero=''
useos2shm=''
useshmget=''
useshmgetanon=''
usewin32shm=''
voidp_size=''
windowsh=''
winsock2h=''

## ----------- ##
## confdefs.h. ##
## ----------- ##

/* confdefs.h */
#define PACKAGE_NAME ""
#define PACKAGE_TARNAME ""
#define PACKAGE_VERSION ""
#define PACKAGE_STRING ""
#define PACKAGE_BUGREPORT ""
#define PACKAGE_URL ""

configure: exit 1
