This file contains any messages produced by compilers while
running configure, to aid debugging if configure makes a mistake.

It was created by configure, which was
generated by GNU Autoconf 2.61.  Invocation command line was

  $ ./configure 

## --------- ##
## Platform. ##
## --------- ##

hostname = gnot
uname -m = i386
uname -r = 4
uname -s = Plan9
uname -v = 0

/usr/bin/uname -p = unknown
/bin/uname -X     = 

/bin/arch              = unknown
/usr/bin/arch -k       = unknown
/usr/convex/getsysinfo = unknown
/usr/bin/hostinfo      = unknown
/bin/machine           = unknown
/usr/bin/oslevel       = unknown
/bin/universe          = unknown

PATH: /bin
PATH: .


## ----------- ##
## Core tests. ##
## ----------- ##

configure:1889: checking build system type
configure:1907: result: i386-unknown-plan9
configure:1929: checking host system type
configure:1944: result: i386-unknown-plan9
configure:1966: checking target system type
configure:1981: result: i386-unknown-plan9
configure:2027: checking whether make sets $(MAKE)
configure:2048: result: yes
configure:2067: checking for objc
configure:2083: found ./objc
configure:2094: result: objc -q
configure:2115: checking for objc
configure:2133: found ./objc
configure:2146: result: ./objc
configure:2210: checking for gcc
configure:2240: result: no
configure:2307: checking for cc
configure:2328: found /bin/cc
configure:2351: result: cc
configure:2475: checking for C compiler version
configure:2482: cc --version >&5
cc: flag -- ignored
cc: flag -e ignored
cc: flag -r ignored
cc: flag -i ignored
cc: no files to compile or load
configure:2485: $? = 1
configure:2492: cc -v >&5
cc: no files to compile or load
configure:2495: $? = 1
configure:2502: cc -V >&5
cc: flag -V ignored
cc: no files to compile or load
configure:2505: $? = 1
configure:2528: checking for C compiler default output file name
configure:2555: cc    conftest.c  >&5
configure:2558: $? = 0
configure:2596: result: a.out
configure:2613: checking whether the C compiler works
configure:2623: ./a.out
configure:2626: $? = 0
configure:2643: result: yes
configure:2650: checking whether we are cross compiling
configure:2652: result: no
configure:2655: checking for suffix of executables
configure:2662: cc -o conftest    conftest.c  >&5
configure:2665: $? = 0
configure:2689: result: 
configure:2695: checking for suffix of object files
configure:2721: cc -c   conftest.c >&5
configure:2724: $? = 0
configure:2747: result: o
configure:2751: checking whether we are using the GNU C compiler
configure:2780: cc -c   conftest.c >&5
/usr/jens/staging/objc-bootstrap/conftest.c:13[stdin:14] syntax error, last name: me
configure:2786: $? = 1
configure: failed program was:
| /* confdefs.h.  */
| #define PACKAGE_NAME ""
| #define PACKAGE_TARNAME ""
| #define PACKAGE_VERSION ""
| #define PACKAGE_STRING ""
| #define PACKAGE_BUGREPORT ""
| /* end confdefs.h.  */
| 
| int
| main ()
| {
| #ifndef __GNUC__
|        choke me
| #endif
| 
|   ;
|   return 0;
| }
configure:2803: result: no
configure:2808: checking whether cc accepts -g
configure:2838: cc -c -g  conftest.c >&5
configure:2844: $? = 0
configure:2943: result: yes
configure:2960: checking for cc option to accept ISO C89
configure:3034: cc  -c -g  conftest.c >&5
configure:3040: $? = 0
configure:3063: result: none needed
configure:3086: checking how to run the C preprocessor
configure:3126: cc -E  conftest.c
configure:3132: $? = 0
configure:3163: cc -E  conftest.c
configure:3169: $? = 1
configure: failed program was:
| /* confdefs.h.  */
| #define PACKAGE_NAME ""
| #define PACKAGE_TARNAME ""
| #define PACKAGE_VERSION ""
| #define PACKAGE_STRING ""
| #define PACKAGE_BUGREPORT ""
| /* end confdefs.h.  */
| #include <ac_nonexistent.h>
configure:3202: result: cc -E
configure:3231: cc -E  conftest.c
configure:3237: $? = 0
configure:3268: cc -E  conftest.c
configure:3274: $? = 1
configure: failed program was:
| /* confdefs.h.  */
| #define PACKAGE_NAME ""
| #define PACKAGE_TARNAME ""
| #define PACKAGE_VERSION ""
| #define PACKAGE_STRING ""
| #define PACKAGE_BUGREPORT ""
| /* end confdefs.h.  */
| #include <ac_nonexistent.h>
configure:3313: checking whether preprocessor processes .m files
configure:3322: result: no
configure:3800: checking testing whether C compiler supports short line tags
cc -c st1302.i -o st1302.o
cc: no files to compile or load
configure:3829: result: no
configure:3832: checking testing whether C compiler supports long line tags
cc -c lt1302.i -o lt1302.o
cc: no files to compile or load
configure:3861: result: no
configure:3902: checking for rm
configure:3918: found /bin/rm
configure:3930: result: rm -f
configure:3940: checking for cp
configure:3956: found /bin/cp
configure:3968: result: cp -p
configure:3978: checking for cat
configure:3994: found /bin/cat
configure:4006: result: cat
configure:4016: checking for mkdir
configure:4032: found /bin/mkdir
configure:4044: result: mkdir
configure:4054: checking for tar
configure:4070: found /bin/tar
configure:4081: result: tar
configure:4092: checking for ar
configure:4108: found /bin/ar
configure:4120: result: ar cr
configure:4217: checking for ranlib
configure:4233: found /bin/ranlib
configure:4244: result: ranlib
configure:4318: checking for flex
configure:4334: found /bin/flex
configure:4345: result: flex
configure:4361: checking for byacc
configure:4377: found /bin/byacc
configure:4388: result: byacc -d
configure:4413: checking for nm
configure:4429: found /bin/nm
configure:4440: result: nm
configure:4581: checking for grep that handles long lines and -e
configure:4655: result: grep
configure:4660: checking for egrep
configure:4738: result: /bin/egrep
configure:4743: checking for ANSI C header files
configure:4773: cc -c -g  conftest.c >&5
configure:4779: $? = 0
configure:4878: cc -o conftest -g   conftest.c  >&5
configure:4881: $? = 0
configure:4887: ./conftest
configure:4890: $? = 0
configure:4907: result: yes
configure:4931: checking for sys/types.h
configure:4952: cc -c -g  conftest.c >&5
configure:4958: $? = 0
configure:4974: result: yes
configure:4931: checking for sys/stat.h
configure:4952: cc -c -g  conftest.c >&5
configure:4958: $? = 0
configure:4974: result: yes
configure:4931: checking for stdlib.h
configure:4952: cc -c -g  conftest.c >&5
configure:4958: $? = 0
configure:4974: result: yes
configure:4931: checking for string.h
configure:4952: cc -c -g  conftest.c >&5
configure:4958: $? = 0
configure:4974: result: yes
configure:4931: checking for memory.h
configure:4952: cc -c -g  conftest.c >&5
configure:4958: $? = 1
configure: failed program was:
| /* confdefs.h.  */
| #define PACKAGE_NAME ""
| #define PACKAGE_TARNAME ""
| #define PACKAGE_VERSION ""
| #define PACKAGE_STRING ""
| #define PACKAGE_BUGREPORT ""
| #define STDC_HEADERS 1
| #define HAVE_SYS_TYPES_H 1
| #define HAVE_SYS_STAT_H 1
| #define HAVE_STDLIB_H 1
| #define HAVE_STRING_H 1
| /* end confdefs.h.  */
| #include <stdio.h>
| #ifdef HAVE_SYS_TYPES_H
| # include <sys/types.h>
| #endif
| #ifdef HAVE_SYS_STAT_H
| # include <sys/stat.h>
| #endif
| #ifdef STDC_HEADERS
| # include <stdlib.h>
| # include <stddef.h>
| #else
| # ifdef HAVE_STDLIB_H
| #  include <stdlib.h>
| # endif
| #endif
| #ifdef HAVE_STRING_H
| # if !defined STDC_HEADERS && defined HAVE_MEMORY_H
| #  include <memory.h>
| # endif
| # include <string.h>
| #endif
| #ifdef HAVE_STRINGS_H
| # include <strings.h>
| #endif
| #ifdef HAVE_INTTYPES_H
| # include <inttypes.h>
| #endif
| #ifdef HAVE_STDINT_H
| # include <stdint.h>
| #endif
| #ifdef HAVE_UNISTD_H
| # include <unistd.h>
| #endif
| 
| #include <memory.h>
configure:4974: result: no
configure:4931: checking for strings.h
configure:4952: cc -c -g  conftest.c >&5
configure:4958: $? = 1
configure: failed program was:
| /* confdefs.h.  */
| #define PACKAGE_NAME ""
| #define PACKAGE_TARNAME ""
| #define PACKAGE_VERSION ""
| #define PACKAGE_STRING ""
| #define PACKAGE_BUGREPORT ""
| #define STDC_HEADERS 1
| #define HAVE_SYS_TYPES_H 1
| #define HAVE_SYS_STAT_H 1
| #define HAVE_STDLIB_H 1
| #define HAVE_STRING_H 1
| /* end confdefs.h.  */
| #include <stdio.h>
| #ifdef HAVE_SYS_TYPES_H
| # include <sys/types.h>
| #endif
| #ifdef HAVE_SYS_STAT_H
| # include <sys/stat.h>
| #endif
| #ifdef STDC_HEADERS
| # include <stdlib.h>
| # include <stddef.h>
| #else
| # ifdef HAVE_STDLIB_H
| #  include <stdlib.h>
| # endif
| #endif
| #ifdef HAVE_STRING_H
| # if !defined STDC_HEADERS && defined HAVE_MEMORY_H
| #  include <memory.h>
| # endif
| # include <string.h>
| #endif
| #ifdef HAVE_STRINGS_H
| # include <strings.h>
| #endif
| #ifdef HAVE_INTTYPES_H
| # include <inttypes.h>
| #endif
| #ifdef HAVE_STDINT_H
| # include <stdint.h>
| #endif
| #ifdef HAVE_UNISTD_H
| # include <unistd.h>
| #endif
| 
| #include <strings.h>
configure:4974: result: no
configure:4931: checking for inttypes.h
configure:4952: cc -c -g  conftest.c >&5
configure:4958: $? = 1
configure: failed program was:
| /* confdefs.h.  */
| #define PACKAGE_NAME ""
| #define PACKAGE_TARNAME ""
| #define PACKAGE_VERSION ""
| #define PACKAGE_STRING ""
| #define PACKAGE_BUGREPORT ""
| #define STDC_HEADERS 1
| #define HAVE_SYS_TYPES_H 1
| #define HAVE_SYS_STAT_H 1
| #define HAVE_STDLIB_H 1
| #define HAVE_STRING_H 1
| /* end confdefs.h.  */
| #include <stdio.h>
| #ifdef HAVE_SYS_TYPES_H
| # include <sys/types.h>
| #endif
| #ifdef HAVE_SYS_STAT_H
| # include <sys/stat.h>
| #endif
| #ifdef STDC_HEADERS
| # include <stdlib.h>
| # include <stddef.h>
| #else
| # ifdef HAVE_STDLIB_H
| #  include <stdlib.h>
| # endif
| #endif
| #ifdef HAVE_STRING_H
| # if !defined STDC_HEADERS && defined HAVE_MEMORY_H
| #  include <memory.h>
| # endif
| # include <string.h>
| #endif
| #ifdef HAVE_STRINGS_H
| # include <strings.h>
| #endif
| #ifdef HAVE_INTTYPES_H
| # include <inttypes.h>
| #endif
| #ifdef HAVE_STDINT_H
| # include <stdint.h>
| #endif
| #ifdef HAVE_UNISTD_H
| # include <unistd.h>
| #endif
| 
| #include <inttypes.h>
configure:4974: result: no
configure:4931: checking for stdint.h
configure:4952: cc -c -g  conftest.c >&5
configure:4958: $? = 1
configure: failed program was:
| /* confdefs.h.  */
| #define PACKAGE_NAME ""
| #define PACKAGE_TARNAME ""
| #define PACKAGE_VERSION ""
| #define PACKAGE_STRING ""
| #define PACKAGE_BUGREPORT ""
| #define STDC_HEADERS 1
| #define HAVE_SYS_TYPES_H 1
| #define HAVE_SYS_STAT_H 1
| #define HAVE_STDLIB_H 1
| #define HAVE_STRING_H 1
| /* end confdefs.h.  */
| #include <stdio.h>
| #ifdef HAVE_SYS_TYPES_H
| # include <sys/types.h>
| #endif
| #ifdef HAVE_SYS_STAT_H
| # include <sys/stat.h>
| #endif
| #ifdef STDC_HEADERS
| # include <stdlib.h>
| # include <stddef.h>
| #else
| # ifdef HAVE_STDLIB_H
| #  include <stdlib.h>
| # endif
| #endif
| #ifdef HAVE_STRING_H
| # if !defined STDC_HEADERS && defined HAVE_MEMORY_H
| #  include <memory.h>
| # endif
| # include <string.h>
| #endif
| #ifdef HAVE_STRINGS_H
| # include <strings.h>
| #endif
| #ifdef HAVE_INTTYPES_H
| # include <inttypes.h>
| #endif
| #ifdef HAVE_STDINT_H
| # include <stdint.h>
| #endif
| #ifdef HAVE_UNISTD_H
| # include <unistd.h>
| #endif
| 
| #include <stdint.h>
configure:4974: result: no
configure:4931: checking for unistd.h
configure:4952: cc -c -g  conftest.c >&5
configure:4958: $? = 0
configure:4974: result: yes
configure:4992: checking for string.h
configure:4998: result: yes
configure:5002: checking stdarg.h usability
configure:5019: cc -c -g  conftest.c >&5
configure:5025: $? = 0
configure:5039: result: yes
configure:5043: checking stdarg.h presence
configure:5058: cc -E  conftest.c
configure:5064: $? = 0
configure:5078: result: yes
configure:5106: checking for stdarg.h
configure:5114: result: yes
configure:5132: checking whether cc understands -c and -o together
configure:5164: cc -c conftest.c -o conftest2.o >&5
configure:5167: $? = 0
configure:5173: cc -c conftest.c -o conftest2.o >&5
configure:5176: $? = 0
configure:5228: result: yes
configure:5240: checking for an ANSI C-conforming const
configure:5315: cc -c -g  conftest.c >&5
configure:5321: $? = 0
configure:5336: result: yes
configure:5353: checking for memcpy
configure:5409: cc -o conftest -g   conftest.c  >&5
configure:5415: $? = 0
configure:5433: result: yes
configure:5353: checking for memset
configure:5409: cc -o conftest -g   conftest.c  >&5
configure:5415: $? = 0
configure:5433: result: yes
configure:5353: checking for snprintf
configure:5409: cc -o conftest -g   conftest.c  >&5
configure:5415: $? = 0
configure:5433: result: yes
configure:5477: checking whether to use postlink
cc x1302.c y1302.c -o x1302
cc y1302.c x1302.c -o y1302
check whether x1302 returns '7' (yes)
check whether y1302 returns '7' (yes)
configure:5530: result: no
configure:5546: checking for _objcInit
configure:5602: cc -o conftest -g   conftest.c  >&5
main: undefined: _objcInit
configure:5608: $? = 1
configure: failed program was:
| /* confdefs.h.  */
| #define PACKAGE_NAME ""
| #define PACKAGE_TARNAME ""
| #define PACKAGE_VERSION ""
| #define PACKAGE_STRING ""
| #define PACKAGE_BUGREPORT ""
| #define STDC_HEADERS 1
| #define HAVE_SYS_TYPES_H 1
| #define HAVE_SYS_STAT_H 1
| #define HAVE_STDLIB_H 1
| #define HAVE_STRING_H 1
| #define HAVE_UNISTD_H 1
| #define HAVE_STRING_H 1
| #define HAVE_STDARG_H 1
| #define HAVE_MEMCPY 1
| #define HAVE_MEMSET 1
| #define HAVE_SNPRINTF 1
| /* end confdefs.h.  */
| /* Define _objcInit to an innocuous variant, in case <limits.h> declares _objcInit.
|    For example, HP-UX 11i <limits.h> declares gettimeofday.  */
| #define _objcInit innocuous__objcInit
| 
| /* System header to define __stub macros and hopefully few prototypes,
|     which can conflict with char _objcInit (); below.
|     Prefer <limits.h> to <assert.h> if __STDC__ is defined, since
|     <limits.h> exists even on freestanding compilers.  */
| 
| #ifdef __STDC__
| # include <limits.h>
| #else
| # include <assert.h>
| #endif
| 
| #undef _objcInit
| 
| /* Override any GCC internal prototype to avoid an error.
|    Use char because int might match the return type of a GCC
|    builtin and then its argument prototype would still apply.  */
| #ifdef __cplusplus
| extern "C"
| #endif
| char _objcInit ();
| /* The GNU C library defines this for functions which it implements
|     to always fail with ENOSYS.  Some functions are actually named
|     something starting with __ and the normal name is an alias.  */
| #if defined __stub__objcInit || defined __stub____objcInit
| choke me
| #endif
| 
| int
| main ()
| {
| return _objcInit ();
|   ;
|   return 0;
| }
configure:5625: result: no
configure:5812: creating ./config.status

## ---------------------- ##
## Running config.status. ##
## ---------------------- ##

This file was extended by config.status, which was
generated by GNU Autoconf 2.61.  Invocation command line was

  CONFIG_FILES    = 
  CONFIG_HEADERS  = 
  CONFIG_LINKS    = 
  CONFIG_COMMANDS = 
  $ ./config.status 

on gnot

config.status:681: creating Makefile
config.status:681: creating objc

## ---------------- ##
## Cache variables. ##
## ---------------- ##

ac_cv_build=i386-unknown-plan9
ac_cv_c_compiler_gnu=no
ac_cv_c_const=yes
ac_cv_cplus=no
ac_cv_env_CCC_set=
ac_cv_env_CCC_value=
ac_cv_env_CC_set=
ac_cv_env_CC_value=
ac_cv_env_CFLAGS_set=
ac_cv_env_CFLAGS_value=
ac_cv_env_CPPFLAGS_set=
ac_cv_env_CPPFLAGS_value=
ac_cv_env_CPP_set=
ac_cv_env_CPP_value=
ac_cv_env_CXXFLAGS_set=
ac_cv_env_CXXFLAGS_value=
ac_cv_env_CXX_set=
ac_cv_env_CXX_value=
ac_cv_env_LDFLAGS_set=
ac_cv_env_LDFLAGS_value=
ac_cv_env_LIBS_set=
ac_cv_env_LIBS_value=
ac_cv_env_build_alias_set=
ac_cv_env_build_alias_value=
ac_cv_env_host_alias_set=
ac_cv_env_host_alias_value=
ac_cv_env_target_alias_set=
ac_cv_env_target_alias_value=
ac_cv_func__objcInit=no
ac_cv_func_memcpy=yes
ac_cv_func_memset=yes
ac_cv_func_snprintf=yes
ac_cv_header_inttypes_h=no
ac_cv_header_memory_h=no
ac_cv_header_stdarg_h=yes
ac_cv_header_stdc=yes
ac_cv_header_stdint_h=no
ac_cv_header_stdlib_h=yes
ac_cv_header_string_h=yes
ac_cv_header_strings_h=no
ac_cv_header_sys_stat_h=yes
ac_cv_header_sys_types_h=yes
ac_cv_header_unistd_h=yes
ac_cv_host=i386-unknown-plan9
ac_cv_informix=no
ac_cv_longlinetags=no
ac_cv_objext=o
ac_cv_path_EGREP=/bin/egrep
ac_cv_path_GREP=grep
ac_cv_path_XOBJC=./objc
ac_cv_postlink=no
ac_cv_prefixed_names=no
ac_cv_prog_AR='ar cr'
ac_cv_prog_CAT=cat
ac_cv_prog_CC=cc
ac_cv_prog_CP='cp -p'
ac_cv_prog_CPP='cc -E'
ac_cv_prog_LEX=flex
ac_cv_prog_MKDIR=mkdir
ac_cv_prog_NM=nm
ac_cv_prog_OBJC='objc -q'
ac_cv_prog_RM='rm -f'
ac_cv_prog_TAR=tar
ac_cv_prog_YACC='byacc -d'
ac_cv_prog_ac_ct_RANLIB=ranlib
ac_cv_prog_cc_c89=
ac_cv_prog_cc_cc_c_o=yes
ac_cv_prog_cc_g=yes
ac_cv_prog_make_make_set=yes
ac_cv_shortlinetags=no
ac_cv_target=i386-unknown-plan9

## ----------------- ##
## Output variables. ##
## ----------------- ##

AOUTNAME='a.out'
AR='ar cr'
BINDOTSUFFIX=''
CAKIT_IFLAGS='-I. -noI -I../../include/objcrt'
CAT='cat'
CC='cc'
CCDOLLARFLAG=''
CCMINUSCFLAG='-c '
CCMINUSDFLAG='-D'
CCMINUSIFLAG='-I'
CCMINUSOFLAG='-o '
CCPLUS=''
CFLAGS='-g'
CP='cp -p'
CPP='cc -E'
CPPFILTER=''
CPPFLAGS=''
CPPIMPORTFLAG=''
CPPMINUSOFLAG='> '
CPPSUFFIX='P'
CPPWANTSDOTC='1'
CXX=''
CXXFLAGS=''
DBG_MFLAGS='-DDEBUG -g'
DEFS='-DPACKAGE_NAME=\"\" -DPACKAGE_TARNAME=\"\" -DPACKAGE_VERSION=\"\" -DPACKAGE_STRING=\"\" -DPACKAGE_BUGREPORT=\"\" -DSTDC_HEADERS=1 -DHAVE_SYS_TYPES_H=1 -DHAVE_SYS_STAT_H=1 -DHAVE_STDLIB_H=1 -DHAVE_STRING_H=1 -DHAVE_UNISTD_H=1 -DHAVE_STRING_H=1 -DHAVE_STDARG_H=1 -DHAVE_MEMCPY=1 -DHAVE_MEMSET=1 -DHAVE_SNPRINTF=1'
DLARGS='-bogus'
DLFILE='objcdlso.ld'
DLXCCARGS=''
DLXLDARGS=''
DOTSHLIBSUFFIX='.so'
ECHO_C=''
ECHO_N='-n'
ECHO_T=''
EGREP='/bin/egrep'
EXEEXT=''
FINAL_AR='echo'
GCPREFIX='/usr/local'
GCPREFIXC='/usr/local'
GREP='grep'
IISUFFIX='cc'
INITCALL='_objcInit'
INSTALLDIR='/usr/local'
INSTALLDIRC='/usr/local'
LD='cc'
LDFLAGS=''
LDMINUSOFLAG='-o '
LEX='flex'
LEXYYC='lex.yy.c'
LIBOBJS=''
LIBS=''
LIBSUFFIX='a'
LINKFORMAT='unix'
LTLIBOBJS=''
MFLAGS='OPT_MFLAGS'
MKDIR='mkdir'
NAME='objc-3.2.11'
NM='nm'
OBJC1FILTER=''
OBJC='objc -q'
OBJCRTEXPORT=''
OBJCRT_IFLAGS='-noI'
OBJCRT_LINUX='0'
OBJCRT_PROTOTYPE_MESSENGER='1'
OBJCRT_SCOPE_OBJCMODULES_EXTERN='0'
OBJCRT_USE_MEMSET='1'
OBJCRT_USE_PREFIXED_NAMES='0'
OBJCRT_USE_SNPRINTF='1'
OBJCRT_USE_STDARG='1'
OBJCRT_USE_YYLESS='1'
OBJC_BOOTLIBS='-noLibs ../oclib/oclib.a ../objpak/objpak.a ../objcrt/objcrt.a'
OBJC_HAVE_SYSTEM_CALL='1'
OBJC_IFLAGS='-I. -noI -I../../include/objcrt -I../../include/objpak -I../oclib'
OBJEXT='o'
OBJPAK_IFLAGS='-noI -I../../include/objcrt'
OBJSUFFIX='o'
OCLIB_IFLAGS='-noI -I../../include/objcrt -I../../include/objpak'
OC_CCARGS=''
OC_CPARGS='-D__PORTABLE_OBJC__ '
OC_LDARGS=''
OC_OCARGS='-gnu -noTags'
OPT_MFLAGS='-DNDEBUG'
PACKAGE_BUGREPORT=''
PACKAGE_NAME=''
PACKAGE_STRING=''
PACKAGE_TARNAME=''
PACKAGE_VERSION=''
PATHSEP='/'
PATHSEPC='/'
PATH_SEPARATOR=':'
PICFLAG='-fpic'
PICOCARGS=''
PLLDARGS=''
POSTLINK='0'
PRINTFSYSTEM=''
RANLIB='ranlib'
RM='rm -f'
RUNXSTR='n'
SET_MAKE=''
SHELL='/bin/sh'
SHORTCMDLINE='0'
SQLCC=''
SQLEXT='ec'
SQLINC=''
SQLLIBS=''
STATICFLAG='-static'
TAR='tar'
TARARGS=''
TARGET='i386-unknown-plan9'
USELFLAG='1'
WARNING='DO NOT EDIT -- configure objc-3.2.11 i386-unknown-plan9'
XOBJC='./objc'
YACC='byacc -d'
YTABC='y.tab.c'
YTABH='y.tab.h'
ac_ct_CC=''
ac_ct_CXX=''
bindir='${exec_prefix}/bin'
build='i386-unknown-plan9'
build_alias=''
build_cpu='i386'
build_os='plan9'
build_vendor='unknown'
datadir='${datarootdir}'
datarootdir='${prefix}/share'
docdir='${datarootdir}/doc/${PACKAGE}'
dvidir='${docdir}'
exec_prefix='${prefix}'
host='i386-unknown-plan9'
host_alias=''
host_cpu='i386'
host_os='plan9'
host_vendor='unknown'
htmldir='${docdir}'
includedir='${prefix}/include'
infodir='${datarootdir}/info'
libdir='${exec_prefix}/lib'
libexecdir='${exec_prefix}/libexec'
localedir='${datarootdir}/locale'
localstatedir='${prefix}/var'
mandir='${datarootdir}/man'
oldincludedir='/usr/include'
pdfdir='${docdir}'
prefix='/usr/local'
program_transform_name='s,x,x,'
psdir='${docdir}'
sbindir='${exec_prefix}/sbin'
sharedstatedir='${prefix}/com'
sysconfdir='${prefix}/etc'
target='i386-unknown-plan9'
target_alias=''
target_cpu='i386'
target_os='plan9'
target_vendor='unknown'

## ----------- ##
## confdefs.h. ##
## ----------- ##

#define PACKAGE_NAME ""
#define PACKAGE_TARNAME ""
#define PACKAGE_VERSION ""
#define PACKAGE_STRING ""
#define PACKAGE_BUGREPORT ""
#define STDC_HEADERS 1
#define HAVE_SYS_TYPES_H 1
#define HAVE_SYS_STAT_H 1
#define HAVE_STDLIB_H 1
#define HAVE_STRING_H 1
#define HAVE_UNISTD_H 1
#define HAVE_STRING_H 1
#define HAVE_STDARG_H 1
#define HAVE_MEMCPY 1
#define HAVE_MEMSET 1
#define HAVE_SNPRINTF 1

configure: exit 0
