This file contains any messages produced by compilers while
running configure, to aid debugging if configure makes a mistake.

It was created by libjpeg configure 9.0.0, which was
generated by GNU Autoconf 2.69.  Invocation command line was

  $ ./configure --prefix=/sys --exec-prefix=/386 --bindir=/386/bin/ape --includedir=/sys/include/ape --libdir=/386/lib/ape --disable-shared

## --------- ##
## Platform. ##
## --------- ##

hostname = cirno
uname -m = i386
uname -r = 4
uname -s = Plan9
uname -v = 0

/usr/bin/uname -p = unknown
/bin/uname -X     = unknown

/bin/arch              = unknown
/usr/bin/arch -k       = unknown
/usr/convex/getsysinfo = unknown
/usr/bin/hostinfo      = unknown
/bin/machine           = unknown
/usr/bin/oslevel       = unknown
/bin/universe          = unknown

PATH: /bin
PATH: .


## ----------- ##
## Core tests. ##
## ----------- ##

configure:2264: checking build system type
configure:2278: result: i386-unknown-plan9
configure:2298: checking host system type
configure:2311: result: i386-unknown-plan9
configure:2331: checking target system type
configure:2344: result: i386-unknown-plan9
configure:2389: checking for a BSD-compatible install
configure:2457: result: ./install-sh -c
configure:2468: checking whether build environment is sane
configure:2523: result: yes
configure:2674: checking for a thread-safe mkdir -p
configure:2713: result: ./install-sh -c -d
configure:2720: checking for gawk
configure:2736: found /bin/gawk
configure:2747: result: gawk
configure:2758: checking whether make sets $(MAKE)
configure:2780: result: yes
configure:2809: checking whether make supports nested variables
configure:2826: result: no
configure:2920: checking whether make supports nested variables
configure:2937: result: no
configure:2953: checking whether to enable maintainer-specific portions of Makefiles
configure:2962: result: no
configure:3025: checking for gcc
configure:3055: result: no
configure:3118: checking for cc
configure:3139: found /bin/cc
configure:3162: result: cc
configure:3281: checking for C compiler version
configure:3290: cc --version >&5
cc: flag -- ignored
cc: flag -e ignored
cc: flag -r ignored
cc: flag -i ignored
cc: no files to compile or load
configure:3301: $? = 1
configure:3290: cc -v >&5
cc: no files to compile or load
configure:3301: $? = 1
configure:3290: cc -V >&5
cc: flag -V ignored
cc: no files to compile or load
configure:3301: $? = 1
configure:3290: cc -qversion >&5
cc: flag -q ignored
cc: flag -e ignored
cc: flag -r ignored
cc: flag -i ignored
cc: no files to compile or load
configure:3301: $? = 1
configure:3321: checking whether the C compiler works
configure:3343: cc -D_POSIX_SOURCE -D_SUSV2_SOURCE -D_BSD_EXTENSION   conftest.c  >&5
configure:3347: $? = 0
configure:3395: result: yes
configure:3398: checking for C compiler default output file name
configure:3400: result: a.out
configure:3406: checking for suffix of executables
configure:3413: cc -o conftest -D_POSIX_SOURCE -D_SUSV2_SOURCE -D_BSD_EXTENSION   conftest.c  >&5
configure:3417: $? = 0
configure:3439: result: 
configure:3461: checking whether we are cross compiling
configure:3469: cc -o conftest -D_POSIX_SOURCE -D_SUSV2_SOURCE -D_BSD_EXTENSION   conftest.c  >&5
configure:3473: $? = 0
configure:3480: ./conftest
configure:3484: $? = 0
configure:3499: result: no
configure:3504: checking for suffix of object files
configure:3526: cc -c -D_POSIX_SOURCE -D_SUSV2_SOURCE -D_BSD_EXTENSION  conftest.c >&5
configure:3530: $? = 0
configure:3551: result: o
configure:3555: checking whether we are using the GNU C compiler
configure:3574: cc -c -D_POSIX_SOURCE -D_SUSV2_SOURCE -D_BSD_EXTENSION  conftest.c >&5
/usr/jens/dvl/jpeg-9/conftest.c:16[stdin:17] syntax error, last name: me
configure:3574: $? = 1
configure: failed program was:
| /* confdefs.h */
| #define PACKAGE_NAME "libjpeg"
| #define PACKAGE_TARNAME "libjpeg"
| #define PACKAGE_VERSION "9.0.0"
| #define PACKAGE_STRING "libjpeg 9.0.0"
| #define PACKAGE_BUGREPORT ""
| #define PACKAGE_URL ""
| #define PACKAGE "libjpeg"
| #define VERSION "9.0.0"
| /* end confdefs.h.  */
| 
| int
| main ()
| {
| #ifndef __GNUC__
|        choke me
| #endif
| 
|   ;
|   return 0;
| }
configure:3583: result: no
configure:3592: checking whether cc accepts -g
configure:3612: cc -c -g  conftest.c >&5
configure:3612: $? = 0
configure:3653: result: yes
configure:3670: checking for cc option to accept ISO C89
configure:3733: cc  -c -D_POSIX_SOURCE -D_SUSV2_SOURCE -D_BSD_EXTENSION  conftest.c >&5
configure:3733: $? = 0
configure:3746: result: none needed
configure:3777: checking for style of include used by make
configure:3805: result: GNU
configure:3831: checking dependency style of cc
configure:3942: result: none
configure:3961: checking for cc option to accept ISO C99
configure:4110: cc  -c -D_POSIX_SOURCE -D_SUSV2_SOURCE -D_BSD_EXTENSION  conftest.c >&5
/usr/jens/dvl/jpeg-9/conftest.c:110[stdin:2637] syntax error, last name: success
/usr/jens/dvl/jpeg-9/conftest.c:137[stdin:2664] array size must be a positive constant
/usr/jens/dvl/jpeg-9/conftest.c:114[stdin:2641] name not declared: success
/usr/jens/dvl/jpeg-9/conftest.c:114[stdin:2641] name not declared: true
/usr/jens/dvl/jpeg-9/conftest.c:141[stdin:2668] name not declared: success
configure:4110: $? = 1
configure: failed program was:
| /* confdefs.h */
| #define PACKAGE_NAME "libjpeg"
| #define PACKAGE_TARNAME "libjpeg"
| #define PACKAGE_VERSION "9.0.0"
| #define PACKAGE_STRING "libjpeg 9.0.0"
| #define PACKAGE_BUGREPORT ""
| #define PACKAGE_URL ""
| #define PACKAGE "libjpeg"
| #define VERSION "9.0.0"
| /* end confdefs.h.  */
| #include <stdarg.h>
| #include <stdbool.h>
| #include <stdlib.h>
| #include <wchar.h>
| #include <stdio.h>
| 
| // Check varargs macros.  These examples are taken from C99 6.10.3.5.
| #define debug(...) fprintf (stderr, __VA_ARGS__)
| #define showlist(...) puts (#__VA_ARGS__)
| #define report(test,...) ((test) ? puts (#test) : printf (__VA_ARGS__))
| static void
| test_varargs_macros (void)
| {
|   int x = 1234;
|   int y = 5678;
|   debug ("Flag");
|   debug ("X = %d\n", x);
|   showlist (The first, second, and third items.);
|   report (x>y, "x is %d but y is %d", x, y);
| }
| 
| // Check long long types.
| #define BIG64 18446744073709551615ull
| #define BIG32 4294967295ul
| #define BIG_OK (BIG64 / BIG32 == 4294967297ull && BIG64 % BIG32 == 0)
| #if !BIG_OK
|   your preprocessor is broken;
| #endif
| #if BIG_OK
| #else
|   your preprocessor is broken;
| #endif
| static long long int bignum = -9223372036854775807LL;
| static unsigned long long int ubignum = BIG64;
| 
| struct incomplete_array
| {
|   int datasize;
|   double data[];
| };
| 
| struct named_init {
|   int number;
|   const wchar_t *name;
|   double average;
| };
| 
| typedef const char *ccp;
| 
| static inline int
| test_restrict (ccp restrict text)
| {
|   // See if C++-style comments work.
|   // Iterate through items via the restricted pointer.
|   // Also check for declarations in for loops.
|   for (unsigned int i = 0; *(text+i) != '\0'; ++i)
|     continue;
|   return 0;
| }
| 
| // Check varargs and va_copy.
| static void
| test_varargs (const char *format, ...)
| {
|   va_list args;
|   va_start (args, format);
|   va_list args_copy;
|   va_copy (args_copy, args);
| 
|   const char *str;
|   int number;
|   float fnumber;
| 
|   while (*format)
|     {
|       switch (*format++)
| 	{
| 	case 's': // string
| 	  str = va_arg (args_copy, const char *);
| 	  break;
| 	case 'd': // int
| 	  number = va_arg (args_copy, int);
| 	  break;
| 	case 'f': // float
| 	  fnumber = va_arg (args_copy, double);
| 	  break;
| 	default:
| 	  break;
| 	}
|     }
|   va_end (args_copy);
|   va_end (args);
| }
| 
| int
| main ()
| {
| 
|   // Check bool.
|   _Bool success = false;
| 
|   // Check restrict.
|   if (test_restrict ("String literal") == 0)
|     success = true;
|   char *restrict newvar = "Another string";
| 
|   // Check varargs.
|   test_varargs ("s, d' f .", "string", 65, 34.234);
|   test_varargs_macros ();
| 
|   // Check flexible array members.
|   struct incomplete_array *ia =
|     malloc (sizeof (struct incomplete_array) + (sizeof (double) * 10));
|   ia->datasize = 10;
|   for (int i = 0; i < ia->datasize; ++i)
|     ia->data[i] = i * 1.234;
| 
|   // Check named initializers.
|   struct named_init ni = {
|     .number = 34,
|     .name = L"Test wide string",
|     .average = 543.34343,
|   };
| 
|   ni.number = 58;
| 
|   int dynamic_array[ni.number];
|   dynamic_array[ni.number - 1] = 543;
| 
|   // work around unused variable warnings
|   return (!success || bignum == 0LL || ubignum == 0uLL || newvar[0] == 'x'
| 	  || dynamic_array[ni.number - 1] != 543);
| 
|   ;
|   return 0;
| }
configure:4110: cc -std=gnu99 -c -D_POSIX_SOURCE -D_SUSV2_SOURCE -D_BSD_EXTENSION  conftest.c >&5
/usr/jens/dvl/jpeg-9/conftest.c:110[stdin:2637] syntax error, last name: success
/usr/jens/dvl/jpeg-9/conftest.c:137[stdin:2664] array size must be a positive constant
/usr/jens/dvl/jpeg-9/conftest.c:114[stdin:2641] name not declared: success
/usr/jens/dvl/jpeg-9/conftest.c:114[stdin:2641] name not declared: true
/usr/jens/dvl/jpeg-9/conftest.c:141[stdin:2668] name not declared: success
configure:4110: $? = 1
configure: failed program was:
| /* confdefs.h */
| #define PACKAGE_NAME "libjpeg"
| #define PACKAGE_TARNAME "libjpeg"
| #define PACKAGE_VERSION "9.0.0"
| #define PACKAGE_STRING "libjpeg 9.0.0"
| #define PACKAGE_BUGREPORT ""
| #define PACKAGE_URL ""
| #define PACKAGE "libjpeg"
| #define VERSION "9.0.0"
| /* end confdefs.h.  */
| #include <stdarg.h>
| #include <stdbool.h>
| #include <stdlib.h>
| #include <wchar.h>
| #include <stdio.h>
| 
| // Check varargs macros.  These examples are taken from C99 6.10.3.5.
| #define debug(...) fprintf (stderr, __VA_ARGS__)
| #define showlist(...) puts (#__VA_ARGS__)
| #define report(test,...) ((test) ? puts (#test) : printf (__VA_ARGS__))
| static void
| test_varargs_macros (void)
| {
|   int x = 1234;
|   int y = 5678;
|   debug ("Flag");
|   debug ("X = %d\n", x);
|   showlist (The first, second, and third items.);
|   report (x>y, "x is %d but y is %d", x, y);
| }
| 
| // Check long long types.
| #define BIG64 18446744073709551615ull
| #define BIG32 4294967295ul
| #define BIG_OK (BIG64 / BIG32 == 4294967297ull && BIG64 % BIG32 == 0)
| #if !BIG_OK
|   your preprocessor is broken;
| #endif
| #if BIG_OK
| #else
|   your preprocessor is broken;
| #endif
| static long long int bignum = -9223372036854775807LL;
| static unsigned long long int ubignum = BIG64;
| 
| struct incomplete_array
| {
|   int datasize;
|   double data[];
| };
| 
| struct named_init {
|   int number;
|   const wchar_t *name;
|   double average;
| };
| 
| typedef const char *ccp;
| 
| static inline int
| test_restrict (ccp restrict text)
| {
|   // See if C++-style comments work.
|   // Iterate through items via the restricted pointer.
|   // Also check for declarations in for loops.
|   for (unsigned int i = 0; *(text+i) != '\0'; ++i)
|     continue;
|   return 0;
| }
| 
| // Check varargs and va_copy.
| static void
| test_varargs (const char *format, ...)
| {
|   va_list args;
|   va_start (args, format);
|   va_list args_copy;
|   va_copy (args_copy, args);
| 
|   const char *str;
|   int number;
|   float fnumber;
| 
|   while (*format)
|     {
|       switch (*format++)
| 	{
| 	case 's': // string
| 	  str = va_arg (args_copy, const char *);
| 	  break;
| 	case 'd': // int
| 	  number = va_arg (args_copy, int);
| 	  break;
| 	case 'f': // float
| 	  fnumber = va_arg (args_copy, double);
| 	  break;
| 	default:
| 	  break;
| 	}
|     }
|   va_end (args_copy);
|   va_end (args);
| }
| 
| int
| main ()
| {
| 
|   // Check bool.
|   _Bool success = false;
| 
|   // Check restrict.
|   if (test_restrict ("String literal") == 0)
|     success = true;
|   char *restrict newvar = "Another string";
| 
|   // Check varargs.
|   test_varargs ("s, d' f .", "string", 65, 34.234);
|   test_varargs_macros ();
| 
|   // Check flexible array members.
|   struct incomplete_array *ia =
|     malloc (sizeof (struct incomplete_array) + (sizeof (double) * 10));
|   ia->datasize = 10;
|   for (int i = 0; i < ia->datasize; ++i)
|     ia->data[i] = i * 1.234;
| 
|   // Check named initializers.
|   struct named_init ni = {
|     .number = 34,
|     .name = L"Test wide string",
|     .average = 543.34343,
|   };
| 
|   ni.number = 58;
| 
|   int dynamic_array[ni.number];
|   dynamic_array[ni.number - 1] = 543;
| 
|   // work around unused variable warnings
|   return (!success || bignum == 0LL || ubignum == 0uLL || newvar[0] == 'x'
| 	  || dynamic_array[ni.number - 1] != 543);
| 
|   ;
|   return 0;
| }
configure:4110: cc -std=c99 -c -D_POSIX_SOURCE -D_SUSV2_SOURCE -D_BSD_EXTENSION  conftest.c >&5
/usr/jens/dvl/jpeg-9/conftest.c:110[stdin:2637] syntax error, last name: success
/usr/jens/dvl/jpeg-9/conftest.c:137[stdin:2664] array size must be a positive constant
/usr/jens/dvl/jpeg-9/conftest.c:114[stdin:2641] name not declared: success
/usr/jens/dvl/jpeg-9/conftest.c:114[stdin:2641] name not declared: true
/usr/jens/dvl/jpeg-9/conftest.c:141[stdin:2668] name not declared: success
configure:4110: $? = 1
configure: failed program was:
| /* confdefs.h */
| #define PACKAGE_NAME "libjpeg"
| #define PACKAGE_TARNAME "libjpeg"
| #define PACKAGE_VERSION "9.0.0"
| #define PACKAGE_STRING "libjpeg 9.0.0"
| #define PACKAGE_BUGREPORT ""
| #define PACKAGE_URL ""
| #define PACKAGE "libjpeg"
| #define VERSION "9.0.0"
| /* end confdefs.h.  */
| #include <stdarg.h>
| #include <stdbool.h>
| #include <stdlib.h>
| #include <wchar.h>
| #include <stdio.h>
| 
| // Check varargs macros.  These examples are taken from C99 6.10.3.5.
| #define debug(...) fprintf (stderr, __VA_ARGS__)
| #define showlist(...) puts (#__VA_ARGS__)
| #define report(test,...) ((test) ? puts (#test) : printf (__VA_ARGS__))
| static void
| test_varargs_macros (void)
| {
|   int x = 1234;
|   int y = 5678;
|   debug ("Flag");
|   debug ("X = %d\n", x);
|   showlist (The first, second, and third items.);
|   report (x>y, "x is %d but y is %d", x, y);
| }
| 
| // Check long long types.
| #define BIG64 18446744073709551615ull
| #define BIG32 4294967295ul
| #define BIG_OK (BIG64 / BIG32 == 4294967297ull && BIG64 % BIG32 == 0)
| #if !BIG_OK
|   your preprocessor is broken;
| #endif
| #if BIG_OK
| #else
|   your preprocessor is broken;
| #endif
| static long long int bignum = -9223372036854775807LL;
| static unsigned long long int ubignum = BIG64;
| 
| struct incomplete_array
| {
|   int datasize;
|   double data[];
| };
| 
| struct named_init {
|   int number;
|   const wchar_t *name;
|   double average;
| };
| 
| typedef const char *ccp;
| 
| static inline int
| test_restrict (ccp restrict text)
| {
|   // See if C++-style comments work.
|   // Iterate through items via the restricted pointer.
|   // Also check for declarations in for loops.
|   for (unsigned int i = 0; *(text+i) != '\0'; ++i)
|     continue;
|   return 0;
| }
| 
| // Check varargs and va_copy.
| static void
| test_varargs (const char *format, ...)
| {
|   va_list args;
|   va_start (args, format);
|   va_list args_copy;
|   va_copy (args_copy, args);
| 
|   const char *str;
|   int number;
|   float fnumber;
| 
|   while (*format)
|     {
|       switch (*format++)
| 	{
| 	case 's': // string
| 	  str = va_arg (args_copy, const char *);
| 	  break;
| 	case 'd': // int
| 	  number = va_arg (args_copy, int);
| 	  break;
| 	case 'f': // float
| 	  fnumber = va_arg (args_copy, double);
| 	  break;
| 	default:
| 	  break;
| 	}
|     }
|   va_end (args_copy);
|   va_end (args);
| }
| 
| int
| main ()
| {
| 
|   // Check bool.
|   _Bool success = false;
| 
|   // Check restrict.
|   if (test_restrict ("String literal") == 0)
|     success = true;
|   char *restrict newvar = "Another string";
| 
|   // Check varargs.
|   test_varargs ("s, d' f .", "string", 65, 34.234);
|   test_varargs_macros ();
| 
|   // Check flexible array members.
|   struct incomplete_array *ia =
|     malloc (sizeof (struct incomplete_array) + (sizeof (double) * 10));
|   ia->datasize = 10;
|   for (int i = 0; i < ia->datasize; ++i)
|     ia->data[i] = i * 1.234;
| 
|   // Check named initializers.
|   struct named_init ni = {
|     .number = 34,
|     .name = L"Test wide string",
|     .average = 543.34343,
|   };
| 
|   ni.number = 58;
| 
|   int dynamic_array[ni.number];
|   dynamic_array[ni.number - 1] = 543;
| 
|   // work around unused variable warnings
|   return (!success || bignum == 0LL || ubignum == 0uLL || newvar[0] == 'x'
| 	  || dynamic_array[ni.number - 1] != 543);
| 
|   ;
|   return 0;
| }
configure:4110: cc -c99 -c -D_POSIX_SOURCE -D_SUSV2_SOURCE -D_BSD_EXTENSION  conftest.c >&5
/usr/jens/dvl/jpeg-9/conftest.c:110[stdin:2637] syntax error, last name: success
/usr/jens/dvl/jpeg-9/conftest.c:137[stdin:2664] array size must be a positive constant
/usr/jens/dvl/jpeg-9/conftest.c:114[stdin:2641] name not declared: success
/usr/jens/dvl/jpeg-9/conftest.c:114[stdin:2641] name not declared: true
/usr/jens/dvl/jpeg-9/conftest.c:141[stdin:2668] name not declared: success
configure:4110: $? = 1
configure: failed program was:
| /* confdefs.h */
| #define PACKAGE_NAME "libjpeg"
| #define PACKAGE_TARNAME "libjpeg"
| #define PACKAGE_VERSION "9.0.0"
| #define PACKAGE_STRING "libjpeg 9.0.0"
| #define PACKAGE_BUGREPORT ""
| #define PACKAGE_URL ""
| #define PACKAGE "libjpeg"
| #define VERSION "9.0.0"
| /* end confdefs.h.  */
| #include <stdarg.h>
| #include <stdbool.h>
| #include <stdlib.h>
| #include <wchar.h>
| #include <stdio.h>
| 
| // Check varargs macros.  These examples are taken from C99 6.10.3.5.
| #define debug(...) fprintf (stderr, __VA_ARGS__)
| #define showlist(...) puts (#__VA_ARGS__)
| #define report(test,...) ((test) ? puts (#test) : printf (__VA_ARGS__))
| static void
| test_varargs_macros (void)
| {
|   int x = 1234;
|   int y = 5678;
|   debug ("Flag");
|   debug ("X = %d\n", x);
|   showlist (The first, second, and third items.);
|   report (x>y, "x is %d but y is %d", x, y);
| }
| 
| // Check long long types.
| #define BIG64 18446744073709551615ull
| #define BIG32 4294967295ul
| #define BIG_OK (BIG64 / BIG32 == 4294967297ull && BIG64 % BIG32 == 0)
| #if !BIG_OK
|   your preprocessor is broken;
| #endif
| #if BIG_OK
| #else
|   your preprocessor is broken;
| #endif
| static long long int bignum = -9223372036854775807LL;
| static unsigned long long int ubignum = BIG64;
| 
| struct incomplete_array
| {
|   int datasize;
|   double data[];
| };
| 
| struct named_init {
|   int number;
|   const wchar_t *name;
|   double average;
| };
| 
| typedef const char *ccp;
| 
| static inline int
| test_restrict (ccp restrict text)
| {
|   // See if C++-style comments work.
|   // Iterate through items via the restricted pointer.
|   // Also check for declarations in for loops.
|   for (unsigned int i = 0; *(text+i) != '\0'; ++i)
|     continue;
|   return 0;
| }
| 
| // Check varargs and va_copy.
| static void
| test_varargs (const char *format, ...)
| {
|   va_list args;
|   va_start (args, format);
|   va_list args_copy;
|   va_copy (args_copy, args);
| 
|   const char *str;
|   int number;
|   float fnumber;
| 
|   while (*format)
|     {
|       switch (*format++)
| 	{
| 	case 's': // string
| 	  str = va_arg (args_copy, const char *);
| 	  break;
| 	case 'd': // int
| 	  number = va_arg (args_copy, int);
| 	  break;
| 	case 'f': // float
| 	  fnumber = va_arg (args_copy, double);
| 	  break;
| 	default:
| 	  break;
| 	}
|     }
|   va_end (args_copy);
|   va_end (args);
| }
| 
| int
| main ()
| {
| 
|   // Check bool.
|   _Bool success = false;
| 
|   // Check restrict.
|   if (test_restrict ("String literal") == 0)
|     success = true;
|   char *restrict newvar = "Another string";
| 
|   // Check varargs.
|   test_varargs ("s, d' f .", "string", 65, 34.234);
|   test_varargs_macros ();
| 
|   // Check flexible array members.
|   struct incomplete_array *ia =
|     malloc (sizeof (struct incomplete_array) + (sizeof (double) * 10));
|   ia->datasize = 10;
|   for (int i = 0; i < ia->datasize; ++i)
|     ia->data[i] = i * 1.234;
| 
|   // Check named initializers.
|   struct named_init ni = {
|     .number = 34,
|     .name = L"Test wide string",
|     .average = 543.34343,
|   };
| 
|   ni.number = 58;
| 
|   int dynamic_array[ni.number];
|   dynamic_array[ni.number - 1] = 543;
| 
|   // work around unused variable warnings
|   return (!success || bignum == 0LL || ubignum == 0uLL || newvar[0] == 'x'
| 	  || dynamic_array[ni.number - 1] != 543);
| 
|   ;
|   return 0;
| }
configure:4110: cc -AC99 -c -D_POSIX_SOURCE -D_SUSV2_SOURCE -D_BSD_EXTENSION  conftest.c >&5
/usr/jens/dvl/jpeg-9/conftest.c:78[stdin:2605] function args not checked: va_copy
/usr/jens/dvl/jpeg-9/conftest.c:110[stdin:2637] syntax error, last name: success
/usr/jens/dvl/jpeg-9/conftest.c:137[stdin:2664] array size must be a positive constant
/usr/jens/dvl/jpeg-9/conftest.c:114[stdin:2641] name not declared: success
/usr/jens/dvl/jpeg-9/conftest.c:114[stdin:2641] name not declared: true
/usr/jens/dvl/jpeg-9/conftest.c:141[stdin:2668] name not declared: success
configure:4110: $? = 1
configure: failed program was:
| /* confdefs.h */
| #define PACKAGE_NAME "libjpeg"
| #define PACKAGE_TARNAME "libjpeg"
| #define PACKAGE_VERSION "9.0.0"
| #define PACKAGE_STRING "libjpeg 9.0.0"
| #define PACKAGE_BUGREPORT ""
| #define PACKAGE_URL ""
| #define PACKAGE "libjpeg"
| #define VERSION "9.0.0"
| /* end confdefs.h.  */
| #include <stdarg.h>
| #include <stdbool.h>
| #include <stdlib.h>
| #include <wchar.h>
| #include <stdio.h>
| 
| // Check varargs macros.  These examples are taken from C99 6.10.3.5.
| #define debug(...) fprintf (stderr, __VA_ARGS__)
| #define showlist(...) puts (#__VA_ARGS__)
| #define report(test,...) ((test) ? puts (#test) : printf (__VA_ARGS__))
| static void
| test_varargs_macros (void)
| {
|   int x = 1234;
|   int y = 5678;
|   debug ("Flag");
|   debug ("X = %d\n", x);
|   showlist (The first, second, and third items.);
|   report (x>y, "x is %d but y is %d", x, y);
| }
| 
| // Check long long types.
| #define BIG64 18446744073709551615ull
| #define BIG32 4294967295ul
| #define BIG_OK (BIG64 / BIG32 == 4294967297ull && BIG64 % BIG32 == 0)
| #if !BIG_OK
|   your preprocessor is broken;
| #endif
| #if BIG_OK
| #else
|   your preprocessor is broken;
| #endif
| static long long int bignum = -9223372036854775807LL;
| static unsigned long long int ubignum = BIG64;
| 
| struct incomplete_array
| {
|   int datasize;
|   double data[];
| };
| 
| struct named_init {
|   int number;
|   const wchar_t *name;
|   double average;
| };
| 
| typedef const char *ccp;
| 
| static inline int
| test_restrict (ccp restrict text)
| {
|   // See if C++-style comments work.
|   // Iterate through items via the restricted pointer.
|   // Also check for declarations in for loops.
|   for (unsigned int i = 0; *(text+i) != '\0'; ++i)
|     continue;
|   return 0;
| }
| 
| // Check varargs and va_copy.
| static void
| test_varargs (const char *format, ...)
| {
|   va_list args;
|   va_start (args, format);
|   va_list args_copy;
|   va_copy (args_copy, args);
| 
|   const char *str;
|   int number;
|   float fnumber;
| 
|   while (*format)
|     {
|       switch (*format++)
| 	{
| 	case 's': // string
| 	  str = va_arg (args_copy, const char *);
| 	  break;
| 	case 'd': // int
| 	  number = va_arg (args_copy, int);
| 	  break;
| 	case 'f': // float
| 	  fnumber = va_arg (args_copy, double);
| 	  break;
| 	default:
| 	  break;
| 	}
|     }
|   va_end (args_copy);
|   va_end (args);
| }
| 
| int
| main ()
| {
| 
|   // Check bool.
|   _Bool success = false;
| 
|   // Check restrict.
|   if (test_restrict ("String literal") == 0)
|     success = true;
|   char *restrict newvar = "Another string";
| 
|   // Check varargs.
|   test_varargs ("s, d' f .", "string", 65, 34.234);
|   test_varargs_macros ();
| 
|   // Check flexible array members.
|   struct incomplete_array *ia =
|     malloc (sizeof (struct incomplete_array) + (sizeof (double) * 10));
|   ia->datasize = 10;
|   for (int i = 0; i < ia->datasize; ++i)
|     ia->data[i] = i * 1.234;
| 
|   // Check named initializers.
|   struct named_init ni = {
|     .number = 34,
|     .name = L"Test wide string",
|     .average = 543.34343,
|   };
| 
|   ni.number = 58;
| 
|   int dynamic_array[ni.number];
|   dynamic_array[ni.number - 1] = 543;
| 
|   // work around unused variable warnings
|   return (!success || bignum == 0LL || ubignum == 0uLL || newvar[0] == 'x'
| 	  || dynamic_array[ni.number - 1] != 543);
| 
|   ;
|   return 0;
| }
configure:4110: cc -D_STDC_C99= -c -D_POSIX_SOURCE -D_SUSV2_SOURCE -D_BSD_EXTENSION  conftest.c >&5
/usr/jens/dvl/jpeg-9/conftest.c:110[stdin:2637] syntax error, last name: success
/usr/jens/dvl/jpeg-9/conftest.c:137[stdin:2664] array size must be a positive constant
/usr/jens/dvl/jpeg-9/conftest.c:114[stdin:2641] name not declared: success
/usr/jens/dvl/jpeg-9/conftest.c:114[stdin:2641] name not declared: true
/usr/jens/dvl/jpeg-9/conftest.c:141[stdin:2668] name not declared: success
configure:4110: $? = 1
configure: failed program was:
| /* confdefs.h */
| #define PACKAGE_NAME "libjpeg"
| #define PACKAGE_TARNAME "libjpeg"
| #define PACKAGE_VERSION "9.0.0"
| #define PACKAGE_STRING "libjpeg 9.0.0"
| #define PACKAGE_BUGREPORT ""
| #define PACKAGE_URL ""
| #define PACKAGE "libjpeg"
| #define VERSION "9.0.0"
| /* end confdefs.h.  */
| #include <stdarg.h>
| #include <stdbool.h>
| #include <stdlib.h>
| #include <wchar.h>
| #include <stdio.h>
| 
| // Check varargs macros.  These examples are taken from C99 6.10.3.5.
| #define debug(...) fprintf (stderr, __VA_ARGS__)
| #define showlist(...) puts (#__VA_ARGS__)
| #define report(test,...) ((test) ? puts (#test) : printf (__VA_ARGS__))
| static void
| test_varargs_macros (void)
| {
|   int x = 1234;
|   int y = 5678;
|   debug ("Flag");
|   debug ("X = %d\n", x);
|   showlist (The first, second, and third items.);
|   report (x>y, "x is %d but y is %d", x, y);
| }
| 
| // Check long long types.
| #define BIG64 18446744073709551615ull
| #define BIG32 4294967295ul
| #define BIG_OK (BIG64 / BIG32 == 4294967297ull && BIG64 % BIG32 == 0)
| #if !BIG_OK
|   your preprocessor is broken;
| #endif
| #if BIG_OK
| #else
|   your preprocessor is broken;
| #endif
| static long long int bignum = -9223372036854775807LL;
| static unsigned long long int ubignum = BIG64;
| 
| struct incomplete_array
| {
|   int datasize;
|   double data[];
| };
| 
| struct named_init {
|   int number;
|   const wchar_t *name;
|   double average;
| };
| 
| typedef const char *ccp;
| 
| static inline int
| test_restrict (ccp restrict text)
| {
|   // See if C++-style comments work.
|   // Iterate through items via the restricted pointer.
|   // Also check for declarations in for loops.
|   for (unsigned int i = 0; *(text+i) != '\0'; ++i)
|     continue;
|   return 0;
| }
| 
| // Check varargs and va_copy.
| static void
| test_varargs (const char *format, ...)
| {
|   va_list args;
|   va_start (args, format);
|   va_list args_copy;
|   va_copy (args_copy, args);
| 
|   const char *str;
|   int number;
|   float fnumber;
| 
|   while (*format)
|     {
|       switch (*format++)
| 	{
| 	case 's': // string
| 	  str = va_arg (args_copy, const char *);
| 	  break;
| 	case 'd': // int
| 	  number = va_arg (args_copy, int);
| 	  break;
| 	case 'f': // float
| 	  fnumber = va_arg (args_copy, double);
| 	  break;
| 	default:
| 	  break;
| 	}
|     }
|   va_end (args_copy);
|   va_end (args);
| }
| 
| int
| main ()
| {
| 
|   // Check bool.
|   _Bool success = false;
| 
|   // Check restrict.
|   if (test_restrict ("String literal") == 0)
|     success = true;
|   char *restrict newvar = "Another string";
| 
|   // Check varargs.
|   test_varargs ("s, d' f .", "string", 65, 34.234);
|   test_varargs_macros ();
| 
|   // Check flexible array members.
|   struct incomplete_array *ia =
|     malloc (sizeof (struct incomplete_array) + (sizeof (double) * 10));
|   ia->datasize = 10;
|   for (int i = 0; i < ia->datasize; ++i)
|     ia->data[i] = i * 1.234;
| 
|   // Check named initializers.
|   struct named_init ni = {
|     .number = 34,
|     .name = L"Test wide string",
|     .average = 543.34343,
|   };
| 
|   ni.number = 58;
| 
|   int dynamic_array[ni.number];
|   dynamic_array[ni.number - 1] = 543;
| 
|   // work around unused variable warnings
|   return (!success || bignum == 0LL || ubignum == 0uLL || newvar[0] == 'x'
| 	  || dynamic_array[ni.number - 1] != 543);
| 
|   ;
|   return 0;
| }
configure:4110: cc -qlanglvl=extc99 -c -D_POSIX_SOURCE -D_SUSV2_SOURCE -D_BSD_EXTENSION  conftest.c >&5
/usr/jens/dvl/jpeg-9/conftest.c:110[stdin:2637] syntax error, last name: success
/usr/jens/dvl/jpeg-9/conftest.c:137[stdin:2664] array size must be a positive constant
/usr/jens/dvl/jpeg-9/conftest.c:114[stdin:2641] name not declared: success
/usr/jens/dvl/jpeg-9/conftest.c:114[stdin:2641] name not declared: true
/usr/jens/dvl/jpeg-9/conftest.c:141[stdin:2668] name not declared: success
configure:4110: $? = 1
configure: failed program was:
| /* confdefs.h */
| #define PACKAGE_NAME "libjpeg"
| #define PACKAGE_TARNAME "libjpeg"
| #define PACKAGE_VERSION "9.0.0"
| #define PACKAGE_STRING "libjpeg 9.0.0"
| #define PACKAGE_BUGREPORT ""
| #define PACKAGE_URL ""
| #define PACKAGE "libjpeg"
| #define VERSION "9.0.0"
| /* end confdefs.h.  */
| #include <stdarg.h>
| #include <stdbool.h>
| #include <stdlib.h>
| #include <wchar.h>
| #include <stdio.h>
| 
| // Check varargs macros.  These examples are taken from C99 6.10.3.5.
| #define debug(...) fprintf (stderr, __VA_ARGS__)
| #define showlist(...) puts (#__VA_ARGS__)
| #define report(test,...) ((test) ? puts (#test) : printf (__VA_ARGS__))
| static void
| test_varargs_macros (void)
| {
|   int x = 1234;
|   int y = 5678;
|   debug ("Flag");
|   debug ("X = %d\n", x);
|   showlist (The first, second, and third items.);
|   report (x>y, "x is %d but y is %d", x, y);
| }
| 
| // Check long long types.
| #define BIG64 18446744073709551615ull
| #define BIG32 4294967295ul
| #define BIG_OK (BIG64 / BIG32 == 4294967297ull && BIG64 % BIG32 == 0)
| #if !BIG_OK
|   your preprocessor is broken;
| #endif
| #if BIG_OK
| #else
|   your preprocessor is broken;
| #endif
| static long long int bignum = -9223372036854775807LL;
| static unsigned long long int ubignum = BIG64;
| 
| struct incomplete_array
| {
|   int datasize;
|   double data[];
| };
| 
| struct named_init {
|   int number;
|   const wchar_t *name;
|   double average;
| };
| 
| typedef const char *ccp;
| 
| static inline int
| test_restrict (ccp restrict text)
| {
|   // See if C++-style comments work.
|   // Iterate through items via the restricted pointer.
|   // Also check for declarations in for loops.
|   for (unsigned int i = 0; *(text+i) != '\0'; ++i)
|     continue;
|   return 0;
| }
| 
| // Check varargs and va_copy.
| static void
| test_varargs (const char *format, ...)
| {
|   va_list args;
|   va_start (args, format);
|   va_list args_copy;
|   va_copy (args_copy, args);
| 
|   const char *str;
|   int number;
|   float fnumber;
| 
|   while (*format)
|     {
|       switch (*format++)
| 	{
| 	case 's': // string
| 	  str = va_arg (args_copy, const char *);
| 	  break;
| 	case 'd': // int
| 	  number = va_arg (args_copy, int);
| 	  break;
| 	case 'f': // float
| 	  fnumber = va_arg (args_copy, double);
| 	  break;
| 	default:
| 	  break;
| 	}
|     }
|   va_end (args_copy);
|   va_end (args);
| }
| 
| int
| main ()
| {
| 
|   // Check bool.
|   _Bool success = false;
| 
|   // Check restrict.
|   if (test_restrict ("String literal") == 0)
|     success = true;
|   char *restrict newvar = "Another string";
| 
|   // Check varargs.
|   test_varargs ("s, d' f .", "string", 65, 34.234);
|   test_varargs_macros ();
| 
|   // Check flexible array members.
|   struct incomplete_array *ia =
|     malloc (sizeof (struct incomplete_array) + (sizeof (double) * 10));
|   ia->datasize = 10;
|   for (int i = 0; i < ia->datasize; ++i)
|     ia->data[i] = i * 1.234;
| 
|   // Check named initializers.
|   struct named_init ni = {
|     .number = 34,
|     .name = L"Test wide string",
|     .average = 543.34343,
|   };
| 
|   ni.number = 58;
| 
|   int dynamic_array[ni.number];
|   dynamic_array[ni.number - 1] = 543;
| 
|   // work around unused variable warnings
|   return (!success || bignum == 0LL || ubignum == 0uLL || newvar[0] == 'x'
| 	  || dynamic_array[ni.number - 1] != 543);
| 
|   ;
|   return 0;
| }
configure:4126: result: unsupported
configure:4136: checking for cc option to accept ISO C89
configure:4212: result: none needed
configure:4231: checking for cc option to accept ISO Standard C
configure:4242: result: none needed
configure:4254: checking how to run the C preprocessor
configure:4285: cc -E  conftest.c
configure:4285: $? = 0
configure:4299: cc -E  conftest.c
configure:4299: $? = 1
configure: failed program was:
| /* confdefs.h */
| #define PACKAGE_NAME "libjpeg"
| #define PACKAGE_TARNAME "libjpeg"
| #define PACKAGE_VERSION "9.0.0"
| #define PACKAGE_STRING "libjpeg 9.0.0"
| #define PACKAGE_BUGREPORT ""
| #define PACKAGE_URL ""
| #define PACKAGE "libjpeg"
| #define VERSION "9.0.0"
| /* end confdefs.h.  */
| #include <ac_nonexistent.h>
configure:4324: result: cc -E
configure:4344: cc -E  conftest.c
configure:4344: $? = 0
configure:4358: cc -E  conftest.c
configure:4358: $? = 1
configure: failed program was:
| /* confdefs.h */
| #define PACKAGE_NAME "libjpeg"
| #define PACKAGE_TARNAME "libjpeg"
| #define PACKAGE_VERSION "9.0.0"
| #define PACKAGE_STRING "libjpeg 9.0.0"
| #define PACKAGE_BUGREPORT ""
| #define PACKAGE_URL ""
| #define PACKAGE "libjpeg"
| #define VERSION "9.0.0"
| /* end confdefs.h.  */
| #include <ac_nonexistent.h>
configure:4387: checking whether make sets $(MAKE)
configure:4409: result: yes
configure:4418: checking whether ln -s works
configure:4425: result: no, using cp
configure:4479: checking for ar
configure:4495: found /bin/ar
configure:4506: result: ar
configure:4532: checking the archiver (ar) interface
configure:4542: cc -c -D_POSIX_SOURCE -D_SUSV2_SOURCE -D_BSD_EXTENSION  conftest.c >&5
configure:4542: $? = 0
configure:4544: ar cru libconftest.a conftest.o >&5
configure:4547: $? = 0
configure:4570: result: ar
configure:4599: checking if LD -Wl,--version-script works
configure:4623: cc -o conftest -D_POSIX_SOURCE -D_SUSV2_SOURCE -D_BSD_EXTENSION   -Wl,--version-script=conftest.map conftest.c  >&5
HEADER = -H0x2 -T0x1020 -D0x0 -R0x1000
inuxi = 0 01 0123
fnuxi = 0123 01234567
 0.00 ldobj: conftest.o
 0.01 ldobj: /386/lib/ape/libap.a
 0.01 library pass: /386/lib/ape/libap.a
 0.01 library: /386/lib/ape/libap.a(_main)
 0.01 library: /386/lib/ape/libap.a(exit)
 0.01 library: /386/lib/ape/libap.a(_exit)
 0.01 library: /386/lib/ape/libap.a(environ)
 0.01 library: /386/lib/ape/libap.a(strtoul)
 0.01 library: /386/lib/ape/libap.a(strncpy)
 0.01 library: /386/lib/ape/libap.a(strcmp)
 0.01 library pass: /386/lib/ape/libap.a
 0.01 library: /386/lib/ape/libap.a(strlen)
 0.01 library: /386/lib/ape/libap.a(strcpy)
 0.01 library: /386/lib/ape/libap.a(memset)
 0.01 library: /386/lib/ape/libap.a(memcpy)
 0.01 library: /386/lib/ape/libap.a(memchr)
 0.01 library: /386/lib/ape/libap.a(_OPEN)
 0.01 library: /386/lib/ape/libap.a(_NOTIFY)
 0.01 library: /386/lib/ape/libap.a(_EXITS)
 0.01 library: /386/lib/ape/libap.a(_CLOSE)
 0.01 library: /386/lib/ape/libap.a(_sighdlr)
 0.01 library: /386/lib/ape/libap.a(free)
 0.01 library: /386/lib/ape/libap.a(kill)
 0.01 library: /386/lib/ape/libap.a(getpid)
 0.02 library: /386/lib/ape/libap.a(getpgrp)
 0.02 library: /386/lib/ape/libap.a(_dirreadall)
 0.02 library: /386/lib/ape/libap.a(_convM2D)
 0.02 library: /386/lib/ape/libap.a(close)
 0.02 library: /386/lib/ape/libap.a(sbrk)
 0.02 library: /386/lib/ape/libap.a(_READ)
 0.02 library: /386/lib/ape/libap.a(_fdinfo)
 0.02 library: /386/lib/ape/libap.a(_syserrno)
 0.02 library: /386/lib/ape/libap.a(_closebuf)
 0.02 library: /386/lib/ape/libap.a(strstr)
 0.02 library: /386/lib/ape/libap.a(strncmp)
 0.02 library: /386/lib/ape/libap.a(atoi)
 0.02 library: /386/lib/ape/libap.a(abort)
 0.02 library pass: /386/lib/ape/libap.a
 0.02 library: /386/lib/ape/libap.a(strchr)
 0.02 library: /386/lib/ape/libap.a(strcat)
 0.02 library: /386/lib/ape/libap.a(_notetramp)
 0.02 library: /386/lib/ape/libap.a(memmove)
 0.02 library: /386/lib/ape/libap.a(unlock)
 0.02 library: /386/lib/ape/libap.a(_SLEEP)
 0.02 library: /386/lib/ape/libap.a(_SEGDETACH)
 0.02 library: /386/lib/ape/libap.a(_SEGBRK)
 0.02 library: /386/lib/ape/libap.a(_SEGATTACH)
 0.02 library: /386/lib/ape/libap.a(_RFORK)
 0.02 library: /386/lib/ape/libap.a(_RENDEZVOUS)
 0.02 library: /386/lib/ape/libap.a(_PREAD)
 0.02 library: /386/lib/ape/libap.a(_NOTED)
 0.02 library: /386/lib/ape/libap.a(_ERRSTR)
 0.02 library: /386/lib/ape/libap.a(_BRK_)
 0.02 library: /386/lib/ape/libap.a(sprintf)
 0.02 library: /386/lib/ape/libap.a(_IO_sopenw)
 0.02 library: /386/lib/ape/libap.a(setvbuf)
 0.02 library: /386/lib/ape/libap.a(_IO_sclose)
 0.02 library: /386/lib/ape/libap.a(atexit)
 0.02 library: /386/lib/ape/libap.a(write)
 0.02 library: /386/lib/ape/libap.a(_psigblocked)
 0.02 library: /386/lib/ape/libap.a(setpgid)
 0.02 library: /386/lib/ape/libap.a(read)
 0.02 library: /386/lib/ape/libap.a(open)
 0.02 library: /386/lib/ape/libap.a(_isatty)
 0.02 library: /386/lib/ape/libap.a(fstat)
 0.02 library: /386/lib/ape/libap.a(_dirtostat)
 0.02 library: /386/lib/ape/libap.a(_dirfstat)
 0.02 library: /386/lib/ape/libap.a(_convD2M)
 0.02 library: /386/lib/ape/libap.a(access)
 0.02 library: /386/lib/ape/libap.a(_WRITE)
 0.02 library: /386/lib/ape/libap.a(_getpw)
 0.02 library: /386/lib/ape/libap.a(strtol)
 0.02 library pass: /386/lib/ape/libap.a
 0.03 library: /386/lib/ape/libap.a(tas)
 0.03 library: /386/lib/ape/libap.a(longjmp)
 0.03 library: /386/lib/ape/libap.a(memcmp)
 0.03 library: /386/lib/ape/libap.a(_WSTAT)
 0.03 library: /386/lib/ape/libap.a(_STAT)
 0.03 library: /386/lib/ape/libap.a(_SEEK)
 0.03 library: /386/lib/ape/libap.a(_PWRITE)
 0.03 library: /386/lib/ape/libap.a(_FWSTAT)
 0.03 library: /386/lib/ape/libap.a(_FSTAT)
 0.03 library: /386/lib/ape/libap.a(_FD2PATH)
 0.03 library: /386/lib/ape/libap.a(_CREATE)
 0.03 library: /386/lib/ape/libap.a(vfprintf)
 0.03 library: /386/lib/ape/libap.a(_IO_stream)
 0.03 library: /386/lib/ape/libap.a(fputs)
 0.03 library: /386/lib/ape/libap.a(ferror)
 0.03 library: /386/lib/ape/libap.a(_dtoa)
 0.03 library: /386/lib/ape/libap.a(_IO_putc)
 0.03 library: /386/lib/ape/libap.a(stat)
 0.03 library: /386/lib/ape/libap.a(lseek)
 0.03 library: /386/lib/ape/libap.a(floor)
 0.03 library pass: /386/lib/ape/libap.a
 0.03 library: /386/lib/ape/libap.a(_divvu)
 0.03 library: /386/lib/ape/libap.a(_mul64by32)
 0.03 library: /386/lib/ape/libap.a(fflush)
 0.03 library: /386/lib/ape/libap.a(_Balloc)
 0.03 library: /386/lib/ape/libap.a(modf)
 0.03 library pass: /386/lib/ape/libap.a
 0.03 autolib: /386/lib/ape/libap.a (from /386/lib/ape/libap.a(exit))
 0.03 ldobj: /386/lib/ape/libap.a
 0.03 library pass: /386/lib/ape/libap.a
 0.03 autolib: /386/lib/ape/libbsd.a (from /386/lib/ape/libap.a(_exit))
 0.03 ldobj: /386/lib/ape/libbsd.a
 0.03 library pass: /386/lib/ape/libbsd.a
 0.03 mkfwd
 0.03 patch
 0.03 follow
 0.03 dodata
 0.04 span
 0.04 span 1
 0.04 span 2
 0.04 span 3
 0.04 span
 0.05 span 4
etext = a751
 0.05 asmb
 0.05 datblk
 0.05 headr
 0.05 cpu time
1014 symbols
1500000 memory used
16 sizeof adr
60 sizeof prog
configure:4623: $? = 0
configure: failed program was:
| /* confdefs.h */
| #define PACKAGE_NAME "libjpeg"
| #define PACKAGE_TARNAME "libjpeg"
| #define PACKAGE_VERSION "9.0.0"
| #define PACKAGE_STRING "libjpeg 9.0.0"
| #define PACKAGE_BUGREPORT ""
| #define PACKAGE_URL ""
| #define PACKAGE "libjpeg"
| #define VERSION "9.0.0"
| /* end confdefs.h.  */
| 
| int
| main ()
| {
| 
|   ;
|   return 0;
| }
configure:4632: result: no
configure:4645: checking for function prototypes
configure:4665: cc -c -D_POSIX_SOURCE -D_SUSV2_SOURCE -D_BSD_EXTENSION  conftest.c >&5
configure:4665: $? = 0
configure:4673: result: yes
configure:4694: checking for grep that handles long lines and -e
configure:4752: result: grep
configure:4757: checking for egrep
configure:4819: result: /bin/egrep
configure:4824: checking for ANSI C header files
configure:4844: cc -c -D_POSIX_SOURCE -D_SUSV2_SOURCE -D_BSD_EXTENSION  conftest.c >&5
configure:4844: $? = 0
configure:4917: cc -o conftest -D_POSIX_SOURCE -D_SUSV2_SOURCE -D_BSD_EXTENSION   conftest.c  >&5
configure:4917: $? = 0
configure:4917: ./conftest
configure:4917: $? = 0
configure:4928: result: yes
configure:4941: checking for sys/types.h
configure:4941: cc -c -D_POSIX_SOURCE -D_SUSV2_SOURCE -D_BSD_EXTENSION  conftest.c >&5
configure:4941: $? = 0
configure:4941: result: yes
configure:4941: checking for sys/stat.h
configure:4941: cc -c -D_POSIX_SOURCE -D_SUSV2_SOURCE -D_BSD_EXTENSION  conftest.c >&5
configure:4941: $? = 0
configure:4941: result: yes
configure:4941: checking for stdlib.h
configure:4941: cc -c -D_POSIX_SOURCE -D_SUSV2_SOURCE -D_BSD_EXTENSION  conftest.c >&5
configure:4941: $? = 0
configure:4941: result: yes
configure:4941: checking for string.h
configure:4941: cc -c -D_POSIX_SOURCE -D_SUSV2_SOURCE -D_BSD_EXTENSION  conftest.c >&5
configure:4941: $? = 0
configure:4941: result: yes
configure:4941: checking for memory.h
configure:4941: cc -c -D_POSIX_SOURCE -D_SUSV2_SOURCE -D_BSD_EXTENSION  conftest.c >&5
configure:4941: $? = 1
configure: failed program was:
| /* confdefs.h */
| #define PACKAGE_NAME "libjpeg"
| #define PACKAGE_TARNAME "libjpeg"
| #define PACKAGE_VERSION "9.0.0"
| #define PACKAGE_STRING "libjpeg 9.0.0"
| #define PACKAGE_BUGREPORT ""
| #define PACKAGE_URL ""
| #define PACKAGE "libjpeg"
| #define VERSION "9.0.0"
| #define HAVE_PROTOTYPES 1
| #define STDC_HEADERS 1
| #define HAVE_SYS_TYPES_H 1
| #define HAVE_SYS_STAT_H 1
| #define HAVE_STDLIB_H 1
| #define HAVE_STRING_H 1
| /* end confdefs.h.  */
| #include <stdio.h>
| #ifdef HAVE_SYS_TYPES_H
| # include <sys/types.h>
| #endif
| #ifdef HAVE_SYS_STAT_H
| # include <sys/stat.h>
| #endif
| #ifdef STDC_HEADERS
| # include <stdlib.h>
| # include <stddef.h>
| #else
| # ifdef HAVE_STDLIB_H
| #  include <stdlib.h>
| # endif
| #endif
| #ifdef HAVE_STRING_H
| # if !defined STDC_HEADERS && defined HAVE_MEMORY_H
| #  include <memory.h>
| # endif
| # include <string.h>
| #endif
| #ifdef HAVE_STRINGS_H
| # include <strings.h>
| #endif
| #ifdef HAVE_INTTYPES_H
| # include <inttypes.h>
| #endif
| #ifdef HAVE_STDINT_H
| # include <stdint.h>
| #endif
| #ifdef HAVE_UNISTD_H
| # include <unistd.h>
| #endif
| 
| #include <memory.h>
configure:4941: result: no
configure:4941: checking for strings.h
configure:4941: cc -c -D_POSIX_SOURCE -D_SUSV2_SOURCE -D_BSD_EXTENSION  conftest.c >&5
configure:4941: $? = 1
configure: failed program was:
| /* confdefs.h */
| #define PACKAGE_NAME "libjpeg"
| #define PACKAGE_TARNAME "libjpeg"
| #define PACKAGE_VERSION "9.0.0"
| #define PACKAGE_STRING "libjpeg 9.0.0"
| #define PACKAGE_BUGREPORT ""
| #define PACKAGE_URL ""
| #define PACKAGE "libjpeg"
| #define VERSION "9.0.0"
| #define HAVE_PROTOTYPES 1
| #define STDC_HEADERS 1
| #define HAVE_SYS_TYPES_H 1
| #define HAVE_SYS_STAT_H 1
| #define HAVE_STDLIB_H 1
| #define HAVE_STRING_H 1
| /* end confdefs.h.  */
| #include <stdio.h>
| #ifdef HAVE_SYS_TYPES_H
| # include <sys/types.h>
| #endif
| #ifdef HAVE_SYS_STAT_H
| # include <sys/stat.h>
| #endif
| #ifdef STDC_HEADERS
| # include <stdlib.h>
| # include <stddef.h>
| #else
| # ifdef HAVE_STDLIB_H
| #  include <stdlib.h>
| # endif
| #endif
| #ifdef HAVE_STRING_H
| # if !defined STDC_HEADERS && defined HAVE_MEMORY_H
| #  include <memory.h>
| # endif
| # include <string.h>
| #endif
| #ifdef HAVE_STRINGS_H
| # include <strings.h>
| #endif
| #ifdef HAVE_INTTYPES_H
| # include <inttypes.h>
| #endif
| #ifdef HAVE_STDINT_H
| # include <stdint.h>
| #endif
| #ifdef HAVE_UNISTD_H
| # include <unistd.h>
| #endif
| 
| #include <strings.h>
configure:4941: result: no
configure:4941: checking for inttypes.h
configure:4941: cc -c -D_POSIX_SOURCE -D_SUSV2_SOURCE -D_BSD_EXTENSION  conftest.c >&5
configure:4941: $? = 0
configure:4941: result: yes
configure:4941: checking for stdint.h
configure:4941: cc -c -D_POSIX_SOURCE -D_SUSV2_SOURCE -D_BSD_EXTENSION  conftest.c >&5
configure:4941: $? = 1
configure: failed program was:
| /* confdefs.h */
| #define PACKAGE_NAME "libjpeg"
| #define PACKAGE_TARNAME "libjpeg"
| #define PACKAGE_VERSION "9.0.0"
| #define PACKAGE_STRING "libjpeg 9.0.0"
| #define PACKAGE_BUGREPORT ""
| #define PACKAGE_URL ""
| #define PACKAGE "libjpeg"
| #define VERSION "9.0.0"
| #define HAVE_PROTOTYPES 1
| #define STDC_HEADERS 1
| #define HAVE_SYS_TYPES_H 1
| #define HAVE_SYS_STAT_H 1
| #define HAVE_STDLIB_H 1
| #define HAVE_STRING_H 1
| #define HAVE_INTTYPES_H 1
| /* end confdefs.h.  */
| #include <stdio.h>
| #ifdef HAVE_SYS_TYPES_H
| # include <sys/types.h>
| #endif
| #ifdef HAVE_SYS_STAT_H
| # include <sys/stat.h>
| #endif
| #ifdef STDC_HEADERS
| # include <stdlib.h>
| # include <stddef.h>
| #else
| # ifdef HAVE_STDLIB_H
| #  include <stdlib.h>
| # endif
| #endif
| #ifdef HAVE_STRING_H
| # if !defined STDC_HEADERS && defined HAVE_MEMORY_H
| #  include <memory.h>
| # endif
| # include <string.h>
| #endif
| #ifdef HAVE_STRINGS_H
| # include <strings.h>
| #endif
| #ifdef HAVE_INTTYPES_H
| # include <inttypes.h>
| #endif
| #ifdef HAVE_STDINT_H
| # include <stdint.h>
| #endif
| #ifdef HAVE_UNISTD_H
| # include <unistd.h>
| #endif
| 
| #include <stdint.h>
configure:4941: result: no
configure:4941: checking for unistd.h
configure:4941: cc -c -D_POSIX_SOURCE -D_SUSV2_SOURCE -D_BSD_EXTENSION  conftest.c >&5
configure:4941: $? = 0
configure:4941: result: yes
configure:4956: checking stddef.h usability
configure:4956: cc -c -D_POSIX_SOURCE -D_SUSV2_SOURCE -D_BSD_EXTENSION  conftest.c >&5
configure:4956: $? = 0
configure:4956: result: yes
configure:4956: checking stddef.h presence
configure:4956: cc -E  conftest.c
configure:4956: $? = 0
configure:4956: result: yes
configure:4956: checking for stddef.h
configure:4956: result: yes
configure:4956: checking for stdlib.h
configure:4956: result: yes
configure:4956: checking locale.h usability
configure:4956: cc -c -D_POSIX_SOURCE -D_SUSV2_SOURCE -D_BSD_EXTENSION  conftest.c >&5
configure:4956: $? = 0
configure:4956: result: yes
configure:4956: checking locale.h presence
configure:4956: cc -E  conftest.c
configure:4956: $? = 0
configure:4956: result: yes
configure:4956: checking for locale.h
configure:4956: result: yes
configure:4966: checking for string.h
configure:4966: result: yes
configure:4979: checking for size_t
configure:5006: cc -c -D_POSIX_SOURCE -D_SUSV2_SOURCE -D_BSD_EXTENSION  conftest.c >&5
configure:5006: $? = 0
configure:5012: result: yes
configure:5048: checking for type unsigned char
configure:5061: cc -c -D_POSIX_SOURCE -D_SUSV2_SOURCE -D_BSD_EXTENSION  conftest.c >&5
configure:5061: $? = 0
configure:5062: result: yes
configure:5073: checking for type unsigned short
configure:5086: cc -c -D_POSIX_SOURCE -D_SUSV2_SOURCE -D_BSD_EXTENSION  conftest.c >&5
configure:5086: $? = 0
configure:5087: result: yes
configure:5098: checking for type void
configure:5132: cc -c -D_POSIX_SOURCE -D_SUSV2_SOURCE -D_BSD_EXTENSION  conftest.c >&5
configure:5132: $? = 0
configure:5133: result: yes
configure:5143: checking for an ANSI C-conforming const
configure:5209: cc -c -D_POSIX_SOURCE -D_SUSV2_SOURCE -D_BSD_EXTENSION  conftest.c >&5
configure:5209: $? = 0
configure:5216: result: yes
configure:5226: checking for inline
configure:5241: cc -c -D_POSIX_SOURCE -D_SUSV2_SOURCE -D_BSD_EXTENSION  conftest.c >&5
/usr/jens/dvl/jpeg-9/conftest.c:28[stdin:29] not a function
/usr/jens/dvl/jpeg-9/conftest.c:28[stdin:29] not a parameter: foo
/usr/jens/dvl/jpeg-9/conftest.c:28[stdin:29] syntax error, last name: foo
configure:5241: $? = 1
configure: failed program was:
| /* confdefs.h */
| #define PACKAGE_NAME "libjpeg"
| #define PACKAGE_TARNAME "libjpeg"
| #define PACKAGE_VERSION "9.0.0"
| #define PACKAGE_STRING "libjpeg 9.0.0"
| #define PACKAGE_BUGREPORT ""
| #define PACKAGE_URL ""
| #define PACKAGE "libjpeg"
| #define VERSION "9.0.0"
| #define HAVE_PROTOTYPES 1
| #define STDC_HEADERS 1
| #define HAVE_SYS_TYPES_H 1
| #define HAVE_SYS_STAT_H 1
| #define HAVE_STDLIB_H 1
| #define HAVE_STRING_H 1
| #define HAVE_INTTYPES_H 1
| #define HAVE_UNISTD_H 1
| #define HAVE_STDDEF_H 1
| #define HAVE_STDLIB_H 1
| #define HAVE_LOCALE_H 1
| #define HAVE_UNSIGNED_CHAR 1
| #define HAVE_UNSIGNED_SHORT 1
| /* end confdefs.h.  */
| 
| int
| main ()
| {
| } __inline__ int foo() { return 0; }
| int bar() { return foo();
|   ;
|   return 0;
| }
configure:5256: cc -c -D_POSIX_SOURCE -D_SUSV2_SOURCE -D_BSD_EXTENSION  conftest.c >&5
/usr/jens/dvl/jpeg-9/conftest.c:28[stdin:29] not a function
/usr/jens/dvl/jpeg-9/conftest.c:28[stdin:29] not a parameter: foo
/usr/jens/dvl/jpeg-9/conftest.c:28[stdin:29] syntax error, last name: foo
configure:5256: $? = 1
configure: failed program was:
| /* confdefs.h */
| #define PACKAGE_NAME "libjpeg"
| #define PACKAGE_TARNAME "libjpeg"
| #define PACKAGE_VERSION "9.0.0"
| #define PACKAGE_STRING "libjpeg 9.0.0"
| #define PACKAGE_BUGREPORT ""
| #define PACKAGE_URL ""
| #define PACKAGE "libjpeg"
| #define VERSION "9.0.0"
| #define HAVE_PROTOTYPES 1
| #define STDC_HEADERS 1
| #define HAVE_SYS_TYPES_H 1
| #define HAVE_SYS_STAT_H 1
| #define HAVE_STDLIB_H 1
| #define HAVE_STRING_H 1
| #define HAVE_INTTYPES_H 1
| #define HAVE_UNISTD_H 1
| #define HAVE_STDDEF_H 1
| #define HAVE_STDLIB_H 1
| #define HAVE_LOCALE_H 1
| #define HAVE_UNSIGNED_CHAR 1
| #define HAVE_UNSIGNED_SHORT 1
| /* end confdefs.h.  */
| 
| int
| main ()
| {
| } __inline int foo() { return 0; }
| int bar() { return foo();
|   ;
|   return 0;
| }
configure:5271: cc -c -D_POSIX_SOURCE -D_SUSV2_SOURCE -D_BSD_EXTENSION  conftest.c >&5
configure:5271: $? = 0
configure:5279: result: inline
configure:5288: checking for broken incomplete types
configure:5301: cc -c -D_POSIX_SOURCE -D_SUSV2_SOURCE -D_BSD_EXTENSION  conftest.c >&5
configure:5301: $? = 0
configure:5302: result: ok
configure:5314: checking for short external names
configure:5330: cc -o conftest -D_POSIX_SOURCE -D_SUSV2_SOURCE -D_BSD_EXTENSION   conftest.c  >&5
configure:5330: $? = 0
configure:5331: result: ok
configure:5344: checking to see if char is signed
configure:5381: cc -o conftest -D_POSIX_SOURCE -D_SUSV2_SOURCE -D_BSD_EXTENSION   conftest.c  >&5
configure:5381: $? = 0
configure:5381: ./conftest
configure:5381: $? = 1
configure: program exited with status 1
configure: failed program was:
| /* confdefs.h */
| #define PACKAGE_NAME "libjpeg"
| #define PACKAGE_TARNAME "libjpeg"
| #define PACKAGE_VERSION "9.0.0"
| #define PACKAGE_STRING "libjpeg 9.0.0"
| #define PACKAGE_BUGREPORT ""
| #define PACKAGE_URL ""
| #define PACKAGE "libjpeg"
| #define VERSION "9.0.0"
| #define HAVE_PROTOTYPES 1
| #define STDC_HEADERS 1
| #define HAVE_SYS_TYPES_H 1
| #define HAVE_SYS_STAT_H 1
| #define HAVE_STDLIB_H 1
| #define HAVE_STRING_H 1
| #define HAVE_INTTYPES_H 1
| #define HAVE_UNISTD_H 1
| #define HAVE_STDDEF_H 1
| #define HAVE_STDLIB_H 1
| #define HAVE_LOCALE_H 1
| #define HAVE_UNSIGNED_CHAR 1
| #define HAVE_UNSIGNED_SHORT 1
| #define INLINE inline
| /* end confdefs.h.  */
| 
| #ifdef HAVE_STDLIB_H
| #include <stdlib.h>
| #endif
| #include <stdio.h>
| #ifdef HAVE_PROTOTYPES
| int is_char_signed (int arg)
| #else
| int is_char_signed (arg)
|      int arg;
| #endif
| {
|   if (arg == 189) {		/* expected result for unsigned char */
|     return 0;			/* type char is unsigned */
|   }
|   else if (arg != -67) {	/* expected result for signed char */
|     printf("Hmm, it seems 'char' is not eight bits wide on your machine.\n");
|     printf("I fear the JPEG software will not work at all.\n\n");
|   }
|   return 1;			/* assume char is signed otherwise */
| }
| char signed_char_check = (char) (-67);
| int main() {
|   exit(is_char_signed((int) signed_char_check));
| }
configure:5388: result: yes
configure:5396: checking to see if right shift is signed
configure:5436: cc -o conftest -D_POSIX_SOURCE -D_SUSV2_SOURCE -D_BSD_EXTENSION   conftest.c  >&5
configure:5436: $? = 0
configure:5436: ./conftest
configure:5436: $? = 1
configure: program exited with status 1
configure: failed program was:
| /* confdefs.h */
| #define PACKAGE_NAME "libjpeg"
| #define PACKAGE_TARNAME "libjpeg"
| #define PACKAGE_VERSION "9.0.0"
| #define PACKAGE_STRING "libjpeg 9.0.0"
| #define PACKAGE_BUGREPORT ""
| #define PACKAGE_URL ""
| #define PACKAGE "libjpeg"
| #define VERSION "9.0.0"
| #define HAVE_PROTOTYPES 1
| #define STDC_HEADERS 1
| #define HAVE_SYS_TYPES_H 1
| #define HAVE_SYS_STAT_H 1
| #define HAVE_STDLIB_H 1
| #define HAVE_STRING_H 1
| #define HAVE_INTTYPES_H 1
| #define HAVE_UNISTD_H 1
| #define HAVE_STDDEF_H 1
| #define HAVE_STDLIB_H 1
| #define HAVE_LOCALE_H 1
| #define HAVE_UNSIGNED_CHAR 1
| #define HAVE_UNSIGNED_SHORT 1
| #define INLINE inline
| /* end confdefs.h.  */
| 
| #ifdef HAVE_STDLIB_H
| #include <stdlib.h>
| #endif
| #include <stdio.h>
| #ifdef HAVE_PROTOTYPES
| int is_shifting_signed (long arg)
| #else
| int is_shifting_signed (arg)
|      long arg;
| #endif
| /* See whether right-shift on a long is signed or not. */
| {
|   long res = arg >> 4;
| 
|   if (res == -0x7F7E80CL) {	/* expected result for signed shift */
|     return 1;			/* right shift is signed */
|   }
|   /* see if unsigned-shift hack will fix it. */
|   /* we can't just test exact value since it depends on width of long... */
|   res |= (~0L) << (32-4);
|   if (res == -0x7F7E80CL) {	/* expected result now? */
|     return 0;			/* right shift is unsigned */
|   }
|   printf("Right shift isn't acting as I expect it to.\n");
|   printf("I fear the JPEG software will not work at all.\n\n");
|   return 0;			/* try it with unsigned anyway */
| }
| int main() {
|   exit(is_shifting_signed(-0x7F7E80B1L));
| }
configure:5443: result: yes
configure:5451: checking to see if fopen accepts b spec
configure:5470: cc -o conftest -D_POSIX_SOURCE -D_SUSV2_SOURCE -D_BSD_EXTENSION   conftest.c  >&5
configure:5470: $? = 0
configure:5470: ./conftest
configure:5470: $? = 0
configure:5471: result: yes
configure:5835: checking how to print strings
configure:5864: result: print -r
configure:5883: checking for a sed that does not truncate output
configure:5947: result: /bin/gsed
configure:5965: checking for fgrep
configure:6027: result: /bin/fgrep
configure:6095: checking for non-GNU ld
configure:6129: result: /bin/ld
configure:6136: checking if the linker (/bin/ld) is GNU ld
configure:6151: result: no
configure:6163: checking for BSD- or MS-compatible name lister (nm)
configure:6212: result: /bin/nm
configure:6342: checking the name lister (/bin/nm) interface
configure:6349: cc -c -D_POSIX_SOURCE -D_SUSV2_SOURCE -D_BSD_EXTENSION  conftest.c >&5
configure:6352: /bin/nm "conftest.o"
configure:6355: output
 D some_variable
configure:6362: result: BSD nm
configure:6366: checking the maximum length of command line arguments
configure:6496: result: 512
configure:6513: checking whether the shell understands some XSI constructs
configure:6523: result: yes
configure:6527: checking whether the shell understands "+="
configure:6533: result: no
configure:6568: checking how to convert i386-unknown-plan9 file names to i386-unknown-plan9 format
configure:6608: result: func_convert_file_noop
configure:6615: checking how to convert i386-unknown-plan9 file names to toolchain format
configure:6635: result: func_convert_file_noop
configure:6642: checking for /bin/ld option to reload object files
configure:6649: result: -r
configure:6723: checking for objdump
configure:6750: result: objdump
configure:6779: checking how to recognize dependent libraries
configure:6981: result: unknown
configure:7066: checking for dlltool
configure:7093: result: dlltool
configure:7123: checking how to associate runtime and link libraries
configure:7150: result: print -r --
configure:7274: checking for archiver @FILE support
configure:7291: cc -c -D_POSIX_SOURCE -D_SUSV2_SOURCE -D_BSD_EXTENSION  conftest.c >&5
configure:7291: $? = 0
configure:7294: ar cru libconftest.a @conftest.lst >&5
ar: @conftest.lst cannot open
configure:7297: $? = 0
configure:7302: ar cru libconftest.a @conftest.lst >&5
ar: @conftest.lst cannot open
configure:7305: $? = 0
configure:7317: result: no
configure:7375: checking for strip
configure:7391: found /bin/strip
configure:7402: result: strip
configure:7474: checking for ranlib
configure:7490: found /bin/ranlib
configure:7501: result: ranlib
configure:7603: checking command to parse /bin/nm output from cc object
configure:7723: cc -c -D_POSIX_SOURCE -D_SUSV2_SOURCE -D_BSD_EXTENSION  conftest.c >&5
configure:7726: $? = 0
configure:7730: /bin/nm conftest.o \| sed -n -e 's/^.*[ ]\([BCDEGRST][BCDEGRST]*\)[ ][ ]*\([_A-Za-z][_A-Za-z0-9]*\)$/\1 \2 \2/p' | sed '/ __gnu_lto/d' \> conftest.nm
configure:7733: $? = 0
configure:7799: cc -o conftest -D_POSIX_SOURCE -D_SUSV2_SOURCE -D_BSD_EXTENSION   conftest.c conftstm.o >&5
configure:7802: $? = 0
configure:7840: result: ok
configure:7877: checking for sysroot
configure:7907: result: no
configure:8163: checking for mt
configure:8193: result: no
configure:8213: checking if : is a manifest tool
configure:8219: : '-?'
configure:8227: result: no
configure:8866: checking for dlfcn.h
configure:8866: cc -c -D_POSIX_SOURCE -D_SUSV2_SOURCE -D_BSD_EXTENSION  conftest.c >&5
configure:8866: $? = 1
configure: failed program was:
| /* confdefs.h */
| #define PACKAGE_NAME "libjpeg"
| #define PACKAGE_TARNAME "libjpeg"
| #define PACKAGE_VERSION "9.0.0"
| #define PACKAGE_STRING "libjpeg 9.0.0"
| #define PACKAGE_BUGREPORT ""
| #define PACKAGE_URL ""
| #define PACKAGE "libjpeg"
| #define VERSION "9.0.0"
| #define HAVE_PROTOTYPES 1
| #define STDC_HEADERS 1
| #define HAVE_SYS_TYPES_H 1
| #define HAVE_SYS_STAT_H 1
| #define HAVE_STDLIB_H 1
| #define HAVE_STRING_H 1
| #define HAVE_INTTYPES_H 1
| #define HAVE_UNISTD_H 1
| #define HAVE_STDDEF_H 1
| #define HAVE_STDLIB_H 1
| #define HAVE_LOCALE_H 1
| #define HAVE_UNSIGNED_CHAR 1
| #define HAVE_UNSIGNED_SHORT 1
| #define INLINE inline
| /* end confdefs.h.  */
| #include <stdio.h>
| #ifdef HAVE_SYS_TYPES_H
| # include <sys/types.h>
| #endif
| #ifdef HAVE_SYS_STAT_H
| # include <sys/stat.h>
| #endif
| #ifdef STDC_HEADERS
| # include <stdlib.h>
| # include <stddef.h>
| #else
| # ifdef HAVE_STDLIB_H
| #  include <stdlib.h>
| # endif
| #endif
| #ifdef HAVE_STRING_H
| # if !defined STDC_HEADERS && defined HAVE_MEMORY_H
| #  include <memory.h>
| # endif
| # include <string.h>
| #endif
| #ifdef HAVE_STRINGS_H
| # include <strings.h>
| #endif
| #ifdef HAVE_INTTYPES_H
| # include <inttypes.h>
| #endif
| #ifdef HAVE_STDINT_H
| # include <stdint.h>
| #endif
| #ifdef HAVE_UNISTD_H
| # include <unistd.h>
| #endif
| 
| #include <dlfcn.h>
configure:8866: result: no
configure:9070: checking for objdir
configure:9085: result: .libs
configure:9714: checking for cc option to produce PIC
configure:9721: result:  -DPIC
configure:9729: checking if cc PIC flag  -DPIC works
configure:9747: cc -c -D_POSIX_SOURCE -D_SUSV2_SOURCE -D_BSD_EXTENSION   -DPIC -DPIC conftest.c >&5
configure:9751: $? = 0
configure:9764: result: yes
configure:9793: checking if cc static flag  works
configure:9821: result: yes
configure:9836: checking if cc supports -c -o file.o
configure:9857: cc -c -D_POSIX_SOURCE -D_SUSV2_SOURCE -D_BSD_EXTENSION  -o out/conftest2.o conftest.c >&5
configure:9861: $? = 0
configure:9883: result: yes
configure:9891: checking if cc supports -c -o file.o
configure:9938: result: yes
configure:9971: checking whether the cc linker (/bin/ld) supports shared libraries
configure:11124: result: no
configure:11364: checking dynamic linker characteristics
configure:12097: result: no
configure:12204: checking how to hardcode library paths into programs
configure:12229: result: unsupported
configure:12769: checking whether stripping libraries is possible
configure:12791: result: no
configure:12809: checking if libtool supports shared libraries
configure:12811: result: no
configure:12814: checking whether to build shared libraries
configure:12835: result: no
configure:12838: checking whether to build static libraries
configure:12842: result: yes
configure:12961: checking libjpeg version number
configure:12967: result: 9:0:0
configure:13081: checking that generated files are newer than configure
configure:13087: result: done
configure:13118: creating ./config.status

## ---------------------- ##
## Running config.status. ##
## ---------------------- ##

This file was extended by libjpeg config.status 9.0.0, which was
generated by GNU Autoconf 2.69.  Invocation command line was

  CONFIG_FILES    = 
  CONFIG_HEADERS  = 
  CONFIG_LINKS    = 
  CONFIG_COMMANDS = 
  $ ./config.status 

on cirno

config.status:1093: creating Makefile
config.status:1093: creating jconfig.h
config.status:1322: executing depfiles commands
config.status:1322: executing libtool commands

## ---------------- ##
## Cache variables. ##
## ---------------- ##

ac_cv_build=i386-unknown-plan9
ac_cv_c_compiler_gnu=no
ac_cv_c_const=yes
ac_cv_env_CC_set=
ac_cv_env_CC_value=
ac_cv_env_CFLAGS_set=set
ac_cv_env_CFLAGS_value='-D_POSIX_SOURCE -D_SUSV2_SOURCE -D_BSD_EXTENSION'
ac_cv_env_CPPFLAGS_set=
ac_cv_env_CPPFLAGS_value=
ac_cv_env_CPP_set=
ac_cv_env_CPP_value=
ac_cv_env_LDFLAGS_set=
ac_cv_env_LDFLAGS_value=
ac_cv_env_LIBS_set=
ac_cv_env_LIBS_value=
ac_cv_env_build_alias_set=
ac_cv_env_build_alias_value=
ac_cv_env_host_alias_set=
ac_cv_env_host_alias_value=
ac_cv_env_target_alias_set=
ac_cv_env_target_alias_value=
ac_cv_header_dlfcn_h=no
ac_cv_header_inttypes_h=yes
ac_cv_header_locale_h=yes
ac_cv_header_memory_h=no
ac_cv_header_stdc=yes
ac_cv_header_stddef_h=yes
ac_cv_header_stdint_h=no
ac_cv_header_stdlib_h=yes
ac_cv_header_string_h=yes
ac_cv_header_strings_h=no
ac_cv_header_sys_stat_h=yes
ac_cv_header_sys_types_h=yes
ac_cv_header_unistd_h=yes
ac_cv_host=i386-unknown-plan9
ac_cv_objext=o
ac_cv_path_EGREP=/bin/egrep
ac_cv_path_FGREP=/bin/fgrep
ac_cv_path_GREP=grep
ac_cv_path_SED=/bin/gsed
ac_cv_prog_AWK=gawk
ac_cv_prog_CC=cc
ac_cv_prog_CPP='cc -E'
ac_cv_prog_ac_ct_AR=ar
ac_cv_prog_ac_ct_DLLTOOL=dlltool
ac_cv_prog_ac_ct_OBJDUMP=objdump
ac_cv_prog_ac_ct_RANLIB=ranlib
ac_cv_prog_ac_ct_STRIP=strip
ac_cv_prog_cc_c89=
ac_cv_prog_cc_c99=no
ac_cv_prog_cc_g=yes
ac_cv_prog_cc_stdc=
ac_cv_prog_make_make_set=yes
ac_cv_target=i386-unknown-plan9
am_cv_CC_dependencies_compiler_type=none
am_cv_ar_interface=ar
am_cv_make_support_nested_variables=no
ijg_cv_have_prototypes=yes
ijg_cv_inline=inline
lt_cv_ar_at_file=no
lt_cv_deplibs_check_method=unknown
lt_cv_file_magic_cmd='$MAGIC_CMD'
lt_cv_file_magic_test_file=
lt_cv_ld_reload_flag=-r
lt_cv_nm_interface='BSD nm'
lt_cv_objdir=.libs
lt_cv_path_LD=/bin/ld
lt_cv_path_NM=/bin/nm
lt_cv_path_mainfest_tool=no
lt_cv_prog_compiler_c_o=yes
lt_cv_prog_compiler_pic=' -DPIC'
lt_cv_prog_compiler_pic_works=yes
lt_cv_prog_compiler_static_works=yes
lt_cv_prog_gnu_ld=no
lt_cv_sharedlib_from_linklib_cmd='print -r --'
lt_cv_sys_global_symbol_pipe='sed -n -e '\''s/^.*[	 ]\([BCDEGRST][BCDEGRST]*\)[	 ][	 ]*\([_A-Za-z][_A-Za-z0-9]*\)$/\1 \2 \2/p'\'' | sed '\''/ __gnu_lto/d'\'
lt_cv_sys_global_symbol_to_c_name_address='sed -n -e '\''s/^: \([^ ]*\)[ ]*$/  {\"\1\", (void *) 0},/p'\'' -e '\''s/^[BCDEGRST]* \([^ ]*\) \([^ ]*\)$/  {"\2", (void *) \&\2},/p'\'
lt_cv_sys_global_symbol_to_c_name_address_lib_prefix='sed -n -e '\''s/^: \([^ ]*\)[ ]*$/  {\"\1\", (void *) 0},/p'\'' -e '\''s/^[BCDEGRST]* \([^ ]*\) \(lib[^ ]*\)$/  {"\2", (void *) \&\2},/p'\'' -e '\''s/^[BCDEGRST]* \([^ ]*\) \([^ ]*\)$/  {"lib\2", (void *) \&\2},/p'\'
lt_cv_sys_global_symbol_to_cdecl='sed -n -e '\''s/^T .* \(.*\)$/extern int \1();/p'\'' -e '\''s/^[BCDEGRST]* .* \(.*\)$/extern char \1;/p'\'
lt_cv_sys_max_cmd_len=512
lt_cv_to_host_file_cmd=func_convert_file_noop
lt_cv_to_tool_file_cmd=func_convert_file_noop

## ----------------- ##
## Output variables. ##
## ----------------- ##

ACLOCAL='${SHELL} /usr/jens/dvl/jpeg-9/missing aclocal-1.13'
AMDEPBACKSLASH='\'
AMDEP_FALSE='#'
AMDEP_TRUE=''
AMTAR='$${TAR-tar}'
AM_BACKSLASH='\'
AM_DEFAULT_V='0'
AM_DEFAULT_VERBOSITY='0'
AM_V='0'
AR='ar'
AS='as'
AUTOCONF='${SHELL} /usr/jens/dvl/jpeg-9/missing autoconf'
AUTOHEADER='echo autoheader ignored'
AUTOMAKE='${SHELL} /usr/jens/dvl/jpeg-9/missing automake-1.13'
AWK='gawk'
CC='cc'
CCDEPMODE='depmode=none'
CFLAGS='-D_POSIX_SOURCE -D_SUSV2_SOURCE -D_BSD_EXTENSION'
CPP='cc -E'
CPPFLAGS=''
CYGPATH_W='echo'
DEFS='-DHAVE_CONFIG_H'
DEPDIR='.deps'
DLLTOOL='dlltool'
DSYMUTIL=''
DUMPBIN=''
ECHO_C=''
ECHO_N='-n'
ECHO_T=''
EGREP='/bin/egrep'
EXEEXT=''
FGREP='/bin/fgrep'
GREP='grep'
HAVE_LD_VERSION_SCRIPT_FALSE=''
HAVE_LD_VERSION_SCRIPT_TRUE='#'
INSTALL_DATA='${INSTALL} -m 644'
INSTALL_PROGRAM='${INSTALL}'
INSTALL_SCRIPT='${INSTALL}'
INSTALL_STRIP_PROGRAM='$(install_sh) -c -s'
JPEG_LIB_VERSION='9:0:0'
LD='/bin/ld'
LDFLAGS=''
LIBOBJS=''
LIBS=''
LIBTOOL='$(SHELL) $(top_builddir)/libtool'
LIPO=''
LN_S='cp'
LTLIBOBJS=''
MAINT='#'
MAINTAINER_MODE_FALSE=''
MAINTAINER_MODE_TRUE='#'
MAKEINFO='${SHELL} /usr/jens/dvl/jpeg-9/missing makeinfo'
MANIFEST_TOOL=':'
MEMORYMGR='jmemnobs'
MKDIR_P='./install-sh -c -d'
NM='/bin/nm'
NMEDIT=''
OBJDUMP='objdump'
OBJEXT='o'
OTOOL64=''
OTOOL=''
PACKAGE='libjpeg'
PACKAGE_BUGREPORT=''
PACKAGE_NAME='libjpeg'
PACKAGE_STRING='libjpeg 9.0.0'
PACKAGE_TARNAME='libjpeg'
PACKAGE_URL=''
PACKAGE_VERSION='9.0.0'
PATH_SEPARATOR=':'
RANLIB='ranlib'
SED='/bin/gsed'
SET_MAKE=''
SHELL='/bin/sh'
STRIP='strip'
VERSION='9.0.0'
ac_ct_AR='ar'
ac_ct_CC=''
ac_ct_DUMPBIN=''
am__EXEEXT_FALSE=''
am__EXEEXT_TRUE='#'
am__fastdepCC_FALSE=''
am__fastdepCC_TRUE='#'
am__include='include'
am__isrc=''
am__leading_dot='.'
am__nodep='_no'
am__quote=''
am__tar='$${TAR-tar} chof - "$$tardir"'
am__untar='$${TAR-tar} xf -'
bindir='/386/bin/ape'
build='i386-unknown-plan9'
build_alias=''
build_cpu='i386'
build_os='plan9'
build_vendor='unknown'
datadir='${datarootdir}'
datarootdir='${prefix}/share'
docdir='${datarootdir}/doc/${PACKAGE_TARNAME}'
dvidir='${docdir}'
exec_prefix='/386'
host='i386-unknown-plan9'
host_alias=''
host_cpu='i386'
host_os='plan9'
host_vendor='unknown'
htmldir='${docdir}'
includedir='/sys/include/ape'
infodir='${datarootdir}/info'
install_sh='${SHELL} /usr/jens/dvl/jpeg-9/install-sh'
libdir='/386/lib/ape'
libexecdir='${exec_prefix}/libexec'
localedir='${datarootdir}/locale'
localstatedir='${prefix}/var'
mandir='${datarootdir}/man'
mkdir_p='$(MKDIR_P)'
oldincludedir='/usr/include'
pdfdir='${docdir}'
prefix='/sys'
program_transform_name='s,x,x,'
psdir='${docdir}'
sbindir='${exec_prefix}/sbin'
sharedstatedir='${prefix}/com'
sysconfdir='${prefix}/etc'
target='i386-unknown-plan9'
target_alias=''
target_cpu='i386'
target_os='plan9'
target_vendor='unknown'

## ----------- ##
## confdefs.h. ##
## ----------- ##

/* confdefs.h */
#define PACKAGE_NAME "libjpeg"
#define PACKAGE_TARNAME "libjpeg"
#define PACKAGE_VERSION "9.0.0"
#define PACKAGE_STRING "libjpeg 9.0.0"
#define PACKAGE_BUGREPORT ""
#define PACKAGE_URL ""
#define PACKAGE "libjpeg"
#define VERSION "9.0.0"
#define HAVE_PROTOTYPES 1
#define STDC_HEADERS 1
#define HAVE_SYS_TYPES_H 1
#define HAVE_SYS_STAT_H 1
#define HAVE_STDLIB_H 1
#define HAVE_STRING_H 1
#define HAVE_INTTYPES_H 1
#define HAVE_UNISTD_H 1
#define HAVE_STDDEF_H 1
#define HAVE_STDLIB_H 1
#define HAVE_LOCALE_H 1
#define HAVE_UNSIGNED_CHAR 1
#define HAVE_UNSIGNED_SHORT 1
#define INLINE inline
#define LT_OBJDIR ".libs/"

configure: exit 0
