This file contains any messages produced by compilers while
running configure, to aid debugging if configure makes a mistake.

It was created by TRE configure 0.8.0, which was
generated by GNU Autoconf 2.61.  Invocation command line was

  $ ./configure --prefix=/sys/lib/tre --exec-prefix=/386 --libdir=/386/lib/ape --includedir=/sys/include/ape --datarootdir=/sys --enable-system-abi --disable-nls --enable-static --disable-shared --without-libiconv-prefix --without-libintl-prefix

## --------- ##
## Platform. ##
## --------- ##

hostname = cirno
uname -m = i386
uname -r = 4
uname -s = Plan9
uname -v = 0

/usr/bin/uname -p = unknown
/bin/uname -X     = 

/bin/arch              = unknown
/usr/bin/arch -k       = unknown
/usr/convex/getsysinfo = unknown
/usr/bin/hostinfo      = unknown
/bin/machine           = unknown
/usr/bin/oslevel       = unknown
/bin/universe          = unknown

PATH: /bin
PATH: .


## ----------- ##
## Core tests. ##
## ----------- ##

configure:2013: checking build system type
configure:2031: result: i386-unknown-plan9
configure:2053: checking host system type
configure:2068: result: i386-unknown-plan9
configure:2090: checking target system type
configure:2105: result: i386-unknown-plan9
configure:2148: checking for a BSD-compatible install
configure:2204: result: /bin/install -c
configure:2215: checking whether build environment is sane
configure:2258: result: yes
configure:2286: checking for a thread-safe mkdir -p
configure:2325: result: utils/install-sh -c -d
configure:2338: checking for gawk
configure:2354: found /bin/gawk
configure:2365: result: gawk
configure:2376: checking whether make sets $(MAKE)
configure:2397: result: yes
configure:2636: checking for gcc
configure:2666: result: no
configure:2733: checking for cc
configure:2754: found /bin/cc
configure:2777: result: cc
configure:2901: checking for C compiler version
configure:2908: cc --version >&5
cc: flag -- ignored
cc: flag -e ignored
cc: flag -r ignored
cc: flag -i ignored
cc: no files to compile or load
configure:2911: $? = 1
configure:2918: cc -v >&5
cc: no files to compile or load
configure:2921: $? = 1
configure:2928: cc -V >&5
cc: flag -V ignored
cc: no files to compile or load
configure:2931: $? = 1
configure:2954: checking for C compiler default output file name
configure:2981: cc -D_POSIX_SOURCE -D_SUSV2_SOURCE -D_RESEARCH_SOURCE -D_PLAN9_SOURCE -D_REENTRANT_SOURCE -D_LIMITS_EXTENSION -D_NET_EXTENSION -D_BSD_EXTENSION -D_C99_SNPRINTF_EXTENSION -D_REGEX_EXTENSION   conftest.c  >&5
configure:2984: $? = 0
configure:3022: result: a.out
configure:3039: checking whether the C compiler works
configure:3049: ./a.out
configure:3052: $? = 0
configure:3069: result: yes
configure:3076: checking whether we are cross compiling
configure:3078: result: no
configure:3081: checking for suffix of executables
configure:3088: cc -o conftest -D_POSIX_SOURCE -D_SUSV2_SOURCE -D_RESEARCH_SOURCE -D_PLAN9_SOURCE -D_REENTRANT_SOURCE -D_LIMITS_EXTENSION -D_NET_EXTENSION -D_BSD_EXTENSION -D_C99_SNPRINTF_EXTENSION -D_REGEX_EXTENSION   conftest.c  >&5
configure:3091: $? = 0
configure:3115: result: 
configure:3121: checking for suffix of object files
configure:3147: cc -c -D_POSIX_SOURCE -D_SUSV2_SOURCE -D_RESEARCH_SOURCE -D_PLAN9_SOURCE -D_REENTRANT_SOURCE -D_LIMITS_EXTENSION -D_NET_EXTENSION -D_BSD_EXTENSION -D_C99_SNPRINTF_EXTENSION -D_REGEX_EXTENSION  conftest.c >&5
configure:3150: $? = 0
configure:3173: result: o
configure:3177: checking whether we are using the GNU C compiler
configure:3206: cc -c -D_POSIX_SOURCE -D_SUSV2_SOURCE -D_RESEARCH_SOURCE -D_PLAN9_SOURCE -D_REENTRANT_SOURCE -D_LIMITS_EXTENSION -D_NET_EXTENSION -D_BSD_EXTENSION -D_C99_SNPRINTF_EXTENSION -D_REGEX_EXTENSION  conftest.c >&5
/usr/jens/dvl/tre-0.8.0/conftest.c:15[stdin:16] syntax error, last name: me
configure:3212: $? = 1
configure: failed program was:
| /* confdefs.h.  */
| #define PACKAGE_NAME "TRE"
| #define PACKAGE_TARNAME "tre"
| #define PACKAGE_VERSION "0.8.0"
| #define PACKAGE_STRING "TRE 0.8.0"
| #define PACKAGE_BUGREPORT "tre-general@lists.laurikari.net"
| #define PACKAGE "tre"
| #define VERSION "0.8.0"
| /* end confdefs.h.  */
| 
| int
| main ()
| {
| #ifndef __GNUC__
|        choke me
| #endif
| 
|   ;
|   return 0;
| }
configure:3229: result: no
configure:3234: checking whether cc accepts -g
configure:3264: cc -c -g  conftest.c >&5
configure:3270: $? = 0
configure:3369: result: yes
configure:3386: checking for cc option to accept ISO C89
configure:3460: cc  -c -D_POSIX_SOURCE -D_SUSV2_SOURCE -D_RESEARCH_SOURCE -D_PLAN9_SOURCE -D_REENTRANT_SOURCE -D_LIMITS_EXTENSION -D_NET_EXTENSION -D_BSD_EXTENSION -D_C99_SNPRINTF_EXTENSION -D_REGEX_EXTENSION  conftest.c >&5
configure:3466: $? = 0
configure:3489: result: none needed
configure:3518: checking for style of include used by make
configure:3546: result: GNU
configure:3571: checking dependency style of cc
configure:3662: result: none
configure:3682: checking how to run the C preprocessor
configure:3722: cc -E  conftest.c
configure:3728: $? = 0
configure:3759: cc -E  conftest.c
configure:3765: $? = 1
configure: failed program was:
| /* confdefs.h.  */
| #define PACKAGE_NAME "TRE"
| #define PACKAGE_TARNAME "tre"
| #define PACKAGE_VERSION "0.8.0"
| #define PACKAGE_STRING "TRE 0.8.0"
| #define PACKAGE_BUGREPORT "tre-general@lists.laurikari.net"
| #define PACKAGE "tre"
| #define VERSION "0.8.0"
| /* end confdefs.h.  */
| #include <ac_nonexistent.h>
configure:3798: result: cc -E
configure:3827: cc -E  conftest.c
configure:3833: $? = 0
configure:3864: cc -E  conftest.c
configure:3870: $? = 1
configure: failed program was:
| /* confdefs.h.  */
| #define PACKAGE_NAME "TRE"
| #define PACKAGE_TARNAME "tre"
| #define PACKAGE_VERSION "0.8.0"
| #define PACKAGE_STRING "TRE 0.8.0"
| #define PACKAGE_BUGREPORT "tre-general@lists.laurikari.net"
| #define PACKAGE "tre"
| #define VERSION "0.8.0"
| /* end confdefs.h.  */
| #include <ac_nonexistent.h>
configure:3920: checking for a BSD-compatible install
configure:3976: result: /bin/install -c
configure:3991: checking whether cc understands -c and -o together
configure:4023: cc -c conftest.c -o conftest2.o >&5
configure:4026: $? = 0
configure:4032: cc -c conftest.c -o conftest2.o >&5
configure:4035: $? = 0
configure:4087: result: yes
configure:4389: checking for an ANSI C-conforming const
configure:4464: cc -c -D_POSIX_SOURCE -D_SUSV2_SOURCE -D_RESEARCH_SOURCE -D_PLAN9_SOURCE -D_REENTRANT_SOURCE -D_LIMITS_EXTENSION -D_NET_EXTENSION -D_BSD_EXTENSION -D_C99_SNPRINTF_EXTENSION -D_REGEX_EXTENSION  conftest.c >&5
configure:4470: $? = 0
configure:4485: result: yes
configure:4495: checking for inline
configure:4521: cc -c -D_POSIX_SOURCE -D_SUSV2_SOURCE -D_RESEARCH_SOURCE -D_PLAN9_SOURCE -D_REENTRANT_SOURCE -D_LIMITS_EXTENSION -D_NET_EXTENSION -D_BSD_EXTENSION -D_C99_SNPRINTF_EXTENSION -D_REGEX_EXTENSION  conftest.c >&5
configure:4527: $? = 0
configure:4545: result: inline
configure:4571: checking for grep that handles long lines and -e
configure:4645: result: grep
configure:4650: checking for egrep
configure:4728: result: /bin/egrep
configure:4733: checking for ANSI C header files
configure:4763: cc -c -D_POSIX_SOURCE -D_SUSV2_SOURCE -D_RESEARCH_SOURCE -D_PLAN9_SOURCE -D_REENTRANT_SOURCE -D_LIMITS_EXTENSION -D_NET_EXTENSION -D_BSD_EXTENSION -D_C99_SNPRINTF_EXTENSION -D_REGEX_EXTENSION  conftest.c >&5
configure:4769: $? = 0
configure:4868: cc -o conftest -D_POSIX_SOURCE -D_SUSV2_SOURCE -D_RESEARCH_SOURCE -D_PLAN9_SOURCE -D_REENTRANT_SOURCE -D_LIMITS_EXTENSION -D_NET_EXTENSION -D_BSD_EXTENSION -D_C99_SNPRINTF_EXTENSION -D_REGEX_EXTENSION   conftest.c  >&5
configure:4871: $? = 0
configure:4877: ./conftest
configure:4880: $? = 0
configure:4897: result: yes
configure:4932: checking for sys/types.h
configure:4953: cc -c -D_POSIX_SOURCE -D_SUSV2_SOURCE -D_RESEARCH_SOURCE -D_PLAN9_SOURCE -D_REENTRANT_SOURCE -D_LIMITS_EXTENSION -D_NET_EXTENSION -D_BSD_EXTENSION -D_C99_SNPRINTF_EXTENSION -D_REGEX_EXTENSION  conftest.c >&5
configure:4959: $? = 0
configure:4975: result: yes
configure:4932: checking for sys/stat.h
configure:4953: cc -c -D_POSIX_SOURCE -D_SUSV2_SOURCE -D_RESEARCH_SOURCE -D_PLAN9_SOURCE -D_REENTRANT_SOURCE -D_LIMITS_EXTENSION -D_NET_EXTENSION -D_BSD_EXTENSION -D_C99_SNPRINTF_EXTENSION -D_REGEX_EXTENSION  conftest.c >&5
configure:4959: $? = 0
configure:4975: result: yes
configure:4932: checking for stdlib.h
configure:4953: cc -c -D_POSIX_SOURCE -D_SUSV2_SOURCE -D_RESEARCH_SOURCE -D_PLAN9_SOURCE -D_REENTRANT_SOURCE -D_LIMITS_EXTENSION -D_NET_EXTENSION -D_BSD_EXTENSION -D_C99_SNPRINTF_EXTENSION -D_REGEX_EXTENSION  conftest.c >&5
configure:4959: $? = 0
configure:4975: result: yes
configure:4932: checking for string.h
configure:4953: cc -c -D_POSIX_SOURCE -D_SUSV2_SOURCE -D_RESEARCH_SOURCE -D_PLAN9_SOURCE -D_REENTRANT_SOURCE -D_LIMITS_EXTENSION -D_NET_EXTENSION -D_BSD_EXTENSION -D_C99_SNPRINTF_EXTENSION -D_REGEX_EXTENSION  conftest.c >&5
configure:4959: $? = 0
configure:4975: result: yes
configure:4932: checking for memory.h
configure:4953: cc -c -D_POSIX_SOURCE -D_SUSV2_SOURCE -D_RESEARCH_SOURCE -D_PLAN9_SOURCE -D_REENTRANT_SOURCE -D_LIMITS_EXTENSION -D_NET_EXTENSION -D_BSD_EXTENSION -D_C99_SNPRINTF_EXTENSION -D_REGEX_EXTENSION  conftest.c >&5
configure:4959: $? = 1
configure: failed program was:
| /* confdefs.h.  */
| #define PACKAGE_NAME "TRE"
| #define PACKAGE_TARNAME "tre"
| #define PACKAGE_VERSION "0.8.0"
| #define PACKAGE_STRING "TRE 0.8.0"
| #define PACKAGE_BUGREPORT "tre-general@lists.laurikari.net"
| #define PACKAGE "tre"
| #define VERSION "0.8.0"
| #define TRE_VERSION ".."
| #define TRE_VERSION_1 
| #define TRE_VERSION_2 
| #define TRE_VERSION_3 
| #define NDEBUG 1
| #define TRE_APPROX 1
| #define _GNU_SOURCE 1
| #define STDC_HEADERS 1
| #define HAVE_SYS_TYPES_H 1
| #define HAVE_SYS_STAT_H 1
| #define HAVE_STDLIB_H 1
| #define HAVE_STRING_H 1
| /* end confdefs.h.  */
| #include <stdio.h>
| #ifdef HAVE_SYS_TYPES_H
| # include <sys/types.h>
| #endif
| #ifdef HAVE_SYS_STAT_H
| # include <sys/stat.h>
| #endif
| #ifdef STDC_HEADERS
| # include <stdlib.h>
| # include <stddef.h>
| #else
| # ifdef HAVE_STDLIB_H
| #  include <stdlib.h>
| # endif
| #endif
| #ifdef HAVE_STRING_H
| # if !defined STDC_HEADERS && defined HAVE_MEMORY_H
| #  include <memory.h>
| # endif
| # include <string.h>
| #endif
| #ifdef HAVE_STRINGS_H
| # include <strings.h>
| #endif
| #ifdef HAVE_INTTYPES_H
| # include <inttypes.h>
| #endif
| #ifdef HAVE_STDINT_H
| # include <stdint.h>
| #endif
| #ifdef HAVE_UNISTD_H
| # include <unistd.h>
| #endif
| 
| #include <memory.h>
configure:4975: result: no
configure:4932: checking for strings.h
configure:4953: cc -c -D_POSIX_SOURCE -D_SUSV2_SOURCE -D_RESEARCH_SOURCE -D_PLAN9_SOURCE -D_REENTRANT_SOURCE -D_LIMITS_EXTENSION -D_NET_EXTENSION -D_BSD_EXTENSION -D_C99_SNPRINTF_EXTENSION -D_REGEX_EXTENSION  conftest.c >&5
configure:4959: $? = 1
configure: failed program was:
| /* confdefs.h.  */
| #define PACKAGE_NAME "TRE"
| #define PACKAGE_TARNAME "tre"
| #define PACKAGE_VERSION "0.8.0"
| #define PACKAGE_STRING "TRE 0.8.0"
| #define PACKAGE_BUGREPORT "tre-general@lists.laurikari.net"
| #define PACKAGE "tre"
| #define VERSION "0.8.0"
| #define TRE_VERSION ".."
| #define TRE_VERSION_1 
| #define TRE_VERSION_2 
| #define TRE_VERSION_3 
| #define NDEBUG 1
| #define TRE_APPROX 1
| #define _GNU_SOURCE 1
| #define STDC_HEADERS 1
| #define HAVE_SYS_TYPES_H 1
| #define HAVE_SYS_STAT_H 1
| #define HAVE_STDLIB_H 1
| #define HAVE_STRING_H 1
| /* end confdefs.h.  */
| #include <stdio.h>
| #ifdef HAVE_SYS_TYPES_H
| # include <sys/types.h>
| #endif
| #ifdef HAVE_SYS_STAT_H
| # include <sys/stat.h>
| #endif
| #ifdef STDC_HEADERS
| # include <stdlib.h>
| # include <stddef.h>
| #else
| # ifdef HAVE_STDLIB_H
| #  include <stdlib.h>
| # endif
| #endif
| #ifdef HAVE_STRING_H
| # if !defined STDC_HEADERS && defined HAVE_MEMORY_H
| #  include <memory.h>
| # endif
| # include <string.h>
| #endif
| #ifdef HAVE_STRINGS_H
| # include <strings.h>
| #endif
| #ifdef HAVE_INTTYPES_H
| # include <inttypes.h>
| #endif
| #ifdef HAVE_STDINT_H
| # include <stdint.h>
| #endif
| #ifdef HAVE_UNISTD_H
| # include <unistd.h>
| #endif
| 
| #include <strings.h>
configure:4975: result: no
configure:4932: checking for inttypes.h
configure:4953: cc -c -D_POSIX_SOURCE -D_SUSV2_SOURCE -D_RESEARCH_SOURCE -D_PLAN9_SOURCE -D_REENTRANT_SOURCE -D_LIMITS_EXTENSION -D_NET_EXTENSION -D_BSD_EXTENSION -D_C99_SNPRINTF_EXTENSION -D_REGEX_EXTENSION  conftest.c >&5
configure:4959: $? = 0
configure:4975: result: yes
configure:4932: checking for stdint.h
configure:4953: cc -c -D_POSIX_SOURCE -D_SUSV2_SOURCE -D_RESEARCH_SOURCE -D_PLAN9_SOURCE -D_REENTRANT_SOURCE -D_LIMITS_EXTENSION -D_NET_EXTENSION -D_BSD_EXTENSION -D_C99_SNPRINTF_EXTENSION -D_REGEX_EXTENSION  conftest.c >&5
configure:4959: $? = 1
configure: failed program was:
| /* confdefs.h.  */
| #define PACKAGE_NAME "TRE"
| #define PACKAGE_TARNAME "tre"
| #define PACKAGE_VERSION "0.8.0"
| #define PACKAGE_STRING "TRE 0.8.0"
| #define PACKAGE_BUGREPORT "tre-general@lists.laurikari.net"
| #define PACKAGE "tre"
| #define VERSION "0.8.0"
| #define TRE_VERSION ".."
| #define TRE_VERSION_1 
| #define TRE_VERSION_2 
| #define TRE_VERSION_3 
| #define NDEBUG 1
| #define TRE_APPROX 1
| #define _GNU_SOURCE 1
| #define STDC_HEADERS 1
| #define HAVE_SYS_TYPES_H 1
| #define HAVE_SYS_STAT_H 1
| #define HAVE_STDLIB_H 1
| #define HAVE_STRING_H 1
| #define HAVE_INTTYPES_H 1
| /* end confdefs.h.  */
| #include <stdio.h>
| #ifdef HAVE_SYS_TYPES_H
| # include <sys/types.h>
| #endif
| #ifdef HAVE_SYS_STAT_H
| # include <sys/stat.h>
| #endif
| #ifdef STDC_HEADERS
| # include <stdlib.h>
| # include <stddef.h>
| #else
| # ifdef HAVE_STDLIB_H
| #  include <stdlib.h>
| # endif
| #endif
| #ifdef HAVE_STRING_H
| # if !defined STDC_HEADERS && defined HAVE_MEMORY_H
| #  include <memory.h>
| # endif
| # include <string.h>
| #endif
| #ifdef HAVE_STRINGS_H
| # include <strings.h>
| #endif
| #ifdef HAVE_INTTYPES_H
| # include <inttypes.h>
| #endif
| #ifdef HAVE_STDINT_H
| # include <stdint.h>
| #endif
| #ifdef HAVE_UNISTD_H
| # include <unistd.h>
| #endif
| 
| #include <stdint.h>
configure:4975: result: no
configure:4932: checking for unistd.h
configure:4953: cc -c -D_POSIX_SOURCE -D_SUSV2_SOURCE -D_RESEARCH_SOURCE -D_PLAN9_SOURCE -D_REENTRANT_SOURCE -D_LIMITS_EXTENSION -D_NET_EXTENSION -D_BSD_EXTENSION -D_C99_SNPRINTF_EXTENSION -D_REGEX_EXTENSION  conftest.c >&5
configure:4959: $? = 0
configure:4975: result: yes
configure:4989: checking for working alloca.h
configure:5016: cc -o conftest -D_POSIX_SOURCE -D_SUSV2_SOURCE -D_RESEARCH_SOURCE -D_PLAN9_SOURCE -D_REENTRANT_SOURCE -D_LIMITS_EXTENSION -D_NET_EXTENSION -D_BSD_EXTENSION -D_C99_SNPRINTF_EXTENSION -D_REGEX_EXTENSION   conftest.c  >&5
configure:5022: $? = 1
configure: failed program was:
| /* confdefs.h.  */
| #define PACKAGE_NAME "TRE"
| #define PACKAGE_TARNAME "tre"
| #define PACKAGE_VERSION "0.8.0"
| #define PACKAGE_STRING "TRE 0.8.0"
| #define PACKAGE_BUGREPORT "tre-general@lists.laurikari.net"
| #define PACKAGE "tre"
| #define VERSION "0.8.0"
| #define TRE_VERSION ".."
| #define TRE_VERSION_1 
| #define TRE_VERSION_2 
| #define TRE_VERSION_3 
| #define NDEBUG 1
| #define TRE_APPROX 1
| #define _GNU_SOURCE 1
| #define STDC_HEADERS 1
| #define HAVE_SYS_TYPES_H 1
| #define HAVE_SYS_STAT_H 1
| #define HAVE_STDLIB_H 1
| #define HAVE_STRING_H 1
| #define HAVE_INTTYPES_H 1
| #define HAVE_UNISTD_H 1
| /* end confdefs.h.  */
| #include <alloca.h>
| int
| main ()
| {
| char *p = (char *) alloca (2 * sizeof (int));
| 			  if (p) return 0;
|   ;
|   return 0;
| }
configure:5039: result: no
configure:5049: checking for alloca
configure:5096: cc -o conftest -D_POSIX_SOURCE -D_SUSV2_SOURCE -D_RESEARCH_SOURCE -D_PLAN9_SOURCE -D_REENTRANT_SOURCE -D_LIMITS_EXTENSION -D_NET_EXTENSION -D_BSD_EXTENSION -D_C99_SNPRINTF_EXTENSION -D_REGEX_EXTENSION   conftest.c  >&5
main: undefined: alloca
configure:5102: $? = 1
configure: failed program was:
| /* confdefs.h.  */
| #define PACKAGE_NAME "TRE"
| #define PACKAGE_TARNAME "tre"
| #define PACKAGE_VERSION "0.8.0"
| #define PACKAGE_STRING "TRE 0.8.0"
| #define PACKAGE_BUGREPORT "tre-general@lists.laurikari.net"
| #define PACKAGE "tre"
| #define VERSION "0.8.0"
| #define TRE_VERSION ".."
| #define TRE_VERSION_1 
| #define TRE_VERSION_2 
| #define TRE_VERSION_3 
| #define NDEBUG 1
| #define TRE_APPROX 1
| #define _GNU_SOURCE 1
| #define STDC_HEADERS 1
| #define HAVE_SYS_TYPES_H 1
| #define HAVE_SYS_STAT_H 1
| #define HAVE_STDLIB_H 1
| #define HAVE_STRING_H 1
| #define HAVE_INTTYPES_H 1
| #define HAVE_UNISTD_H 1
| /* end confdefs.h.  */
| #ifdef __GNUC__
| # define alloca __builtin_alloca
| #else
| # ifdef _MSC_VER
| #  include <malloc.h>
| #  define alloca _alloca
| # else
| #  ifdef HAVE_ALLOCA_H
| #   include <alloca.h>
| #  else
| #   ifdef _AIX
|  #pragma alloca
| #   else
| #    ifndef alloca /* predefined by HP cc +Olibcalls */
| char *alloca ();
| #    endif
| #   endif
| #  endif
| # endif
| #endif
| 
| int
| main ()
| {
| char *p = (char *) alloca (1);
| 				    if (p) return 0;
|   ;
|   return 0;
| }
configure:5119: result: no
configure:5141: checking whether `alloca.c' needs Cray hooks
configure:5168: result: no
configure:5267: checking stack direction for C alloca
configure:5308: cc -o conftest -D_POSIX_SOURCE -D_SUSV2_SOURCE -D_RESEARCH_SOURCE -D_PLAN9_SOURCE -D_REENTRANT_SOURCE -D_LIMITS_EXTENSION -D_NET_EXTENSION -D_BSD_EXTENSION -D_C99_SNPRINTF_EXTENSION -D_REGEX_EXTENSION   conftest.c  >&5
configure:5311: $? = 0
configure:5317: ./conftest
configure:5320: $? = 1
configure: program exited with status 1
configure: failed program was:
| /* confdefs.h.  */
| #define PACKAGE_NAME "TRE"
| #define PACKAGE_TARNAME "tre"
| #define PACKAGE_VERSION "0.8.0"
| #define PACKAGE_STRING "TRE 0.8.0"
| #define PACKAGE_BUGREPORT "tre-general@lists.laurikari.net"
| #define PACKAGE "tre"
| #define VERSION "0.8.0"
| #define TRE_VERSION ".."
| #define TRE_VERSION_1 
| #define TRE_VERSION_2 
| #define TRE_VERSION_3 
| #define NDEBUG 1
| #define TRE_APPROX 1
| #define _GNU_SOURCE 1
| #define STDC_HEADERS 1
| #define HAVE_SYS_TYPES_H 1
| #define HAVE_SYS_STAT_H 1
| #define HAVE_STDLIB_H 1
| #define HAVE_STRING_H 1
| #define HAVE_INTTYPES_H 1
| #define HAVE_UNISTD_H 1
| #define C_ALLOCA 1
| /* end confdefs.h.  */
| #include <stdio.h>
| #ifdef HAVE_SYS_TYPES_H
| # include <sys/types.h>
| #endif
| #ifdef HAVE_SYS_STAT_H
| # include <sys/stat.h>
| #endif
| #ifdef STDC_HEADERS
| # include <stdlib.h>
| # include <stddef.h>
| #else
| # ifdef HAVE_STDLIB_H
| #  include <stdlib.h>
| # endif
| #endif
| #ifdef HAVE_STRING_H
| # if !defined STDC_HEADERS && defined HAVE_MEMORY_H
| #  include <memory.h>
| # endif
| # include <string.h>
| #endif
| #ifdef HAVE_STRINGS_H
| # include <strings.h>
| #endif
| #ifdef HAVE_INTTYPES_H
| # include <inttypes.h>
| #endif
| #ifdef HAVE_STDINT_H
| # include <stdint.h>
| #endif
| #ifdef HAVE_UNISTD_H
| # include <unistd.h>
| #endif
| int
| find_stack_direction ()
| {
|   static char *addr = 0;
|   auto char dummy;
|   if (addr == 0)
|     {
|       addr = &dummy;
|       return find_stack_direction ();
|     }
|   else
|     return (&dummy > addr) ? 1 : -1;
| }
| 
| int
| main ()
| {
|   return find_stack_direction () < 0;
| }
configure:5336: result: -1
configure:5378: checking for sys/types.h
configure:5384: result: yes
configure:5522: checking for regex.h
configure:5546: cc -c -D_POSIX_SOURCE -D_SUSV2_SOURCE -D_RESEARCH_SOURCE -D_PLAN9_SOURCE -D_REENTRANT_SOURCE -D_LIMITS_EXTENSION -D_NET_EXTENSION -D_BSD_EXTENSION -D_C99_SNPRINTF_EXTENSION -D_REGEX_EXTENSION  conftest.c >&5
configure:5552: $? = 0
configure:5568: result: yes
configure:5587: checking path to system regex.h
configure:5599: result: unknown
configure:5865: checking for isascii
configure:5921: cc -o conftest -D_POSIX_SOURCE -D_SUSV2_SOURCE -D_RESEARCH_SOURCE -D_PLAN9_SOURCE -D_REENTRANT_SOURCE -D_LIMITS_EXTENSION -D_NET_EXTENSION -D_BSD_EXTENSION -D_C99_SNPRINTF_EXTENSION -D_REGEX_EXTENSION   conftest.c  >&5
main: undefined: isascii
configure:5927: $? = 1
configure: failed program was:
| /* confdefs.h.  */
| #define PACKAGE_NAME "TRE"
| #define PACKAGE_TARNAME "tre"
| #define PACKAGE_VERSION "0.8.0"
| #define PACKAGE_STRING "TRE 0.8.0"
| #define PACKAGE_BUGREPORT "tre-general@lists.laurikari.net"
| #define PACKAGE "tre"
| #define VERSION "0.8.0"
| #define TRE_VERSION ".."
| #define TRE_VERSION_1 
| #define TRE_VERSION_2 
| #define TRE_VERSION_3 
| #define NDEBUG 1
| #define TRE_APPROX 1
| #define _GNU_SOURCE 1
| #define STDC_HEADERS 1
| #define HAVE_SYS_TYPES_H 1
| #define HAVE_SYS_STAT_H 1
| #define HAVE_STDLIB_H 1
| #define HAVE_STRING_H 1
| #define HAVE_INTTYPES_H 1
| #define HAVE_UNISTD_H 1
| #define C_ALLOCA 1
| #define STACK_DIRECTION -1
| #define HAVE_SYS_TYPES_H 1
| #define HAVE_REGEX_H 1
| #define TRE_REGEX_T_FIELD value
| /* end confdefs.h.  */
| /* Define isascii to an innocuous variant, in case <limits.h> declares isascii.
|    For example, HP-UX 11i <limits.h> declares gettimeofday.  */
| #define isascii innocuous_isascii
| 
| /* System header to define __stub macros and hopefully few prototypes,
|     which can conflict with char isascii (); below.
|     Prefer <limits.h> to <assert.h> if __STDC__ is defined, since
|     <limits.h> exists even on freestanding compilers.  */
| 
| #ifdef __STDC__
| # include <limits.h>
| #else
| # include <assert.h>
| #endif
| 
| #undef isascii
| 
| /* Override any GCC internal prototype to avoid an error.
|    Use char because int might match the return type of a GCC
|    builtin and then its argument prototype would still apply.  */
| #ifdef __cplusplus
| extern "C"
| #endif
| char isascii ();
| /* The GNU C library defines this for functions which it implements
|     to always fail with ENOSYS.  Some functions are actually named
|     something starting with __ and the normal name is an alias.  */
| #if defined __stub_isascii || defined __stub___isascii
| choke me
| #endif
| 
| int
| main ()
| {
| return isascii ();
|   ;
|   return 0;
| }
configure:5945: result: no
configure:5865: checking for isblank
configure:5921: cc -o conftest -D_POSIX_SOURCE -D_SUSV2_SOURCE -D_RESEARCH_SOURCE -D_PLAN9_SOURCE -D_REENTRANT_SOURCE -D_LIMITS_EXTENSION -D_NET_EXTENSION -D_BSD_EXTENSION -D_C99_SNPRINTF_EXTENSION -D_REGEX_EXTENSION   conftest.c  >&5
main: undefined: isblank
configure:5927: $? = 1
configure: failed program was:
| /* confdefs.h.  */
| #define PACKAGE_NAME "TRE"
| #define PACKAGE_TARNAME "tre"
| #define PACKAGE_VERSION "0.8.0"
| #define PACKAGE_STRING "TRE 0.8.0"
| #define PACKAGE_BUGREPORT "tre-general@lists.laurikari.net"
| #define PACKAGE "tre"
| #define VERSION "0.8.0"
| #define TRE_VERSION ".."
| #define TRE_VERSION_1 
| #define TRE_VERSION_2 
| #define TRE_VERSION_3 
| #define NDEBUG 1
| #define TRE_APPROX 1
| #define _GNU_SOURCE 1
| #define STDC_HEADERS 1
| #define HAVE_SYS_TYPES_H 1
| #define HAVE_SYS_STAT_H 1
| #define HAVE_STDLIB_H 1
| #define HAVE_STRING_H 1
| #define HAVE_INTTYPES_H 1
| #define HAVE_UNISTD_H 1
| #define C_ALLOCA 1
| #define STACK_DIRECTION -1
| #define HAVE_SYS_TYPES_H 1
| #define HAVE_REGEX_H 1
| #define TRE_REGEX_T_FIELD value
| /* end confdefs.h.  */
| /* Define isblank to an innocuous variant, in case <limits.h> declares isblank.
|    For example, HP-UX 11i <limits.h> declares gettimeofday.  */
| #define isblank innocuous_isblank
| 
| /* System header to define __stub macros and hopefully few prototypes,
|     which can conflict with char isblank (); below.
|     Prefer <limits.h> to <assert.h> if __STDC__ is defined, since
|     <limits.h> exists even on freestanding compilers.  */
| 
| #ifdef __STDC__
| # include <limits.h>
| #else
| # include <assert.h>
| #endif
| 
| #undef isblank
| 
| /* Override any GCC internal prototype to avoid an error.
|    Use char because int might match the return type of a GCC
|    builtin and then its argument prototype would still apply.  */
| #ifdef __cplusplus
| extern "C"
| #endif
| char isblank ();
| /* The GNU C library defines this for functions which it implements
|     to always fail with ENOSYS.  Some functions are actually named
|     something starting with __ and the normal name is an alias.  */
| #if defined __stub_isblank || defined __stub___isblank
| choke me
| #endif
| 
| int
| main ()
| {
| return isblank ();
|   ;
|   return 0;
| }
configure:5945: result: no
configure:5971: checking getopt.h usability
configure:5988: cc -c -D_POSIX_SOURCE -D_SUSV2_SOURCE -D_RESEARCH_SOURCE -D_PLAN9_SOURCE -D_REENTRANT_SOURCE -D_LIMITS_EXTENSION -D_NET_EXTENSION -D_BSD_EXTENSION -D_C99_SNPRINTF_EXTENSION -D_REGEX_EXTENSION  conftest.c >&5
configure:5994: $? = 1
configure: failed program was:
| /* confdefs.h.  */
| #define PACKAGE_NAME "TRE"
| #define PACKAGE_TARNAME "tre"
| #define PACKAGE_VERSION "0.8.0"
| #define PACKAGE_STRING "TRE 0.8.0"
| #define PACKAGE_BUGREPORT "tre-general@lists.laurikari.net"
| #define PACKAGE "tre"
| #define VERSION "0.8.0"
| #define TRE_VERSION ".."
| #define TRE_VERSION_1 
| #define TRE_VERSION_2 
| #define TRE_VERSION_3 
| #define NDEBUG 1
| #define TRE_APPROX 1
| #define _GNU_SOURCE 1
| #define STDC_HEADERS 1
| #define HAVE_SYS_TYPES_H 1
| #define HAVE_SYS_STAT_H 1
| #define HAVE_STDLIB_H 1
| #define HAVE_STRING_H 1
| #define HAVE_INTTYPES_H 1
| #define HAVE_UNISTD_H 1
| #define C_ALLOCA 1
| #define STACK_DIRECTION -1
| #define HAVE_SYS_TYPES_H 1
| #define HAVE_REGEX_H 1
| #define TRE_REGEX_T_FIELD value
| /* end confdefs.h.  */
| #include <stdio.h>
| #ifdef HAVE_SYS_TYPES_H
| # include <sys/types.h>
| #endif
| #ifdef HAVE_SYS_STAT_H
| # include <sys/stat.h>
| #endif
| #ifdef STDC_HEADERS
| # include <stdlib.h>
| # include <stddef.h>
| #else
| # ifdef HAVE_STDLIB_H
| #  include <stdlib.h>
| # endif
| #endif
| #ifdef HAVE_STRING_H
| # if !defined STDC_HEADERS && defined HAVE_MEMORY_H
| #  include <memory.h>
| # endif
| # include <string.h>
| #endif
| #ifdef HAVE_STRINGS_H
| # include <strings.h>
| #endif
| #ifdef HAVE_INTTYPES_H
| # include <inttypes.h>
| #endif
| #ifdef HAVE_STDINT_H
| # include <stdint.h>
| #endif
| #ifdef HAVE_UNISTD_H
| # include <unistd.h>
| #endif
| #include <getopt.h>
configure:6008: result: no
configure:6012: checking getopt.h presence
configure:6027: cc -E  conftest.c
configure:6033: $? = 1
configure: failed program was:
| /* confdefs.h.  */
| #define PACKAGE_NAME "TRE"
| #define PACKAGE_TARNAME "tre"
| #define PACKAGE_VERSION "0.8.0"
| #define PACKAGE_STRING "TRE 0.8.0"
| #define PACKAGE_BUGREPORT "tre-general@lists.laurikari.net"
| #define PACKAGE "tre"
| #define VERSION "0.8.0"
| #define TRE_VERSION ".."
| #define TRE_VERSION_1 
| #define TRE_VERSION_2 
| #define TRE_VERSION_3 
| #define NDEBUG 1
| #define TRE_APPROX 1
| #define _GNU_SOURCE 1
| #define STDC_HEADERS 1
| #define HAVE_SYS_TYPES_H 1
| #define HAVE_SYS_STAT_H 1
| #define HAVE_STDLIB_H 1
| #define HAVE_STRING_H 1
| #define HAVE_INTTYPES_H 1
| #define HAVE_UNISTD_H 1
| #define C_ALLOCA 1
| #define STACK_DIRECTION -1
| #define HAVE_SYS_TYPES_H 1
| #define HAVE_REGEX_H 1
| #define TRE_REGEX_T_FIELD value
| /* end confdefs.h.  */
| #include <getopt.h>
configure:6047: result: no
configure:6080: checking for getopt.h
configure:6088: result: no
configure:6105: checking for getopt_long
configure:6161: cc -o conftest -D_POSIX_SOURCE -D_SUSV2_SOURCE -D_RESEARCH_SOURCE -D_PLAN9_SOURCE -D_REENTRANT_SOURCE -D_LIMITS_EXTENSION -D_NET_EXTENSION -D_BSD_EXTENSION -D_C99_SNPRINTF_EXTENSION -D_REGEX_EXTENSION   conftest.c  >&5
main: undefined: getopt_long
configure:6167: $? = 1
configure: failed program was:
| /* confdefs.h.  */
| #define PACKAGE_NAME "TRE"
| #define PACKAGE_TARNAME "tre"
| #define PACKAGE_VERSION "0.8.0"
| #define PACKAGE_STRING "TRE 0.8.0"
| #define PACKAGE_BUGREPORT "tre-general@lists.laurikari.net"
| #define PACKAGE "tre"
| #define VERSION "0.8.0"
| #define TRE_VERSION ".."
| #define TRE_VERSION_1 
| #define TRE_VERSION_2 
| #define TRE_VERSION_3 
| #define NDEBUG 1
| #define TRE_APPROX 1
| #define _GNU_SOURCE 1
| #define STDC_HEADERS 1
| #define HAVE_SYS_TYPES_H 1
| #define HAVE_SYS_STAT_H 1
| #define HAVE_STDLIB_H 1
| #define HAVE_STRING_H 1
| #define HAVE_INTTYPES_H 1
| #define HAVE_UNISTD_H 1
| #define C_ALLOCA 1
| #define STACK_DIRECTION -1
| #define HAVE_SYS_TYPES_H 1
| #define HAVE_REGEX_H 1
| #define TRE_REGEX_T_FIELD value
| /* end confdefs.h.  */
| /* Define getopt_long to an innocuous variant, in case <limits.h> declares getopt_long.
|    For example, HP-UX 11i <limits.h> declares gettimeofday.  */
| #define getopt_long innocuous_getopt_long
| 
| /* System header to define __stub macros and hopefully few prototypes,
|     which can conflict with char getopt_long (); below.
|     Prefer <limits.h> to <assert.h> if __STDC__ is defined, since
|     <limits.h> exists even on freestanding compilers.  */
| 
| #ifdef __STDC__
| # include <limits.h>
| #else
| # include <assert.h>
| #endif
| 
| #undef getopt_long
| 
| /* Override any GCC internal prototype to avoid an error.
|    Use char because int might match the return type of a GCC
|    builtin and then its argument prototype would still apply.  */
| #ifdef __cplusplus
| extern "C"
| #endif
| char getopt_long ();
| /* The GNU C library defines this for functions which it implements
|     to always fail with ENOSYS.  Some functions are actually named
|     something starting with __ and the normal name is an alias.  */
| #if defined __stub_getopt_long || defined __stub___getopt_long
| choke me
| #endif
| 
| int
| main ()
| {
| return getopt_long ();
|   ;
|   return 0;
| }
configure:6185: result: no
configure:6194: checking for getopt_long in -lgnugetopt
configure:6229: cc -o conftest -D_POSIX_SOURCE -D_SUSV2_SOURCE -D_RESEARCH_SOURCE -D_PLAN9_SOURCE -D_REENTRANT_SOURCE -D_LIMITS_EXTENSION -D_NET_EXTENSION -D_BSD_EXTENSION -D_C99_SNPRINTF_EXTENSION -D_REGEX_EXTENSION   conftest.c -lgnugetopt   >&5
main: undefined: getopt_long
configure:6235: $? = 1
configure: failed program was:
| /* confdefs.h.  */
| #define PACKAGE_NAME "TRE"
| #define PACKAGE_TARNAME "tre"
| #define PACKAGE_VERSION "0.8.0"
| #define PACKAGE_STRING "TRE 0.8.0"
| #define PACKAGE_BUGREPORT "tre-general@lists.laurikari.net"
| #define PACKAGE "tre"
| #define VERSION "0.8.0"
| #define TRE_VERSION ".."
| #define TRE_VERSION_1 
| #define TRE_VERSION_2 
| #define TRE_VERSION_3 
| #define NDEBUG 1
| #define TRE_APPROX 1
| #define _GNU_SOURCE 1
| #define STDC_HEADERS 1
| #define HAVE_SYS_TYPES_H 1
| #define HAVE_SYS_STAT_H 1
| #define HAVE_STDLIB_H 1
| #define HAVE_STRING_H 1
| #define HAVE_INTTYPES_H 1
| #define HAVE_UNISTD_H 1
| #define C_ALLOCA 1
| #define STACK_DIRECTION -1
| #define HAVE_SYS_TYPES_H 1
| #define HAVE_REGEX_H 1
| #define TRE_REGEX_T_FIELD value
| /* end confdefs.h.  */
| 
| /* Override any GCC internal prototype to avoid an error.
|    Use char because int might match the return type of a GCC
|    builtin and then its argument prototype would still apply.  */
| #ifdef __cplusplus
| extern "C"
| #endif
| char getopt_long ();
| int
| main ()
| {
| return getopt_long ();
|   ;
|   return 0;
| }
configure:6253: result: no
configure:6298: checking for libutf8
configure:6343: cc -o conftest -D_POSIX_SOURCE -D_SUSV2_SOURCE -D_RESEARCH_SOURCE -D_PLAN9_SOURCE -D_REENTRANT_SOURCE -D_LIMITS_EXTENSION -D_NET_EXTENSION -D_BSD_EXTENSION -D_C99_SNPRINTF_EXTENSION -D_REGEX_EXTENSION   conftest.c  >&5
main: undefined: mbrtowc
configure:6349: $? = 1
configure: failed program was:
| /* confdefs.h.  */
| #define PACKAGE_NAME "TRE"
| #define PACKAGE_TARNAME "tre"
| #define PACKAGE_VERSION "0.8.0"
| #define PACKAGE_STRING "TRE 0.8.0"
| #define PACKAGE_BUGREPORT "tre-general@lists.laurikari.net"
| #define PACKAGE "tre"
| #define VERSION "0.8.0"
| #define TRE_VERSION ".."
| #define TRE_VERSION_1 
| #define TRE_VERSION_2 
| #define TRE_VERSION_3 
| #define NDEBUG 1
| #define TRE_APPROX 1
| #define _GNU_SOURCE 1
| #define STDC_HEADERS 1
| #define HAVE_SYS_TYPES_H 1
| #define HAVE_SYS_STAT_H 1
| #define HAVE_STDLIB_H 1
| #define HAVE_STRING_H 1
| #define HAVE_INTTYPES_H 1
| #define HAVE_UNISTD_H 1
| #define C_ALLOCA 1
| #define STACK_DIRECTION -1
| #define HAVE_SYS_TYPES_H 1
| #define HAVE_REGEX_H 1
| #define TRE_REGEX_T_FIELD value
| /* end confdefs.h.  */
| 
| /* Override any GCC internal prototype to avoid an error.
|    Use char because int might match the return type of a GCC
|    builtin and then its argument prototype would still apply.  */
| #ifdef __cplusplus
| extern "C"
| #endif
| char mbrtowc ();
| int
| main ()
| {
| return mbrtowc ();
|   ;
|   return 0;
| }
configure:6396: cc -o conftest -D_POSIX_SOURCE -D_SUSV2_SOURCE -D_RESEARCH_SOURCE -D_PLAN9_SOURCE -D_REENTRANT_SOURCE -D_LIMITS_EXTENSION -D_NET_EXTENSION -D_BSD_EXTENSION -D_C99_SNPRINTF_EXTENSION -D_REGEX_EXTENSION   conftest.c  >&5
main: undefined: utf8_mbrtowc
configure:6402: $? = 1
configure: failed program was:
| /* confdefs.h.  */
| #define PACKAGE_NAME "TRE"
| #define PACKAGE_TARNAME "tre"
| #define PACKAGE_VERSION "0.8.0"
| #define PACKAGE_STRING "TRE 0.8.0"
| #define PACKAGE_BUGREPORT "tre-general@lists.laurikari.net"
| #define PACKAGE "tre"
| #define VERSION "0.8.0"
| #define TRE_VERSION ".."
| #define TRE_VERSION_1 
| #define TRE_VERSION_2 
| #define TRE_VERSION_3 
| #define NDEBUG 1
| #define TRE_APPROX 1
| #define _GNU_SOURCE 1
| #define STDC_HEADERS 1
| #define HAVE_SYS_TYPES_H 1
| #define HAVE_SYS_STAT_H 1
| #define HAVE_STDLIB_H 1
| #define HAVE_STRING_H 1
| #define HAVE_INTTYPES_H 1
| #define HAVE_UNISTD_H 1
| #define C_ALLOCA 1
| #define STACK_DIRECTION -1
| #define HAVE_SYS_TYPES_H 1
| #define HAVE_REGEX_H 1
| #define TRE_REGEX_T_FIELD value
| /* end confdefs.h.  */
| 
| /* Override any GCC internal prototype to avoid an error.
|    Use char because int might match the return type of a GCC
|    builtin and then its argument prototype would still apply.  */
| #ifdef __cplusplus
| extern "C"
| #endif
| char utf8_mbrtowc ();
| int
| main ()
| {
| return utf8_mbrtowc ();
|   ;
|   return 0;
| }
configure:6343: cc -o conftest -D_POSIX_SOURCE -D_SUSV2_SOURCE -D_RESEARCH_SOURCE -D_PLAN9_SOURCE -D_REENTRANT_SOURCE -D_LIMITS_EXTENSION -D_NET_EXTENSION -D_BSD_EXTENSION -D_C99_SNPRINTF_EXTENSION -D_REGEX_EXTENSION   conftest.c -lutf8  >&5
main: undefined: mbrtowc
configure:6349: $? = 1
configure: failed program was:
| /* confdefs.h.  */
| #define PACKAGE_NAME "TRE"
| #define PACKAGE_TARNAME "tre"
| #define PACKAGE_VERSION "0.8.0"
| #define PACKAGE_STRING "TRE 0.8.0"
| #define PACKAGE_BUGREPORT "tre-general@lists.laurikari.net"
| #define PACKAGE "tre"
| #define VERSION "0.8.0"
| #define TRE_VERSION ".."
| #define TRE_VERSION_1 
| #define TRE_VERSION_2 
| #define TRE_VERSION_3 
| #define NDEBUG 1
| #define TRE_APPROX 1
| #define _GNU_SOURCE 1
| #define STDC_HEADERS 1
| #define HAVE_SYS_TYPES_H 1
| #define HAVE_SYS_STAT_H 1
| #define HAVE_STDLIB_H 1
| #define HAVE_STRING_H 1
| #define HAVE_INTTYPES_H 1
| #define HAVE_UNISTD_H 1
| #define C_ALLOCA 1
| #define STACK_DIRECTION -1
| #define HAVE_SYS_TYPES_H 1
| #define HAVE_REGEX_H 1
| #define TRE_REGEX_T_FIELD value
| /* end confdefs.h.  */
| 
| /* Override any GCC internal prototype to avoid an error.
|    Use char because int might match the return type of a GCC
|    builtin and then its argument prototype would still apply.  */
| #ifdef __cplusplus
| extern "C"
| #endif
| char mbrtowc ();
| int
| main ()
| {
| return mbrtowc ();
|   ;
|   return 0;
| }
configure:6396: cc -o conftest -D_POSIX_SOURCE -D_SUSV2_SOURCE -D_RESEARCH_SOURCE -D_PLAN9_SOURCE -D_REENTRANT_SOURCE -D_LIMITS_EXTENSION -D_NET_EXTENSION -D_BSD_EXTENSION -D_C99_SNPRINTF_EXTENSION -D_REGEX_EXTENSION   conftest.c -lutf8  >&5
main: undefined: utf8_mbrtowc
configure:6402: $? = 1
configure: failed program was:
| /* confdefs.h.  */
| #define PACKAGE_NAME "TRE"
| #define PACKAGE_TARNAME "tre"
| #define PACKAGE_VERSION "0.8.0"
| #define PACKAGE_STRING "TRE 0.8.0"
| #define PACKAGE_BUGREPORT "tre-general@lists.laurikari.net"
| #define PACKAGE "tre"
| #define VERSION "0.8.0"
| #define TRE_VERSION ".."
| #define TRE_VERSION_1 
| #define TRE_VERSION_2 
| #define TRE_VERSION_3 
| #define NDEBUG 1
| #define TRE_APPROX 1
| #define _GNU_SOURCE 1
| #define STDC_HEADERS 1
| #define HAVE_SYS_TYPES_H 1
| #define HAVE_SYS_STAT_H 1
| #define HAVE_STDLIB_H 1
| #define HAVE_STRING_H 1
| #define HAVE_INTTYPES_H 1
| #define HAVE_UNISTD_H 1
| #define C_ALLOCA 1
| #define STACK_DIRECTION -1
| #define HAVE_SYS_TYPES_H 1
| #define HAVE_REGEX_H 1
| #define TRE_REGEX_T_FIELD value
| /* end confdefs.h.  */
| 
| /* Override any GCC internal prototype to avoid an error.
|    Use char because int might match the return type of a GCC
|    builtin and then its argument prototype would still apply.  */
| #ifdef __cplusplus
| extern "C"
| #endif
| char utf8_mbrtowc ();
| int
| main ()
| {
| return utf8_mbrtowc ();
|   ;
|   return 0;
| }
configure:6343: cc -o conftest -D_POSIX_SOURCE -D_SUSV2_SOURCE -D_RESEARCH_SOURCE -D_PLAN9_SOURCE -D_REENTRANT_SOURCE -D_LIMITS_EXTENSION -D_NET_EXTENSION -D_BSD_EXTENSION -D_C99_SNPRINTF_EXTENSION -D_REGEX_EXTENSION  -I/usr/include  -L/usr/lib conftest.c  >&5
main: undefined: mbrtowc
configure:6349: $? = 1
configure: failed program was:
| /* confdefs.h.  */
| #define PACKAGE_NAME "TRE"
| #define PACKAGE_TARNAME "tre"
| #define PACKAGE_VERSION "0.8.0"
| #define PACKAGE_STRING "TRE 0.8.0"
| #define PACKAGE_BUGREPORT "tre-general@lists.laurikari.net"
| #define PACKAGE "tre"
| #define VERSION "0.8.0"
| #define TRE_VERSION ".."
| #define TRE_VERSION_1 
| #define TRE_VERSION_2 
| #define TRE_VERSION_3 
| #define NDEBUG 1
| #define TRE_APPROX 1
| #define _GNU_SOURCE 1
| #define STDC_HEADERS 1
| #define HAVE_SYS_TYPES_H 1
| #define HAVE_SYS_STAT_H 1
| #define HAVE_STDLIB_H 1
| #define HAVE_STRING_H 1
| #define HAVE_INTTYPES_H 1
| #define HAVE_UNISTD_H 1
| #define C_ALLOCA 1
| #define STACK_DIRECTION -1
| #define HAVE_SYS_TYPES_H 1
| #define HAVE_REGEX_H 1
| #define TRE_REGEX_T_FIELD value
| /* end confdefs.h.  */
| 
| /* Override any GCC internal prototype to avoid an error.
|    Use char because int might match the return type of a GCC
|    builtin and then its argument prototype would still apply.  */
| #ifdef __cplusplus
| extern "C"
| #endif
| char mbrtowc ();
| int
| main ()
| {
| return mbrtowc ();
|   ;
|   return 0;
| }
configure:6396: cc -o conftest -D_POSIX_SOURCE -D_SUSV2_SOURCE -D_RESEARCH_SOURCE -D_PLAN9_SOURCE -D_REENTRANT_SOURCE -D_LIMITS_EXTENSION -D_NET_EXTENSION -D_BSD_EXTENSION -D_C99_SNPRINTF_EXTENSION -D_REGEX_EXTENSION  -I/usr/include  -L/usr/lib conftest.c  >&5
main: undefined: utf8_mbrtowc
configure:6402: $? = 1
configure: failed program was:
| /* confdefs.h.  */
| #define PACKAGE_NAME "TRE"
| #define PACKAGE_TARNAME "tre"
| #define PACKAGE_VERSION "0.8.0"
| #define PACKAGE_STRING "TRE 0.8.0"
| #define PACKAGE_BUGREPORT "tre-general@lists.laurikari.net"
| #define PACKAGE "tre"
| #define VERSION "0.8.0"
| #define TRE_VERSION ".."
| #define TRE_VERSION_1 
| #define TRE_VERSION_2 
| #define TRE_VERSION_3 
| #define NDEBUG 1
| #define TRE_APPROX 1
| #define _GNU_SOURCE 1
| #define STDC_HEADERS 1
| #define HAVE_SYS_TYPES_H 1
| #define HAVE_SYS_STAT_H 1
| #define HAVE_STDLIB_H 1
| #define HAVE_STRING_H 1
| #define HAVE_INTTYPES_H 1
| #define HAVE_UNISTD_H 1
| #define C_ALLOCA 1
| #define STACK_DIRECTION -1
| #define HAVE_SYS_TYPES_H 1
| #define HAVE_REGEX_H 1
| #define TRE_REGEX_T_FIELD value
| /* end confdefs.h.  */
| 
| /* Override any GCC internal prototype to avoid an error.
|    Use char because int might match the return type of a GCC
|    builtin and then its argument prototype would still apply.  */
| #ifdef __cplusplus
| extern "C"
| #endif
| char utf8_mbrtowc ();
| int
| main ()
| {
| return utf8_mbrtowc ();
|   ;
|   return 0;
| }
configure:6343: cc -o conftest -D_POSIX_SOURCE -D_SUSV2_SOURCE -D_RESEARCH_SOURCE -D_PLAN9_SOURCE -D_REENTRANT_SOURCE -D_LIMITS_EXTENSION -D_NET_EXTENSION -D_BSD_EXTENSION -D_C99_SNPRINTF_EXTENSION -D_REGEX_EXTENSION  -I/usr/include  -L/usr/lib conftest.c -lutf8  >&5
main: undefined: mbrtowc
configure:6349: $? = 1
configure: failed program was:
| /* confdefs.h.  */
| #define PACKAGE_NAME "TRE"
| #define PACKAGE_TARNAME "tre"
| #define PACKAGE_VERSION "0.8.0"
| #define PACKAGE_STRING "TRE 0.8.0"
| #define PACKAGE_BUGREPORT "tre-general@lists.laurikari.net"
| #define PACKAGE "tre"
| #define VERSION "0.8.0"
| #define TRE_VERSION ".."
| #define TRE_VERSION_1 
| #define TRE_VERSION_2 
| #define TRE_VERSION_3 
| #define NDEBUG 1
| #define TRE_APPROX 1
| #define _GNU_SOURCE 1
| #define STDC_HEADERS 1
| #define HAVE_SYS_TYPES_H 1
| #define HAVE_SYS_STAT_H 1
| #define HAVE_STDLIB_H 1
| #define HAVE_STRING_H 1
| #define HAVE_INTTYPES_H 1
| #define HAVE_UNISTD_H 1
| #define C_ALLOCA 1
| #define STACK_DIRECTION -1
| #define HAVE_SYS_TYPES_H 1
| #define HAVE_REGEX_H 1
| #define TRE_REGEX_T_FIELD value
| /* end confdefs.h.  */
| 
| /* Override any GCC internal prototype to avoid an error.
|    Use char because int might match the return type of a GCC
|    builtin and then its argument prototype would still apply.  */
| #ifdef __cplusplus
| extern "C"
| #endif
| char mbrtowc ();
| int
| main ()
| {
| return mbrtowc ();
|   ;
|   return 0;
| }
configure:6396: cc -o conftest -D_POSIX_SOURCE -D_SUSV2_SOURCE -D_RESEARCH_SOURCE -D_PLAN9_SOURCE -D_REENTRANT_SOURCE -D_LIMITS_EXTENSION -D_NET_EXTENSION -D_BSD_EXTENSION -D_C99_SNPRINTF_EXTENSION -D_REGEX_EXTENSION  -I/usr/include  -L/usr/lib conftest.c -lutf8  >&5
main: undefined: utf8_mbrtowc
configure:6402: $? = 1
configure: failed program was:
| /* confdefs.h.  */
| #define PACKAGE_NAME "TRE"
| #define PACKAGE_TARNAME "tre"
| #define PACKAGE_VERSION "0.8.0"
| #define PACKAGE_STRING "TRE 0.8.0"
| #define PACKAGE_BUGREPORT "tre-general@lists.laurikari.net"
| #define PACKAGE "tre"
| #define VERSION "0.8.0"
| #define TRE_VERSION ".."
| #define TRE_VERSION_1 
| #define TRE_VERSION_2 
| #define TRE_VERSION_3 
| #define NDEBUG 1
| #define TRE_APPROX 1
| #define _GNU_SOURCE 1
| #define STDC_HEADERS 1
| #define HAVE_SYS_TYPES_H 1
| #define HAVE_SYS_STAT_H 1
| #define HAVE_STDLIB_H 1
| #define HAVE_STRING_H 1
| #define HAVE_INTTYPES_H 1
| #define HAVE_UNISTD_H 1
| #define C_ALLOCA 1
| #define STACK_DIRECTION -1
| #define HAVE_SYS_TYPES_H 1
| #define HAVE_REGEX_H 1
| #define TRE_REGEX_T_FIELD value
| /* end confdefs.h.  */
| 
| /* Override any GCC internal prototype to avoid an error.
|    Use char because int might match the return type of a GCC
|    builtin and then its argument prototype would still apply.  */
| #ifdef __cplusplus
| extern "C"
| #endif
| char utf8_mbrtowc ();
| int
| main ()
| {
| return utf8_mbrtowc ();
|   ;
|   return 0;
| }
configure:6343: cc -o conftest -D_POSIX_SOURCE -D_SUSV2_SOURCE -D_RESEARCH_SOURCE -D_PLAN9_SOURCE -D_REENTRANT_SOURCE -D_LIMITS_EXTENSION -D_NET_EXTENSION -D_BSD_EXTENSION -D_C99_SNPRINTF_EXTENSION -D_REGEX_EXTENSION  -I/usr/local/include  -L/usr/local/lib conftest.c  >&5
main: undefined: mbrtowc
configure:6349: $? = 1
configure: failed program was:
| /* confdefs.h.  */
| #define PACKAGE_NAME "TRE"
| #define PACKAGE_TARNAME "tre"
| #define PACKAGE_VERSION "0.8.0"
| #define PACKAGE_STRING "TRE 0.8.0"
| #define PACKAGE_BUGREPORT "tre-general@lists.laurikari.net"
| #define PACKAGE "tre"
| #define VERSION "0.8.0"
| #define TRE_VERSION ".."
| #define TRE_VERSION_1 
| #define TRE_VERSION_2 
| #define TRE_VERSION_3 
| #define NDEBUG 1
| #define TRE_APPROX 1
| #define _GNU_SOURCE 1
| #define STDC_HEADERS 1
| #define HAVE_SYS_TYPES_H 1
| #define HAVE_SYS_STAT_H 1
| #define HAVE_STDLIB_H 1
| #define HAVE_STRING_H 1
| #define HAVE_INTTYPES_H 1
| #define HAVE_UNISTD_H 1
| #define C_ALLOCA 1
| #define STACK_DIRECTION -1
| #define HAVE_SYS_TYPES_H 1
| #define HAVE_REGEX_H 1
| #define TRE_REGEX_T_FIELD value
| /* end confdefs.h.  */
| 
| /* Override any GCC internal prototype to avoid an error.
|    Use char because int might match the return type of a GCC
|    builtin and then its argument prototype would still apply.  */
| #ifdef __cplusplus
| extern "C"
| #endif
| char mbrtowc ();
| int
| main ()
| {
| return mbrtowc ();
|   ;
|   return 0;
| }
configure:6396: cc -o conftest -D_POSIX_SOURCE -D_SUSV2_SOURCE -D_RESEARCH_SOURCE -D_PLAN9_SOURCE -D_REENTRANT_SOURCE -D_LIMITS_EXTENSION -D_NET_EXTENSION -D_BSD_EXTENSION -D_C99_SNPRINTF_EXTENSION -D_REGEX_EXTENSION  -I/usr/local/include  -L/usr/local/lib conftest.c  >&5
main: undefined: utf8_mbrtowc
configure:6402: $? = 1
configure: failed program was:
| /* confdefs.h.  */
| #define PACKAGE_NAME "TRE"
| #define PACKAGE_TARNAME "tre"
| #define PACKAGE_VERSION "0.8.0"
| #define PACKAGE_STRING "TRE 0.8.0"
| #define PACKAGE_BUGREPORT "tre-general@lists.laurikari.net"
| #define PACKAGE "tre"
| #define VERSION "0.8.0"
| #define TRE_VERSION ".."
| #define TRE_VERSION_1 
| #define TRE_VERSION_2 
| #define TRE_VERSION_3 
| #define NDEBUG 1
| #define TRE_APPROX 1
| #define _GNU_SOURCE 1
| #define STDC_HEADERS 1
| #define HAVE_SYS_TYPES_H 1
| #define HAVE_SYS_STAT_H 1
| #define HAVE_STDLIB_H 1
| #define HAVE_STRING_H 1
| #define HAVE_INTTYPES_H 1
| #define HAVE_UNISTD_H 1
| #define C_ALLOCA 1
| #define STACK_DIRECTION -1
| #define HAVE_SYS_TYPES_H 1
| #define HAVE_REGEX_H 1
| #define TRE_REGEX_T_FIELD value
| /* end confdefs.h.  */
| 
| /* Override any GCC internal prototype to avoid an error.
|    Use char because int might match the return type of a GCC
|    builtin and then its argument prototype would still apply.  */
| #ifdef __cplusplus
| extern "C"
| #endif
| char utf8_mbrtowc ();
| int
| main ()
| {
| return utf8_mbrtowc ();
|   ;
|   return 0;
| }
configure:6343: cc -o conftest -D_POSIX_SOURCE -D_SUSV2_SOURCE -D_RESEARCH_SOURCE -D_PLAN9_SOURCE -D_REENTRANT_SOURCE -D_LIMITS_EXTENSION -D_NET_EXTENSION -D_BSD_EXTENSION -D_C99_SNPRINTF_EXTENSION -D_REGEX_EXTENSION  -I/usr/local/include  -L/usr/local/lib conftest.c -lutf8  >&5
main: undefined: mbrtowc
configure:6349: $? = 1
configure: failed program was:
| /* confdefs.h.  */
| #define PACKAGE_NAME "TRE"
| #define PACKAGE_TARNAME "tre"
| #define PACKAGE_VERSION "0.8.0"
| #define PACKAGE_STRING "TRE 0.8.0"
| #define PACKAGE_BUGREPORT "tre-general@lists.laurikari.net"
| #define PACKAGE "tre"
| #define VERSION "0.8.0"
| #define TRE_VERSION ".."
| #define TRE_VERSION_1 
| #define TRE_VERSION_2 
| #define TRE_VERSION_3 
| #define NDEBUG 1
| #define TRE_APPROX 1
| #define _GNU_SOURCE 1
| #define STDC_HEADERS 1
| #define HAVE_SYS_TYPES_H 1
| #define HAVE_SYS_STAT_H 1
| #define HAVE_STDLIB_H 1
| #define HAVE_STRING_H 1
| #define HAVE_INTTYPES_H 1
| #define HAVE_UNISTD_H 1
| #define C_ALLOCA 1
| #define STACK_DIRECTION -1
| #define HAVE_SYS_TYPES_H 1
| #define HAVE_REGEX_H 1
| #define TRE_REGEX_T_FIELD value
| /* end confdefs.h.  */
| 
| /* Override any GCC internal prototype to avoid an error.
|    Use char because int might match the return type of a GCC
|    builtin and then its argument prototype would still apply.  */
| #ifdef __cplusplus
| extern "C"
| #endif
| char mbrtowc ();
| int
| main ()
| {
| return mbrtowc ();
|   ;
|   return 0;
| }
configure:6396: cc -o conftest -D_POSIX_SOURCE -D_SUSV2_SOURCE -D_RESEARCH_SOURCE -D_PLAN9_SOURCE -D_REENTRANT_SOURCE -D_LIMITS_EXTENSION -D_NET_EXTENSION -D_BSD_EXTENSION -D_C99_SNPRINTF_EXTENSION -D_REGEX_EXTENSION  -I/usr/local/include  -L/usr/local/lib conftest.c -lutf8  >&5
main: undefined: utf8_mbrtowc
configure:6402: $? = 1
configure: failed program was:
| /* confdefs.h.  */
| #define PACKAGE_NAME "TRE"
| #define PACKAGE_TARNAME "tre"
| #define PACKAGE_VERSION "0.8.0"
| #define PACKAGE_STRING "TRE 0.8.0"
| #define PACKAGE_BUGREPORT "tre-general@lists.laurikari.net"
| #define PACKAGE "tre"
| #define VERSION "0.8.0"
| #define TRE_VERSION ".."
| #define TRE_VERSION_1 
| #define TRE_VERSION_2 
| #define TRE_VERSION_3 
| #define NDEBUG 1
| #define TRE_APPROX 1
| #define _GNU_SOURCE 1
| #define STDC_HEADERS 1
| #define HAVE_SYS_TYPES_H 1
| #define HAVE_SYS_STAT_H 1
| #define HAVE_STDLIB_H 1
| #define HAVE_STRING_H 1
| #define HAVE_INTTYPES_H 1
| #define HAVE_UNISTD_H 1
| #define C_ALLOCA 1
| #define STACK_DIRECTION -1
| #define HAVE_SYS_TYPES_H 1
| #define HAVE_REGEX_H 1
| #define TRE_REGEX_T_FIELD value
| /* end confdefs.h.  */
| 
| /* Override any GCC internal prototype to avoid an error.
|    Use char because int might match the return type of a GCC
|    builtin and then its argument prototype would still apply.  */
| #ifdef __cplusplus
| extern "C"
| #endif
| char utf8_mbrtowc ();
| int
| main ()
| {
| return utf8_mbrtowc ();
|   ;
|   return 0;
| }
configure:6442: result: no
configure:6618: checking wchar.h usability
configure:6635: cc -c -D_POSIX_SOURCE -D_SUSV2_SOURCE -D_RESEARCH_SOURCE -D_PLAN9_SOURCE -D_REENTRANT_SOURCE -D_LIMITS_EXTENSION -D_NET_EXTENSION -D_BSD_EXTENSION -D_C99_SNPRINTF_EXTENSION -D_REGEX_EXTENSION  conftest.c >&5
configure:6641: $? = 0
configure:6655: result: yes
configure:6659: checking wchar.h presence
configure:6674: cc -E  conftest.c
configure:6680: $? = 1
configure: failed program was:
| /* confdefs.h.  */
| #define PACKAGE_NAME "TRE"
| #define PACKAGE_TARNAME "tre"
| #define PACKAGE_VERSION "0.8.0"
| #define PACKAGE_STRING "TRE 0.8.0"
| #define PACKAGE_BUGREPORT "tre-general@lists.laurikari.net"
| #define PACKAGE "tre"
| #define VERSION "0.8.0"
| #define TRE_VERSION ".."
| #define TRE_VERSION_1 
| #define TRE_VERSION_2 
| #define TRE_VERSION_3 
| #define NDEBUG 1
| #define TRE_APPROX 1
| #define _GNU_SOURCE 1
| #define STDC_HEADERS 1
| #define HAVE_SYS_TYPES_H 1
| #define HAVE_SYS_STAT_H 1
| #define HAVE_STDLIB_H 1
| #define HAVE_STRING_H 1
| #define HAVE_INTTYPES_H 1
| #define HAVE_UNISTD_H 1
| #define C_ALLOCA 1
| #define STACK_DIRECTION -1
| #define HAVE_SYS_TYPES_H 1
| #define HAVE_REGEX_H 1
| #define TRE_REGEX_T_FIELD value
| /* end confdefs.h.  */
| #include <wchar.h>
configure:6694: result: no
configure:6700: WARNING: wchar.h: accepted by the compiler, rejected by the preprocessor!
configure:6702: WARNING: wchar.h: proceeding with the compiler's result
configure:6727: checking for wchar.h
configure:6735: result: yes
configure:6618: checking wctype.h usability
configure:6635: cc -c -D_POSIX_SOURCE -D_SUSV2_SOURCE -D_RESEARCH_SOURCE -D_PLAN9_SOURCE -D_REENTRANT_SOURCE -D_LIMITS_EXTENSION -D_NET_EXTENSION -D_BSD_EXTENSION -D_C99_SNPRINTF_EXTENSION -D_REGEX_EXTENSION  conftest.c >&5
configure:6641: $? = 0
configure:6655: result: yes
configure:6659: checking wctype.h presence
configure:6674: cc -E  conftest.c
configure:6680: $? = 1
configure: failed program was:
| /* confdefs.h.  */
| #define PACKAGE_NAME "TRE"
| #define PACKAGE_TARNAME "tre"
| #define PACKAGE_VERSION "0.8.0"
| #define PACKAGE_STRING "TRE 0.8.0"
| #define PACKAGE_BUGREPORT "tre-general@lists.laurikari.net"
| #define PACKAGE "tre"
| #define VERSION "0.8.0"
| #define TRE_VERSION ".."
| #define TRE_VERSION_1 
| #define TRE_VERSION_2 
| #define TRE_VERSION_3 
| #define NDEBUG 1
| #define TRE_APPROX 1
| #define _GNU_SOURCE 1
| #define STDC_HEADERS 1
| #define HAVE_SYS_TYPES_H 1
| #define HAVE_SYS_STAT_H 1
| #define HAVE_STDLIB_H 1
| #define HAVE_STRING_H 1
| #define HAVE_INTTYPES_H 1
| #define HAVE_UNISTD_H 1
| #define C_ALLOCA 1
| #define STACK_DIRECTION -1
| #define HAVE_SYS_TYPES_H 1
| #define HAVE_REGEX_H 1
| #define TRE_REGEX_T_FIELD value
| #define HAVE_WCHAR_H 1
| /* end confdefs.h.  */
| #include <wctype.h>
configure:6694: result: no
configure:6700: WARNING: wctype.h: accepted by the compiler, rejected by the preprocessor!
configure:6702: WARNING: wctype.h: proceeding with the compiler's result
configure:6727: checking for wctype.h
configure:6735: result: yes
configure:6769: checking for wchar_t
configure:6800: cc -c -D_POSIX_SOURCE -D_SUSV2_SOURCE -D_RESEARCH_SOURCE -D_PLAN9_SOURCE -D_REENTRANT_SOURCE -D_LIMITS_EXTENSION -D_NET_EXTENSION -D_BSD_EXTENSION -D_C99_SNPRINTF_EXTENSION -D_REGEX_EXTENSION  conftest.c >&5
configure:6806: $? = 0
configure:6821: result: yes
configure:6831: checking whether WCHAR_MAX is defined
configure:6862: cc -c -D_POSIX_SOURCE -D_SUSV2_SOURCE -D_RESEARCH_SOURCE -D_PLAN9_SOURCE -D_REENTRANT_SOURCE -D_LIMITS_EXTENSION -D_NET_EXTENSION -D_BSD_EXTENSION -D_C99_SNPRINTF_EXTENSION -D_REGEX_EXTENSION  conftest.c >&5
/usr/jens/dvl/tre-0.8.0/conftest.c:41[stdin:493] name not declared: WCHAR_MAX
configure:6868: $? = 1
configure: failed program was:
| /* confdefs.h.  */
| #define PACKAGE_NAME "TRE"
| #define PACKAGE_TARNAME "tre"
| #define PACKAGE_VERSION "0.8.0"
| #define PACKAGE_STRING "TRE 0.8.0"
| #define PACKAGE_BUGREPORT "tre-general@lists.laurikari.net"
| #define PACKAGE "tre"
| #define VERSION "0.8.0"
| #define TRE_VERSION ".."
| #define TRE_VERSION_1 
| #define TRE_VERSION_2 
| #define TRE_VERSION_3 
| #define NDEBUG 1
| #define TRE_APPROX 1
| #define _GNU_SOURCE 1
| #define STDC_HEADERS 1
| #define HAVE_SYS_TYPES_H 1
| #define HAVE_SYS_STAT_H 1
| #define HAVE_STDLIB_H 1
| #define HAVE_STRING_H 1
| #define HAVE_INTTYPES_H 1
| #define HAVE_UNISTD_H 1
| #define C_ALLOCA 1
| #define STACK_DIRECTION -1
| #define HAVE_SYS_TYPES_H 1
| #define HAVE_REGEX_H 1
| #define TRE_REGEX_T_FIELD value
| #define HAVE_WCHAR_H 1
| #define HAVE_WCTYPE_H 1
| #define HAVE_WCHAR_T 1
| /* end confdefs.h.  */
| 
| #ifdef HAVE_WCHAR_H
| #include <wchar.h>
| #endif
| 
| int
| main ()
| {
| WCHAR_MAX
|   ;
|   return 0;
| }
configure:6883: result: no
configure:6888: checking whether wchar_t is signed
configure:6919: cc -c -D_POSIX_SOURCE -D_SUSV2_SOURCE -D_RESEARCH_SOURCE -D_PLAN9_SOURCE -D_REENTRANT_SOURCE -D_LIMITS_EXTENSION -D_NET_EXTENSION -D_BSD_EXTENSION -D_C99_SNPRINTF_EXTENSION -D_REGEX_EXTENSION  conftest.c >&5
/usr/jens/dvl/tre-0.8.0/conftest.c:40[stdin:492] array size must be a positive constant
configure:6925: $? = 1
configure: failed program was:
|  /* confdefs.h.  */
| #define PACKAGE_NAME "TRE"
| #define PACKAGE_TARNAME "tre"
| #define PACKAGE_VERSION "0.8.0"
| #define PACKAGE_STRING "TRE 0.8.0"
| #define PACKAGE_BUGREPORT "tre-general@lists.laurikari.net"
| #define PACKAGE "tre"
| #define VERSION "0.8.0"
| #define TRE_VERSION ".."
| #define TRE_VERSION_1 
| #define TRE_VERSION_2 
| #define TRE_VERSION_3 
| #define NDEBUG 1
| #define TRE_APPROX 1
| #define _GNU_SOURCE 1
| #define STDC_HEADERS 1
| #define HAVE_SYS_TYPES_H 1
| #define HAVE_SYS_STAT_H 1
| #define HAVE_STDLIB_H 1
| #define HAVE_STRING_H 1
| #define HAVE_INTTYPES_H 1
| #define HAVE_UNISTD_H 1
| #define C_ALLOCA 1
| #define STACK_DIRECTION -1
| #define HAVE_SYS_TYPES_H 1
| #define HAVE_REGEX_H 1
| #define TRE_REGEX_T_FIELD value
| #define HAVE_WCHAR_H 1
| #define HAVE_WCTYPE_H 1
| #define HAVE_WCHAR_T 1
| /* end confdefs.h.  */
| 
| #ifdef HAVE_WCHAR_H
| #include <wchar.h>
| #endif
| 
| int
| main ()
| {
|  int foo [ 1 - 2 * !(((wchar_t) -1) < 0) ]
|   ;
|   return 0;
| }
configure:6941: result: no
configure:6983: checking for wint_t
configure:7014: cc -c -D_POSIX_SOURCE -D_SUSV2_SOURCE -D_RESEARCH_SOURCE -D_PLAN9_SOURCE -D_REENTRANT_SOURCE -D_LIMITS_EXTENSION -D_NET_EXTENSION -D_BSD_EXTENSION -D_C99_SNPRINTF_EXTENSION -D_REGEX_EXTENSION  conftest.c >&5
configure:7020: $? = 0
configure:7035: result: yes
configure:7052: checking for mbstate_t
configure:7083: cc -c -D_POSIX_SOURCE -D_SUSV2_SOURCE -D_RESEARCH_SOURCE -D_PLAN9_SOURCE -D_REENTRANT_SOURCE -D_LIMITS_EXTENSION -D_NET_EXTENSION -D_BSD_EXTENSION -D_C99_SNPRINTF_EXTENSION -D_REGEX_EXTENSION  conftest.c >&5
configure:7089: $? = 0
configure:7104: result: yes
configure:7125: checking for wcsrtombs
configure:7154: cc -o conftest -D_POSIX_SOURCE -D_SUSV2_SOURCE -D_RESEARCH_SOURCE -D_PLAN9_SOURCE -D_REENTRANT_SOURCE -D_LIMITS_EXTENSION -D_NET_EXTENSION -D_BSD_EXTENSION -D_C99_SNPRINTF_EXTENSION -D_REGEX_EXTENSION   conftest.c  >&5
modf: wcsrtombs: not defined
configure:7160: $? = 1
configure: failed program was:
|  /* confdefs.h.  */
| #define PACKAGE_NAME "TRE"
| #define PACKAGE_TARNAME "tre"
| #define PACKAGE_VERSION "0.8.0"
| #define PACKAGE_STRING "TRE 0.8.0"
| #define PACKAGE_BUGREPORT "tre-general@lists.laurikari.net"
| #define PACKAGE "tre"
| #define VERSION "0.8.0"
| #define TRE_VERSION ".."
| #define TRE_VERSION_1 
| #define TRE_VERSION_2 
| #define TRE_VERSION_3 
| #define NDEBUG 1
| #define TRE_APPROX 1
| #define _GNU_SOURCE 1
| #define STDC_HEADERS 1
| #define HAVE_SYS_TYPES_H 1
| #define HAVE_SYS_STAT_H 1
| #define HAVE_STDLIB_H 1
| #define HAVE_STRING_H 1
| #define HAVE_INTTYPES_H 1
| #define HAVE_UNISTD_H 1
| #define C_ALLOCA 1
| #define STACK_DIRECTION -1
| #define HAVE_SYS_TYPES_H 1
| #define HAVE_REGEX_H 1
| #define TRE_REGEX_T_FIELD value
| #define HAVE_WCHAR_H 1
| #define HAVE_WCTYPE_H 1
| #define HAVE_WCHAR_T 1
| #define WCHAR_T_UNSIGNED 1
| #define WCHAR_MAX (1L << (sizeof(wchar_t) * 8) - 1)
| #define HAVE_WINT_T 1
| #define HAVE_MBSTATE_T 1
| /* end confdefs.h.  */
| 
| #ifdef HAVE_WCHAR_H
| #include <wchar.h>
| #endif /* HAVE_WCHAR_H */
| #ifdef HAVE_WCTYPE_H
| #include <wctype.h>
| #endif /* HAVE_WCTYPE_H */
| #ifdef HAVE_LIBUTF8_H
| #include <libutf8.h>
| #endif /* HAVE_LIBUTF8_H */
| 
| void *foo = wcsrtombs;
| 
| int
| main ()
| {
|   return foo != wcsrtombs;
|   ;
|   return 0;
| }
configure:7178: result: no
configure:7125: checking for wcstombs
configure:7154: cc -o conftest -D_POSIX_SOURCE -D_SUSV2_SOURCE -D_RESEARCH_SOURCE -D_PLAN9_SOURCE -D_REENTRANT_SOURCE -D_LIMITS_EXTENSION -D_NET_EXTENSION -D_BSD_EXTENSION -D_C99_SNPRINTF_EXTENSION -D_REGEX_EXTENSION   conftest.c  >&5
configure:7160: $? = 0
configure:7178: result: yes
configure:7213: checking for iswlower
configure:7242: cc -o conftest -D_POSIX_SOURCE -D_SUSV2_SOURCE -D_RESEARCH_SOURCE -D_PLAN9_SOURCE -D_REENTRANT_SOURCE -D_LIMITS_EXTENSION -D_NET_EXTENSION -D_BSD_EXTENSION -D_C99_SNPRINTF_EXTENSION -D_REGEX_EXTENSION   conftest.c  >&5
configure:7248: $? = 0
configure:7266: result: yes
configure:7213: checking for iswupper
configure:7242: cc -o conftest -D_POSIX_SOURCE -D_SUSV2_SOURCE -D_RESEARCH_SOURCE -D_PLAN9_SOURCE -D_REENTRANT_SOURCE -D_LIMITS_EXTENSION -D_NET_EXTENSION -D_BSD_EXTENSION -D_C99_SNPRINTF_EXTENSION -D_REGEX_EXTENSION   conftest.c  >&5
configure:7248: $? = 0
configure:7266: result: yes
configure:7213: checking for towlower
configure:7242: cc -o conftest -D_POSIX_SOURCE -D_SUSV2_SOURCE -D_RESEARCH_SOURCE -D_PLAN9_SOURCE -D_REENTRANT_SOURCE -D_LIMITS_EXTENSION -D_NET_EXTENSION -D_BSD_EXTENSION -D_C99_SNPRINTF_EXTENSION -D_REGEX_EXTENSION   conftest.c  >&5
configure:7248: $? = 0
configure:7266: result: yes
configure:7213: checking for towupper
configure:7242: cc -o conftest -D_POSIX_SOURCE -D_SUSV2_SOURCE -D_RESEARCH_SOURCE -D_PLAN9_SOURCE -D_REENTRANT_SOURCE -D_LIMITS_EXTENSION -D_NET_EXTENSION -D_BSD_EXTENSION -D_C99_SNPRINTF_EXTENSION -D_REGEX_EXTENSION   conftest.c  >&5
configure:7248: $? = 0
configure:7266: result: yes
configure:7213: checking for wcschr
configure:7242: cc -o conftest -D_POSIX_SOURCE -D_SUSV2_SOURCE -D_RESEARCH_SOURCE -D_PLAN9_SOURCE -D_REENTRANT_SOURCE -D_LIMITS_EXTENSION -D_NET_EXTENSION -D_BSD_EXTENSION -D_C99_SNPRINTF_EXTENSION -D_REGEX_EXTENSION   conftest.c  >&5
modf: wcschr: not defined
configure:7248: $? = 1
configure: failed program was:
|  /* confdefs.h.  */
| #define PACKAGE_NAME "TRE"
| #define PACKAGE_TARNAME "tre"
| #define PACKAGE_VERSION "0.8.0"
| #define PACKAGE_STRING "TRE 0.8.0"
| #define PACKAGE_BUGREPORT "tre-general@lists.laurikari.net"
| #define PACKAGE "tre"
| #define VERSION "0.8.0"
| #define TRE_VERSION ".."
| #define TRE_VERSION_1 
| #define TRE_VERSION_2 
| #define TRE_VERSION_3 
| #define NDEBUG 1
| #define TRE_APPROX 1
| #define _GNU_SOURCE 1
| #define STDC_HEADERS 1
| #define HAVE_SYS_TYPES_H 1
| #define HAVE_SYS_STAT_H 1
| #define HAVE_STDLIB_H 1
| #define HAVE_STRING_H 1
| #define HAVE_INTTYPES_H 1
| #define HAVE_UNISTD_H 1
| #define C_ALLOCA 1
| #define STACK_DIRECTION -1
| #define HAVE_SYS_TYPES_H 1
| #define HAVE_REGEX_H 1
| #define TRE_REGEX_T_FIELD value
| #define HAVE_WCHAR_H 1
| #define HAVE_WCTYPE_H 1
| #define HAVE_WCHAR_T 1
| #define WCHAR_T_UNSIGNED 1
| #define WCHAR_MAX (1L << (sizeof(wchar_t) * 8) - 1)
| #define HAVE_WINT_T 1
| #define HAVE_MBSTATE_T 1
| #define HAVE_WCSTOMBS 1
| #define HAVE_ISWLOWER 1
| #define HAVE_ISWUPPER 1
| #define HAVE_TOWLOWER 1
| #define HAVE_TOWUPPER 1
| /* end confdefs.h.  */
|  
| #ifdef HAVE_WCHAR_H
| #include <wchar.h>
| #endif /* HAVE_WCHAR_H */
| #ifdef HAVE_WCTYPE_H
| #include <wctype.h>
| #endif /* HAVE_WCTYPE_H */
| #ifdef HAVE_LIBUTF8_H
| #include <libutf8.h>
| #endif /* HAVE_LIBUTF8_H */
| 
| void *foo = wcschr;
| 
| int
| main ()
| {
|   return foo != wcschr;
|   ;
|   return 0;
| }
configure:7266: result: no
configure:7614: checking for special C compiler options needed for large files
configure:7654: cc -c -D_POSIX_SOURCE -D_SUSV2_SOURCE -D_RESEARCH_SOURCE -D_PLAN9_SOURCE -D_REENTRANT_SOURCE -D_LIMITS_EXTENSION -D_NET_EXTENSION -D_BSD_EXTENSION -D_C99_SNPRINTF_EXTENSION -D_REGEX_EXTENSION  conftest.c >&5
configure:7660: $? = 0
configure:7707: result: no
configure:7713: checking for _FILE_OFFSET_BITS value needed for large files
configure:7748: cc -c -D_POSIX_SOURCE -D_SUSV2_SOURCE -D_RESEARCH_SOURCE -D_PLAN9_SOURCE -D_REENTRANT_SOURCE -D_LIMITS_EXTENSION -D_NET_EXTENSION -D_BSD_EXTENSION -D_C99_SNPRINTF_EXTENSION -D_REGEX_EXTENSION  conftest.c >&5
configure:7754: $? = 0
configure:7822: result: no
configure:7959: checking whether NLS is requested
configure:7968: result: no
configure:8009: checking for msgfmt
configure:8044: result: no
configure:8050: checking for gmsgfmt
configure:8081: result: :
configure:8132: checking for xgettext
configure:8167: result: no
configure:8210: checking for msgmerge
configure:8244: result: no
configure:8331: checking for non-GNU ld
configure:8362: result: /bin/ld
configure:8371: checking if the linker (/bin/ld) is GNU ld
configure:8384: result: no
configure:8391: checking for shared library run path origin
configure:8404: result: done
configure:8905: checking for CFPreferencesCopyAppValue
configure:8933: cc -o conftest -D_POSIX_SOURCE -D_SUSV2_SOURCE -D_RESEARCH_SOURCE -D_PLAN9_SOURCE -D_REENTRANT_SOURCE -D_LIMITS_EXTENSION -D_NET_EXTENSION -D_BSD_EXTENSION -D_C99_SNPRINTF_EXTENSION -D_REGEX_EXTENSION   conftest.c  -Wl,-framework -Wl,CoreFoundation >&5
/usr/jens/dvl/tre-0.8.0/conftest.c:44[stdin:45] name not declared: NULL
/usr/jens/dvl/tre-0.8.0/conftest.c:44[stdin:45] name not declared: NULL
configure:8939: $? = 1
configure: failed program was:
| /* confdefs.h.  */
| #define PACKAGE_NAME "TRE"
| #define PACKAGE_TARNAME "tre"
| #define PACKAGE_VERSION "0.8.0"
| #define PACKAGE_STRING "TRE 0.8.0"
| #define PACKAGE_BUGREPORT "tre-general@lists.laurikari.net"
| #define PACKAGE "tre"
| #define VERSION "0.8.0"
| #define TRE_VERSION ".."
| #define TRE_VERSION_1 
| #define TRE_VERSION_2 
| #define TRE_VERSION_3 
| #define NDEBUG 1
| #define TRE_APPROX 1
| #define _GNU_SOURCE 1
| #define STDC_HEADERS 1
| #define HAVE_SYS_TYPES_H 1
| #define HAVE_SYS_STAT_H 1
| #define HAVE_STDLIB_H 1
| #define HAVE_STRING_H 1
| #define HAVE_INTTYPES_H 1
| #define HAVE_UNISTD_H 1
| #define C_ALLOCA 1
| #define STACK_DIRECTION -1
| #define HAVE_SYS_TYPES_H 1
| #define HAVE_REGEX_H 1
| #define TRE_REGEX_T_FIELD value
| #define HAVE_WCHAR_H 1
| #define HAVE_WCTYPE_H 1
| #define HAVE_WCHAR_T 1
| #define WCHAR_T_UNSIGNED 1
| #define WCHAR_MAX (1L << (sizeof(wchar_t) * 8) - 1)
| #define HAVE_WINT_T 1
| #define HAVE_MBSTATE_T 1
| #define HAVE_WCSTOMBS 1
| #define HAVE_ISWLOWER 1
| #define HAVE_ISWUPPER 1
| #define HAVE_TOWLOWER 1
| #define HAVE_TOWUPPER 1
| /* end confdefs.h.  */
| #include <CoreFoundation/CFPreferences.h>
| int
| main ()
| {
| CFPreferencesCopyAppValue(NULL, NULL)
|   ;
|   return 0;
| }
configure:8957: result: no
configure:8966: checking for CFLocaleCopyCurrent
configure:8994: cc -o conftest -D_POSIX_SOURCE -D_SUSV2_SOURCE -D_RESEARCH_SOURCE -D_PLAN9_SOURCE -D_REENTRANT_SOURCE -D_LIMITS_EXTENSION -D_NET_EXTENSION -D_BSD_EXTENSION -D_C99_SNPRINTF_EXTENSION -D_REGEX_EXTENSION   conftest.c  -Wl,-framework -Wl,CoreFoundation >&5
configure:9000: $? = 1
configure: failed program was:
| /* confdefs.h.  */
| #define PACKAGE_NAME "TRE"
| #define PACKAGE_TARNAME "tre"
| #define PACKAGE_VERSION "0.8.0"
| #define PACKAGE_STRING "TRE 0.8.0"
| #define PACKAGE_BUGREPORT "tre-general@lists.laurikari.net"
| #define PACKAGE "tre"
| #define VERSION "0.8.0"
| #define TRE_VERSION ".."
| #define TRE_VERSION_1 
| #define TRE_VERSION_2 
| #define TRE_VERSION_3 
| #define NDEBUG 1
| #define TRE_APPROX 1
| #define _GNU_SOURCE 1
| #define STDC_HEADERS 1
| #define HAVE_SYS_TYPES_H 1
| #define HAVE_SYS_STAT_H 1
| #define HAVE_STDLIB_H 1
| #define HAVE_STRING_H 1
| #define HAVE_INTTYPES_H 1
| #define HAVE_UNISTD_H 1
| #define C_ALLOCA 1
| #define STACK_DIRECTION -1
| #define HAVE_SYS_TYPES_H 1
| #define HAVE_REGEX_H 1
| #define TRE_REGEX_T_FIELD value
| #define HAVE_WCHAR_H 1
| #define HAVE_WCTYPE_H 1
| #define HAVE_WCHAR_T 1
| #define WCHAR_T_UNSIGNED 1
| #define WCHAR_MAX (1L << (sizeof(wchar_t) * 8) - 1)
| #define HAVE_WINT_T 1
| #define HAVE_MBSTATE_T 1
| #define HAVE_WCSTOMBS 1
| #define HAVE_ISWLOWER 1
| #define HAVE_ISWUPPER 1
| #define HAVE_TOWLOWER 1
| #define HAVE_TOWUPPER 1
| /* end confdefs.h.  */
| #include <CoreFoundation/CFLocale.h>
| int
| main ()
| {
| CFLocaleCopyCurrent();
|   ;
|   return 0;
| }
configure:9018: result: no
configure:10007: checking whether to use NLS
configure:10009: result: no
configure:10161: checking for a sed that does not truncate output
configure:10217: result: /bin/gsed
configure:10264: checking for non-GNU ld
configure:10298: result: /bin/ld
configure:10307: checking if the linker (/bin/ld) is GNU ld
configure:10322: result: no
configure:10327: checking for /bin/ld option to reload object files
configure:10334: result: -r
configure:10352: checking for BSD-compatible nm
configure:10401: result: /bin/nm
configure:10405: checking whether ln -s works
configure:10412: result: no, using cp -p
configure:10416: checking how to recognize dependent libraries
configure:10602: result: unknown
configure:11146: checking dlfcn.h usability
configure:11163: cc -c -D_POSIX_SOURCE -D_SUSV2_SOURCE -D_RESEARCH_SOURCE -D_PLAN9_SOURCE -D_REENTRANT_SOURCE -D_LIMITS_EXTENSION -D_NET_EXTENSION -D_BSD_EXTENSION -D_C99_SNPRINTF_EXTENSION -D_REGEX_EXTENSION  conftest.c >&5
configure:11169: $? = 1
configure: failed program was:
| /* confdefs.h.  */
| #define PACKAGE_NAME "TRE"
| #define PACKAGE_TARNAME "tre"
| #define PACKAGE_VERSION "0.8.0"
| #define PACKAGE_STRING "TRE 0.8.0"
| #define PACKAGE_BUGREPORT "tre-general@lists.laurikari.net"
| #define PACKAGE "tre"
| #define VERSION "0.8.0"
| #define TRE_VERSION ".."
| #define TRE_VERSION_1 
| #define TRE_VERSION_2 
| #define TRE_VERSION_3 
| #define NDEBUG 1
| #define TRE_APPROX 1
| #define _GNU_SOURCE 1
| #define STDC_HEADERS 1
| #define HAVE_SYS_TYPES_H 1
| #define HAVE_SYS_STAT_H 1
| #define HAVE_STDLIB_H 1
| #define HAVE_STRING_H 1
| #define HAVE_INTTYPES_H 1
| #define HAVE_UNISTD_H 1
| #define C_ALLOCA 1
| #define STACK_DIRECTION -1
| #define HAVE_SYS_TYPES_H 1
| #define HAVE_REGEX_H 1
| #define TRE_REGEX_T_FIELD value
| #define HAVE_WCHAR_H 1
| #define HAVE_WCTYPE_H 1
| #define HAVE_WCHAR_T 1
| #define WCHAR_T_UNSIGNED 1
| #define WCHAR_MAX (1L << (sizeof(wchar_t) * 8) - 1)
| #define HAVE_WINT_T 1
| #define HAVE_MBSTATE_T 1
| #define HAVE_WCSTOMBS 1
| #define HAVE_ISWLOWER 1
| #define HAVE_ISWUPPER 1
| #define HAVE_TOWLOWER 1
| #define HAVE_TOWUPPER 1
| /* end confdefs.h.  */
| #include <stdio.h>
| #ifdef HAVE_SYS_TYPES_H
| # include <sys/types.h>
| #endif
| #ifdef HAVE_SYS_STAT_H
| # include <sys/stat.h>
| #endif
| #ifdef STDC_HEADERS
| # include <stdlib.h>
| # include <stddef.h>
| #else
| # ifdef HAVE_STDLIB_H
| #  include <stdlib.h>
| # endif
| #endif
| #ifdef HAVE_STRING_H
| # if !defined STDC_HEADERS && defined HAVE_MEMORY_H
| #  include <memory.h>
| # endif
| # include <string.h>
| #endif
| #ifdef HAVE_STRINGS_H
| # include <strings.h>
| #endif
| #ifdef HAVE_INTTYPES_H
| # include <inttypes.h>
| #endif
| #ifdef HAVE_STDINT_H
| # include <stdint.h>
| #endif
| #ifdef HAVE_UNISTD_H
| # include <unistd.h>
| #endif
| #include <dlfcn.h>
configure:11183: result: no
configure:11187: checking dlfcn.h presence
configure:11202: cc -E  conftest.c
configure:11208: $? = 1
configure: failed program was:
| /* confdefs.h.  */
| #define PACKAGE_NAME "TRE"
| #define PACKAGE_TARNAME "tre"
| #define PACKAGE_VERSION "0.8.0"
| #define PACKAGE_STRING "TRE 0.8.0"
| #define PACKAGE_BUGREPORT "tre-general@lists.laurikari.net"
| #define PACKAGE "tre"
| #define VERSION "0.8.0"
| #define TRE_VERSION ".."
| #define TRE_VERSION_1 
| #define TRE_VERSION_2 
| #define TRE_VERSION_3 
| #define NDEBUG 1
| #define TRE_APPROX 1
| #define _GNU_SOURCE 1
| #define STDC_HEADERS 1
| #define HAVE_SYS_TYPES_H 1
| #define HAVE_SYS_STAT_H 1
| #define HAVE_STDLIB_H 1
| #define HAVE_STRING_H 1
| #define HAVE_INTTYPES_H 1
| #define HAVE_UNISTD_H 1
| #define C_ALLOCA 1
| #define STACK_DIRECTION -1
| #define HAVE_SYS_TYPES_H 1
| #define HAVE_REGEX_H 1
| #define TRE_REGEX_T_FIELD value
| #define HAVE_WCHAR_H 1
| #define HAVE_WCTYPE_H 1
| #define HAVE_WCHAR_T 1
| #define WCHAR_T_UNSIGNED 1
| #define WCHAR_MAX (1L << (sizeof(wchar_t) * 8) - 1)
| #define HAVE_WINT_T 1
| #define HAVE_MBSTATE_T 1
| #define HAVE_WCSTOMBS 1
| #define HAVE_ISWLOWER 1
| #define HAVE_ISWUPPER 1
| #define HAVE_TOWLOWER 1
| #define HAVE_TOWUPPER 1
| /* end confdefs.h.  */
| #include <dlfcn.h>
configure:11222: result: no
configure:11255: checking for dlfcn.h
configure:11263: result: no
configure:11279: checking the maximum length of command line arguments
configure:11391: result: 
configure:11403: checking command to parse /bin/nm output from cc object
configure:11508: cc -c -D_POSIX_SOURCE -D_SUSV2_SOURCE -D_RESEARCH_SOURCE -D_PLAN9_SOURCE -D_REENTRANT_SOURCE -D_LIMITS_EXTENSION -D_NET_EXTENSION -D_BSD_EXTENSION -D_C99_SNPRINTF_EXTENSION -D_REGEX_EXTENSION  conftest.c >&5
configure:11511: $? = 0
configure:11515: /bin/nm conftest.o \| sed -n -e 's/^.*[ 	]\([BCDEGRST][BCDEGRST]*\)[ 	][ 	]*\([_A-Za-z][_A-Za-z0-9]*\)$/\1 \2 \2/p' \> conftest.nm
configure:11518: $? = 0
configure:11570: cc -o conftest -D_POSIX_SOURCE -D_SUSV2_SOURCE -D_RESEARCH_SOURCE -D_PLAN9_SOURCE -D_REENTRANT_SOURCE -D_LIMITS_EXTENSION -D_NET_EXTENSION -D_BSD_EXTENSION -D_C99_SNPRINTF_EXTENSION -D_REGEX_EXTENSION   conftest.c conftstm.o >&5
configure:11573: $? = 0
configure:11611: result: ok
configure:11615: checking for objdir
configure:11630: result: .libs
configure:11722: checking for ar
configure:11738: found /bin/ar
configure:11749: result: ar
configure:11818: checking for ranlib
configure:11834: found /bin/ranlib
configure:11845: result: ranlib
configure:11914: checking for strip
configure:11930: found /bin/strip
configure:11941: result: strip
configure:12589: checking for cc option to produce PIC
configure:12821: result: 
configure:12892: checking if cc static flag  works
configure:12920: result: yes
configure:12930: checking if cc supports -c -o file.o
configure:12949: cc -c -D_POSIX_SOURCE -D_SUSV2_SOURCE -D_RESEARCH_SOURCE -D_PLAN9_SOURCE -D_REENTRANT_SOURCE -D_LIMITS_EXTENSION -D_NET_EXTENSION -D_BSD_EXTENSION -D_C99_SNPRINTF_EXTENSION -D_REGEX_EXTENSION  -o out/conftest2.o conftest.c >&5
configure:12953: $? = 0
configure:12977: result: yes
configure:13003: checking whether the cc linker (/bin/ld) supports shared libraries
configure:13984: result: no
configure:14051: checking dynamic linker characteristics
configure:14665: result: no
configure:14689: checking how to hardcode library paths into programs
configure:14714: result: unsupported
configure:14728: checking whether stripping libraries is possible
configure:14750: result: no
configure:15535: checking if libtool supports shared libraries
configure:15537: result: no
configure:15540: checking whether to build shared libraries
configure:15561: result: no
configure:15564: checking whether to build static libraries
configure:15568: result: yes
configure:15662: creating libtool
configure:16295: creating ./config.status

## ---------------------- ##
## Running config.status. ##
## ---------------------- ##

This file was extended by TRE config.status 0.8.0, which was
generated by GNU Autoconf 2.61.  Invocation command line was

  CONFIG_FILES    = 
  CONFIG_HEADERS  = 
  CONFIG_LINKS    = 
  CONFIG_COMMANDS = 
  $ ./config.status 

on cirno

config.status:710: creating Makefile
config.status:710: creating doc/Makefile
config.status:710: creating doc/agrep.1
config.status:710: creating lib/Makefile
config.status:710: creating m4/Makefile
config.status:710: creating po/Makefile.in
config.status:710: creating src/Makefile
config.status:710: creating tests/Makefile
config.status:710: creating tests/agrep/Makefile
config.status:710: creating tre.pc
config.status:710: creating tre.spec
config.status:710: creating utils/Makefile
config.status:710: creating config.h
config.status:710: creating lib/tre-config.h
config.status:1004: executing depfiles commands
config.status:1004: executing po-directories commands

## ---------------- ##
## Cache variables. ##
## ---------------- ##

ac_cv_build=i386-unknown-plan9
ac_cv_c_compiler_gnu=no
ac_cv_c_const=yes
ac_cv_c_inline=inline
ac_cv_c_stack_direction=-1
ac_cv_env_CC_set=
ac_cv_env_CC_value=
ac_cv_env_CFLAGS_set=set
ac_cv_env_CFLAGS_value='-D_POSIX_SOURCE -D_SUSV2_SOURCE -D_RESEARCH_SOURCE -D_PLAN9_SOURCE -D_REENTRANT_SOURCE -D_LIMITS_EXTENSION -D_NET_EXTENSION -D_BSD_EXTENSION -D_C99_SNPRINTF_EXTENSION -D_REGEX_EXTENSION'
ac_cv_env_CPPFLAGS_set=
ac_cv_env_CPPFLAGS_value=
ac_cv_env_CPP_set=
ac_cv_env_CPP_value=
ac_cv_env_LDFLAGS_set=
ac_cv_env_LDFLAGS_value=
ac_cv_env_LIBS_set=
ac_cv_env_LIBS_value=
ac_cv_env_build_alias_set=
ac_cv_env_build_alias_value=
ac_cv_env_host_alias_set=
ac_cv_env_host_alias_value=
ac_cv_env_target_alias_set=
ac_cv_env_target_alias_value=
ac_cv_func_alloca_works=no
ac_cv_func_getopt_long=no
ac_cv_func_isascii=no
ac_cv_func_isblank=no
ac_cv_header_dlfcn_h=no
ac_cv_header_getopt_h=no
ac_cv_header_inttypes_h=yes
ac_cv_header_memory_h=no
ac_cv_header_regex_h=yes
ac_cv_header_stdc=yes
ac_cv_header_stdint_h=no
ac_cv_header_stdlib_h=yes
ac_cv_header_string_h=yes
ac_cv_header_strings_h=no
ac_cv_header_sys_stat_h=yes
ac_cv_header_sys_types_h=yes
ac_cv_header_unistd_h=yes
ac_cv_header_wchar_h=yes
ac_cv_header_wctype_h=yes
ac_cv_host=i386-unknown-plan9
ac_cv_lib_gnugetopt_getopt_long=no
ac_cv_objext=o
ac_cv_os_cray=no
ac_cv_path_EGREP=/bin/egrep
ac_cv_path_GMSGFMT=:
ac_cv_path_GREP=grep
ac_cv_path_MSGFMT=:
ac_cv_path_MSGMERGE=:
ac_cv_path_XGETTEXT=:
ac_cv_path_install='/bin/install -c'
ac_cv_prog_AWK=gawk
ac_cv_prog_CC=cc
ac_cv_prog_CPP='cc -E'
ac_cv_prog_ac_ct_AR=ar
ac_cv_prog_ac_ct_RANLIB=ranlib
ac_cv_prog_ac_ct_STRIP=strip
ac_cv_prog_cc_c89=
ac_cv_prog_cc_cc_c_o=yes
ac_cv_prog_cc_g=yes
ac_cv_prog_make_make_set=yes
ac_cv_sys_file_offset_bits=no
ac_cv_sys_largefile_CC=no
ac_cv_target=i386-unknown-plan9
ac_cv_type_mbstate_t=yes
ac_cv_type_wchar_t=yes
ac_cv_type_wint_t=yes
ac_cv_working_alloca_h=no
acl_cv_hardcode_direct=no
acl_cv_hardcode_libdir_flag_spec=
acl_cv_hardcode_libdir_separator=
acl_cv_hardcode_minus_L=no
acl_cv_libext=a
acl_cv_libname_spec='lib$name'
acl_cv_library_names_spec=
acl_cv_path_LD=/bin/ld
acl_cv_prog_gnu_ld=no
acl_cv_rpath=done
acl_cv_shlibext=so
acl_cv_wl=
am_cv_CC_dependencies_compiler_type=none
ax_cv_decl_wchar_max=no
ax_cv_decl_wchar_t_signed=no
ax_cv_func_iswlower=yes
ax_cv_func_iswupper=yes
ax_cv_func_towlower=yes
ax_cv_func_towupper=yes
ax_cv_func_wcschr=no
ax_cv_func_wcsrtombs=no
ax_cv_func_wcstombs=yes
gt_cv_func_CFLocaleCopyCurrent=no
gt_cv_func_CFPreferencesCopyAppValue=no
lt_cv_deplibs_check_method=unknown
lt_cv_file_magic_cmd='$MAGIC_CMD'
lt_cv_file_magic_test_file=
lt_cv_ld_reload_flag=-r
lt_cv_objdir=.libs
lt_cv_path_LD=/bin/ld
lt_cv_path_NM=/bin/nm
lt_cv_path_SED=/bin/gsed
lt_cv_prog_compiler_c_o=yes
lt_cv_prog_compiler_static_works=yes
lt_cv_prog_gnu_ld=no
lt_cv_sys_global_symbol_pipe='sed -n -e '\''s/^.*[ 	]\([BCDEGRST][BCDEGRST]*\)[ 	][ 	]*\([_A-Za-z][_A-Za-z0-9]*\)$/\1 \2 \2/p'\'
lt_cv_sys_global_symbol_to_c_name_address='sed -n -e '\''s/^: \([^ ]*\) $/  {\"\1\", (lt_ptr) 0},/p'\'' -e '\''s/^[BCDEGRST] \([^ ]*\) \([^ ]*\)$/  {"\2", (lt_ptr) \&\2},/p'\'
lt_cv_sys_global_symbol_to_cdecl='sed -n -e '\''s/^. .* \(.*\)$/extern int \1;/p'\'
lt_cv_sys_lib_dlsearch_path_spec='/lib /usr/lib'
lt_cv_sys_lib_search_path_spec='/lib /usr/lib /usr/local/lib'
lt_cv_sys_max_cmd_len=
lt_lt_cv_prog_compiler_c_o='"yes"'
lt_lt_cv_sys_global_symbol_pipe='"sed -n -e '\''s/^.*[ 	]\\([BCDEGRST][BCDEGRST]*\\)[ 	][ 	]*\\([_A-Za-z][_A-Za-z0-9]*\\)\$/\\1 \\2 \\2/p'\''"'
lt_lt_cv_sys_global_symbol_to_c_name_address='"sed -n -e '\''s/^: \\([^ ]*\\) \$/  {\\\"\\1\\\", (lt_ptr) 0},/p'\'' -e '\''s/^[BCDEGRST] \\([^ ]*\\) \\([^ ]*\\)\$/  {\"\\2\", (lt_ptr) \\&\\2},/p'\''"'
lt_lt_cv_sys_global_symbol_to_cdecl='"sed -n -e '\''s/^. .* \\(.*\\)\$/extern int \\1;/p'\''"'

## ----------------- ##
## Output variables. ##
## ----------------- ##

ACLOCAL='${SHELL} /usr/jens/dvl/tre-0.8.0/utils/missing --run aclocal-1.10'
ALLOCA='${LIBOBJDIR}alloca.o'
AMDEPBACKSLASH='\'
AMDEP_FALSE='#'
AMDEP_TRUE=''
AMTAR='${SHELL} /usr/jens/dvl/tre-0.8.0/utils/missing --run tar'
AR='ar'
AS='as'
AUTOCONF='${SHELL} /usr/jens/dvl/tre-0.8.0/utils/missing --run autoconf'
AUTOHEADER='${SHELL} /usr/jens/dvl/tre-0.8.0/utils/missing --run autoheader'
AUTOMAKE='${SHELL} /usr/jens/dvl/tre-0.8.0/utils/missing --run automake-1.10'
AWK='gawk'
CC='cc'
CCDEPMODE='depmode=none'
CFLAGS='-D_POSIX_SOURCE -D_SUSV2_SOURCE -D_RESEARCH_SOURCE -D_PLAN9_SOURCE -D_REENTRANT_SOURCE -D_LIMITS_EXTENSION -D_NET_EXTENSION -D_BSD_EXTENSION -D_C99_SNPRINTF_EXTENSION -D_REGEX_EXTENSION'
CPP='cc -E'
CPPFLAGS=''
CYGPATH_W='echo'
DEFS='-DHAVE_CONFIG_H'
DEPDIR='.deps'
DLLTOOL='dlltool'
DSYMUTIL=''
ECHO='/bin/echo'
ECHO_C=''
ECHO_N='-n'
ECHO_T=''
EGREP='/bin/egrep'
EXEEXT=''
GETTEXT_MACRO_VERSION='0.17'
GMSGFMT=':'
GMSGFMT_015=':'
GREP='grep'
INSTALL_DATA='${INSTALL} -m 644'
INSTALL_PROGRAM='${INSTALL}'
INSTALL_SCRIPT='${INSTALL}'
INSTALL_STRIP_PROGRAM='$(install_sh) -c -s'
INTLLIBS=''
INTL_MACOSX_LIBS=''
LDFLAGS=''
LIBICONV='-liconv'
LIBINTL=''
LIBOBJS=''
LIBS=''
LIBTOOL='$(SHELL) $(top_builddir)/libtool'
LN_S='cp -p'
LTLIBICONV='-liconv'
LTLIBINTL=''
LTLIBOBJS=''
MAKEINFO='${SHELL} /usr/jens/dvl/tre-0.8.0/utils/missing --run makeinfo'
MSGFMT=':'
MSGFMT_015=':'
MSGMERGE=':'
NMEDIT=''
OBJDUMP='objdump'
OBJEXT='o'
PACKAGE='tre'
PACKAGE_BUGREPORT='tre-general@lists.laurikari.net'
PACKAGE_NAME='TRE'
PACKAGE_STRING='TRE 0.8.0'
PACKAGE_TARNAME='tre'
PACKAGE_VERSION='0.8.0'
PATH_SEPARATOR=':'
POSUB=''
RANLIB='ranlib'
SED='/bin/gsed'
SET_MAKE=''
SHELL='/bin/sh'
STRIP='strip'
TRE_AGREP_FALSE='#'
TRE_AGREP_TRUE=''
TRE_APPROX_FALSE='#'
TRE_APPROX_TRUE=''
TRE_DEBUG_FALSE=''
TRE_DEBUG_TRUE='#'
TRE_MULTIBYTE_FALSE=''
TRE_MULTIBYTE_TRUE='#'
TRE_PROFILE_FALSE=''
TRE_PROFILE_TRUE='#'
TRE_VERSION='..'
USE_NLS='no'
VERSION='0.8.0'
XGETTEXT=':'
XGETTEXT_015=':'
XGETTEXT_EXTRA_OPTIONS=''
ac_ct_CC=''
am__fastdepCC_FALSE=''
am__fastdepCC_TRUE='#'
am__include='include'
am__isrc=''
am__leading_dot='.'
am__quote=''
am__tar='${AMTAR} chof - "$$tardir"'
am__untar='${AMTAR} xf -'
bindir='${exec_prefix}/bin'
build='i386-unknown-plan9'
build_alias=''
build_cpu='i386'
build_os='plan9'
build_vendor='unknown'
datadir='${datarootdir}'
datarootdir='/sys'
docdir='${datarootdir}/doc/${PACKAGE_TARNAME}'
dvidir='${docdir}'
exec_prefix='/386'
host='i386-unknown-plan9'
host_alias=''
host_cpu='i386'
host_os='plan9'
host_vendor='unknown'
htmldir='${docdir}'
includedir='/sys/include/ape'
infodir='${datarootdir}/info'
install_sh='$(SHELL) /usr/jens/dvl/tre-0.8.0/utils/install-sh'
libdir='/386/lib/ape'
libexecdir='${exec_prefix}/libexec'
localedir='${datarootdir}/locale'
localstatedir='${prefix}/var'
mandir='${datarootdir}/man'
mkdir_p='$(top_builddir)/utils/install-sh -c -d'
oldincludedir='/usr/include'
pdfdir='${docdir}'
prefix='/sys/lib/tre'
program_transform_name='s,x,x,'
psdir='${docdir}'
sbindir='${exec_prefix}/sbin'
sharedstatedir='${prefix}/com'
sysconfdir='${prefix}/etc'
target='i386-unknown-plan9'
target_alias=''
target_cpu='i386'
target_os='plan9'
target_vendor='unknown'

## ----------- ##
## confdefs.h. ##
## ----------- ##

#define PACKAGE_NAME "TRE"
#define PACKAGE_TARNAME "tre"
#define PACKAGE_VERSION "0.8.0"
#define PACKAGE_STRING "TRE 0.8.0"
#define PACKAGE_BUGREPORT "tre-general@lists.laurikari.net"
#define PACKAGE "tre"
#define VERSION "0.8.0"
#define TRE_VERSION ".."
#define TRE_VERSION_1 
#define TRE_VERSION_2 
#define TRE_VERSION_3 
#define NDEBUG 1
#define TRE_APPROX 1
#define _GNU_SOURCE 1
#define STDC_HEADERS 1
#define HAVE_SYS_TYPES_H 1
#define HAVE_SYS_STAT_H 1
#define HAVE_STDLIB_H 1
#define HAVE_STRING_H 1
#define HAVE_INTTYPES_H 1
#define HAVE_UNISTD_H 1
#define C_ALLOCA 1
#define STACK_DIRECTION -1
#define HAVE_SYS_TYPES_H 1
#define HAVE_REGEX_H 1
#define TRE_REGEX_T_FIELD value
#define HAVE_WCHAR_H 1
#define HAVE_WCTYPE_H 1
#define HAVE_WCHAR_T 1
#define WCHAR_T_UNSIGNED 1
#define WCHAR_MAX (1L << (sizeof(wchar_t) * 8) - 1)
#define HAVE_WINT_T 1
#define HAVE_MBSTATE_T 1
#define HAVE_WCSTOMBS 1
#define HAVE_ISWLOWER 1
#define HAVE_ISWUPPER 1
#define HAVE_TOWLOWER 1
#define HAVE_TOWUPPER 1

configure: exit 0
