This file contains any messages produced by compilers while
running configure, to aid debugging if configure makes a mistake.

It was created by libssh2 configure -, which was
generated by GNU Autoconf 2.69.  Invocation command line was

  $ ./configure --prefix=/sys/lib/libssh2 --exec-prefix=/386 --sbindir=/386/bin --libexecdir=/386/bin --sysconfdir=/sys/lib/libssh2 --sharedstatedir=/sys/lib/libssh2 --localstatedir=/sys/lib/libssh2 --includedir=/sys/include/ape --datarootdir=/sys

## --------- ##
## Platform. ##
## --------- ##

hostname = cirno
uname -m = i386
uname -r = 4
uname -s = Plan9
uname -v = 0

/usr/bin/uname -p = unknown
/bin/uname -X     = 

/bin/arch              = unknown
/usr/bin/arch -k       = unknown
/usr/convex/getsysinfo = unknown
/usr/bin/hostinfo      = unknown
/bin/machine           = unknown
/usr/bin/oslevel       = unknown
/bin/universe          = unknown

PATH: /bin
PATH: .


## ----------- ##
## Core tests. ##
## ----------- ##

configure:2326: checking whether to enable maintainer-specific portions of Makefiles
configure:2335: result: no
configure:2351: checking for sed
configure:2370: found /bin/sed
configure:2383: result: /bin/sed
configure:2444: checking for a BSD-compatible install
configure:2512: result: ./install-sh -c
configure:2523: checking whether build environment is sane
configure:2573: result: yes
configure:2714: checking for a thread-safe mkdir -p
configure:2753: result: ./install-sh -c -d
configure:2766: checking for gawk
configure:2782: found /bin/gawk
configure:2793: result: gawk
configure:2804: checking whether make sets $(MAKE)
configure:2826: result: yes
configure:2906: checking libssh2 version
configure:2908: result: 1.4.3
configure:2919: checking build system type
configure:2933: result: i386-unknown-plan9
configure:2953: checking host system type
configure:2966: result: i386-unknown-plan9
configure:2993: autobuild project... libssh2
configure:2999: autobuild revision... 1.4.3
configure:3015: autobuild timestamp... Thu Jan  1 01:00:00 CET 1970
configure:3056: checking for style of include used by make
configure:3084: result: GNU
configure:3155: checking for gcc
configure:3185: result: no
configure:3248: checking for cc
configure:3269: found /bin/cc
configure:3292: result: cc
configure:3411: checking for C compiler version
configure:3420: cc --version >&5
cc: flag -- ignored
cc: flag -e ignored
cc: flag -r ignored
cc: flag -i ignored
cc: no files to compile or load
configure:3431: $? = 1
configure:3420: cc -v >&5
cc: no files to compile or load
configure:3431: $? = 1
configure:3420: cc -V >&5
cc: flag -V ignored
cc: no files to compile or load
configure:3431: $? = 1
configure:3420: cc -qversion >&5
cc: flag -q ignored
cc: flag -e ignored
cc: flag -r ignored
cc: flag -i ignored
cc: no files to compile or load
configure:3431: $? = 1
configure:3451: checking whether the C compiler works
configure:3473: cc -D_POSIX_SOURCE -D_SUSV2_SOURCE -D_REENTRANT_SOURCE -D_RESEARCH_SOURCE -D_PLAN9_SOURCE -D_LIMITS_EXTENSION -D_NET_EXTENSION -D_BSD_EXTENSION -D_C99_SNPRINTF_EXTENSION   conftest.c  >&5
configure:3477: $? = 0
configure:3525: result: yes
configure:3528: checking for C compiler default output file name
configure:3530: result: a.out
configure:3536: checking for suffix of executables
configure:3543: cc -o conftest -D_POSIX_SOURCE -D_SUSV2_SOURCE -D_REENTRANT_SOURCE -D_RESEARCH_SOURCE -D_PLAN9_SOURCE -D_LIMITS_EXTENSION -D_NET_EXTENSION -D_BSD_EXTENSION -D_C99_SNPRINTF_EXTENSION   conftest.c  >&5
configure:3547: $? = 0
configure:3569: result: 
configure:3591: checking whether we are cross compiling
configure:3599: cc -o conftest -D_POSIX_SOURCE -D_SUSV2_SOURCE -D_REENTRANT_SOURCE -D_RESEARCH_SOURCE -D_PLAN9_SOURCE -D_LIMITS_EXTENSION -D_NET_EXTENSION -D_BSD_EXTENSION -D_C99_SNPRINTF_EXTENSION   conftest.c  >&5
configure:3603: $? = 0
configure:3610: ./conftest
configure:3614: $? = 0
configure:3629: result: no
configure:3634: checking for suffix of object files
configure:3656: cc -c -D_POSIX_SOURCE -D_SUSV2_SOURCE -D_REENTRANT_SOURCE -D_RESEARCH_SOURCE -D_PLAN9_SOURCE -D_LIMITS_EXTENSION -D_NET_EXTENSION -D_BSD_EXTENSION -D_C99_SNPRINTF_EXTENSION  conftest.c >&5
configure:3660: $? = 0
configure:3681: result: o
configure:3685: checking whether we are using the GNU C compiler
configure:3704: cc -c -D_POSIX_SOURCE -D_SUSV2_SOURCE -D_REENTRANT_SOURCE -D_RESEARCH_SOURCE -D_PLAN9_SOURCE -D_LIMITS_EXTENSION -D_NET_EXTENSION -D_BSD_EXTENSION -D_C99_SNPRINTF_EXTENSION  conftest.c >&5
/usr/jens/dvl/libssh2-1.4.3/conftest.c:16[stdin:17] syntax error, last name: me
configure:3704: $? = 1
configure: failed program was:
| /* confdefs.h */
| #define PACKAGE_NAME "libssh2"
| #define PACKAGE_TARNAME "libssh2"
| #define PACKAGE_VERSION "-"
| #define PACKAGE_STRING "libssh2 -"
| #define PACKAGE_BUGREPORT "libssh2-devel@cool.haxx.se"
| #define PACKAGE_URL ""
| #define PACKAGE "libssh2"
| #define VERSION "-"
| /* end confdefs.h.  */
| 
| int
| main ()
| {
| #ifndef __GNUC__
|        choke me
| #endif
| 
|   ;
|   return 0;
| }
configure:3713: result: no
configure:3722: checking whether cc accepts -g
configure:3742: cc -c -g  conftest.c >&5
configure:3742: $? = 0
configure:3783: result: yes
configure:3800: checking for cc option to accept ISO C89
configure:3863: cc  -c -D_POSIX_SOURCE -D_SUSV2_SOURCE -D_REENTRANT_SOURCE -D_RESEARCH_SOURCE -D_PLAN9_SOURCE -D_LIMITS_EXTENSION -D_NET_EXTENSION -D_BSD_EXTENSION -D_C99_SNPRINTF_EXTENSION  conftest.c >&5
configure:3863: $? = 0
configure:3876: result: none needed
configure:3898: checking dependency style of cc
configure:4009: result: none
configure:4030: checking how to run the C preprocessor
configure:4061: cc -E  conftest.c
configure:4061: $? = 0
configure:4075: cc -E  conftest.c
configure:4075: $? = 1
configure: failed program was:
| /* confdefs.h */
| #define PACKAGE_NAME "libssh2"
| #define PACKAGE_TARNAME "libssh2"
| #define PACKAGE_VERSION "-"
| #define PACKAGE_STRING "libssh2 -"
| #define PACKAGE_BUGREPORT "libssh2-devel@cool.haxx.se"
| #define PACKAGE_URL ""
| #define PACKAGE "libssh2"
| #define VERSION "-"
| /* end confdefs.h.  */
| #include <ac_nonexistent.h>
configure:4100: result: cc -E
configure:4120: cc -E  conftest.c
configure:4120: $? = 0
configure:4134: cc -E  conftest.c
configure:4134: $? = 1
configure: failed program was:
| /* confdefs.h */
| #define PACKAGE_NAME "libssh2"
| #define PACKAGE_TARNAME "libssh2"
| #define PACKAGE_VERSION "-"
| #define PACKAGE_STRING "libssh2 -"
| #define PACKAGE_BUGREPORT "libssh2-devel@cool.haxx.se"
| #define PACKAGE_URL ""
| #define PACKAGE "libssh2"
| #define VERSION "-"
| /* end confdefs.h.  */
| #include <ac_nonexistent.h>
configure:4163: checking for grep that handles long lines and -e
configure:4221: result: grep
configure:4226: checking for egrep
configure:4288: result: /bin/egrep
configure:4293: checking for ANSI C header files
configure:4313: cc -c -D_POSIX_SOURCE -D_SUSV2_SOURCE -D_REENTRANT_SOURCE -D_RESEARCH_SOURCE -D_PLAN9_SOURCE -D_LIMITS_EXTENSION -D_NET_EXTENSION -D_BSD_EXTENSION -D_C99_SNPRINTF_EXTENSION  conftest.c >&5
configure:4313: $? = 0
configure:4386: cc -o conftest -D_POSIX_SOURCE -D_SUSV2_SOURCE -D_REENTRANT_SOURCE -D_RESEARCH_SOURCE -D_PLAN9_SOURCE -D_LIMITS_EXTENSION -D_NET_EXTENSION -D_BSD_EXTENSION -D_C99_SNPRINTF_EXTENSION   conftest.c  >&5
configure:4386: $? = 0
configure:4386: ./conftest
configure:4386: $? = 0
configure:4397: result: yes
configure:4410: checking for sys/types.h
configure:4410: cc -c -D_POSIX_SOURCE -D_SUSV2_SOURCE -D_REENTRANT_SOURCE -D_RESEARCH_SOURCE -D_PLAN9_SOURCE -D_LIMITS_EXTENSION -D_NET_EXTENSION -D_BSD_EXTENSION -D_C99_SNPRINTF_EXTENSION  conftest.c >&5
configure:4410: $? = 0
configure:4410: result: yes
configure:4410: checking for sys/stat.h
configure:4410: cc -c -D_POSIX_SOURCE -D_SUSV2_SOURCE -D_REENTRANT_SOURCE -D_RESEARCH_SOURCE -D_PLAN9_SOURCE -D_LIMITS_EXTENSION -D_NET_EXTENSION -D_BSD_EXTENSION -D_C99_SNPRINTF_EXTENSION  conftest.c >&5
configure:4410: $? = 0
configure:4410: result: yes
configure:4410: checking for stdlib.h
configure:4410: cc -c -D_POSIX_SOURCE -D_SUSV2_SOURCE -D_REENTRANT_SOURCE -D_RESEARCH_SOURCE -D_PLAN9_SOURCE -D_LIMITS_EXTENSION -D_NET_EXTENSION -D_BSD_EXTENSION -D_C99_SNPRINTF_EXTENSION  conftest.c >&5
configure:4410: $? = 0
configure:4410: result: yes
configure:4410: checking for string.h
configure:4410: cc -c -D_POSIX_SOURCE -D_SUSV2_SOURCE -D_REENTRANT_SOURCE -D_RESEARCH_SOURCE -D_PLAN9_SOURCE -D_LIMITS_EXTENSION -D_NET_EXTENSION -D_BSD_EXTENSION -D_C99_SNPRINTF_EXTENSION  conftest.c >&5
configure:4410: $? = 0
configure:4410: result: yes
configure:4410: checking for memory.h
configure:4410: cc -c -D_POSIX_SOURCE -D_SUSV2_SOURCE -D_REENTRANT_SOURCE -D_RESEARCH_SOURCE -D_PLAN9_SOURCE -D_LIMITS_EXTENSION -D_NET_EXTENSION -D_BSD_EXTENSION -D_C99_SNPRINTF_EXTENSION  conftest.c >&5
configure:4410: $? = 1
configure: failed program was:
| /* confdefs.h */
| #define PACKAGE_NAME "libssh2"
| #define PACKAGE_TARNAME "libssh2"
| #define PACKAGE_VERSION "-"
| #define PACKAGE_STRING "libssh2 -"
| #define PACKAGE_BUGREPORT "libssh2-devel@cool.haxx.se"
| #define PACKAGE_URL ""
| #define PACKAGE "libssh2"
| #define VERSION "-"
| #define STDC_HEADERS 1
| #define HAVE_SYS_TYPES_H 1
| #define HAVE_SYS_STAT_H 1
| #define HAVE_STDLIB_H 1
| #define HAVE_STRING_H 1
| /* end confdefs.h.  */
| #include <stdio.h>
| #ifdef HAVE_SYS_TYPES_H
| # include <sys/types.h>
| #endif
| #ifdef HAVE_SYS_STAT_H
| # include <sys/stat.h>
| #endif
| #ifdef STDC_HEADERS
| # include <stdlib.h>
| # include <stddef.h>
| #else
| # ifdef HAVE_STDLIB_H
| #  include <stdlib.h>
| # endif
| #endif
| #ifdef HAVE_STRING_H
| # if !defined STDC_HEADERS && defined HAVE_MEMORY_H
| #  include <memory.h>
| # endif
| # include <string.h>
| #endif
| #ifdef HAVE_STRINGS_H
| # include <strings.h>
| #endif
| #ifdef HAVE_INTTYPES_H
| # include <inttypes.h>
| #endif
| #ifdef HAVE_STDINT_H
| # include <stdint.h>
| #endif
| #ifdef HAVE_UNISTD_H
| # include <unistd.h>
| #endif
| 
| #include <memory.h>
configure:4410: result: no
configure:4410: checking for strings.h
configure:4410: cc -c -D_POSIX_SOURCE -D_SUSV2_SOURCE -D_REENTRANT_SOURCE -D_RESEARCH_SOURCE -D_PLAN9_SOURCE -D_LIMITS_EXTENSION -D_NET_EXTENSION -D_BSD_EXTENSION -D_C99_SNPRINTF_EXTENSION  conftest.c >&5
configure:4410: $? = 1
configure: failed program was:
| /* confdefs.h */
| #define PACKAGE_NAME "libssh2"
| #define PACKAGE_TARNAME "libssh2"
| #define PACKAGE_VERSION "-"
| #define PACKAGE_STRING "libssh2 -"
| #define PACKAGE_BUGREPORT "libssh2-devel@cool.haxx.se"
| #define PACKAGE_URL ""
| #define PACKAGE "libssh2"
| #define VERSION "-"
| #define STDC_HEADERS 1
| #define HAVE_SYS_TYPES_H 1
| #define HAVE_SYS_STAT_H 1
| #define HAVE_STDLIB_H 1
| #define HAVE_STRING_H 1
| /* end confdefs.h.  */
| #include <stdio.h>
| #ifdef HAVE_SYS_TYPES_H
| # include <sys/types.h>
| #endif
| #ifdef HAVE_SYS_STAT_H
| # include <sys/stat.h>
| #endif
| #ifdef STDC_HEADERS
| # include <stdlib.h>
| # include <stddef.h>
| #else
| # ifdef HAVE_STDLIB_H
| #  include <stdlib.h>
| # endif
| #endif
| #ifdef HAVE_STRING_H
| # if !defined STDC_HEADERS && defined HAVE_MEMORY_H
| #  include <memory.h>
| # endif
| # include <string.h>
| #endif
| #ifdef HAVE_STRINGS_H
| # include <strings.h>
| #endif
| #ifdef HAVE_INTTYPES_H
| # include <inttypes.h>
| #endif
| #ifdef HAVE_STDINT_H
| # include <stdint.h>
| #endif
| #ifdef HAVE_UNISTD_H
| # include <unistd.h>
| #endif
| 
| #include <strings.h>
configure:4410: result: no
configure:4410: checking for inttypes.h
configure:4410: cc -c -D_POSIX_SOURCE -D_SUSV2_SOURCE -D_REENTRANT_SOURCE -D_RESEARCH_SOURCE -D_PLAN9_SOURCE -D_LIMITS_EXTENSION -D_NET_EXTENSION -D_BSD_EXTENSION -D_C99_SNPRINTF_EXTENSION  conftest.c >&5
configure:4410: $? = 0
configure:4410: result: yes
configure:4410: checking for stdint.h
configure:4410: cc -c -D_POSIX_SOURCE -D_SUSV2_SOURCE -D_REENTRANT_SOURCE -D_RESEARCH_SOURCE -D_PLAN9_SOURCE -D_LIMITS_EXTENSION -D_NET_EXTENSION -D_BSD_EXTENSION -D_C99_SNPRINTF_EXTENSION  conftest.c >&5
configure:4410: $? = 0
configure:4410: result: yes
configure:4410: checking for unistd.h
configure:4410: cc -c -D_POSIX_SOURCE -D_SUSV2_SOURCE -D_REENTRANT_SOURCE -D_RESEARCH_SOURCE -D_PLAN9_SOURCE -D_LIMITS_EXTENSION -D_NET_EXTENSION -D_BSD_EXTENSION -D_C99_SNPRINTF_EXTENSION  conftest.c >&5
configure:4410: $? = 0
configure:4410: result: yes
configure:4422: checking for long long
configure:4422: cc -c -D_POSIX_SOURCE -D_SUSV2_SOURCE -D_REENTRANT_SOURCE -D_RESEARCH_SOURCE -D_PLAN9_SOURCE -D_LIMITS_EXTENSION -D_NET_EXTENSION -D_BSD_EXTENSION -D_C99_SNPRINTF_EXTENSION  conftest.c >&5
configure:4422: $? = 0
configure:4422: cc -c -D_POSIX_SOURCE -D_SUSV2_SOURCE -D_REENTRANT_SOURCE -D_RESEARCH_SOURCE -D_PLAN9_SOURCE -D_LIMITS_EXTENSION -D_NET_EXTENSION -D_BSD_EXTENSION -D_C99_SNPRINTF_EXTENSION  conftest.c >&5
/usr/jens/dvl/libssh2-1.4.3/conftest.c:55[stdin:931] syntax error, last name: long
configure:4422: $? = 1
configure: failed program was:
| /* confdefs.h */
| #define PACKAGE_NAME "libssh2"
| #define PACKAGE_TARNAME "libssh2"
| #define PACKAGE_VERSION "-"
| #define PACKAGE_STRING "libssh2 -"
| #define PACKAGE_BUGREPORT "libssh2-devel@cool.haxx.se"
| #define PACKAGE_URL ""
| #define PACKAGE "libssh2"
| #define VERSION "-"
| #define STDC_HEADERS 1
| #define HAVE_SYS_TYPES_H 1
| #define HAVE_SYS_STAT_H 1
| #define HAVE_STDLIB_H 1
| #define HAVE_STRING_H 1
| #define HAVE_INTTYPES_H 1
| #define HAVE_STDINT_H 1
| #define HAVE_UNISTD_H 1
| /* end confdefs.h.  */
| #include <stdio.h>
| #ifdef HAVE_SYS_TYPES_H
| # include <sys/types.h>
| #endif
| #ifdef HAVE_SYS_STAT_H
| # include <sys/stat.h>
| #endif
| #ifdef STDC_HEADERS
| # include <stdlib.h>
| # include <stddef.h>
| #else
| # ifdef HAVE_STDLIB_H
| #  include <stdlib.h>
| # endif
| #endif
| #ifdef HAVE_STRING_H
| # if !defined STDC_HEADERS && defined HAVE_MEMORY_H
| #  include <memory.h>
| # endif
| # include <string.h>
| #endif
| #ifdef HAVE_STRINGS_H
| # include <strings.h>
| #endif
| #ifdef HAVE_INTTYPES_H
| # include <inttypes.h>
| #endif
| #ifdef HAVE_STDINT_H
| # include <stdint.h>
| #endif
| #ifdef HAVE_UNISTD_H
| # include <unistd.h>
| #endif
| int
| main ()
| {
| if (sizeof ((long long)))
| 	    return 0;
|   ;
|   return 0;
| }
configure:4422: result: yes
configure:4434: checking if _REENTRANT is already defined
configure:4456: cc -c -D_POSIX_SOURCE -D_SUSV2_SOURCE -D_REENTRANT_SOURCE -D_RESEARCH_SOURCE -D_PLAN9_SOURCE -D_LIMITS_EXTENSION -D_NET_EXTENSION -D_BSD_EXTENSION -D_C99_SNPRINTF_EXTENSION  conftest.c >&5
/usr/jens/dvl/libssh2-1.4.3/conftest.c:30[stdin:31] syntax error, last name: compilation
configure:4456: $? = 1
configure: failed program was:
| /* confdefs.h */
| #define PACKAGE_NAME "libssh2"
| #define PACKAGE_TARNAME "libssh2"
| #define PACKAGE_VERSION "-"
| #define PACKAGE_STRING "libssh2 -"
| #define PACKAGE_BUGREPORT "libssh2-devel@cool.haxx.se"
| #define PACKAGE_URL ""
| #define PACKAGE "libssh2"
| #define VERSION "-"
| #define STDC_HEADERS 1
| #define HAVE_SYS_TYPES_H 1
| #define HAVE_SYS_STAT_H 1
| #define HAVE_STDLIB_H 1
| #define HAVE_STRING_H 1
| #define HAVE_INTTYPES_H 1
| #define HAVE_STDINT_H 1
| #define HAVE_UNISTD_H 1
| #define HAVE_LONGLONG 1
| /* end confdefs.h.  */
| 
| 
| 
| int
| main ()
| {
| 
| #ifdef _REENTRANT
|       int dummy=1;
| #else
|       force compilation error
| #endif
| 
|   ;
|   return 0;
| }
| 
configure:4464: result: no
configure:4472: checking if _REENTRANT is actually needed
configure:4489: result: no
configure:4494: checking if _REENTRANT is onwards defined
configure:4511: result: no
configure:4518: checking for library containing socket
configure:4549: cc -o conftest -D_POSIX_SOURCE -D_SUSV2_SOURCE -D_REENTRANT_SOURCE -D_RESEARCH_SOURCE -D_PLAN9_SOURCE -D_LIMITS_EXTENSION -D_NET_EXTENSION -D_BSD_EXTENSION -D_C99_SNPRINTF_EXTENSION   conftest.c  >&5
configure:4549: $? = 0
configure:4566: result: none required
configure:4576: checking for library containing inet_addr
configure:4607: cc -o conftest -D_POSIX_SOURCE -D_SUSV2_SOURCE -D_REENTRANT_SOURCE -D_RESEARCH_SOURCE -D_PLAN9_SOURCE -D_LIMITS_EXTENSION -D_NET_EXTENSION -D_BSD_EXTENSION -D_C99_SNPRINTF_EXTENSION   conftest.c  >&5
configure:4607: $? = 0
configure:4624: result: none required
configure:4939: checking for C compiler version
configure:4948: cc --version >&5
cc: flag -- ignored
cc: flag -e ignored
cc: flag -r ignored
cc: flag -i ignored
cc: no files to compile or load
configure:4959: $? = 1
configure:4948: cc -v >&5
cc: no files to compile or load
configure:4959: $? = 1
configure:4948: cc -V >&5
cc: flag -V ignored
cc: no files to compile or load
configure:4959: $? = 1
configure:4948: cc -qversion >&5
cc: flag -q ignored
cc: flag -e ignored
cc: flag -r ignored
cc: flag -i ignored
cc: no files to compile or load
configure:4959: $? = 1
configure:4963: checking whether we are using the GNU C compiler
configure:4991: result: no
configure:5000: checking whether cc accepts -g
configure:5061: result: yes
configure:5078: checking for cc option to accept ISO C89
configure:5154: result: none needed
configure:5176: checking dependency style of cc
configure:5287: result: none
configure:5303: checking whether ln -s works
configure:5310: result: no, using cp -pR
configure:5314: checking whether make sets $(MAKE)
configure:5336: result: yes
configure:5349: checking for sshd
configure:5382: result: no
configure:5747: checking how to print strings
configure:5776: result: print -r
configure:5795: checking for a sed that does not truncate output
configure:5859: result: /bin/sed
configure:5877: checking for fgrep
configure:5939: result: /bin/fgrep
configure:6007: checking for non-GNU ld
configure:6041: result: /bin/ld
configure:6048: checking if the linker (/bin/ld) is GNU ld
configure:6063: result: no
configure:6075: checking for BSD- or MS-compatible name lister (nm)
configure:6124: result: /bin/nm
configure:6254: checking the name lister (/bin/nm) interface
configure:6261: cc -c -D_POSIX_SOURCE -D_SUSV2_SOURCE -D_REENTRANT_SOURCE -D_RESEARCH_SOURCE -D_PLAN9_SOURCE -D_LIMITS_EXTENSION -D_NET_EXTENSION -D_BSD_EXTENSION -D_C99_SNPRINTF_EXTENSION  conftest.c >&5
configure:6264: /bin/nm "conftest.o"
configure:6267: output
 D some_variable
configure:6274: result: BSD nm
configure:6278: checking the maximum length of command line arguments
configure:6408: result: 512
configure:6425: checking whether the shell understands some XSI constructs
configure:6435: result: yes
configure:6439: checking whether the shell understands "+="
configure:6445: result: no
configure:6480: checking how to convert i386-unknown-plan9 file names to i386-unknown-plan9 format
configure:6520: result: func_convert_file_noop
configure:6527: checking how to convert i386-unknown-plan9 file names to toolchain format
configure:6547: result: func_convert_file_noop
configure:6554: checking for /bin/ld option to reload object files
configure:6561: result: -r
configure:6635: checking for objdump
configure:6662: result: objdump
configure:6691: checking how to recognize dependent libraries
configure:6889: result: unknown
configure:6974: checking for dlltool
configure:7001: result: dlltool
configure:7031: checking how to associate runtime and link libraries
configure:7058: result: print -r --
configure:7118: checking for ar
configure:7134: found /bin/ar
configure:7145: result: ar
configure:7182: checking for archiver @FILE support
configure:7199: cc -c -D_POSIX_SOURCE -D_SUSV2_SOURCE -D_REENTRANT_SOURCE -D_RESEARCH_SOURCE -D_PLAN9_SOURCE -D_LIMITS_EXTENSION -D_NET_EXTENSION -D_BSD_EXTENSION -D_C99_SNPRINTF_EXTENSION  conftest.c >&5
configure:7199: $? = 0
configure:7202: ar cru libconftest.a @conftest.lst >&5
ar: @conftest.lst cannot open
configure:7205: $? = 0
configure:7210: ar cru libconftest.a @conftest.lst >&5
ar: @conftest.lst cannot open
configure:7213: $? = 0
configure:7225: result: no
configure:7283: checking for strip
configure:7299: found /bin/strip
configure:7310: result: strip
configure:7382: checking for ranlib
configure:7398: found /bin/ranlib
configure:7409: result: ranlib
configure:7511: checking command to parse /bin/nm output from cc object
configure:7631: cc -c -D_POSIX_SOURCE -D_SUSV2_SOURCE -D_REENTRANT_SOURCE -D_RESEARCH_SOURCE -D_PLAN9_SOURCE -D_LIMITS_EXTENSION -D_NET_EXTENSION -D_BSD_EXTENSION -D_C99_SNPRINTF_EXTENSION  conftest.c >&5
configure:7634: $? = 0
configure:7638: /bin/nm conftest.o \| sed -n -e 's/^.*[ ]\([BCDEGRST][BCDEGRST]*\)[ ][ ]*\([_A-Za-z][_A-Za-z0-9]*\)$/\1 \2 \2/p' | sed '/ __gnu_lto/d' \> conftest.nm
configure:7641: $? = 0
configure:7707: cc -o conftest -D_POSIX_SOURCE -D_SUSV2_SOURCE -D_REENTRANT_SOURCE -D_RESEARCH_SOURCE -D_PLAN9_SOURCE -D_LIMITS_EXTENSION -D_NET_EXTENSION -D_BSD_EXTENSION -D_C99_SNPRINTF_EXTENSION   conftest.c conftstm.o >&5
configure:7710: $? = 0
configure:7748: result: ok
configure:7785: checking for sysroot
configure:7815: result: no
configure:8071: checking for mt
configure:8101: result: no
configure:8121: checking if : is a manifest tool
configure:8127: : '-?'
configure:8135: result: no
configure:8774: checking for dlfcn.h
configure:8774: cc -c -D_POSIX_SOURCE -D_SUSV2_SOURCE -D_REENTRANT_SOURCE -D_RESEARCH_SOURCE -D_PLAN9_SOURCE -D_LIMITS_EXTENSION -D_NET_EXTENSION -D_BSD_EXTENSION -D_C99_SNPRINTF_EXTENSION  conftest.c >&5
configure:8774: $? = 1
configure: failed program was:
| /* confdefs.h */
| #define PACKAGE_NAME "libssh2"
| #define PACKAGE_TARNAME "libssh2"
| #define PACKAGE_VERSION "-"
| #define PACKAGE_STRING "libssh2 -"
| #define PACKAGE_BUGREPORT "libssh2-devel@cool.haxx.se"
| #define PACKAGE_URL ""
| #define PACKAGE "libssh2"
| #define VERSION "-"
| #define STDC_HEADERS 1
| #define HAVE_SYS_TYPES_H 1
| #define HAVE_SYS_STAT_H 1
| #define HAVE_STDLIB_H 1
| #define HAVE_STRING_H 1
| #define HAVE_INTTYPES_H 1
| #define HAVE_STDINT_H 1
| #define HAVE_UNISTD_H 1
| #define HAVE_LONGLONG 1
| /* end confdefs.h.  */
| #include <stdio.h>
| #ifdef HAVE_SYS_TYPES_H
| # include <sys/types.h>
| #endif
| #ifdef HAVE_SYS_STAT_H
| # include <sys/stat.h>
| #endif
| #ifdef STDC_HEADERS
| # include <stdlib.h>
| # include <stddef.h>
| #else
| # ifdef HAVE_STDLIB_H
| #  include <stdlib.h>
| # endif
| #endif
| #ifdef HAVE_STRING_H
| # if !defined STDC_HEADERS && defined HAVE_MEMORY_H
| #  include <memory.h>
| # endif
| # include <string.h>
| #endif
| #ifdef HAVE_STRINGS_H
| # include <strings.h>
| #endif
| #ifdef HAVE_INTTYPES_H
| # include <inttypes.h>
| #endif
| #ifdef HAVE_STDINT_H
| # include <stdint.h>
| #endif
| #ifdef HAVE_UNISTD_H
| # include <unistd.h>
| #endif
| 
| #include <dlfcn.h>
configure:8774: result: no
configure:8978: checking for objdir
configure:8993: result: .libs
configure:9626: checking for cc option to produce PIC
configure:9633: result:  -DPIC
configure:9641: checking if cc PIC flag  -DPIC works
configure:9659: cc -c -D_POSIX_SOURCE -D_SUSV2_SOURCE -D_REENTRANT_SOURCE -D_RESEARCH_SOURCE -D_PLAN9_SOURCE -D_LIMITS_EXTENSION -D_NET_EXTENSION -D_BSD_EXTENSION -D_C99_SNPRINTF_EXTENSION   -DPIC -DPIC conftest.c >&5
configure:9663: $? = 0
configure:9676: result: yes
configure:9705: checking if cc static flag  works
configure:9733: result: yes
configure:9748: checking if cc supports -c -o file.o
configure:9769: cc -c -D_POSIX_SOURCE -D_SUSV2_SOURCE -D_REENTRANT_SOURCE -D_RESEARCH_SOURCE -D_PLAN9_SOURCE -D_LIMITS_EXTENSION -D_NET_EXTENSION -D_BSD_EXTENSION -D_C99_SNPRINTF_EXTENSION  -o out/conftest2.o conftest.c >&5
configure:9773: $? = 0
configure:9795: result: yes
configure:9803: checking if cc supports -c -o file.o
configure:9850: result: yes
configure:9883: checking whether the cc linker (/bin/ld) supports shared libraries
configure:11040: result: no
configure:11280: checking dynamic linker characteristics
configure:12014: result: no
configure:12121: checking how to hardcode library paths into programs
configure:12146: result: unsupported
configure:12686: checking whether stripping libraries is possible
configure:12708: result: no
configure:12726: checking if libtool supports shared libraries
configure:12728: result: no
configure:12731: checking whether to build shared libraries
configure:12752: result: no
configure:12755: checking whether to build static libraries
configure:12759: result: yes
configure:12796: checking whether byte ordering is bigendian
configure:12811: cc -c -D_POSIX_SOURCE -D_SUSV2_SOURCE -D_REENTRANT_SOURCE -D_RESEARCH_SOURCE -D_PLAN9_SOURCE -D_LIMITS_EXTENSION -D_NET_EXTENSION -D_BSD_EXTENSION -D_C99_SNPRINTF_EXTENSION  conftest.c >&5
/usr/jens/dvl/libssh2-1.4.3/conftest.c:22[stdin:23] not a function
/usr/jens/dvl/libssh2-1.4.3/conftest.c:22[stdin:23] syntax error, last name: a
configure:12811: $? = 1
configure: failed program was:
| /* confdefs.h */
| #define PACKAGE_NAME "libssh2"
| #define PACKAGE_TARNAME "libssh2"
| #define PACKAGE_VERSION "-"
| #define PACKAGE_STRING "libssh2 -"
| #define PACKAGE_BUGREPORT "libssh2-devel@cool.haxx.se"
| #define PACKAGE_URL ""
| #define PACKAGE "libssh2"
| #define VERSION "-"
| #define STDC_HEADERS 1
| #define HAVE_SYS_TYPES_H 1
| #define HAVE_SYS_STAT_H 1
| #define HAVE_STDLIB_H 1
| #define HAVE_STRING_H 1
| #define HAVE_INTTYPES_H 1
| #define HAVE_STDINT_H 1
| #define HAVE_UNISTD_H 1
| #define HAVE_LONGLONG 1
| #define LT_OBJDIR ".libs/"
| /* end confdefs.h.  */
| #ifndef __APPLE_CC__
| 	       not a universal capable compiler
| 	     #endif
| 	     typedef int dummy;
| 
configure:12856: cc -c -D_POSIX_SOURCE -D_SUSV2_SOURCE -D_REENTRANT_SOURCE -D_RESEARCH_SOURCE -D_PLAN9_SOURCE -D_LIMITS_EXTENSION -D_NET_EXTENSION -D_BSD_EXTENSION -D_C99_SNPRINTF_EXTENSION  conftest.c >&5
/usr/jens/dvl/libssh2-1.4.3/conftest.c:28[stdin:95] syntax error, last name: endian
configure:12856: $? = 1
configure: failed program was:
| /* confdefs.h */
| #define PACKAGE_NAME "libssh2"
| #define PACKAGE_TARNAME "libssh2"
| #define PACKAGE_VERSION "-"
| #define PACKAGE_STRING "libssh2 -"
| #define PACKAGE_BUGREPORT "libssh2-devel@cool.haxx.se"
| #define PACKAGE_URL ""
| #define PACKAGE "libssh2"
| #define VERSION "-"
| #define STDC_HEADERS 1
| #define HAVE_SYS_TYPES_H 1
| #define HAVE_SYS_STAT_H 1
| #define HAVE_STDLIB_H 1
| #define HAVE_STRING_H 1
| #define HAVE_INTTYPES_H 1
| #define HAVE_STDINT_H 1
| #define HAVE_UNISTD_H 1
| #define HAVE_LONGLONG 1
| #define LT_OBJDIR ".libs/"
| /* end confdefs.h.  */
| #include <sys/types.h>
| 	     #include <sys/param.h>
| 
| int
| main ()
| {
| #if ! (defined BYTE_ORDER && defined BIG_ENDIAN 		     && defined LITTLE_ENDIAN && BYTE_ORDER && BIG_ENDIAN 		     && LITTLE_ENDIAN)
| 	      bogus endian macros
| 	     #endif
| 
|   ;
|   return 0;
| }
configure:12900: cc -c -D_POSIX_SOURCE -D_SUSV2_SOURCE -D_REENTRANT_SOURCE -D_RESEARCH_SOURCE -D_PLAN9_SOURCE -D_LIMITS_EXTENSION -D_NET_EXTENSION -D_BSD_EXTENSION -D_C99_SNPRINTF_EXTENSION  conftest.c >&5
/usr/jens/dvl/libssh2-1.4.3/conftest.c:27[stdin:142] syntax error, last name: endian
configure:12900: $? = 1
configure: failed program was:
| /* confdefs.h */
| #define PACKAGE_NAME "libssh2"
| #define PACKAGE_TARNAME "libssh2"
| #define PACKAGE_VERSION "-"
| #define PACKAGE_STRING "libssh2 -"
| #define PACKAGE_BUGREPORT "libssh2-devel@cool.haxx.se"
| #define PACKAGE_URL ""
| #define PACKAGE "libssh2"
| #define VERSION "-"
| #define STDC_HEADERS 1
| #define HAVE_SYS_TYPES_H 1
| #define HAVE_SYS_STAT_H 1
| #define HAVE_STDLIB_H 1
| #define HAVE_STRING_H 1
| #define HAVE_INTTYPES_H 1
| #define HAVE_STDINT_H 1
| #define HAVE_UNISTD_H 1
| #define HAVE_LONGLONG 1
| #define LT_OBJDIR ".libs/"
| /* end confdefs.h.  */
| #include <limits.h>
| 
| int
| main ()
| {
| #if ! (defined _LITTLE_ENDIAN || defined _BIG_ENDIAN)
| 	      bogus endian macros
| 	     #endif
| 
|   ;
|   return 0;
| }
configure:12991: cc -o conftest -D_POSIX_SOURCE -D_SUSV2_SOURCE -D_REENTRANT_SOURCE -D_RESEARCH_SOURCE -D_PLAN9_SOURCE -D_LIMITS_EXTENSION -D_NET_EXTENSION -D_BSD_EXTENSION -D_C99_SNPRINTF_EXTENSION   conftest.c  >&5
configure:12991: $? = 0
configure:12991: ./conftest
configure:12991: $? = 0
configure:13002: result: no
configure:13028: checking for special C compiler options needed for large files
configure:13058: cc -c -D_POSIX_SOURCE -D_SUSV2_SOURCE -D_REENTRANT_SOURCE -D_RESEARCH_SOURCE -D_PLAN9_SOURCE -D_LIMITS_EXTENSION -D_NET_EXTENSION -D_BSD_EXTENSION -D_C99_SNPRINTF_EXTENSION  conftest.c >&5
configure:13058: $? = 0
configure:13073: result: no
configure:13079: checking for _FILE_OFFSET_BITS value needed for large files
configure:13104: cc -c -D_POSIX_SOURCE -D_SUSV2_SOURCE -D_REENTRANT_SOURCE -D_RESEARCH_SOURCE -D_PLAN9_SOURCE -D_LIMITS_EXTENSION -D_NET_EXTENSION -D_BSD_EXTENSION -D_C99_SNPRINTF_EXTENSION  conftest.c >&5
configure:13104: $? = 0
configure:13136: result: no
configure:13323: checking for non-GNU ld
configure:13354: result: /bin/ld
configure:13361: checking if the linker (/bin/ld) is GNU ld
configure:13374: result: no
configure:13381: checking for shared library run path origin
configure:13394: result: done
configure:13899: checking for libssl
configure:13918: cc -o conftest -D_POSIX_SOURCE -D_SUSV2_SOURCE -D_REENTRANT_SOURCE -D_RESEARCH_SOURCE -D_PLAN9_SOURCE -D_LIMITS_EXTENSION -D_NET_EXTENSION -D_BSD_EXTENSION -D_C99_SNPRINTF_EXTENSION   conftest.c  -lssl -lcrypto >&5
configure:13918: $? = 0
configure:13928: result: yes
configure:13935: checking how to link with libssl
configure:13937: result: -lssl -lcrypto
configure:14509: checking for EVP_aes_128_ctr
configure:14509: cc -o conftest -D_POSIX_SOURCE -D_SUSV2_SOURCE -D_REENTRANT_SOURCE -D_RESEARCH_SOURCE -D_PLAN9_SOURCE -D_LIMITS_EXTENSION -D_NET_EXTENSION -D_BSD_EXTENSION -D_C99_SNPRINTF_EXTENSION   -lssl -lcrypto conftest.c  >&5
main: undefined: EVP_aes_128_ctr
configure:14509: $? = 1
configure: failed program was:
| /* confdefs.h */
| #define PACKAGE_NAME "libssh2"
| #define PACKAGE_TARNAME "libssh2"
| #define PACKAGE_VERSION "-"
| #define PACKAGE_STRING "libssh2 -"
| #define PACKAGE_BUGREPORT "libssh2-devel@cool.haxx.se"
| #define PACKAGE_URL ""
| #define PACKAGE "libssh2"
| #define VERSION "-"
| #define STDC_HEADERS 1
| #define HAVE_SYS_TYPES_H 1
| #define HAVE_SYS_STAT_H 1
| #define HAVE_STDLIB_H 1
| #define HAVE_STRING_H 1
| #define HAVE_INTTYPES_H 1
| #define HAVE_STDINT_H 1
| #define HAVE_UNISTD_H 1
| #define HAVE_LONGLONG 1
| #define LT_OBJDIR ".libs/"
| #define HAVE_LIBSSL 1
| /* end confdefs.h.  */
| /* Define EVP_aes_128_ctr to an innocuous variant, in case <limits.h> declares EVP_aes_128_ctr.
|    For example, HP-UX 11i <limits.h> declares gettimeofday.  */
| #define EVP_aes_128_ctr innocuous_EVP_aes_128_ctr
| 
| /* System header to define __stub macros and hopefully few prototypes,
|     which can conflict with char EVP_aes_128_ctr (); below.
|     Prefer <limits.h> to <assert.h> if __STDC__ is defined, since
|     <limits.h> exists even on freestanding compilers.  */
| 
| #ifdef __STDC__
| # include <limits.h>
| #else
| # include <assert.h>
| #endif
| 
| #undef EVP_aes_128_ctr
| 
| /* Override any GCC internal prototype to avoid an error.
|    Use char because int might match the return type of a GCC
|    builtin and then its argument prototype would still apply.  */
| #ifdef __cplusplus
| extern "C"
| #endif
| char EVP_aes_128_ctr ();
| /* The GNU C library defines this for functions which it implements
|     to always fail with ENOSYS.  Some functions are actually named
|     something starting with __ and the normal name is an alias.  */
| #if defined __stub_EVP_aes_128_ctr || defined __stub___EVP_aes_128_ctr
| choke me
| #endif
| 
| int
| main ()
| {
| return EVP_aes_128_ctr ();
|   ;
|   return 0;
| }
configure:14509: result: no
configure:14990: checking for libz
configure:15009: cc -o conftest -D_POSIX_SOURCE -D_SUSV2_SOURCE -D_REENTRANT_SOURCE -D_RESEARCH_SOURCE -D_PLAN9_SOURCE -D_LIMITS_EXTENSION -D_NET_EXTENSION -D_BSD_EXTENSION -D_C99_SNPRINTF_EXTENSION   conftest.c  -lz >&5
configure:15009: $? = 0
configure:15019: result: yes
configure:15026: checking how to link with libz
configure:15028: result: -lz
configure:15086: checking whether to enable pedantic and debug compiler options
configure:15219: result: no
configure:15225: checking whether to enable hidden symbols in the library
configure:15266: result: no
configure:15273: checking whether to build example applications
configure:15289: result: yes
configure:15305: checking errno.h usability
configure:15305: cc -c -D_POSIX_SOURCE -D_SUSV2_SOURCE -D_REENTRANT_SOURCE -D_RESEARCH_SOURCE -D_PLAN9_SOURCE -D_LIMITS_EXTENSION -D_NET_EXTENSION -D_BSD_EXTENSION -D_C99_SNPRINTF_EXTENSION  conftest.c >&5
configure:15305: $? = 0
configure:15305: result: yes
configure:15305: checking errno.h presence
configure:15305: cc -E  conftest.c
configure:15305: $? = 0
configure:15305: result: yes
configure:15305: checking for errno.h
configure:15305: result: yes
configure:15305: checking fcntl.h usability
configure:15305: cc -c -D_POSIX_SOURCE -D_SUSV2_SOURCE -D_REENTRANT_SOURCE -D_RESEARCH_SOURCE -D_PLAN9_SOURCE -D_LIMITS_EXTENSION -D_NET_EXTENSION -D_BSD_EXTENSION -D_C99_SNPRINTF_EXTENSION  conftest.c >&5
configure:15305: $? = 0
configure:15305: result: yes
configure:15305: checking fcntl.h presence
configure:15305: cc -E  conftest.c
configure:15305: $? = 0
configure:15305: result: yes
configure:15305: checking for fcntl.h
configure:15305: result: yes
configure:15305: checking stdio.h usability
configure:15305: cc -c -D_POSIX_SOURCE -D_SUSV2_SOURCE -D_REENTRANT_SOURCE -D_RESEARCH_SOURCE -D_PLAN9_SOURCE -D_LIMITS_EXTENSION -D_NET_EXTENSION -D_BSD_EXTENSION -D_C99_SNPRINTF_EXTENSION  conftest.c >&5
configure:15305: $? = 0
configure:15305: result: yes
configure:15305: checking stdio.h presence
configure:15305: cc -E  conftest.c
configure:15305: $? = 0
configure:15305: result: yes
configure:15305: checking for stdio.h
configure:15305: result: yes
configure:15305: checking for stdlib.h
configure:15305: result: yes
configure:15305: checking for unistd.h
configure:15305: result: yes
configure:15305: checking sys/uio.h usability
configure:15305: cc -c -D_POSIX_SOURCE -D_SUSV2_SOURCE -D_REENTRANT_SOURCE -D_RESEARCH_SOURCE -D_PLAN9_SOURCE -D_LIMITS_EXTENSION -D_NET_EXTENSION -D_BSD_EXTENSION -D_C99_SNPRINTF_EXTENSION  conftest.c >&5
configure:15305: $? = 0
configure:15305: result: yes
configure:15305: checking sys/uio.h presence
configure:15305: cc -E  conftest.c
configure:15305: $? = 0
configure:15305: result: yes
configure:15305: checking for sys/uio.h
configure:15305: result: yes
configure:15318: checking sys/select.h usability
configure:15318: cc -c -D_POSIX_SOURCE -D_SUSV2_SOURCE -D_REENTRANT_SOURCE -D_RESEARCH_SOURCE -D_PLAN9_SOURCE -D_LIMITS_EXTENSION -D_NET_EXTENSION -D_BSD_EXTENSION -D_C99_SNPRINTF_EXTENSION  conftest.c >&5
configure:15318: $? = 0
configure:15318: result: yes
configure:15318: checking sys/select.h presence
configure:15318: cc -E  conftest.c
configure:15318: $? = 0
configure:15318: result: yes
configure:15318: checking for sys/select.h
configure:15318: result: yes
configure:15318: checking sys/socket.h usability
configure:15318: cc -c -D_POSIX_SOURCE -D_SUSV2_SOURCE -D_REENTRANT_SOURCE -D_RESEARCH_SOURCE -D_PLAN9_SOURCE -D_LIMITS_EXTENSION -D_NET_EXTENSION -D_BSD_EXTENSION -D_C99_SNPRINTF_EXTENSION  conftest.c >&5
configure:15318: $? = 0
configure:15318: result: yes
configure:15318: checking sys/socket.h presence
configure:15318: cc -E  conftest.c
configure:15318: $? = 0
configure:15318: result: yes
configure:15318: checking for sys/socket.h
configure:15318: result: yes
configure:15318: checking sys/ioctl.h usability
configure:15318: cc -c -D_POSIX_SOURCE -D_SUSV2_SOURCE -D_REENTRANT_SOURCE -D_RESEARCH_SOURCE -D_PLAN9_SOURCE -D_LIMITS_EXTENSION -D_NET_EXTENSION -D_BSD_EXTENSION -D_C99_SNPRINTF_EXTENSION  conftest.c >&5
configure:15318: $? = 0
configure:15318: result: yes
configure:15318: checking sys/ioctl.h presence
configure:15318: cc -E  conftest.c
configure:15318: $? = 0
configure:15318: result: yes
configure:15318: checking for sys/ioctl.h
configure:15318: result: yes
configure:15318: checking sys/time.h usability
configure:15318: cc -c -D_POSIX_SOURCE -D_SUSV2_SOURCE -D_REENTRANT_SOURCE -D_RESEARCH_SOURCE -D_PLAN9_SOURCE -D_LIMITS_EXTENSION -D_NET_EXTENSION -D_BSD_EXTENSION -D_C99_SNPRINTF_EXTENSION  conftest.c >&5
configure:15318: $? = 0
configure:15318: result: yes
configure:15318: checking sys/time.h presence
configure:15318: cc -E  conftest.c
configure:15318: $? = 0
configure:15318: result: yes
configure:15318: checking for sys/time.h
configure:15318: result: yes
configure:15331: checking arpa/inet.h usability
configure:15331: cc -c -D_POSIX_SOURCE -D_SUSV2_SOURCE -D_REENTRANT_SOURCE -D_RESEARCH_SOURCE -D_PLAN9_SOURCE -D_LIMITS_EXTENSION -D_NET_EXTENSION -D_BSD_EXTENSION -D_C99_SNPRINTF_EXTENSION  conftest.c >&5
configure:15331: $? = 0
configure:15331: result: yes
configure:15331: checking arpa/inet.h presence
configure:15331: cc -E  conftest.c
configure:15331: $? = 0
configure:15331: result: yes
configure:15331: checking for arpa/inet.h
configure:15331: result: yes
configure:15331: checking netinet/in.h usability
configure:15331: cc -c -D_POSIX_SOURCE -D_SUSV2_SOURCE -D_REENTRANT_SOURCE -D_RESEARCH_SOURCE -D_PLAN9_SOURCE -D_LIMITS_EXTENSION -D_NET_EXTENSION -D_BSD_EXTENSION -D_C99_SNPRINTF_EXTENSION  conftest.c >&5
configure:15331: $? = 0
configure:15331: result: yes
configure:15331: checking netinet/in.h presence
configure:15331: cc -E  conftest.c
configure:15331: $? = 0
configure:15331: result: yes
configure:15331: checking for netinet/in.h
configure:15331: result: yes
configure:15343: checking sys/un.h usability
configure:15343: cc -c -D_POSIX_SOURCE -D_SUSV2_SOURCE -D_REENTRANT_SOURCE -D_RESEARCH_SOURCE -D_PLAN9_SOURCE -D_LIMITS_EXTENSION -D_NET_EXTENSION -D_BSD_EXTENSION -D_C99_SNPRINTF_EXTENSION  conftest.c >&5
configure:15343: $? = 0
configure:15343: result: yes
configure:15343: checking sys/un.h presence
configure:15343: cc -E  conftest.c
configure:15343: $? = 0
configure:15343: result: yes
configure:15343: checking for sys/un.h
configure:15343: result: yes
configure:15372: checking windows.h usability
configure:15372: cc -c -D_POSIX_SOURCE -D_SUSV2_SOURCE -D_REENTRANT_SOURCE -D_RESEARCH_SOURCE -D_PLAN9_SOURCE -D_LIMITS_EXTENSION -D_NET_EXTENSION -D_BSD_EXTENSION -D_C99_SNPRINTF_EXTENSION  conftest.c >&5
configure:15372: $? = 1
configure: failed program was:
| /* confdefs.h */
| #define PACKAGE_NAME "libssh2"
| #define PACKAGE_TARNAME "libssh2"
| #define PACKAGE_VERSION "-"
| #define PACKAGE_STRING "libssh2 -"
| #define PACKAGE_BUGREPORT "libssh2-devel@cool.haxx.se"
| #define PACKAGE_URL ""
| #define PACKAGE "libssh2"
| #define VERSION "-"
| #define STDC_HEADERS 1
| #define HAVE_SYS_TYPES_H 1
| #define HAVE_SYS_STAT_H 1
| #define HAVE_STDLIB_H 1
| #define HAVE_STRING_H 1
| #define HAVE_INTTYPES_H 1
| #define HAVE_STDINT_H 1
| #define HAVE_UNISTD_H 1
| #define HAVE_LONGLONG 1
| #define LT_OBJDIR ".libs/"
| #define HAVE_LIBSSL 1
| #define HAVE_LIBZ 1
| #define LIBSSH2_HAVE_ZLIB 1
| #define LIBSSH2_DH_GEX_NEW 1
| #define HAVE_ERRNO_H 1
| #define HAVE_FCNTL_H 1
| #define HAVE_STDIO_H 1
| #define HAVE_STDLIB_H 1
| #define HAVE_UNISTD_H 1
| #define HAVE_SYS_UIO_H 1
| #define HAVE_SYS_SELECT_H 1
| #define HAVE_SYS_SOCKET_H 1
| #define HAVE_SYS_IOCTL_H 1
| #define HAVE_SYS_TIME_H 1
| #define HAVE_ARPA_INET_H 1
| #define HAVE_NETINET_IN_H 1
| #define HAVE_SYS_UN_H 1
| /* end confdefs.h.  */
| #include <stdio.h>
| #ifdef HAVE_SYS_TYPES_H
| # include <sys/types.h>
| #endif
| #ifdef HAVE_SYS_STAT_H
| # include <sys/stat.h>
| #endif
| #ifdef STDC_HEADERS
| # include <stdlib.h>
| # include <stddef.h>
| #else
| # ifdef HAVE_STDLIB_H
| #  include <stdlib.h>
| # endif
| #endif
| #ifdef HAVE_STRING_H
| # if !defined STDC_HEADERS && defined HAVE_MEMORY_H
| #  include <memory.h>
| # endif
| # include <string.h>
| #endif
| #ifdef HAVE_STRINGS_H
| # include <strings.h>
| #endif
| #ifdef HAVE_INTTYPES_H
| # include <inttypes.h>
| #endif
| #ifdef HAVE_STDINT_H
| # include <stdint.h>
| #endif
| #ifdef HAVE_UNISTD_H
| # include <unistd.h>
| #endif
| #include <windows.h>
configure:15372: result: no
configure:15372: checking windows.h presence
configure:15372: cc -E  conftest.c
configure:15372: $? = 1
configure: failed program was:
| /* confdefs.h */
| #define PACKAGE_NAME "libssh2"
| #define PACKAGE_TARNAME "libssh2"
| #define PACKAGE_VERSION "-"
| #define PACKAGE_STRING "libssh2 -"
| #define PACKAGE_BUGREPORT "libssh2-devel@cool.haxx.se"
| #define PACKAGE_URL ""
| #define PACKAGE "libssh2"
| #define VERSION "-"
| #define STDC_HEADERS 1
| #define HAVE_SYS_TYPES_H 1
| #define HAVE_SYS_STAT_H 1
| #define HAVE_STDLIB_H 1
| #define HAVE_STRING_H 1
| #define HAVE_INTTYPES_H 1
| #define HAVE_STDINT_H 1
| #define HAVE_UNISTD_H 1
| #define HAVE_LONGLONG 1
| #define LT_OBJDIR ".libs/"
| #define HAVE_LIBSSL 1
| #define HAVE_LIBZ 1
| #define LIBSSH2_HAVE_ZLIB 1
| #define LIBSSH2_DH_GEX_NEW 1
| #define HAVE_ERRNO_H 1
| #define HAVE_FCNTL_H 1
| #define HAVE_STDIO_H 1
| #define HAVE_STDLIB_H 1
| #define HAVE_UNISTD_H 1
| #define HAVE_SYS_UIO_H 1
| #define HAVE_SYS_SELECT_H 1
| #define HAVE_SYS_SOCKET_H 1
| #define HAVE_SYS_IOCTL_H 1
| #define HAVE_SYS_TIME_H 1
| #define HAVE_ARPA_INET_H 1
| #define HAVE_NETINET_IN_H 1
| #define HAVE_SYS_UN_H 1
| /* end confdefs.h.  */
| #include <windows.h>
configure:15372: result: no
configure:15372: checking for windows.h
configure:15372: result: no
configure:15372: checking winsock2.h usability
configure:15372: cc -c -D_POSIX_SOURCE -D_SUSV2_SOURCE -D_REENTRANT_SOURCE -D_RESEARCH_SOURCE -D_PLAN9_SOURCE -D_LIMITS_EXTENSION -D_NET_EXTENSION -D_BSD_EXTENSION -D_C99_SNPRINTF_EXTENSION  conftest.c >&5
configure:15372: $? = 1
configure: failed program was:
| /* confdefs.h */
| #define PACKAGE_NAME "libssh2"
| #define PACKAGE_TARNAME "libssh2"
| #define PACKAGE_VERSION "-"
| #define PACKAGE_STRING "libssh2 -"
| #define PACKAGE_BUGREPORT "libssh2-devel@cool.haxx.se"
| #define PACKAGE_URL ""
| #define PACKAGE "libssh2"
| #define VERSION "-"
| #define STDC_HEADERS 1
| #define HAVE_SYS_TYPES_H 1
| #define HAVE_SYS_STAT_H 1
| #define HAVE_STDLIB_H 1
| #define HAVE_STRING_H 1
| #define HAVE_INTTYPES_H 1
| #define HAVE_STDINT_H 1
| #define HAVE_UNISTD_H 1
| #define HAVE_LONGLONG 1
| #define LT_OBJDIR ".libs/"
| #define HAVE_LIBSSL 1
| #define HAVE_LIBZ 1
| #define LIBSSH2_HAVE_ZLIB 1
| #define LIBSSH2_DH_GEX_NEW 1
| #define HAVE_ERRNO_H 1
| #define HAVE_FCNTL_H 1
| #define HAVE_STDIO_H 1
| #define HAVE_STDLIB_H 1
| #define HAVE_UNISTD_H 1
| #define HAVE_SYS_UIO_H 1
| #define HAVE_SYS_SELECT_H 1
| #define HAVE_SYS_SOCKET_H 1
| #define HAVE_SYS_IOCTL_H 1
| #define HAVE_SYS_TIME_H 1
| #define HAVE_ARPA_INET_H 1
| #define HAVE_NETINET_IN_H 1
| #define HAVE_SYS_UN_H 1
| /* end confdefs.h.  */
| #include <stdio.h>
| #ifdef HAVE_SYS_TYPES_H
| # include <sys/types.h>
| #endif
| #ifdef HAVE_SYS_STAT_H
| # include <sys/stat.h>
| #endif
| #ifdef STDC_HEADERS
| # include <stdlib.h>
| # include <stddef.h>
| #else
| # ifdef HAVE_STDLIB_H
| #  include <stdlib.h>
| # endif
| #endif
| #ifdef HAVE_STRING_H
| # if !defined STDC_HEADERS && defined HAVE_MEMORY_H
| #  include <memory.h>
| # endif
| # include <string.h>
| #endif
| #ifdef HAVE_STRINGS_H
| # include <strings.h>
| #endif
| #ifdef HAVE_INTTYPES_H
| # include <inttypes.h>
| #endif
| #ifdef HAVE_STDINT_H
| # include <stdint.h>
| #endif
| #ifdef HAVE_UNISTD_H
| # include <unistd.h>
| #endif
| #include <winsock2.h>
configure:15372: result: no
configure:15372: checking winsock2.h presence
configure:15372: cc -E  conftest.c
configure:15372: $? = 1
configure: failed program was:
| /* confdefs.h */
| #define PACKAGE_NAME "libssh2"
| #define PACKAGE_TARNAME "libssh2"
| #define PACKAGE_VERSION "-"
| #define PACKAGE_STRING "libssh2 -"
| #define PACKAGE_BUGREPORT "libssh2-devel@cool.haxx.se"
| #define PACKAGE_URL ""
| #define PACKAGE "libssh2"
| #define VERSION "-"
| #define STDC_HEADERS 1
| #define HAVE_SYS_TYPES_H 1
| #define HAVE_SYS_STAT_H 1
| #define HAVE_STDLIB_H 1
| #define HAVE_STRING_H 1
| #define HAVE_INTTYPES_H 1
| #define HAVE_STDINT_H 1
| #define HAVE_UNISTD_H 1
| #define HAVE_LONGLONG 1
| #define LT_OBJDIR ".libs/"
| #define HAVE_LIBSSL 1
| #define HAVE_LIBZ 1
| #define LIBSSH2_HAVE_ZLIB 1
| #define LIBSSH2_DH_GEX_NEW 1
| #define HAVE_ERRNO_H 1
| #define HAVE_FCNTL_H 1
| #define HAVE_STDIO_H 1
| #define HAVE_STDLIB_H 1
| #define HAVE_UNISTD_H 1
| #define HAVE_SYS_UIO_H 1
| #define HAVE_SYS_SELECT_H 1
| #define HAVE_SYS_SOCKET_H 1
| #define HAVE_SYS_IOCTL_H 1
| #define HAVE_SYS_TIME_H 1
| #define HAVE_ARPA_INET_H 1
| #define HAVE_NETINET_IN_H 1
| #define HAVE_SYS_UN_H 1
| /* end confdefs.h.  */
| #include <winsock2.h>
configure:15372: result: no
configure:15372: checking for winsock2.h
configure:15372: result: no
configure:15372: checking ws2tcpip.h usability
configure:15372: cc -c -D_POSIX_SOURCE -D_SUSV2_SOURCE -D_REENTRANT_SOURCE -D_RESEARCH_SOURCE -D_PLAN9_SOURCE -D_LIMITS_EXTENSION -D_NET_EXTENSION -D_BSD_EXTENSION -D_C99_SNPRINTF_EXTENSION  conftest.c >&5
configure:15372: $? = 1
configure: failed program was:
| /* confdefs.h */
| #define PACKAGE_NAME "libssh2"
| #define PACKAGE_TARNAME "libssh2"
| #define PACKAGE_VERSION "-"
| #define PACKAGE_STRING "libssh2 -"
| #define PACKAGE_BUGREPORT "libssh2-devel@cool.haxx.se"
| #define PACKAGE_URL ""
| #define PACKAGE "libssh2"
| #define VERSION "-"
| #define STDC_HEADERS 1
| #define HAVE_SYS_TYPES_H 1
| #define HAVE_SYS_STAT_H 1
| #define HAVE_STDLIB_H 1
| #define HAVE_STRING_H 1
| #define HAVE_INTTYPES_H 1
| #define HAVE_STDINT_H 1
| #define HAVE_UNISTD_H 1
| #define HAVE_LONGLONG 1
| #define LT_OBJDIR ".libs/"
| #define HAVE_LIBSSL 1
| #define HAVE_LIBZ 1
| #define LIBSSH2_HAVE_ZLIB 1
| #define LIBSSH2_DH_GEX_NEW 1
| #define HAVE_ERRNO_H 1
| #define HAVE_FCNTL_H 1
| #define HAVE_STDIO_H 1
| #define HAVE_STDLIB_H 1
| #define HAVE_UNISTD_H 1
| #define HAVE_SYS_UIO_H 1
| #define HAVE_SYS_SELECT_H 1
| #define HAVE_SYS_SOCKET_H 1
| #define HAVE_SYS_IOCTL_H 1
| #define HAVE_SYS_TIME_H 1
| #define HAVE_ARPA_INET_H 1
| #define HAVE_NETINET_IN_H 1
| #define HAVE_SYS_UN_H 1
| /* end confdefs.h.  */
| #include <stdio.h>
| #ifdef HAVE_SYS_TYPES_H
| # include <sys/types.h>
| #endif
| #ifdef HAVE_SYS_STAT_H
| # include <sys/stat.h>
| #endif
| #ifdef STDC_HEADERS
| # include <stdlib.h>
| # include <stddef.h>
| #else
| # ifdef HAVE_STDLIB_H
| #  include <stdlib.h>
| # endif
| #endif
| #ifdef HAVE_STRING_H
| # if !defined STDC_HEADERS && defined HAVE_MEMORY_H
| #  include <memory.h>
| # endif
| # include <string.h>
| #endif
| #ifdef HAVE_STRINGS_H
| # include <strings.h>
| #endif
| #ifdef HAVE_INTTYPES_H
| # include <inttypes.h>
| #endif
| #ifdef HAVE_STDINT_H
| # include <stdint.h>
| #endif
| #ifdef HAVE_UNISTD_H
| # include <unistd.h>
| #endif
| #include <ws2tcpip.h>
configure:15372: result: no
configure:15372: checking ws2tcpip.h presence
configure:15372: cc -E  conftest.c
configure:15372: $? = 1
configure: failed program was:
| /* confdefs.h */
| #define PACKAGE_NAME "libssh2"
| #define PACKAGE_TARNAME "libssh2"
| #define PACKAGE_VERSION "-"
| #define PACKAGE_STRING "libssh2 -"
| #define PACKAGE_BUGREPORT "libssh2-devel@cool.haxx.se"
| #define PACKAGE_URL ""
| #define PACKAGE "libssh2"
| #define VERSION "-"
| #define STDC_HEADERS 1
| #define HAVE_SYS_TYPES_H 1
| #define HAVE_SYS_STAT_H 1
| #define HAVE_STDLIB_H 1
| #define HAVE_STRING_H 1
| #define HAVE_INTTYPES_H 1
| #define HAVE_STDINT_H 1
| #define HAVE_UNISTD_H 1
| #define HAVE_LONGLONG 1
| #define LT_OBJDIR ".libs/"
| #define HAVE_LIBSSL 1
| #define HAVE_LIBZ 1
| #define LIBSSH2_HAVE_ZLIB 1
| #define LIBSSH2_DH_GEX_NEW 1
| #define HAVE_ERRNO_H 1
| #define HAVE_FCNTL_H 1
| #define HAVE_STDIO_H 1
| #define HAVE_STDLIB_H 1
| #define HAVE_UNISTD_H 1
| #define HAVE_SYS_UIO_H 1
| #define HAVE_SYS_SELECT_H 1
| #define HAVE_SYS_SOCKET_H 1
| #define HAVE_SYS_IOCTL_H 1
| #define HAVE_SYS_TIME_H 1
| #define HAVE_ARPA_INET_H 1
| #define HAVE_NETINET_IN_H 1
| #define HAVE_SYS_UN_H 1
| /* end confdefs.h.  */
| #include <ws2tcpip.h>
configure:15372: result: no
configure:15372: checking for ws2tcpip.h
configure:15372: result: no
configure:15393: checking for poll
configure:15393: cc -o conftest -D_POSIX_SOURCE -D_SUSV2_SOURCE -D_REENTRANT_SOURCE -D_RESEARCH_SOURCE -D_PLAN9_SOURCE -D_LIMITS_EXTENSION -D_NET_EXTENSION -D_BSD_EXTENSION -D_C99_SNPRINTF_EXTENSION   conftest.c  >&5
main: undefined: poll
configure:15393: $? = 1
configure: failed program was:
| /* confdefs.h */
| #define PACKAGE_NAME "libssh2"
| #define PACKAGE_TARNAME "libssh2"
| #define PACKAGE_VERSION "-"
| #define PACKAGE_STRING "libssh2 -"
| #define PACKAGE_BUGREPORT "libssh2-devel@cool.haxx.se"
| #define PACKAGE_URL ""
| #define PACKAGE "libssh2"
| #define VERSION "-"
| #define STDC_HEADERS 1
| #define HAVE_SYS_TYPES_H 1
| #define HAVE_SYS_STAT_H 1
| #define HAVE_STDLIB_H 1
| #define HAVE_STRING_H 1
| #define HAVE_INTTYPES_H 1
| #define HAVE_STDINT_H 1
| #define HAVE_UNISTD_H 1
| #define HAVE_LONGLONG 1
| #define LT_OBJDIR ".libs/"
| #define HAVE_LIBSSL 1
| #define HAVE_LIBZ 1
| #define LIBSSH2_HAVE_ZLIB 1
| #define LIBSSH2_DH_GEX_NEW 1
| #define HAVE_ERRNO_H 1
| #define HAVE_FCNTL_H 1
| #define HAVE_STDIO_H 1
| #define HAVE_STDLIB_H 1
| #define HAVE_UNISTD_H 1
| #define HAVE_SYS_UIO_H 1
| #define HAVE_SYS_SELECT_H 1
| #define HAVE_SYS_SOCKET_H 1
| #define HAVE_SYS_IOCTL_H 1
| #define HAVE_SYS_TIME_H 1
| #define HAVE_ARPA_INET_H 1
| #define HAVE_NETINET_IN_H 1
| #define HAVE_SYS_UN_H 1
| /* end confdefs.h.  */
| /* Define poll to an innocuous variant, in case <limits.h> declares poll.
|    For example, HP-UX 11i <limits.h> declares gettimeofday.  */
| #define poll innocuous_poll
| 
| /* System header to define __stub macros and hopefully few prototypes,
|     which can conflict with char poll (); below.
|     Prefer <limits.h> to <assert.h> if __STDC__ is defined, since
|     <limits.h> exists even on freestanding compilers.  */
| 
| #ifdef __STDC__
| # include <limits.h>
| #else
| # include <assert.h>
| #endif
| 
| #undef poll
| 
| /* Override any GCC internal prototype to avoid an error.
|    Use char because int might match the return type of a GCC
|    builtin and then its argument prototype would still apply.  */
| #ifdef __cplusplus
| extern "C"
| #endif
| char poll ();
| /* The GNU C library defines this for functions which it implements
|     to always fail with ENOSYS.  Some functions are actually named
|     something starting with __ and the normal name is an alias.  */
| #if defined __stub_poll || defined __stub___poll
| choke me
| #endif
| 
| int
| main ()
| {
| return poll ();
|   ;
|   return 0;
| }
configure:15393: result: no
configure:15408: checking for gettimeofday
configure:15408: cc -o conftest -D_POSIX_SOURCE -D_SUSV2_SOURCE -D_REENTRANT_SOURCE -D_RESEARCH_SOURCE -D_PLAN9_SOURCE -D_LIMITS_EXTENSION -D_NET_EXTENSION -D_BSD_EXTENSION -D_C99_SNPRINTF_EXTENSION   conftest.c  >&5
configure:15408: $? = 0
configure:15408: result: yes
configure:15408: checking for select
configure:15408: cc -o conftest -D_POSIX_SOURCE -D_SUSV2_SOURCE -D_REENTRANT_SOURCE -D_RESEARCH_SOURCE -D_PLAN9_SOURCE -D_LIMITS_EXTENSION -D_NET_EXTENSION -D_BSD_EXTENSION -D_C99_SNPRINTF_EXTENSION   conftest.c  >&5
configure:15408: $? = 0
configure:15408: result: yes
configure:15408: checking for strtoll
configure:15408: cc -o conftest -D_POSIX_SOURCE -D_SUSV2_SOURCE -D_REENTRANT_SOURCE -D_RESEARCH_SOURCE -D_PLAN9_SOURCE -D_LIMITS_EXTENSION -D_NET_EXTENSION -D_BSD_EXTENSION -D_C99_SNPRINTF_EXTENSION   conftest.c  >&5
configure:15408: $? = 0
configure:15408: result: yes
configure:15462: checking for size_t
configure:15462: cc -c -D_POSIX_SOURCE -D_SUSV2_SOURCE -D_REENTRANT_SOURCE -D_RESEARCH_SOURCE -D_PLAN9_SOURCE -D_LIMITS_EXTENSION -D_NET_EXTENSION -D_BSD_EXTENSION -D_C99_SNPRINTF_EXTENSION  conftest.c >&5
configure:15462: $? = 0
configure:15462: cc -c -D_POSIX_SOURCE -D_SUSV2_SOURCE -D_REENTRANT_SOURCE -D_RESEARCH_SOURCE -D_PLAN9_SOURCE -D_LIMITS_EXTENSION -D_NET_EXTENSION -D_BSD_EXTENSION -D_C99_SNPRINTF_EXTENSION  conftest.c >&5
/usr/jens/dvl/libssh2-1.4.3/conftest.c:77[stdin:953] syntax error, last name: size_t
configure:15462: $? = 1
configure: failed program was:
| /* confdefs.h */
| #define PACKAGE_NAME "libssh2"
| #define PACKAGE_TARNAME "libssh2"
| #define PACKAGE_VERSION "-"
| #define PACKAGE_STRING "libssh2 -"
| #define PACKAGE_BUGREPORT "libssh2-devel@cool.haxx.se"
| #define PACKAGE_URL ""
| #define PACKAGE "libssh2"
| #define VERSION "-"
| #define STDC_HEADERS 1
| #define HAVE_SYS_TYPES_H 1
| #define HAVE_SYS_STAT_H 1
| #define HAVE_STDLIB_H 1
| #define HAVE_STRING_H 1
| #define HAVE_INTTYPES_H 1
| #define HAVE_STDINT_H 1
| #define HAVE_UNISTD_H 1
| #define HAVE_LONGLONG 1
| #define LT_OBJDIR ".libs/"
| #define HAVE_LIBSSL 1
| #define HAVE_LIBZ 1
| #define LIBSSH2_HAVE_ZLIB 1
| #define LIBSSH2_DH_GEX_NEW 1
| #define HAVE_ERRNO_H 1
| #define HAVE_FCNTL_H 1
| #define HAVE_STDIO_H 1
| #define HAVE_STDLIB_H 1
| #define HAVE_UNISTD_H 1
| #define HAVE_SYS_UIO_H 1
| #define HAVE_SYS_SELECT_H 1
| #define HAVE_SYS_SOCKET_H 1
| #define HAVE_SYS_IOCTL_H 1
| #define HAVE_SYS_TIME_H 1
| #define HAVE_ARPA_INET_H 1
| #define HAVE_NETINET_IN_H 1
| #define HAVE_SYS_UN_H 1
| #define HAVE_GETTIMEOFDAY 1
| #define HAVE_SELECT 1
| #define HAVE_STRTOLL 1
| /* end confdefs.h.  */
| #include <stdio.h>
| #ifdef HAVE_SYS_TYPES_H
| # include <sys/types.h>
| #endif
| #ifdef HAVE_SYS_STAT_H
| # include <sys/stat.h>
| #endif
| #ifdef STDC_HEADERS
| # include <stdlib.h>
| # include <stddef.h>
| #else
| # ifdef HAVE_STDLIB_H
| #  include <stdlib.h>
| # endif
| #endif
| #ifdef HAVE_STRING_H
| # if !defined STDC_HEADERS && defined HAVE_MEMORY_H
| #  include <memory.h>
| # endif
| # include <string.h>
| #endif
| #ifdef HAVE_STRINGS_H
| # include <strings.h>
| #endif
| #ifdef HAVE_INTTYPES_H
| # include <inttypes.h>
| #endif
| #ifdef HAVE_STDINT_H
| # include <stdint.h>
| #endif
| #ifdef HAVE_UNISTD_H
| # include <unistd.h>
| #endif
| int
| main ()
| {
| if (sizeof ((size_t)))
| 	    return 0;
|   ;
|   return 0;
| }
configure:15462: result: yes
configure:15475: checking for working alloca.h
configure:15492: cc -o conftest -D_POSIX_SOURCE -D_SUSV2_SOURCE -D_REENTRANT_SOURCE -D_RESEARCH_SOURCE -D_PLAN9_SOURCE -D_LIMITS_EXTENSION -D_NET_EXTENSION -D_BSD_EXTENSION -D_C99_SNPRINTF_EXTENSION   conftest.c  >&5
configure:15492: $? = 1
configure: failed program was:
| /* confdefs.h */
| #define PACKAGE_NAME "libssh2"
| #define PACKAGE_TARNAME "libssh2"
| #define PACKAGE_VERSION "-"
| #define PACKAGE_STRING "libssh2 -"
| #define PACKAGE_BUGREPORT "libssh2-devel@cool.haxx.se"
| #define PACKAGE_URL ""
| #define PACKAGE "libssh2"
| #define VERSION "-"
| #define STDC_HEADERS 1
| #define HAVE_SYS_TYPES_H 1
| #define HAVE_SYS_STAT_H 1
| #define HAVE_STDLIB_H 1
| #define HAVE_STRING_H 1
| #define HAVE_INTTYPES_H 1
| #define HAVE_STDINT_H 1
| #define HAVE_UNISTD_H 1
| #define HAVE_LONGLONG 1
| #define LT_OBJDIR ".libs/"
| #define HAVE_LIBSSL 1
| #define HAVE_LIBZ 1
| #define LIBSSH2_HAVE_ZLIB 1
| #define LIBSSH2_DH_GEX_NEW 1
| #define HAVE_ERRNO_H 1
| #define HAVE_FCNTL_H 1
| #define HAVE_STDIO_H 1
| #define HAVE_STDLIB_H 1
| #define HAVE_UNISTD_H 1
| #define HAVE_SYS_UIO_H 1
| #define HAVE_SYS_SELECT_H 1
| #define HAVE_SYS_SOCKET_H 1
| #define HAVE_SYS_IOCTL_H 1
| #define HAVE_SYS_TIME_H 1
| #define HAVE_ARPA_INET_H 1
| #define HAVE_NETINET_IN_H 1
| #define HAVE_SYS_UN_H 1
| #define HAVE_GETTIMEOFDAY 1
| #define HAVE_SELECT 1
| #define HAVE_STRTOLL 1
| /* end confdefs.h.  */
| #include <alloca.h>
| int
| main ()
| {
| char *p = (char *) alloca (2 * sizeof (int));
| 			  if (p) return 0;
|   ;
|   return 0;
| }
configure:15500: result: no
configure:15508: checking for alloca
configure:15545: cc -o conftest -D_POSIX_SOURCE -D_SUSV2_SOURCE -D_REENTRANT_SOURCE -D_RESEARCH_SOURCE -D_PLAN9_SOURCE -D_LIMITS_EXTENSION -D_NET_EXTENSION -D_BSD_EXTENSION -D_C99_SNPRINTF_EXTENSION   conftest.c  >&5
main: undefined: alloca
configure:15545: $? = 1
configure: failed program was:
| /* confdefs.h */
| #define PACKAGE_NAME "libssh2"
| #define PACKAGE_TARNAME "libssh2"
| #define PACKAGE_VERSION "-"
| #define PACKAGE_STRING "libssh2 -"
| #define PACKAGE_BUGREPORT "libssh2-devel@cool.haxx.se"
| #define PACKAGE_URL ""
| #define PACKAGE "libssh2"
| #define VERSION "-"
| #define STDC_HEADERS 1
| #define HAVE_SYS_TYPES_H 1
| #define HAVE_SYS_STAT_H 1
| #define HAVE_STDLIB_H 1
| #define HAVE_STRING_H 1
| #define HAVE_INTTYPES_H 1
| #define HAVE_STDINT_H 1
| #define HAVE_UNISTD_H 1
| #define HAVE_LONGLONG 1
| #define LT_OBJDIR ".libs/"
| #define HAVE_LIBSSL 1
| #define HAVE_LIBZ 1
| #define LIBSSH2_HAVE_ZLIB 1
| #define LIBSSH2_DH_GEX_NEW 1
| #define HAVE_ERRNO_H 1
| #define HAVE_FCNTL_H 1
| #define HAVE_STDIO_H 1
| #define HAVE_STDLIB_H 1
| #define HAVE_UNISTD_H 1
| #define HAVE_SYS_UIO_H 1
| #define HAVE_SYS_SELECT_H 1
| #define HAVE_SYS_SOCKET_H 1
| #define HAVE_SYS_IOCTL_H 1
| #define HAVE_SYS_TIME_H 1
| #define HAVE_ARPA_INET_H 1
| #define HAVE_NETINET_IN_H 1
| #define HAVE_SYS_UN_H 1
| #define HAVE_GETTIMEOFDAY 1
| #define HAVE_SELECT 1
| #define HAVE_STRTOLL 1
| /* end confdefs.h.  */
| #ifdef __GNUC__
| # define alloca __builtin_alloca
| #else
| # ifdef _MSC_VER
| #  include <malloc.h>
| #  define alloca _alloca
| # else
| #  ifdef HAVE_ALLOCA_H
| #   include <alloca.h>
| #  else
| #   ifdef _AIX
|  #pragma alloca
| #   else
| #    ifndef alloca /* predefined by HP cc +Olibcalls */
| void *alloca (size_t);
| #    endif
| #   endif
| #  endif
| # endif
| #endif
| 
| int
| main ()
| {
| char *p = (char *) alloca (1);
| 				    if (p) return 0;
|   ;
|   return 0;
| }
configure:15553: result: no
configure:15571: checking whether `alloca.c' needs Cray hooks
configure:15594: result: no
configure:15612: checking stack direction for C alloca
configure:15640: cc -o conftest -D_POSIX_SOURCE -D_SUSV2_SOURCE -D_REENTRANT_SOURCE -D_RESEARCH_SOURCE -D_PLAN9_SOURCE -D_LIMITS_EXTENSION -D_NET_EXTENSION -D_BSD_EXTENSION -D_C99_SNPRINTF_EXTENSION   conftest.c  >&5
configure:15640: $? = 0
configure:15640: ./conftest
configure:15640: $? = 1
configure: program exited with status 1
configure: failed program was:
| /* confdefs.h */
| #define PACKAGE_NAME "libssh2"
| #define PACKAGE_TARNAME "libssh2"
| #define PACKAGE_VERSION "-"
| #define PACKAGE_STRING "libssh2 -"
| #define PACKAGE_BUGREPORT "libssh2-devel@cool.haxx.se"
| #define PACKAGE_URL ""
| #define PACKAGE "libssh2"
| #define VERSION "-"
| #define STDC_HEADERS 1
| #define HAVE_SYS_TYPES_H 1
| #define HAVE_SYS_STAT_H 1
| #define HAVE_STDLIB_H 1
| #define HAVE_STRING_H 1
| #define HAVE_INTTYPES_H 1
| #define HAVE_STDINT_H 1
| #define HAVE_UNISTD_H 1
| #define HAVE_LONGLONG 1
| #define LT_OBJDIR ".libs/"
| #define HAVE_LIBSSL 1
| #define HAVE_LIBZ 1
| #define LIBSSH2_HAVE_ZLIB 1
| #define LIBSSH2_DH_GEX_NEW 1
| #define HAVE_ERRNO_H 1
| #define HAVE_FCNTL_H 1
| #define HAVE_STDIO_H 1
| #define HAVE_STDLIB_H 1
| #define HAVE_UNISTD_H 1
| #define HAVE_SYS_UIO_H 1
| #define HAVE_SYS_SELECT_H 1
| #define HAVE_SYS_SOCKET_H 1
| #define HAVE_SYS_IOCTL_H 1
| #define HAVE_SYS_TIME_H 1
| #define HAVE_ARPA_INET_H 1
| #define HAVE_NETINET_IN_H 1
| #define HAVE_SYS_UN_H 1
| #define HAVE_GETTIMEOFDAY 1
| #define HAVE_SELECT 1
| #define HAVE_STRTOLL 1
| #define C_ALLOCA 1
| /* end confdefs.h.  */
| #include <stdio.h>
| #ifdef HAVE_SYS_TYPES_H
| # include <sys/types.h>
| #endif
| #ifdef HAVE_SYS_STAT_H
| # include <sys/stat.h>
| #endif
| #ifdef STDC_HEADERS
| # include <stdlib.h>
| # include <stddef.h>
| #else
| # ifdef HAVE_STDLIB_H
| #  include <stdlib.h>
| # endif
| #endif
| #ifdef HAVE_STRING_H
| # if !defined STDC_HEADERS && defined HAVE_MEMORY_H
| #  include <memory.h>
| # endif
| # include <string.h>
| #endif
| #ifdef HAVE_STRINGS_H
| # include <strings.h>
| #endif
| #ifdef HAVE_INTTYPES_H
| # include <inttypes.h>
| #endif
| #ifdef HAVE_STDINT_H
| # include <stdint.h>
| #endif
| #ifdef HAVE_UNISTD_H
| # include <unistd.h>
| #endif
| int
| find_stack_direction (int *addr, int depth)
| {
|   int dir, dummy = 0;
|   if (! addr)
|     addr = &dummy;
|   *addr = addr < &dummy ? 1 : addr == &dummy ? 0 : -1;
|   dir = depth ? find_stack_direction (addr, depth - 1) : 0;
|   return dir + dummy;
| }
| 
| int
| main (int argc, char **argv)
| {
|   return find_stack_direction (0, argc + !argv + 20) < 0;
| }
configure:15650: result: -1
configure:15661: checking for an ANSI C-conforming const
configure:15727: cc -c -D_POSIX_SOURCE -D_SUSV2_SOURCE -D_REENTRANT_SOURCE -D_RESEARCH_SOURCE -D_PLAN9_SOURCE -D_LIMITS_EXTENSION -D_NET_EXTENSION -D_BSD_EXTENSION -D_C99_SNPRINTF_EXTENSION  conftest.c >&5
configure:15727: $? = 0
configure:15734: result: yes
configure:15742: checking for inline
configure:15758: cc -c -D_POSIX_SOURCE -D_SUSV2_SOURCE -D_REENTRANT_SOURCE -D_RESEARCH_SOURCE -D_PLAN9_SOURCE -D_LIMITS_EXTENSION -D_NET_EXTENSION -D_BSD_EXTENSION -D_C99_SNPRINTF_EXTENSION  conftest.c >&5
configure:15758: $? = 0
configure:15766: result: inline
configure:15786: checking non-blocking sockets style
configure:15824: cc -c -D_POSIX_SOURCE -D_SUSV2_SOURCE -D_REENTRANT_SOURCE -D_RESEARCH_SOURCE -D_PLAN9_SOURCE -D_LIMITS_EXTENSION -D_NET_EXTENSION -D_BSD_EXTENSION -D_C99_SNPRINTF_EXTENSION  conftest.c >&5
configure:15824: $? = 0
configure:15985: result: O_NONBLOCK
configure:16151: creating ./config.status

## ---------------------- ##
## Running config.status. ##
## ---------------------- ##

This file was extended by libssh2 config.status -, which was
generated by GNU Autoconf 2.69.  Invocation command line was

  CONFIG_FILES    = 
  CONFIG_HEADERS  = 
  CONFIG_LINKS    = 
  CONFIG_COMMANDS = 
  $ ./config.status 

on cirno

config.status:1129: creating Makefile
config.status:1129: creating src/Makefile
config.status:1129: creating tests/Makefile
config.status:1129: creating example/Makefile
config.status:1129: creating docs/Makefile
config.status:1129: creating libssh2.pc
config.status:1129: creating src/libssh2_config.h
config.status:1310: src/libssh2_config.h is unchanged
config.status:1129: creating example/libssh2_config.h
config.status:1310: example/libssh2_config.h is unchanged
config.status:1358: executing depfiles commands
config.status:1358: executing libtool commands
configure:18389: summary of build options:

  version:          1.4.3
  Host type:        i386-unknown-plan9
  Install prefix:   /sys/lib/libssh2
  Compiler:         cc
  Compiler flags:   -D_POSIX_SOURCE -D_SUSV2_SOURCE -D_REENTRANT_SOURCE -D_RESEARCH_SOURCE -D_PLAN9_SOURCE -D_LIMITS_EXTENSION -D_NET_EXTENSION -D_BSD_EXTENSION -D_C99_SNPRINTF_EXTENSION
  Library types:    Shared=no, Static=yes
  Crypto library:   openssl: yes (AES-CTR: no) libgcrypt: no
  Debug build:      no
  Build examples:   yes
  Path to sshd:      (only for self-tests)
  libz compression: yes


## ---------------- ##
## Cache variables. ##
## ---------------- ##

ac_cv_build=i386-unknown-plan9
ac_cv_c_bigendian=no
ac_cv_c_compiler_gnu=no
ac_cv_c_const=yes
ac_cv_c_inline=inline
ac_cv_c_stack_direction=-1
ac_cv_env_CC_set=
ac_cv_env_CC_value=
ac_cv_env_CFLAGS_set=set
ac_cv_env_CFLAGS_value='-D_POSIX_SOURCE -D_SUSV2_SOURCE -D_REENTRANT_SOURCE -D_RESEARCH_SOURCE -D_PLAN9_SOURCE -D_LIMITS_EXTENSION -D_NET_EXTENSION -D_BSD_EXTENSION -D_C99_SNPRINTF_EXTENSION'
ac_cv_env_CPPFLAGS_set=
ac_cv_env_CPPFLAGS_value=
ac_cv_env_CPP_set=
ac_cv_env_CPP_value=
ac_cv_env_LDFLAGS_set=
ac_cv_env_LDFLAGS_value=
ac_cv_env_LIBS_set=
ac_cv_env_LIBS_value=
ac_cv_env_build_alias_set=
ac_cv_env_build_alias_value=
ac_cv_env_host_alias_set=
ac_cv_env_host_alias_value=
ac_cv_env_target_alias_set=
ac_cv_env_target_alias_value=
ac_cv_func_EVP_aes_128_ctr=no
ac_cv_func_alloca_works=no
ac_cv_func_gettimeofday=yes
ac_cv_func_poll=no
ac_cv_func_select=yes
ac_cv_func_strtoll=yes
ac_cv_header_arpa_inet_h=yes
ac_cv_header_dlfcn_h=no
ac_cv_header_errno_h=yes
ac_cv_header_fcntl_h=yes
ac_cv_header_inttypes_h=yes
ac_cv_header_memory_h=no
ac_cv_header_netinet_in_h=yes
ac_cv_header_stdc=yes
ac_cv_header_stdint_h=yes
ac_cv_header_stdio_h=yes
ac_cv_header_stdlib_h=yes
ac_cv_header_string_h=yes
ac_cv_header_strings_h=no
ac_cv_header_sys_ioctl_h=yes
ac_cv_header_sys_select_h=yes
ac_cv_header_sys_socket_h=yes
ac_cv_header_sys_stat_h=yes
ac_cv_header_sys_time_h=yes
ac_cv_header_sys_types_h=yes
ac_cv_header_sys_uio_h=yes
ac_cv_header_sys_un_h=yes
ac_cv_header_unistd_h=yes
ac_cv_header_windows_h=no
ac_cv_header_winsock2_h=no
ac_cv_header_ws2tcpip_h=no
ac_cv_host=i386-unknown-plan9
ac_cv_libssl=yes
ac_cv_libz=yes
ac_cv_objext=o
ac_cv_os_cray=no
ac_cv_path_EGREP=/bin/egrep
ac_cv_path_FGREP=/bin/fgrep
ac_cv_path_GREP=grep
ac_cv_path_SED=/bin/sed
ac_cv_prog_AWK=gawk
ac_cv_prog_CC=cc
ac_cv_prog_CPP='cc -E'
ac_cv_prog_ac_ct_AR=ar
ac_cv_prog_ac_ct_DLLTOOL=dlltool
ac_cv_prog_ac_ct_OBJDUMP=objdump
ac_cv_prog_ac_ct_RANLIB=ranlib
ac_cv_prog_ac_ct_STRIP=strip
ac_cv_prog_cc_c89=
ac_cv_prog_cc_g=yes
ac_cv_prog_make_make_set=yes
ac_cv_search_inet_addr='none required'
ac_cv_search_socket='none required'
ac_cv_sys_file_offset_bits=no
ac_cv_sys_largefile_CC=no
ac_cv_type_long_long=yes
ac_cv_type_size_t=yes
ac_cv_working_alloca_h=no
acl_cv_hardcode_direct=no
acl_cv_hardcode_libdir_flag_spec=
acl_cv_hardcode_libdir_separator=
acl_cv_hardcode_minus_L=no
acl_cv_libext=a
acl_cv_libname_spec='lib$name'
acl_cv_library_names_spec=
acl_cv_path_LD=/bin/ld
acl_cv_prog_gnu_ld=no
acl_cv_rpath=done
acl_cv_shlibext=so
acl_cv_wl=
am_cv_CC_dependencies_compiler_type=none
lt_cv_ar_at_file=no
lt_cv_deplibs_check_method=unknown
lt_cv_file_magic_cmd='$MAGIC_CMD'
lt_cv_file_magic_test_file=
lt_cv_ld_reload_flag=-r
lt_cv_nm_interface='BSD nm'
lt_cv_objdir=.libs
lt_cv_path_LD=/bin/ld
lt_cv_path_NM=/bin/nm
lt_cv_path_mainfest_tool=no
lt_cv_prog_compiler_c_o=yes
lt_cv_prog_compiler_pic=' -DPIC'
lt_cv_prog_compiler_pic_works=yes
lt_cv_prog_compiler_static_works=yes
lt_cv_prog_gnu_ld=no
lt_cv_sharedlib_from_linklib_cmd='print -r --'
lt_cv_sys_global_symbol_pipe='sed -n -e '\''s/^.*[	 ]\([BCDEGRST][BCDEGRST]*\)[	 ][	 ]*\([_A-Za-z][_A-Za-z0-9]*\)$/\1 \2 \2/p'\'' | sed '\''/ __gnu_lto/d'\'
lt_cv_sys_global_symbol_to_c_name_address='sed -n -e '\''s/^: \([^ ]*\)[ ]*$/  {\"\1\", (void *) 0},/p'\'' -e '\''s/^[BCDEGRST]* \([^ ]*\) \([^ ]*\)$/  {"\2", (void *) \&\2},/p'\'
lt_cv_sys_global_symbol_to_c_name_address_lib_prefix='sed -n -e '\''s/^: \([^ ]*\)[ ]*$/  {\"\1\", (void *) 0},/p'\'' -e '\''s/^[BCDEGRST]* \([^ ]*\) \(lib[^ ]*\)$/  {"\2", (void *) \&\2},/p'\'' -e '\''s/^[BCDEGRST]* \([^ ]*\) \([^ ]*\)$/  {"lib\2", (void *) \&\2},/p'\'
lt_cv_sys_global_symbol_to_cdecl='sed -n -e '\''s/^T .* \(.*\)$/extern int \1();/p'\'' -e '\''s/^[BCDEGRST]* .* \(.*\)$/extern char \1;/p'\'
lt_cv_sys_max_cmd_len=512
lt_cv_to_host_file_cmd=func_convert_file_noop
lt_cv_to_tool_file_cmd=func_convert_file_noop

## ----------------- ##
## Output variables. ##
## ----------------- ##

ACLOCAL='${SHELL} /usr/jens/dvl/libssh2-1.4.3/missing --run aclocal-1.11'
ALLOCA='${LIBOBJDIR}alloca.o'
AMDEPBACKSLASH='\'
AMDEP_FALSE='#'
AMDEP_TRUE=''
AMTAR='$${TAR-tar}'
AR='ar'
AS='as'
AUTOCONF='${SHELL} /usr/jens/dvl/libssh2-1.4.3/missing --run autoconf'
AUTOHEADER='${SHELL} /usr/jens/dvl/libssh2-1.4.3/missing --run autoheader'
AUTOMAKE='${SHELL} /usr/jens/dvl/libssh2-1.4.3/missing --run automake-1.11'
AWK='gawk'
BUILD_EXAMPLES_FALSE='#'
BUILD_EXAMPLES_TRUE=''
CC='cc'
CCDEPMODE='depmode=none'
CFLAGS='-D_POSIX_SOURCE -D_SUSV2_SOURCE -D_REENTRANT_SOURCE -D_RESEARCH_SOURCE -D_PLAN9_SOURCE -D_LIMITS_EXTENSION -D_NET_EXTENSION -D_BSD_EXTENSION -D_C99_SNPRINTF_EXTENSION'
CPP='cc -E'
CPPFLAGS=''
CYGPATH_W='echo'
DEFS='-DHAVE_CONFIG_H'
DEPDIR='.deps'
DLLTOOL='dlltool'
DSYMUTIL=''
DUMPBIN=''
ECHO_C=''
ECHO_N='-n'
ECHO_T=''
EGREP='/bin/egrep'
EXEEXT=''
FGREP='/bin/fgrep'
GREP='grep'
HAVE_LIBGCRYPT=''
HAVE_LIBSSL='yes'
HAVE_LIBZ='yes'
HAVE_SYS_UN_H_FALSE='#'
HAVE_SYS_UN_H_TRUE=''
INSTALL_DATA='${INSTALL} -m 644'
INSTALL_PROGRAM='${INSTALL}'
INSTALL_SCRIPT='${INSTALL}'
INSTALL_STRIP_PROGRAM='$(install_sh) -c -s'
LD='/bin/ld'
LDFLAGS=''
LIBGCRYPT=''
LIBGCRYPT_FALSE=''
LIBGCRYPT_PREFIX=''
LIBGCRYPT_TRUE='#'
LIBOBJS=''
LIBS=''
LIBSREQUIRED='libssl,libcrypto'
LIBSSH2VER='1.4.3'
LIBSSL='-lssl -lcrypto'
LIBSSL_PREFIX=''
LIBTOOL='$(SHELL) $(top_builddir)/libtool'
LIBZ='-lz'
LIBZ_PREFIX=''
LIPO=''
LN_S='cp -pR'
LTLIBGCRYPT=''
LTLIBOBJS=''
LTLIBSSL='-lssl -lcrypto'
LTLIBZ='-lz'
MAINT='#'
MAINTAINER_MODE_FALSE=''
MAINTAINER_MODE_TRUE='#'
MAKEINFO='${SHELL} /usr/jens/dvl/libssh2-1.4.3/missing --run makeinfo'
MANIFEST_TOOL=':'
MKDIR_P='./install-sh -c -d'
NM='/bin/nm'
NMEDIT=''
OBJDUMP='objdump'
OBJEXT='o'
OTOOL64=''
OTOOL=''
PACKAGE='libssh2'
PACKAGE_BUGREPORT='libssh2-devel@cool.haxx.se'
PACKAGE_NAME='libssh2'
PACKAGE_STRING='libssh2 -'
PACKAGE_TARNAME='libssh2'
PACKAGE_URL=''
PACKAGE_VERSION='-'
PATH_SEPARATOR=':'
RANLIB='ranlib'
SED='/bin/sed'
SET_MAKE=''
SHELL='/bin/sh'
SSHD=''
SSHD_FALSE=''
SSHD_TRUE='#'
STRIP='strip'
VERSION='-'
ac_ct_AR='ar'
ac_ct_CC=''
ac_ct_DUMPBIN=''
am__EXEEXT_FALSE=''
am__EXEEXT_TRUE='#'
am__fastdepCC_FALSE=''
am__fastdepCC_TRUE='#'
am__include='include'
am__isrc=''
am__leading_dot='.'
am__nodep='_no'
am__quote=''
am__tar='$${TAR-tar} chof - "$$tardir"'
am__untar='$${TAR-tar} xf -'
bindir='${exec_prefix}/bin'
build='i386-unknown-plan9'
build_alias=''
build_cpu='i386'
build_os='plan9'
build_vendor='unknown'
datadir='${datarootdir}'
datarootdir='/sys'
docdir='${datarootdir}/doc/${PACKAGE_TARNAME}'
dvidir='${docdir}'
exec_prefix='/386'
host='i386-unknown-plan9'
host_alias=''
host_cpu='i386'
host_os='plan9'
host_vendor='unknown'
htmldir='${docdir}'
includedir='/sys/include/ape'
infodir='${datarootdir}/info'
install_sh='${SHELL} /usr/jens/dvl/libssh2-1.4.3/install-sh'
libdir='${exec_prefix}/lib'
libexecdir='/386/bin'
localedir='${datarootdir}/locale'
localstatedir='/sys/lib/libssh2'
mandir='${datarootdir}/man'
mkdir_p='$(top_builddir)/./install-sh -c -d'
oldincludedir='/usr/include'
pdfdir='${docdir}'
prefix='/sys/lib/libssh2'
program_transform_name='s,x,x,'
psdir='${docdir}'
sbindir='/386/bin'
sharedstatedir='/sys/lib/libssh2'
sysconfdir='/sys/lib/libssh2'
target_alias=''

## ----------- ##
## confdefs.h. ##
## ----------- ##

/* confdefs.h */
#define PACKAGE_NAME "libssh2"
#define PACKAGE_TARNAME "libssh2"
#define PACKAGE_VERSION "-"
#define PACKAGE_STRING "libssh2 -"
#define PACKAGE_BUGREPORT "libssh2-devel@cool.haxx.se"
#define PACKAGE_URL ""
#define PACKAGE "libssh2"
#define VERSION "-"
#define STDC_HEADERS 1
#define HAVE_SYS_TYPES_H 1
#define HAVE_SYS_STAT_H 1
#define HAVE_STDLIB_H 1
#define HAVE_STRING_H 1
#define HAVE_INTTYPES_H 1
#define HAVE_STDINT_H 1
#define HAVE_UNISTD_H 1
#define HAVE_LONGLONG 1
#define LT_OBJDIR ".libs/"
#define HAVE_LIBSSL 1
#define HAVE_LIBZ 1
#define LIBSSH2_HAVE_ZLIB 1
#define LIBSSH2_DH_GEX_NEW 1
#define HAVE_ERRNO_H 1
#define HAVE_FCNTL_H 1
#define HAVE_STDIO_H 1
#define HAVE_STDLIB_H 1
#define HAVE_UNISTD_H 1
#define HAVE_SYS_UIO_H 1
#define HAVE_SYS_SELECT_H 1
#define HAVE_SYS_SOCKET_H 1
#define HAVE_SYS_IOCTL_H 1
#define HAVE_SYS_TIME_H 1
#define HAVE_ARPA_INET_H 1
#define HAVE_NETINET_IN_H 1
#define HAVE_SYS_UN_H 1
#define HAVE_GETTIMEOFDAY 1
#define HAVE_SELECT 1
#define HAVE_STRTOLL 1
#define C_ALLOCA 1
#define STACK_DIRECTION -1
#define HAVE_O_NONBLOCK 1

configure: exit 0
