This file contains any messages produced by compilers while
running configure, to aid debugging if configure makes a mistake.

It was created by sqlite configure 3.7.15.1, which was
generated by GNU Autoconf 2.68.  Invocation command line was

  $ ./configure --prefix=/sys --exec-prefix=/386 --libdir=/386/lib/ape --includedir=/sys/include/ape --disable-shared

## --------- ##
## Platform. ##
## --------- ##

hostname = cirno
uname -m = i386
uname -r = 4
uname -s = Plan9
uname -v = 0

/usr/bin/uname -p = unknown
/bin/uname -X     = unknown

/bin/arch              = unknown
/usr/bin/arch -k       = unknown
/usr/convex/getsysinfo = unknown
/usr/bin/hostinfo      = unknown
/bin/machine           = unknown
/usr/bin/oslevel       = unknown
/bin/universe          = unknown

PATH: /bin
PATH: .


## ----------- ##
## Core tests. ##
## ----------- ##

configure:2635: checking for a BSD-compatible install
configure:2703: result: ./install-sh -c
configure:2714: checking whether build environment is sane
configure:2751: result: yes
configure:2813: checking for gawk
configure:2829: found /bin/gawk
configure:2840: result: gawk
configure:2851: checking whether make sets $(MAKE)
configure:2873: result: yes
configure:3064: checking for style of include used by make
configure:3092: result: GNU
configure:3165: checking for gcc
configure:3195: result: no
configure:3258: checking for cc
configure:3279: found /bin/cc
configure:3302: result: cc
configure:3421: checking for C compiler version
configure:3430: cc --version >&5
cc: flag -- ignored
cc: flag -e ignored
cc: flag -r ignored
cc: flag -i ignored
cc: no files to compile or load
configure:3441: $? = 1
configure:3430: cc -v >&5
cc: no files to compile or load
configure:3441: $? = 1
configure:3430: cc -V >&5
cc: flag -V ignored
cc: no files to compile or load
configure:3441: $? = 1
configure:3430: cc -qversion >&5
cc: flag -q ignored
cc: flag -e ignored
cc: flag -r ignored
cc: flag -i ignored
cc: no files to compile or load
configure:3441: $? = 1
configure:3461: checking whether the C compiler works
configure:3483: cc -D_POSIX_SOURCE -D_SUSV2_SOURCE -D_RESEARCH_SOURCE -D_REENTRANT_SOURCE -D_BSD_EXTENSION -D_NET_EXTENSION -D_LIMITS_EXTENSION -D_C99_SNPRINTF_EXTENSION -D_REGEXP_EXTENSION -DHAVE_SOCK_OPTS   conftest.c  >&5
configure:3487: $? = 0
configure:3535: result: yes
configure:3538: checking for C compiler default output file name
configure:3540: result: a.out
configure:3546: checking for suffix of executables
configure:3553: cc -o conftest -D_POSIX_SOURCE -D_SUSV2_SOURCE -D_RESEARCH_SOURCE -D_REENTRANT_SOURCE -D_BSD_EXTENSION -D_NET_EXTENSION -D_LIMITS_EXTENSION -D_C99_SNPRINTF_EXTENSION -D_REGEXP_EXTENSION -DHAVE_SOCK_OPTS   conftest.c  >&5
configure:3557: $? = 0
configure:3579: result: 
configure:3601: checking whether we are cross compiling
configure:3609: cc -o conftest -D_POSIX_SOURCE -D_SUSV2_SOURCE -D_RESEARCH_SOURCE -D_REENTRANT_SOURCE -D_BSD_EXTENSION -D_NET_EXTENSION -D_LIMITS_EXTENSION -D_C99_SNPRINTF_EXTENSION -D_REGEXP_EXTENSION -DHAVE_SOCK_OPTS   conftest.c  >&5
configure:3613: $? = 0
configure:3620: ./conftest
configure:3624: $? = 0
configure:3639: result: no
configure:3644: checking for suffix of object files
configure:3666: cc -c -D_POSIX_SOURCE -D_SUSV2_SOURCE -D_RESEARCH_SOURCE -D_REENTRANT_SOURCE -D_BSD_EXTENSION -D_NET_EXTENSION -D_LIMITS_EXTENSION -D_C99_SNPRINTF_EXTENSION -D_REGEXP_EXTENSION -DHAVE_SOCK_OPTS  conftest.c >&5
configure:3670: $? = 0
configure:3691: result: o
configure:3695: checking whether we are using the GNU C compiler
configure:3714: cc -c -D_POSIX_SOURCE -D_SUSV2_SOURCE -D_RESEARCH_SOURCE -D_REENTRANT_SOURCE -D_BSD_EXTENSION -D_NET_EXTENSION -D_LIMITS_EXTENSION -D_C99_SNPRINTF_EXTENSION -D_REGEXP_EXTENSION -DHAVE_SOCK_OPTS  conftest.c >&5
/usr/jens/dvl/sqlite-autoconf-3071501/conftest.c:16[stdin:17] syntax error, last name: me
configure:3714: $? = 1
configure: failed program was:
| /* confdefs.h */
| #define PACKAGE_NAME "sqlite"
| #define PACKAGE_TARNAME "sqlite"
| #define PACKAGE_VERSION "3.7.15.1"
| #define PACKAGE_STRING "sqlite 3.7.15.1"
| #define PACKAGE_BUGREPORT "http://www.sqlite.org"
| #define PACKAGE_URL ""
| #define PACKAGE "sqlite"
| #define VERSION "3.7.15.1"
| /* end confdefs.h.  */
| 
| int
| main ()
| {
| #ifndef __GNUC__
|        choke me
| #endif
| 
|   ;
|   return 0;
| }
configure:3723: result: no
configure:3732: checking whether cc accepts -g
configure:3752: cc -c -g  conftest.c >&5
configure:3752: $? = 0
configure:3793: result: yes
configure:3810: checking for cc option to accept ISO C89
configure:3874: cc  -c -D_POSIX_SOURCE -D_SUSV2_SOURCE -D_RESEARCH_SOURCE -D_REENTRANT_SOURCE -D_BSD_EXTENSION -D_NET_EXTENSION -D_LIMITS_EXTENSION -D_C99_SNPRINTF_EXTENSION -D_REGEXP_EXTENSION -DHAVE_SOCK_OPTS  conftest.c >&5
configure:3874: $? = 0
configure:3887: result: none needed
configure:3909: checking dependency style of cc
configure:3999: result: none
configure:4024: checking for special C compiler options needed for large files
configure:4054: cc -c -D_POSIX_SOURCE -D_SUSV2_SOURCE -D_RESEARCH_SOURCE -D_REENTRANT_SOURCE -D_BSD_EXTENSION -D_NET_EXTENSION -D_LIMITS_EXTENSION -D_C99_SNPRINTF_EXTENSION -D_REGEXP_EXTENSION -DHAVE_SOCK_OPTS  conftest.c >&5
configure:4054: $? = 0
configure:4069: result: no
configure:4075: checking for _FILE_OFFSET_BITS value needed for large files
configure:4100: cc -c -D_POSIX_SOURCE -D_SUSV2_SOURCE -D_RESEARCH_SOURCE -D_REENTRANT_SOURCE -D_BSD_EXTENSION -D_NET_EXTENSION -D_LIMITS_EXTENSION -D_C99_SNPRINTF_EXTENSION -D_REGEXP_EXTENSION -DHAVE_SOCK_OPTS  conftest.c >&5
configure:4100: $? = 0
configure:4132: result: no
configure:4521: checking for C compiler version
configure:4530: cc --version >&5
cc: flag -- ignored
cc: flag -e ignored
cc: flag -r ignored
cc: flag -i ignored
cc: no files to compile or load
configure:4541: $? = 1
configure:4530: cc -v >&5
cc: no files to compile or load
configure:4541: $? = 1
configure:4530: cc -V >&5
cc: flag -V ignored
cc: no files to compile or load
configure:4541: $? = 1
configure:4530: cc -qversion >&5
cc: flag -q ignored
cc: flag -e ignored
cc: flag -r ignored
cc: flag -i ignored
cc: no files to compile or load
configure:4541: $? = 1
configure:4545: checking whether we are using the GNU C compiler
configure:4573: result: no
configure:4582: checking whether cc accepts -g
configure:4643: result: yes
configure:4660: checking for cc option to accept ISO C89
configure:4737: result: none needed
configure:4759: checking dependency style of cc
configure:4849: result: none
configure:4909: checking for ranlib
configure:4925: found /bin/ranlib
configure:4936: result: ranlib
configure:5034: checking build system type
configure:5048: result: i386-unknown-plan9
configure:5068: checking host system type
configure:5081: result: i386-unknown-plan9
configure:5101: checking for a sed that does not truncate output
configure:5155: result: /bin/gsed
configure:5158: checking for grep that handles long lines and -e
configure:5216: result: grep
configure:5221: checking for egrep
configure:5283: result: /bin/egrep
configure:5332: checking for non-GNU ld
configure:5366: result: /bin/ld
configure:5373: checking if the linker (/bin/ld) is GNU ld
configure:5388: result: no
configure:5393: checking for /bin/ld option to reload object files
configure:5400: result: -r
configure:5418: checking for BSD-compatible nm
configure:5467: result: /bin/nm
configure:5471: checking whether ln -s works
configure:5478: result: no, using cp -p
configure:5482: checking how to recognise dependent libraries
configure:5658: result: unknown
configure:5866: checking how to run the C preprocessor
configure:5897: cc -E  conftest.c
configure:5897: $? = 0
configure:5911: cc -E  conftest.c
configure:5911: $? = 1
configure: failed program was:
| /* confdefs.h */
| #define PACKAGE_NAME "sqlite"
| #define PACKAGE_TARNAME "sqlite"
| #define PACKAGE_VERSION "3.7.15.1"
| #define PACKAGE_STRING "sqlite 3.7.15.1"
| #define PACKAGE_BUGREPORT "http://www.sqlite.org"
| #define PACKAGE_URL ""
| #define PACKAGE "sqlite"
| #define VERSION "3.7.15.1"
| /* end confdefs.h.  */
| #include <ac_nonexistent.h>
configure:5936: result: cc -E
configure:5956: cc -E  conftest.c
configure:5956: $? = 0
configure:5970: cc -E  conftest.c
configure:5970: $? = 1
configure: failed program was:
| /* confdefs.h */
| #define PACKAGE_NAME "sqlite"
| #define PACKAGE_TARNAME "sqlite"
| #define PACKAGE_VERSION "3.7.15.1"
| #define PACKAGE_STRING "sqlite 3.7.15.1"
| #define PACKAGE_BUGREPORT "http://www.sqlite.org"
| #define PACKAGE_URL ""
| #define PACKAGE "sqlite"
| #define VERSION "3.7.15.1"
| /* end confdefs.h.  */
| #include <ac_nonexistent.h>
configure:5999: checking for ANSI C header files
configure:6019: cc -c -D_POSIX_SOURCE -D_SUSV2_SOURCE -D_RESEARCH_SOURCE -D_REENTRANT_SOURCE -D_BSD_EXTENSION -D_NET_EXTENSION -D_LIMITS_EXTENSION -D_C99_SNPRINTF_EXTENSION -D_REGEXP_EXTENSION -DHAVE_SOCK_OPTS  conftest.c >&5
configure:6019: $? = 0
configure:6092: cc -o conftest -D_POSIX_SOURCE -D_SUSV2_SOURCE -D_RESEARCH_SOURCE -D_REENTRANT_SOURCE -D_BSD_EXTENSION -D_NET_EXTENSION -D_LIMITS_EXTENSION -D_C99_SNPRINTF_EXTENSION -D_REGEXP_EXTENSION -DHAVE_SOCK_OPTS   conftest.c  >&5
configure:6092: $? = 0
configure:6092: ./conftest
configure:6092: $? = 0
configure:6103: result: yes
configure:6116: checking for sys/types.h
configure:6116: cc -c -D_POSIX_SOURCE -D_SUSV2_SOURCE -D_RESEARCH_SOURCE -D_REENTRANT_SOURCE -D_BSD_EXTENSION -D_NET_EXTENSION -D_LIMITS_EXTENSION -D_C99_SNPRINTF_EXTENSION -D_REGEXP_EXTENSION -DHAVE_SOCK_OPTS  conftest.c >&5
configure:6116: $? = 0
configure:6116: result: yes
configure:6116: checking for sys/stat.h
configure:6116: cc -c -D_POSIX_SOURCE -D_SUSV2_SOURCE -D_RESEARCH_SOURCE -D_REENTRANT_SOURCE -D_BSD_EXTENSION -D_NET_EXTENSION -D_LIMITS_EXTENSION -D_C99_SNPRINTF_EXTENSION -D_REGEXP_EXTENSION -DHAVE_SOCK_OPTS  conftest.c >&5
configure:6116: $? = 0
configure:6116: result: yes
configure:6116: checking for stdlib.h
configure:6116: cc -c -D_POSIX_SOURCE -D_SUSV2_SOURCE -D_RESEARCH_SOURCE -D_REENTRANT_SOURCE -D_BSD_EXTENSION -D_NET_EXTENSION -D_LIMITS_EXTENSION -D_C99_SNPRINTF_EXTENSION -D_REGEXP_EXTENSION -DHAVE_SOCK_OPTS  conftest.c >&5
configure:6116: $? = 0
configure:6116: result: yes
configure:6116: checking for string.h
configure:6116: cc -c -D_POSIX_SOURCE -D_SUSV2_SOURCE -D_RESEARCH_SOURCE -D_REENTRANT_SOURCE -D_BSD_EXTENSION -D_NET_EXTENSION -D_LIMITS_EXTENSION -D_C99_SNPRINTF_EXTENSION -D_REGEXP_EXTENSION -DHAVE_SOCK_OPTS  conftest.c >&5
configure:6116: $? = 0
configure:6116: result: yes
configure:6116: checking for memory.h
configure:6116: cc -c -D_POSIX_SOURCE -D_SUSV2_SOURCE -D_RESEARCH_SOURCE -D_REENTRANT_SOURCE -D_BSD_EXTENSION -D_NET_EXTENSION -D_LIMITS_EXTENSION -D_C99_SNPRINTF_EXTENSION -D_REGEXP_EXTENSION -DHAVE_SOCK_OPTS  conftest.c >&5
configure:6116: $? = 1
configure: failed program was:
| /* confdefs.h */
| #define PACKAGE_NAME "sqlite"
| #define PACKAGE_TARNAME "sqlite"
| #define PACKAGE_VERSION "3.7.15.1"
| #define PACKAGE_STRING "sqlite 3.7.15.1"
| #define PACKAGE_BUGREPORT "http://www.sqlite.org"
| #define PACKAGE_URL ""
| #define PACKAGE "sqlite"
| #define VERSION "3.7.15.1"
| #define STDC_HEADERS 1
| #define HAVE_SYS_TYPES_H 1
| #define HAVE_SYS_STAT_H 1
| #define HAVE_STDLIB_H 1
| #define HAVE_STRING_H 1
| /* end confdefs.h.  */
| #include <stdio.h>
| #ifdef HAVE_SYS_TYPES_H
| # include <sys/types.h>
| #endif
| #ifdef HAVE_SYS_STAT_H
| # include <sys/stat.h>
| #endif
| #ifdef STDC_HEADERS
| # include <stdlib.h>
| # include <stddef.h>
| #else
| # ifdef HAVE_STDLIB_H
| #  include <stdlib.h>
| # endif
| #endif
| #ifdef HAVE_STRING_H
| # if !defined STDC_HEADERS && defined HAVE_MEMORY_H
| #  include <memory.h>
| # endif
| # include <string.h>
| #endif
| #ifdef HAVE_STRINGS_H
| # include <strings.h>
| #endif
| #ifdef HAVE_INTTYPES_H
| # include <inttypes.h>
| #endif
| #ifdef HAVE_STDINT_H
| # include <stdint.h>
| #endif
| #ifdef HAVE_UNISTD_H
| # include <unistd.h>
| #endif
| 
| #include <memory.h>
configure:6116: result: no
configure:6116: checking for strings.h
configure:6116: cc -c -D_POSIX_SOURCE -D_SUSV2_SOURCE -D_RESEARCH_SOURCE -D_REENTRANT_SOURCE -D_BSD_EXTENSION -D_NET_EXTENSION -D_LIMITS_EXTENSION -D_C99_SNPRINTF_EXTENSION -D_REGEXP_EXTENSION -DHAVE_SOCK_OPTS  conftest.c >&5
configure:6116: $? = 1
configure: failed program was:
| /* confdefs.h */
| #define PACKAGE_NAME "sqlite"
| #define PACKAGE_TARNAME "sqlite"
| #define PACKAGE_VERSION "3.7.15.1"
| #define PACKAGE_STRING "sqlite 3.7.15.1"
| #define PACKAGE_BUGREPORT "http://www.sqlite.org"
| #define PACKAGE_URL ""
| #define PACKAGE "sqlite"
| #define VERSION "3.7.15.1"
| #define STDC_HEADERS 1
| #define HAVE_SYS_TYPES_H 1
| #define HAVE_SYS_STAT_H 1
| #define HAVE_STDLIB_H 1
| #define HAVE_STRING_H 1
| /* end confdefs.h.  */
| #include <stdio.h>
| #ifdef HAVE_SYS_TYPES_H
| # include <sys/types.h>
| #endif
| #ifdef HAVE_SYS_STAT_H
| # include <sys/stat.h>
| #endif
| #ifdef STDC_HEADERS
| # include <stdlib.h>
| # include <stddef.h>
| #else
| # ifdef HAVE_STDLIB_H
| #  include <stdlib.h>
| # endif
| #endif
| #ifdef HAVE_STRING_H
| # if !defined STDC_HEADERS && defined HAVE_MEMORY_H
| #  include <memory.h>
| # endif
| # include <string.h>
| #endif
| #ifdef HAVE_STRINGS_H
| # include <strings.h>
| #endif
| #ifdef HAVE_INTTYPES_H
| # include <inttypes.h>
| #endif
| #ifdef HAVE_STDINT_H
| # include <stdint.h>
| #endif
| #ifdef HAVE_UNISTD_H
| # include <unistd.h>
| #endif
| 
| #include <strings.h>
configure:6116: result: no
configure:6116: checking for inttypes.h
configure:6116: cc -c -D_POSIX_SOURCE -D_SUSV2_SOURCE -D_RESEARCH_SOURCE -D_REENTRANT_SOURCE -D_BSD_EXTENSION -D_NET_EXTENSION -D_LIMITS_EXTENSION -D_C99_SNPRINTF_EXTENSION -D_REGEXP_EXTENSION -DHAVE_SOCK_OPTS  conftest.c >&5
configure:6116: $? = 0
configure:6116: result: yes
configure:6116: checking for stdint.h
configure:6116: cc -c -D_POSIX_SOURCE -D_SUSV2_SOURCE -D_RESEARCH_SOURCE -D_REENTRANT_SOURCE -D_BSD_EXTENSION -D_NET_EXTENSION -D_LIMITS_EXTENSION -D_C99_SNPRINTF_EXTENSION -D_REGEXP_EXTENSION -DHAVE_SOCK_OPTS  conftest.c >&5
configure:6116: $? = 1
configure: failed program was:
| /* confdefs.h */
| #define PACKAGE_NAME "sqlite"
| #define PACKAGE_TARNAME "sqlite"
| #define PACKAGE_VERSION "3.7.15.1"
| #define PACKAGE_STRING "sqlite 3.7.15.1"
| #define PACKAGE_BUGREPORT "http://www.sqlite.org"
| #define PACKAGE_URL ""
| #define PACKAGE "sqlite"
| #define VERSION "3.7.15.1"
| #define STDC_HEADERS 1
| #define HAVE_SYS_TYPES_H 1
| #define HAVE_SYS_STAT_H 1
| #define HAVE_STDLIB_H 1
| #define HAVE_STRING_H 1
| #define HAVE_INTTYPES_H 1
| /* end confdefs.h.  */
| #include <stdio.h>
| #ifdef HAVE_SYS_TYPES_H
| # include <sys/types.h>
| #endif
| #ifdef HAVE_SYS_STAT_H
| # include <sys/stat.h>
| #endif
| #ifdef STDC_HEADERS
| # include <stdlib.h>
| # include <stddef.h>
| #else
| # ifdef HAVE_STDLIB_H
| #  include <stdlib.h>
| # endif
| #endif
| #ifdef HAVE_STRING_H
| # if !defined STDC_HEADERS && defined HAVE_MEMORY_H
| #  include <memory.h>
| # endif
| # include <string.h>
| #endif
| #ifdef HAVE_STRINGS_H
| # include <strings.h>
| #endif
| #ifdef HAVE_INTTYPES_H
| # include <inttypes.h>
| #endif
| #ifdef HAVE_STDINT_H
| # include <stdint.h>
| #endif
| #ifdef HAVE_UNISTD_H
| # include <unistd.h>
| #endif
| 
| #include <stdint.h>
configure:6116: result: no
configure:6116: checking for unistd.h
configure:6116: cc -c -D_POSIX_SOURCE -D_SUSV2_SOURCE -D_RESEARCH_SOURCE -D_REENTRANT_SOURCE -D_BSD_EXTENSION -D_NET_EXTENSION -D_LIMITS_EXTENSION -D_C99_SNPRINTF_EXTENSION -D_REGEXP_EXTENSION -DHAVE_SOCK_OPTS  conftest.c >&5
configure:6116: $? = 0
configure:6116: result: yes
configure:6130: checking dlfcn.h usability
configure:6130: cc -c -D_POSIX_SOURCE -D_SUSV2_SOURCE -D_RESEARCH_SOURCE -D_REENTRANT_SOURCE -D_BSD_EXTENSION -D_NET_EXTENSION -D_LIMITS_EXTENSION -D_C99_SNPRINTF_EXTENSION -D_REGEXP_EXTENSION -DHAVE_SOCK_OPTS  conftest.c >&5
configure:6130: $? = 1
configure: failed program was:
| /* confdefs.h */
| #define PACKAGE_NAME "sqlite"
| #define PACKAGE_TARNAME "sqlite"
| #define PACKAGE_VERSION "3.7.15.1"
| #define PACKAGE_STRING "sqlite 3.7.15.1"
| #define PACKAGE_BUGREPORT "http://www.sqlite.org"
| #define PACKAGE_URL ""
| #define PACKAGE "sqlite"
| #define VERSION "3.7.15.1"
| #define STDC_HEADERS 1
| #define HAVE_SYS_TYPES_H 1
| #define HAVE_SYS_STAT_H 1
| #define HAVE_STDLIB_H 1
| #define HAVE_STRING_H 1
| #define HAVE_INTTYPES_H 1
| #define HAVE_UNISTD_H 1
| /* end confdefs.h.  */
| #include <stdio.h>
| #ifdef HAVE_SYS_TYPES_H
| # include <sys/types.h>
| #endif
| #ifdef HAVE_SYS_STAT_H
| # include <sys/stat.h>
| #endif
| #ifdef STDC_HEADERS
| # include <stdlib.h>
| # include <stddef.h>
| #else
| # ifdef HAVE_STDLIB_H
| #  include <stdlib.h>
| # endif
| #endif
| #ifdef HAVE_STRING_H
| # if !defined STDC_HEADERS && defined HAVE_MEMORY_H
| #  include <memory.h>
| # endif
| # include <string.h>
| #endif
| #ifdef HAVE_STRINGS_H
| # include <strings.h>
| #endif
| #ifdef HAVE_INTTYPES_H
| # include <inttypes.h>
| #endif
| #ifdef HAVE_STDINT_H
| # include <stdint.h>
| #endif
| #ifdef HAVE_UNISTD_H
| # include <unistd.h>
| #endif
| #include <dlfcn.h>
configure:6130: result: no
configure:6130: checking dlfcn.h presence
configure:6130: cc -E  conftest.c
configure:6130: $? = 1
configure: failed program was:
| /* confdefs.h */
| #define PACKAGE_NAME "sqlite"
| #define PACKAGE_TARNAME "sqlite"
| #define PACKAGE_VERSION "3.7.15.1"
| #define PACKAGE_STRING "sqlite 3.7.15.1"
| #define PACKAGE_BUGREPORT "http://www.sqlite.org"
| #define PACKAGE_URL ""
| #define PACKAGE "sqlite"
| #define VERSION "3.7.15.1"
| #define STDC_HEADERS 1
| #define HAVE_SYS_TYPES_H 1
| #define HAVE_SYS_STAT_H 1
| #define HAVE_STDLIB_H 1
| #define HAVE_STRING_H 1
| #define HAVE_INTTYPES_H 1
| #define HAVE_UNISTD_H 1
| /* end confdefs.h.  */
| #include <dlfcn.h>
configure:6130: result: no
configure:6130: checking for dlfcn.h
configure:6130: result: no
configure:6198: checking for g++
configure:6228: result: no
configure:6198: checking for c++
configure:6228: result: no
configure:6198: checking for gpp
configure:6228: result: no
configure:6198: checking for aCC
configure:6228: result: no
configure:6198: checking for CC
configure:6228: result: no
configure:6198: checking for cxx
configure:6228: result: no
configure:6198: checking for cc++
configure:6228: result: no
configure:6198: checking for cl.exe
configure:6228: result: no
configure:6198: checking for FCC
configure:6228: result: no
configure:6198: checking for KCC
configure:6228: result: no
configure:6198: checking for RCC
configure:6228: result: no
configure:6198: checking for xlC_r
configure:6228: result: no
configure:6198: checking for xlC
configure:6228: result: no
configure:6252: checking for C++ compiler version
configure:6261: g++ --version >&5
./configure: g++: not found
configure:6272: $? = 127
configure:6261: g++ -v >&5
./configure: g++: not found
configure:6272: $? = 127
configure:6261: g++ -V >&5
./configure: g++: not found
configure:6272: $? = 127
configure:6261: g++ -qversion >&5
./configure: g++: not found
configure:6272: $? = 127
configure:6276: checking whether we are using the GNU C++ compiler
configure:6295: g++ -c   conftest.cpp >&5
configure:6295: $? = 127
configure: failed program was:
| /* confdefs.h */
| #define PACKAGE_NAME "sqlite"
| #define PACKAGE_TARNAME "sqlite"
| #define PACKAGE_VERSION "3.7.15.1"
| #define PACKAGE_STRING "sqlite 3.7.15.1"
| #define PACKAGE_BUGREPORT "http://www.sqlite.org"
| #define PACKAGE_URL ""
| #define PACKAGE "sqlite"
| #define VERSION "3.7.15.1"
| #define STDC_HEADERS 1
| #define HAVE_SYS_TYPES_H 1
| #define HAVE_SYS_STAT_H 1
| #define HAVE_STDLIB_H 1
| #define HAVE_STRING_H 1
| #define HAVE_INTTYPES_H 1
| #define HAVE_UNISTD_H 1
| /* end confdefs.h.  */
| 
| int
| main ()
| {
| #ifndef __GNUC__
|        choke me
| #endif
| 
|   ;
|   return 0;
| }
configure:6304: result: no
configure:6313: checking whether g++ accepts -g
configure:6333: g++ -c -g  conftest.cpp >&5
configure:6333: $? = 127
configure: failed program was:
| /* confdefs.h */
| #define PACKAGE_NAME "sqlite"
| #define PACKAGE_TARNAME "sqlite"
| #define PACKAGE_VERSION "3.7.15.1"
| #define PACKAGE_STRING "sqlite 3.7.15.1"
| #define PACKAGE_BUGREPORT "http://www.sqlite.org"
| #define PACKAGE_URL ""
| #define PACKAGE "sqlite"
| #define VERSION "3.7.15.1"
| #define STDC_HEADERS 1
| #define HAVE_SYS_TYPES_H 1
| #define HAVE_SYS_STAT_H 1
| #define HAVE_STDLIB_H 1
| #define HAVE_STRING_H 1
| #define HAVE_INTTYPES_H 1
| #define HAVE_UNISTD_H 1
| /* end confdefs.h.  */
| 
| int
| main ()
| {
| 
|   ;
|   return 0;
| }
configure:6348: g++ -c   conftest.cpp >&5
configure:6348: $? = 127
configure: failed program was:
| /* confdefs.h */
| #define PACKAGE_NAME "sqlite"
| #define PACKAGE_TARNAME "sqlite"
| #define PACKAGE_VERSION "3.7.15.1"
| #define PACKAGE_STRING "sqlite 3.7.15.1"
| #define PACKAGE_BUGREPORT "http://www.sqlite.org"
| #define PACKAGE_URL ""
| #define PACKAGE "sqlite"
| #define VERSION "3.7.15.1"
| #define STDC_HEADERS 1
| #define HAVE_SYS_TYPES_H 1
| #define HAVE_SYS_STAT_H 1
| #define HAVE_STDLIB_H 1
| #define HAVE_STRING_H 1
| #define HAVE_INTTYPES_H 1
| #define HAVE_UNISTD_H 1
| /* end confdefs.h.  */
| 
| int
| main ()
| {
| 
|   ;
|   return 0;
| }
configure:6364: g++ -c -g  conftest.cpp >&5
configure:6364: $? = 127
configure: failed program was:
| /* confdefs.h */
| #define PACKAGE_NAME "sqlite"
| #define PACKAGE_TARNAME "sqlite"
| #define PACKAGE_VERSION "3.7.15.1"
| #define PACKAGE_STRING "sqlite 3.7.15.1"
| #define PACKAGE_BUGREPORT "http://www.sqlite.org"
| #define PACKAGE_URL ""
| #define PACKAGE "sqlite"
| #define VERSION "3.7.15.1"
| #define STDC_HEADERS 1
| #define HAVE_SYS_TYPES_H 1
| #define HAVE_SYS_STAT_H 1
| #define HAVE_STDLIB_H 1
| #define HAVE_STRING_H 1
| #define HAVE_INTTYPES_H 1
| #define HAVE_UNISTD_H 1
| /* end confdefs.h.  */
| 
| int
| main ()
| {
| 
|   ;
|   return 0;
| }
configure:6374: result: no
configure:6399: checking dependency style of g++
configure:6489: result: none
configure:6700: checking for g77
configure:6730: result: no
configure:6700: checking for xlf
configure:6730: result: no
configure:6700: checking for f77
configure:6730: result: no
configure:6700: checking for frt
configure:6730: result: no
configure:6700: checking for pgf77
configure:6730: result: no
configure:6700: checking for cf77
configure:6730: result: no
configure:6700: checking for fort77
configure:6730: result: no
configure:6700: checking for fl32
configure:6730: result: no
configure:6700: checking for af77
configure:6730: result: no
configure:6700: checking for xlf90
configure:6730: result: no
configure:6700: checking for f90
configure:6730: result: no
configure:6700: checking for pgf90
configure:6730: result: no
configure:6700: checking for pghpf
configure:6730: result: no
configure:6700: checking for epcf90
configure:6730: result: no
configure:6700: checking for gfortran
configure:6730: result: no
configure:6700: checking for g95
configure:6730: result: no
configure:6700: checking for xlf95
configure:6730: result: no
configure:6700: checking for f95
configure:6730: result: no
configure:6700: checking for fort
configure:6730: result: no
configure:6700: checking for ifort
configure:6730: result: no
configure:6700: checking for ifc
configure:6730: result: no
configure:6700: checking for efc
configure:6730: result: no
configure:6700: checking for pgfortran
configure:6730: result: no
configure:6700: checking for pgf95
configure:6730: result: no
configure:6700: checking for lf95
configure:6730: result: no
configure:6700: checking for ftn
configure:6730: result: no
configure:6753: checking for Fortran 77 compiler version
configure:6762:  --version >&5
./configure: --version: not found
configure:6773: $? = 127
configure:6762:  -v >&5
./configure: -v: not found
configure:6773: $? = 127
configure:6762:  -V >&5
./configure: -V: not found
configure:6773: $? = 127
configure:6762:  -qversion >&5
./configure: -qversion: not found
configure:6773: $? = 127
configure:6782: checking whether we are using the GNU Fortran 77 compiler
configure:6795:  -c  conftest.F >&5
configure:6795: $? = 127
configure: failed program was:
|       program main
| #ifndef __GNUC__
|        choke me
| #endif
| 
|       end
configure:6804: result: no
configure:6810: checking whether  accepts -g
configure:6821:  -c -g conftest.f >&5
configure:6821: $? = 127
configure: failed program was:
|       program main
| 
|       end
configure:6829: result: no
configure:6863: checking the maximum length of command line arguments
configure:6972: result: 131072
configure:6983: checking command to parse /bin/nm output from cc object
configure:7088: cc -c -D_POSIX_SOURCE -D_SUSV2_SOURCE -D_RESEARCH_SOURCE -D_REENTRANT_SOURCE -D_BSD_EXTENSION -D_NET_EXTENSION -D_LIMITS_EXTENSION -D_C99_SNPRINTF_EXTENSION -D_REGEXP_EXTENSION -DHAVE_SOCK_OPTS  conftest.c >&5
configure:7091: $? = 0
configure:7095: /bin/nm conftest.o \| sed -n -e 's/^.*[ 	]\([BCDEGRST][BCDEGRST]*\)[ 	][ 	]*\([_A-Za-z][_A-Za-z0-9]*\)$/\1 \2 \2/p' \> conftest.nm
configure:7098: $? = 0
configure:7150: cc -o conftest -D_POSIX_SOURCE -D_SUSV2_SOURCE -D_RESEARCH_SOURCE -D_REENTRANT_SOURCE -D_BSD_EXTENSION -D_NET_EXTENSION -D_LIMITS_EXTENSION -D_C99_SNPRINTF_EXTENSION -D_REGEXP_EXTENSION -DHAVE_SOCK_OPTS   conftest.c conftstm.o >&5
configure:7153: $? = 0
configure:7191: result: ok
configure:7195: checking for objdir
configure:7210: result: .libs
configure:7302: checking for ar
configure:7318: found /bin/ar
configure:7329: result: ar
configure:7394: checking for ranlib
configure:7421: result: ranlib
configure:7486: checking for strip
configure:7502: found /bin/strip
configure:7513: result: strip
/usr/jens/dvl/sqlite-autoconf-3071501/conftest.c:1[stdin:2] syntax error, last name: 0
/usr/jens/dvl/sqlite-autoconf-3071501/conftest.c:1[stdin:2] syntax error, last name: 0
configure:7845: checking for cc option to produce PIC
configure:8055: result: 
configure:8126: checking if cc static flag  works
/usr/jens/dvl/sqlite-autoconf-3071501/conftest.c:1[stdin:2] syntax error, last name: 0
configure:8154: result: no
configure:8164: checking if cc supports -c -o file.o
configure:8185: cc -c -D_POSIX_SOURCE -D_SUSV2_SOURCE -D_RESEARCH_SOURCE -D_REENTRANT_SOURCE -D_BSD_EXTENSION -D_NET_EXTENSION -D_LIMITS_EXTENSION -D_C99_SNPRINTF_EXTENSION -D_REGEXP_EXTENSION -DHAVE_SOCK_OPTS  -o out/conftest2.o conftest.c >&5
/usr/jens/dvl/sqlite-autoconf-3071501/conftest/conftest.c:1[stdin:2] syntax error, last name: 0
cpp: conftest.c:1 No newline at end of file
cc: cpp: 8c 2334: error
configure:8189: $? = 1
configure:8211: result: no
configure:8218: checking if we can lock with hard links
cp: illegal option -- g
configure:8226: result: no
configure:8229: WARNING: `cc' does not support `-c -o', so `make -j' may be unsafe
configure:8237: checking whether the cc linker (/bin/ld) supports shared libraries
configure:9137: result: no
configure:9204: checking dynamic linker characteristics
configure:9792: result: no
configure:9801: checking how to hardcode library paths into programs
configure:9826: result: unsupported
configure:9840: checking whether stripping libraries is possible
configure:9861: result: no
configure:10361: checking if libtool supports shared libraries
configure:10363: result: no
configure:10366: checking whether to build shared libraries
configure:10387: result: no
configure:10390: checking whether to build static libraries
configure:10394: result: yes
configure:10486: creating libtool
configure:19436: checking for a thread-safe mkdir -p
configure:19475: result: ./install-sh -c -d
configure:19483: checking for fdatasync
configure:19483: cc -o conftest -D_POSIX_SOURCE -D_SUSV2_SOURCE -D_RESEARCH_SOURCE -D_REENTRANT_SOURCE -D_BSD_EXTENSION -D_NET_EXTENSION -D_LIMITS_EXTENSION -D_C99_SNPRINTF_EXTENSION -D_REGEXP_EXTENSION -DHAVE_SOCK_OPTS   conftest.c  >&5
main: undefined: fdatasync
configure:19483: $? = 1
configure: failed program was:
| /* confdefs.h */
| #define PACKAGE_NAME "sqlite"
| #define PACKAGE_TARNAME "sqlite"
| #define PACKAGE_VERSION "3.7.15.1"
| #define PACKAGE_STRING "sqlite 3.7.15.1"
| #define PACKAGE_BUGREPORT "http://www.sqlite.org"
| #define PACKAGE_URL ""
| #define PACKAGE "sqlite"
| #define VERSION "3.7.15.1"
| #define STDC_HEADERS 1
| #define HAVE_SYS_TYPES_H 1
| #define HAVE_SYS_STAT_H 1
| #define HAVE_STDLIB_H 1
| #define HAVE_STRING_H 1
| #define HAVE_INTTYPES_H 1
| #define HAVE_UNISTD_H 1
| /* end confdefs.h.  */
| /* Define fdatasync to an innocuous variant, in case <limits.h> declares fdatasync.
|    For example, HP-UX 11i <limits.h> declares gettimeofday.  */
| #define fdatasync innocuous_fdatasync
| 
| /* System header to define __stub macros and hopefully few prototypes,
|     which can conflict with char fdatasync (); below.
|     Prefer <limits.h> to <assert.h> if __STDC__ is defined, since
|     <limits.h> exists even on freestanding compilers.  */
| 
| #ifdef __STDC__
| # include <limits.h>
| #else
| # include <assert.h>
| #endif
| 
| #undef fdatasync
| 
| /* Override any GCC internal prototype to avoid an error.
|    Use char because int might match the return type of a GCC
|    builtin and then its argument prototype would still apply.  */
| #ifdef __cplusplus
| extern "C"
| #endif
| char fdatasync ();
| /* The GNU C library defines this for functions which it implements
|     to always fail with ENOSYS.  Some functions are actually named
|     something starting with __ and the normal name is an alias.  */
| #if defined __stub_fdatasync || defined __stub___fdatasync
| choke me
| #endif
| 
| int
| main ()
| {
| return fdatasync ();
|   ;
|   return 0;
| }
configure:19483: result: no
configure:19483: checking for usleep
configure:19483: cc -o conftest -D_POSIX_SOURCE -D_SUSV2_SOURCE -D_RESEARCH_SOURCE -D_REENTRANT_SOURCE -D_BSD_EXTENSION -D_NET_EXTENSION -D_LIMITS_EXTENSION -D_C99_SNPRINTF_EXTENSION -D_REGEXP_EXTENSION -DHAVE_SOCK_OPTS   conftest.c  >&5
main: undefined: usleep
configure:19483: $? = 1
configure: failed program was:
| /* confdefs.h */
| #define PACKAGE_NAME "sqlite"
| #define PACKAGE_TARNAME "sqlite"
| #define PACKAGE_VERSION "3.7.15.1"
| #define PACKAGE_STRING "sqlite 3.7.15.1"
| #define PACKAGE_BUGREPORT "http://www.sqlite.org"
| #define PACKAGE_URL ""
| #define PACKAGE "sqlite"
| #define VERSION "3.7.15.1"
| #define STDC_HEADERS 1
| #define HAVE_SYS_TYPES_H 1
| #define HAVE_SYS_STAT_H 1
| #define HAVE_STDLIB_H 1
| #define HAVE_STRING_H 1
| #define HAVE_INTTYPES_H 1
| #define HAVE_UNISTD_H 1
| /* end confdefs.h.  */
| /* Define usleep to an innocuous variant, in case <limits.h> declares usleep.
|    For example, HP-UX 11i <limits.h> declares gettimeofday.  */
| #define usleep innocuous_usleep
| 
| /* System header to define __stub macros and hopefully few prototypes,
|     which can conflict with char usleep (); below.
|     Prefer <limits.h> to <assert.h> if __STDC__ is defined, since
|     <limits.h> exists even on freestanding compilers.  */
| 
| #ifdef __STDC__
| # include <limits.h>
| #else
| # include <assert.h>
| #endif
| 
| #undef usleep
| 
| /* Override any GCC internal prototype to avoid an error.
|    Use char because int might match the return type of a GCC
|    builtin and then its argument prototype would still apply.  */
| #ifdef __cplusplus
| extern "C"
| #endif
| char usleep ();
| /* The GNU C library defines this for functions which it implements
|     to always fail with ENOSYS.  Some functions are actually named
|     something starting with __ and the normal name is an alias.  */
| #if defined __stub_usleep || defined __stub___usleep
| choke me
| #endif
| 
| int
| main ()
| {
| return usleep ();
|   ;
|   return 0;
| }
configure:19483: result: no
configure:19483: checking for fullfsync
configure:19483: cc -o conftest -D_POSIX_SOURCE -D_SUSV2_SOURCE -D_RESEARCH_SOURCE -D_REENTRANT_SOURCE -D_BSD_EXTENSION -D_NET_EXTENSION -D_LIMITS_EXTENSION -D_C99_SNPRINTF_EXTENSION -D_REGEXP_EXTENSION -DHAVE_SOCK_OPTS   conftest.c  >&5
main: undefined: fullfsync
configure:19483: $? = 1
configure: failed program was:
| /* confdefs.h */
| #define PACKAGE_NAME "sqlite"
| #define PACKAGE_TARNAME "sqlite"
| #define PACKAGE_VERSION "3.7.15.1"
| #define PACKAGE_STRING "sqlite 3.7.15.1"
| #define PACKAGE_BUGREPORT "http://www.sqlite.org"
| #define PACKAGE_URL ""
| #define PACKAGE "sqlite"
| #define VERSION "3.7.15.1"
| #define STDC_HEADERS 1
| #define HAVE_SYS_TYPES_H 1
| #define HAVE_SYS_STAT_H 1
| #define HAVE_STDLIB_H 1
| #define HAVE_STRING_H 1
| #define HAVE_INTTYPES_H 1
| #define HAVE_UNISTD_H 1
| /* end confdefs.h.  */
| /* Define fullfsync to an innocuous variant, in case <limits.h> declares fullfsync.
|    For example, HP-UX 11i <limits.h> declares gettimeofday.  */
| #define fullfsync innocuous_fullfsync
| 
| /* System header to define __stub macros and hopefully few prototypes,
|     which can conflict with char fullfsync (); below.
|     Prefer <limits.h> to <assert.h> if __STDC__ is defined, since
|     <limits.h> exists even on freestanding compilers.  */
| 
| #ifdef __STDC__
| # include <limits.h>
| #else
| # include <assert.h>
| #endif
| 
| #undef fullfsync
| 
| /* Override any GCC internal prototype to avoid an error.
|    Use char because int might match the return type of a GCC
|    builtin and then its argument prototype would still apply.  */
| #ifdef __cplusplus
| extern "C"
| #endif
| char fullfsync ();
| /* The GNU C library defines this for functions which it implements
|     to always fail with ENOSYS.  Some functions are actually named
|     something starting with __ and the normal name is an alias.  */
| #if defined __stub_fullfsync || defined __stub___fullfsync
| choke me
| #endif
| 
| int
| main ()
| {
| return fullfsync ();
|   ;
|   return 0;
| }
configure:19483: result: no
configure:19483: checking for localtime_r
configure:19483: cc -o conftest -D_POSIX_SOURCE -D_SUSV2_SOURCE -D_RESEARCH_SOURCE -D_REENTRANT_SOURCE -D_BSD_EXTENSION -D_NET_EXTENSION -D_LIMITS_EXTENSION -D_C99_SNPRINTF_EXTENSION -D_REGEXP_EXTENSION -DHAVE_SOCK_OPTS   conftest.c  >&5
configure:19483: $? = 0
configure:19483: result: yes
configure:19483: checking for gmtime_r
configure:19483: cc -o conftest -D_POSIX_SOURCE -D_SUSV2_SOURCE -D_RESEARCH_SOURCE -D_REENTRANT_SOURCE -D_BSD_EXTENSION -D_NET_EXTENSION -D_LIMITS_EXTENSION -D_C99_SNPRINTF_EXTENSION -D_REGEXP_EXTENSION -DHAVE_SOCK_OPTS   conftest.c  >&5
configure:19483: $? = 0
configure:19483: result: yes
configure:19492: checking whether strerror_r is declared
configure:19492: cc -c -D_POSIX_SOURCE -D_SUSV2_SOURCE -D_RESEARCH_SOURCE -D_REENTRANT_SOURCE -D_BSD_EXTENSION -D_NET_EXTENSION -D_LIMITS_EXTENSION -D_C99_SNPRINTF_EXTENSION -D_REGEXP_EXTENSION -DHAVE_SOCK_OPTS  conftest.c >&5
configure:19492: $? = 0
configure:19492: result: yes
configure:19505: checking for strerror_r
configure:19505: cc -o conftest -D_POSIX_SOURCE -D_SUSV2_SOURCE -D_RESEARCH_SOURCE -D_REENTRANT_SOURCE -D_BSD_EXTENSION -D_NET_EXTENSION -D_LIMITS_EXTENSION -D_C99_SNPRINTF_EXTENSION -D_REGEXP_EXTENSION -DHAVE_SOCK_OPTS   conftest.c  >&5
configure:19505: $? = 0
configure:19505: result: yes
configure:19514: checking whether strerror_r returns char *
configure:19538: cc -c -D_POSIX_SOURCE -D_SUSV2_SOURCE -D_RESEARCH_SOURCE -D_REENTRANT_SOURCE -D_BSD_EXTENSION -D_NET_EXTENSION -D_LIMITS_EXTENSION -D_C99_SNPRINTF_EXTENSION -D_REGEXP_EXTENSION -DHAVE_SOCK_OPTS  conftest.c >&5
configure:19538: $? = 0
configure:19576: result: yes
configure:19602: checking for library containing tgetent
configure:19633: cc -o conftest -D_POSIX_SOURCE -D_SUSV2_SOURCE -D_RESEARCH_SOURCE -D_REENTRANT_SOURCE -D_BSD_EXTENSION -D_NET_EXTENSION -D_LIMITS_EXTENSION -D_C99_SNPRINTF_EXTENSION -D_REGEXP_EXTENSION -DHAVE_SOCK_OPTS   conftest.c  >&5
main: undefined: tgetent
configure:19633: $? = 1
configure: failed program was:
| /* confdefs.h */
| #define PACKAGE_NAME "sqlite"
| #define PACKAGE_TARNAME "sqlite"
| #define PACKAGE_VERSION "3.7.15.1"
| #define PACKAGE_STRING "sqlite 3.7.15.1"
| #define PACKAGE_BUGREPORT "http://www.sqlite.org"
| #define PACKAGE_URL ""
| #define PACKAGE "sqlite"
| #define VERSION "3.7.15.1"
| #define STDC_HEADERS 1
| #define HAVE_SYS_TYPES_H 1
| #define HAVE_SYS_STAT_H 1
| #define HAVE_STDLIB_H 1
| #define HAVE_STRING_H 1
| #define HAVE_INTTYPES_H 1
| #define HAVE_UNISTD_H 1
| #define HAVE_LOCALTIME_R 1
| #define HAVE_GMTIME_R 1
| #define HAVE_DECL_STRERROR_R 1
| #define HAVE_STRERROR_R 1
| #define STRERROR_R_CHAR_P 1
| /* end confdefs.h.  */
| 
| /* Override any GCC internal prototype to avoid an error.
|    Use char because int might match the return type of a GCC
|    builtin and then its argument prototype would still apply.  */
| #ifdef __cplusplus
| extern "C"
| #endif
| char tgetent ();
| int
| main ()
| {
| return tgetent ();
|   ;
|   return 0;
| }
configure:19633: cc -o conftest -D_POSIX_SOURCE -D_SUSV2_SOURCE -D_RESEARCH_SOURCE -D_REENTRANT_SOURCE -D_BSD_EXTENSION -D_NET_EXTENSION -D_LIMITS_EXTENSION -D_C99_SNPRINTF_EXTENSION -D_REGEXP_EXTENSION -DHAVE_SOCK_OPTS   conftest.c -lcurses   >&5
configure:19633: $? = 0
configure:19650: result: -lcurses
configure:19658: checking for library containing readline
configure:19689: cc -o conftest -D_POSIX_SOURCE -D_SUSV2_SOURCE -D_RESEARCH_SOURCE -D_REENTRANT_SOURCE -D_BSD_EXTENSION -D_NET_EXTENSION -D_LIMITS_EXTENSION -D_C99_SNPRINTF_EXTENSION -D_REGEXP_EXTENSION -DHAVE_SOCK_OPTS   conftest.c -lcurses  >&5
main: undefined: readline
configure:19689: $? = 1
configure: failed program was:
| /* confdefs.h */
| #define PACKAGE_NAME "sqlite"
| #define PACKAGE_TARNAME "sqlite"
| #define PACKAGE_VERSION "3.7.15.1"
| #define PACKAGE_STRING "sqlite 3.7.15.1"
| #define PACKAGE_BUGREPORT "http://www.sqlite.org"
| #define PACKAGE_URL ""
| #define PACKAGE "sqlite"
| #define VERSION "3.7.15.1"
| #define STDC_HEADERS 1
| #define HAVE_SYS_TYPES_H 1
| #define HAVE_SYS_STAT_H 1
| #define HAVE_STDLIB_H 1
| #define HAVE_STRING_H 1
| #define HAVE_INTTYPES_H 1
| #define HAVE_UNISTD_H 1
| #define HAVE_LOCALTIME_R 1
| #define HAVE_GMTIME_R 1
| #define HAVE_DECL_STRERROR_R 1
| #define HAVE_STRERROR_R 1
| #define STRERROR_R_CHAR_P 1
| /* end confdefs.h.  */
| 
| /* Override any GCC internal prototype to avoid an error.
|    Use char because int might match the return type of a GCC
|    builtin and then its argument prototype would still apply.  */
| #ifdef __cplusplus
| extern "C"
| #endif
| char readline ();
| int
| main ()
| {
| return readline ();
|   ;
|   return 0;
| }
configure:19689: cc -o conftest -D_POSIX_SOURCE -D_SUSV2_SOURCE -D_RESEARCH_SOURCE -D_REENTRANT_SOURCE -D_BSD_EXTENSION -D_NET_EXTENSION -D_LIMITS_EXTENSION -D_C99_SNPRINTF_EXTENSION -D_REGEXP_EXTENSION -DHAVE_SOCK_OPTS   conftest.c -lreadline  -lcurses  >&5
main: undefined: readline
configure:19689: $? = 1
configure: failed program was:
| /* confdefs.h */
| #define PACKAGE_NAME "sqlite"
| #define PACKAGE_TARNAME "sqlite"
| #define PACKAGE_VERSION "3.7.15.1"
| #define PACKAGE_STRING "sqlite 3.7.15.1"
| #define PACKAGE_BUGREPORT "http://www.sqlite.org"
| #define PACKAGE_URL ""
| #define PACKAGE "sqlite"
| #define VERSION "3.7.15.1"
| #define STDC_HEADERS 1
| #define HAVE_SYS_TYPES_H 1
| #define HAVE_SYS_STAT_H 1
| #define HAVE_STDLIB_H 1
| #define HAVE_STRING_H 1
| #define HAVE_INTTYPES_H 1
| #define HAVE_UNISTD_H 1
| #define HAVE_LOCALTIME_R 1
| #define HAVE_GMTIME_R 1
| #define HAVE_DECL_STRERROR_R 1
| #define HAVE_STRERROR_R 1
| #define STRERROR_R_CHAR_P 1
| /* end confdefs.h.  */
| 
| /* Override any GCC internal prototype to avoid an error.
|    Use char because int might match the return type of a GCC
|    builtin and then its argument prototype would still apply.  */
| #ifdef __cplusplus
| extern "C"
| #endif
| char readline ();
| int
| main ()
| {
| return readline ();
|   ;
|   return 0;
| }
configure:19706: result: no
configure:19718: checking for readline
configure:19718: cc -o conftest -D_POSIX_SOURCE -D_SUSV2_SOURCE -D_RESEARCH_SOURCE -D_REENTRANT_SOURCE -D_BSD_EXTENSION -D_NET_EXTENSION -D_LIMITS_EXTENSION -D_C99_SNPRINTF_EXTENSION -D_REGEXP_EXTENSION -DHAVE_SOCK_OPTS   conftest.c -lcurses  >&5
main: undefined: readline
configure:19718: $? = 1
configure: failed program was:
| /* confdefs.h */
| #define PACKAGE_NAME "sqlite"
| #define PACKAGE_TARNAME "sqlite"
| #define PACKAGE_VERSION "3.7.15.1"
| #define PACKAGE_STRING "sqlite 3.7.15.1"
| #define PACKAGE_BUGREPORT "http://www.sqlite.org"
| #define PACKAGE_URL ""
| #define PACKAGE "sqlite"
| #define VERSION "3.7.15.1"
| #define STDC_HEADERS 1
| #define HAVE_SYS_TYPES_H 1
| #define HAVE_SYS_STAT_H 1
| #define HAVE_STDLIB_H 1
| #define HAVE_STRING_H 1
| #define HAVE_INTTYPES_H 1
| #define HAVE_UNISTD_H 1
| #define HAVE_LOCALTIME_R 1
| #define HAVE_GMTIME_R 1
| #define HAVE_DECL_STRERROR_R 1
| #define HAVE_STRERROR_R 1
| #define STRERROR_R_CHAR_P 1
| /* end confdefs.h.  */
| /* Define readline to an innocuous variant, in case <limits.h> declares readline.
|    For example, HP-UX 11i <limits.h> declares gettimeofday.  */
| #define readline innocuous_readline
| 
| /* System header to define __stub macros and hopefully few prototypes,
|     which can conflict with char readline (); below.
|     Prefer <limits.h> to <assert.h> if __STDC__ is defined, since
|     <limits.h> exists even on freestanding compilers.  */
| 
| #ifdef __STDC__
| # include <limits.h>
| #else
| # include <assert.h>
| #endif
| 
| #undef readline
| 
| /* Override any GCC internal prototype to avoid an error.
|    Use char because int might match the return type of a GCC
|    builtin and then its argument prototype would still apply.  */
| #ifdef __cplusplus
| extern "C"
| #endif
| char readline ();
| /* The GNU C library defines this for functions which it implements
|     to always fail with ENOSYS.  Some functions are actually named
|     something starting with __ and the normal name is an alias.  */
| #if defined __stub_readline || defined __stub___readline
| choke me
| #endif
| 
| int
| main ()
| {
| return readline ();
|   ;
|   return 0;
| }
configure:19718: result: no
configure:19746: checking for library containing pthread_create
configure:19777: cc -o conftest -D_POSIX_SOURCE -D_SUSV2_SOURCE -D_RESEARCH_SOURCE -D_REENTRANT_SOURCE -D_BSD_EXTENSION -D_NET_EXTENSION -D_LIMITS_EXTENSION -D_C99_SNPRINTF_EXTENSION -D_REGEXP_EXTENSION -DHAVE_SOCK_OPTS   conftest.c  >&5
main: undefined: pthread_create
configure:19777: $? = 1
configure: failed program was:
| /* confdefs.h */
| #define PACKAGE_NAME "sqlite"
| #define PACKAGE_TARNAME "sqlite"
| #define PACKAGE_VERSION "3.7.15.1"
| #define PACKAGE_STRING "sqlite 3.7.15.1"
| #define PACKAGE_BUGREPORT "http://www.sqlite.org"
| #define PACKAGE_URL ""
| #define PACKAGE "sqlite"
| #define VERSION "3.7.15.1"
| #define STDC_HEADERS 1
| #define HAVE_SYS_TYPES_H 1
| #define HAVE_SYS_STAT_H 1
| #define HAVE_STDLIB_H 1
| #define HAVE_STRING_H 1
| #define HAVE_INTTYPES_H 1
| #define HAVE_UNISTD_H 1
| #define HAVE_LOCALTIME_R 1
| #define HAVE_GMTIME_R 1
| #define HAVE_DECL_STRERROR_R 1
| #define HAVE_STRERROR_R 1
| #define STRERROR_R_CHAR_P 1
| /* end confdefs.h.  */
| 
| /* Override any GCC internal prototype to avoid an error.
|    Use char because int might match the return type of a GCC
|    builtin and then its argument prototype would still apply.  */
| #ifdef __cplusplus
| extern "C"
| #endif
| char pthread_create ();
| int
| main ()
| {
| return pthread_create ();
|   ;
|   return 0;
| }
configure:19777: cc -o conftest -D_POSIX_SOURCE -D_SUSV2_SOURCE -D_RESEARCH_SOURCE -D_REENTRANT_SOURCE -D_BSD_EXTENSION -D_NET_EXTENSION -D_LIMITS_EXTENSION -D_C99_SNPRINTF_EXTENSION -D_REGEXP_EXTENSION -DHAVE_SOCK_OPTS   conftest.c -lpthread   >&5
pthread_shutdown: undefined: pth_kill
pthread_attr_init: undefined: pth_init
pthread_attr_init: undefined: pth_attr_new
pthread_attr_destroy: undefined: pth_attr_destroy
pthread_attr_setstacksize: undefined: pth_attr_set
pthread_attr_getstacksize: undefined: pth_attr_get
pthread_create: undefined: pth_ctrl
pthread_create: undefined: pth_spawn
__pthread_detach: undefined: pth_attr_of
pthread_self: undefined: pth_self
pthread_yield_np: undefined: pth_yield
pthread_exit: undefined: pth_exit
pthread_join: undefined: pth_join
pthread_sigmask: undefined: pth_sigmask
pthread_kill: undefined: pth_raise
pthread_key_create: undefined: pth_key_create
pthread_key_delete: undefined: pth_key_delete
pthread_setspecific: undefined: pth_key_setdata
pthread_getspecific: undefined: pth_key_getdata
pthread_cancel: undefined: pth_cancel
pthread_testcancel: undefined: pth_cancel_point
too many errors
configure:19777: $? = 1
configure: failed program was:
| /* confdefs.h */
| #define PACKAGE_NAME "sqlite"
| #define PACKAGE_TARNAME "sqlite"
| #define PACKAGE_VERSION "3.7.15.1"
| #define PACKAGE_STRING "sqlite 3.7.15.1"
| #define PACKAGE_BUGREPORT "http://www.sqlite.org"
| #define PACKAGE_URL ""
| #define PACKAGE "sqlite"
| #define VERSION "3.7.15.1"
| #define STDC_HEADERS 1
| #define HAVE_SYS_TYPES_H 1
| #define HAVE_SYS_STAT_H 1
| #define HAVE_STDLIB_H 1
| #define HAVE_STRING_H 1
| #define HAVE_INTTYPES_H 1
| #define HAVE_UNISTD_H 1
| #define HAVE_LOCALTIME_R 1
| #define HAVE_GMTIME_R 1
| #define HAVE_DECL_STRERROR_R 1
| #define HAVE_STRERROR_R 1
| #define STRERROR_R_CHAR_P 1
| /* end confdefs.h.  */
| 
| /* Override any GCC internal prototype to avoid an error.
|    Use char because int might match the return type of a GCC
|    builtin and then its argument prototype would still apply.  */
| #ifdef __cplusplus
| extern "C"
| #endif
| char pthread_create ();
| int
| main ()
| {
| return pthread_create ();
|   ;
|   return 0;
| }
configure:19794: result: no
configure:19817: checking for library containing dlopen
configure:19848: cc -o conftest -D_POSIX_SOURCE -D_SUSV2_SOURCE -D_RESEARCH_SOURCE -D_REENTRANT_SOURCE -D_BSD_EXTENSION -D_NET_EXTENSION -D_LIMITS_EXTENSION -D_C99_SNPRINTF_EXTENSION -D_REGEXP_EXTENSION -DHAVE_SOCK_OPTS   conftest.c  >&5
main: undefined: dlopen
configure:19848: $? = 1
configure: failed program was:
| /* confdefs.h */
| #define PACKAGE_NAME "sqlite"
| #define PACKAGE_TARNAME "sqlite"
| #define PACKAGE_VERSION "3.7.15.1"
| #define PACKAGE_STRING "sqlite 3.7.15.1"
| #define PACKAGE_BUGREPORT "http://www.sqlite.org"
| #define PACKAGE_URL ""
| #define PACKAGE "sqlite"
| #define VERSION "3.7.15.1"
| #define STDC_HEADERS 1
| #define HAVE_SYS_TYPES_H 1
| #define HAVE_SYS_STAT_H 1
| #define HAVE_STDLIB_H 1
| #define HAVE_STRING_H 1
| #define HAVE_INTTYPES_H 1
| #define HAVE_UNISTD_H 1
| #define HAVE_LOCALTIME_R 1
| #define HAVE_GMTIME_R 1
| #define HAVE_DECL_STRERROR_R 1
| #define HAVE_STRERROR_R 1
| #define STRERROR_R_CHAR_P 1
| /* end confdefs.h.  */
| 
| /* Override any GCC internal prototype to avoid an error.
|    Use char because int might match the return type of a GCC
|    builtin and then its argument prototype would still apply.  */
| #ifdef __cplusplus
| extern "C"
| #endif
| char dlopen ();
| int
| main ()
| {
| return dlopen ();
|   ;
|   return 0;
| }
configure:19848: cc -o conftest -D_POSIX_SOURCE -D_SUSV2_SOURCE -D_RESEARCH_SOURCE -D_REENTRANT_SOURCE -D_BSD_EXTENSION -D_NET_EXTENSION -D_LIMITS_EXTENSION -D_C99_SNPRINTF_EXTENSION -D_REGEXP_EXTENSION -DHAVE_SOCK_OPTS   conftest.c -ldl   >&5
main: undefined: dlopen
configure:19848: $? = 1
configure: failed program was:
| /* confdefs.h */
| #define PACKAGE_NAME "sqlite"
| #define PACKAGE_TARNAME "sqlite"
| #define PACKAGE_VERSION "3.7.15.1"
| #define PACKAGE_STRING "sqlite 3.7.15.1"
| #define PACKAGE_BUGREPORT "http://www.sqlite.org"
| #define PACKAGE_URL ""
| #define PACKAGE "sqlite"
| #define VERSION "3.7.15.1"
| #define STDC_HEADERS 1
| #define HAVE_SYS_TYPES_H 1
| #define HAVE_SYS_STAT_H 1
| #define HAVE_STDLIB_H 1
| #define HAVE_STRING_H 1
| #define HAVE_INTTYPES_H 1
| #define HAVE_UNISTD_H 1
| #define HAVE_LOCALTIME_R 1
| #define HAVE_GMTIME_R 1
| #define HAVE_DECL_STRERROR_R 1
| #define HAVE_STRERROR_R 1
| #define STRERROR_R_CHAR_P 1
| /* end confdefs.h.  */
| 
| /* Override any GCC internal prototype to avoid an error.
|    Use char because int might match the return type of a GCC
|    builtin and then its argument prototype would still apply.  */
| #ifdef __cplusplus
| extern "C"
| #endif
| char dlopen ();
| int
| main ()
| {
| return dlopen ();
|   ;
|   return 0;
| }
configure:19865: result: no
configure:19876: checking for whether to support dynamic extensions
configure:19878: result: yes
configure:19885: checking for posix_fallocate
configure:19885: cc -o conftest -D_POSIX_SOURCE -D_SUSV2_SOURCE -D_RESEARCH_SOURCE -D_REENTRANT_SOURCE -D_BSD_EXTENSION -D_NET_EXTENSION -D_LIMITS_EXTENSION -D_C99_SNPRINTF_EXTENSION -D_REGEXP_EXTENSION -DHAVE_SOCK_OPTS   conftest.c  >&5
main: undefined: posix_fallocate
configure:19885: $? = 1
configure: failed program was:
| /* confdefs.h */
| #define PACKAGE_NAME "sqlite"
| #define PACKAGE_TARNAME "sqlite"
| #define PACKAGE_VERSION "3.7.15.1"
| #define PACKAGE_STRING "sqlite 3.7.15.1"
| #define PACKAGE_BUGREPORT "http://www.sqlite.org"
| #define PACKAGE_URL ""
| #define PACKAGE "sqlite"
| #define VERSION "3.7.15.1"
| #define STDC_HEADERS 1
| #define HAVE_SYS_TYPES_H 1
| #define HAVE_SYS_STAT_H 1
| #define HAVE_STDLIB_H 1
| #define HAVE_STRING_H 1
| #define HAVE_INTTYPES_H 1
| #define HAVE_UNISTD_H 1
| #define HAVE_LOCALTIME_R 1
| #define HAVE_GMTIME_R 1
| #define HAVE_DECL_STRERROR_R 1
| #define HAVE_STRERROR_R 1
| #define STRERROR_R_CHAR_P 1
| /* end confdefs.h.  */
| /* Define posix_fallocate to an innocuous variant, in case <limits.h> declares posix_fallocate.
|    For example, HP-UX 11i <limits.h> declares gettimeofday.  */
| #define posix_fallocate innocuous_posix_fallocate
| 
| /* System header to define __stub macros and hopefully few prototypes,
|     which can conflict with char posix_fallocate (); below.
|     Prefer <limits.h> to <assert.h> if __STDC__ is defined, since
|     <limits.h> exists even on freestanding compilers.  */
| 
| #ifdef __STDC__
| # include <limits.h>
| #else
| # include <assert.h>
| #endif
| 
| #undef posix_fallocate
| 
| /* Override any GCC internal prototype to avoid an error.
|    Use char because int might match the return type of a GCC
|    builtin and then its argument prototype would still apply.  */
| #ifdef __cplusplus
| extern "C"
| #endif
| char posix_fallocate ();
| /* The GNU C library defines this for functions which it implements
|     to always fail with ENOSYS.  Some functions are actually named
|     something starting with __ and the normal name is an alias.  */
| #if defined __stub_posix_fallocate || defined __stub___posix_fallocate
| choke me
| #endif
| 
| int
| main ()
| {
| return posix_fallocate ();
|   ;
|   return 0;
| }
configure:19885: result: no
configure:20086: creating ./config.status

## ---------------------- ##
## Running config.status. ##
## ---------------------- ##

This file was extended by sqlite config.status 3.7.15.1, which was
generated by GNU Autoconf 2.68.  Invocation command line was

  CONFIG_FILES    = 
  CONFIG_HEADERS  = 
  CONFIG_LINKS    = 
  CONFIG_COMMANDS = 
  $ ./config.status 

on cirno

config.status:806: creating Makefile
config.status:806: creating sqlite3.pc
config.status:978: executing depfiles commands

## ---------------- ##
## Cache variables. ##
## ---------------- ##

ac_cv_build=i386-unknown-plan9
ac_cv_c_compiler_gnu=no
ac_cv_cxx_compiler_gnu=no
ac_cv_env_CCC_set=
ac_cv_env_CCC_value=
ac_cv_env_CC_set=
ac_cv_env_CC_value=
ac_cv_env_CFLAGS_set=set
ac_cv_env_CFLAGS_value='-D_POSIX_SOURCE -D_SUSV2_SOURCE -D_RESEARCH_SOURCE -D_REENTRANT_SOURCE -D_BSD_EXTENSION -D_NET_EXTENSION -D_LIMITS_EXTENSION -D_C99_SNPRINTF_EXTENSION -D_REGEXP_EXTENSION -DHAVE_SOCK_OPTS'
ac_cv_env_CPPFLAGS_set=
ac_cv_env_CPPFLAGS_value=
ac_cv_env_CPP_set=
ac_cv_env_CPP_value=
ac_cv_env_CXXCPP_set=
ac_cv_env_CXXCPP_value=
ac_cv_env_CXXFLAGS_set=
ac_cv_env_CXXFLAGS_value=
ac_cv_env_CXX_set=
ac_cv_env_CXX_value=
ac_cv_env_F77_set=
ac_cv_env_F77_value=
ac_cv_env_FFLAGS_set=
ac_cv_env_FFLAGS_value=
ac_cv_env_LDFLAGS_set=
ac_cv_env_LDFLAGS_value=
ac_cv_env_LIBS_set=
ac_cv_env_LIBS_value=
ac_cv_env_build_alias_set=
ac_cv_env_build_alias_value=
ac_cv_env_host_alias_set=
ac_cv_env_host_alias_value=
ac_cv_env_target_alias_set=
ac_cv_env_target_alias_value=
ac_cv_f77_compiler_gnu=no
ac_cv_func_fdatasync=no
ac_cv_func_fullfsync=no
ac_cv_func_gmtime_r=yes
ac_cv_func_localtime_r=yes
ac_cv_func_posix_fallocate=no
ac_cv_func_readline=no
ac_cv_func_strerror_r=yes
ac_cv_func_strerror_r_char_p=yes
ac_cv_func_usleep=no
ac_cv_have_decl_strerror_r=yes
ac_cv_header_dlfcn_h=no
ac_cv_header_inttypes_h=yes
ac_cv_header_memory_h=no
ac_cv_header_stdc=yes
ac_cv_header_stdint_h=no
ac_cv_header_stdlib_h=yes
ac_cv_header_string_h=yes
ac_cv_header_strings_h=no
ac_cv_header_sys_stat_h=yes
ac_cv_header_sys_types_h=yes
ac_cv_header_unistd_h=yes
ac_cv_host=i386-unknown-plan9
ac_cv_objext=o
ac_cv_path_EGREP=/bin/egrep
ac_cv_path_GREP=grep
ac_cv_prog_AWK=gawk
ac_cv_prog_CC=cc
ac_cv_prog_CPP='cc -E'
ac_cv_prog_ac_ct_AR=ar
ac_cv_prog_ac_ct_RANLIB=ranlib
ac_cv_prog_ac_ct_STRIP=strip
ac_cv_prog_cc_c89=
ac_cv_prog_cc_g=yes
ac_cv_prog_cxx_g=no
ac_cv_prog_f77_g=no
ac_cv_prog_make_make_set=yes
ac_cv_search_dlopen=no
ac_cv_search_pthread_create=no
ac_cv_search_readline=no
ac_cv_search_tgetent=-lcurses
ac_cv_sys_file_offset_bits=no
ac_cv_sys_largefile_CC=no
am_cv_CC_dependencies_compiler_type=none
am_cv_CXX_dependencies_compiler_type=none
lt_cv_deplibs_check_method=unknown
lt_cv_file_magic_cmd='$MAGIC_CMD'
lt_cv_file_magic_test_file=
lt_cv_ld_reload_flag=-r
lt_cv_objdir=.libs
lt_cv_path_LD=/bin/ld
lt_cv_path_NM=/bin/nm
lt_cv_path_SED=/bin/gsed
lt_cv_prog_compiler_c_o=no
lt_cv_prog_gnu_ld=no
lt_cv_sys_global_symbol_pipe='sed -n -e '\''s/^.*[ 	]\([BCDEGRST][BCDEGRST]*\)[ 	][ 	]*\([_A-Za-z][_A-Za-z0-9]*\)$/\1 \2 \2/p'\'
lt_cv_sys_global_symbol_to_c_name_address='sed -n -e '\''s/^: \([^ ]*\) $/  {\"\1\", (lt_ptr) 0},/p'\'' -e '\''s/^[BCDEGRST] \([^ ]*\) \([^ ]*\)$/  {"\2", (lt_ptr) \&\2},/p'\'
lt_cv_sys_global_symbol_to_cdecl='sed -n -e '\''s/^. .* \(.*\)$/extern int \1;/p'\'
lt_cv_sys_max_cmd_len=131072
lt_lt_cv_prog_compiler_c_o='"no"'
lt_lt_cv_sys_global_symbol_pipe='"sed -n -e '\''s/^.*[ 	]\\([BCDEGRST][BCDEGRST]*\\)[ 	][ 	]*\\([_A-Za-z][_A-Za-z0-9]*\\)\$/\\1 \\2 \\2/p'\''"'
lt_lt_cv_sys_global_symbol_to_c_name_address='"sed -n -e '\''s/^: \\([^ ]*\\) \$/  {\\\"\\1\\\", (lt_ptr) 0},/p'\'' -e '\''s/^[BCDEGRST] \\([^ ]*\\) \\([^ ]*\\)\$/  {\"\\2\", (lt_ptr) \\&\\2},/p'\''"'
lt_lt_cv_sys_global_symbol_to_cdecl='"sed -n -e '\''s/^. .* \\(.*\\)\$/extern int \\1;/p'\''"'

## ----------------- ##
## Output variables. ##
## ----------------- ##

ACLOCAL='${SHELL} /usr/jens/dvl/sqlite-autoconf-3071501/missing --run aclocal-1.9'
AMDEPBACKSLASH='\'
AMDEP_FALSE='#'
AMDEP_TRUE=''
AMTAR='${SHELL} /usr/jens/dvl/sqlite-autoconf-3071501/missing --run tar'
AR='ar'
AUTOCONF='${SHELL} /usr/jens/dvl/sqlite-autoconf-3071501/missing --run autoconf'
AUTOHEADER='${SHELL} /usr/jens/dvl/sqlite-autoconf-3071501/missing --run autoheader'
AUTOMAKE='${SHELL} /usr/jens/dvl/sqlite-autoconf-3071501/missing --run automake-1.9'
AWK='gawk'
BUILD_CFLAGS=''
CC='cc'
CCDEPMODE='depmode=none'
CFLAGS='-D_POSIX_SOURCE -D_SUSV2_SOURCE -D_RESEARCH_SOURCE -D_REENTRANT_SOURCE -D_BSD_EXTENSION -D_NET_EXTENSION -D_LIMITS_EXTENSION -D_C99_SNPRINTF_EXTENSION -D_REGEXP_EXTENSION -DHAVE_SOCK_OPTS'
CPP='cc -E'
CPPFLAGS=''
CXX='g++'
CXXCPP=''
CXXDEPMODE='depmode=none'
CXXFLAGS=''
CYGPATH_W='echo'
DEFS='-DPACKAGE_NAME=\"sqlite\" -DPACKAGE_TARNAME=\"sqlite\" -DPACKAGE_VERSION=\"3.7.15.1\" -DPACKAGE_STRING=\"sqlite\ 3.7.15.1\" -DPACKAGE_BUGREPORT=\"http://www.sqlite.org\" -DPACKAGE_URL=\"\" -DPACKAGE=\"sqlite\" -DVERSION=\"3.7.15.1\" -DSTDC_HEADERS=1 -DHAVE_SYS_TYPES_H=1 -DHAVE_SYS_STAT_H=1 -DHAVE_STDLIB_H=1 -DHAVE_STRING_H=1 -DHAVE_INTTYPES_H=1 -DHAVE_UNISTD_H=1 -DHAVE_LOCALTIME_R=1 -DHAVE_GMTIME_R=1 -DHAVE_DECL_STRERROR_R=1 -DHAVE_STRERROR_R=1 -DSTRERROR_R_CHAR_P=1'
DEPDIR='.deps'
DYNAMIC_EXTENSION_FLAGS=''
ECHO='/bin/echo'
ECHO_C=''
ECHO_N='-n'
ECHO_T=''
EGREP='/bin/egrep'
EXEEXT=''
F77=''
FFLAGS=''
GREP='grep'
INSTALL_DATA='${INSTALL} -m 644'
INSTALL_PROGRAM='${INSTALL}'
INSTALL_SCRIPT='${INSTALL}'
INSTALL_STRIP_PROGRAM='${SHELL} $(install_sh) -c -s'
LDFLAGS=''
LIBOBJS=''
LIBS=''
LIBTOOL='$(SHELL) $(top_builddir)/libtool'
LN_S='cp -p'
LTLIBOBJS=''
MAKEINFO='${SHELL} /usr/jens/dvl/sqlite-autoconf-3071501/missing --run makeinfo'
MKDIR_P='./install-sh -c -d'
OBJEXT='o'
PACKAGE='sqlite'
PACKAGE_BUGREPORT='http://www.sqlite.org'
PACKAGE_NAME='sqlite'
PACKAGE_STRING='sqlite 3.7.15.1'
PACKAGE_TARNAME='sqlite'
PACKAGE_URL=''
PACKAGE_VERSION='3.7.15.1'
PATH_SEPARATOR=':'
RANLIB='ranlib'
READLINE_LIBS='-lcurses '
SET_MAKE=''
SHELL='/bin/sh'
STRIP='strip'
THREADSAFE_FLAGS='-D_REENTRANT=1 -DSQLITE_THREADSAFE=1'
VERSION='3.7.15.1'
ac_ct_CC=''
ac_ct_CXX=''
ac_ct_F77=''
am__fastdepCC_FALSE=''
am__fastdepCC_TRUE='#'
am__fastdepCXX_FALSE=''
am__fastdepCXX_TRUE='#'
am__include='include'
am__leading_dot='.'
am__quote=''
am__tar='${AMTAR} chof - "$$tardir"'
am__untar='${AMTAR} xf -'
bindir='${exec_prefix}/bin'
build='i386-unknown-plan9'
build_alias=''
build_cpu='i386'
build_os='plan9'
build_vendor='unknown'
datadir='${datarootdir}'
datarootdir='${prefix}/share'
docdir='${datarootdir}/doc/${PACKAGE_TARNAME}'
dvidir='${docdir}'
exec_prefix='/386'
host='i386-unknown-plan9'
host_alias=''
host_cpu='i386'
host_os='plan9'
host_vendor='unknown'
htmldir='${docdir}'
includedir='/sys/include/ape'
infodir='${datarootdir}/info'
install_sh='/usr/jens/dvl/sqlite-autoconf-3071501/install-sh'
libdir='/386/lib/ape'
libexecdir='${exec_prefix}/libexec'
localedir='${datarootdir}/locale'
localstatedir='${prefix}/var'
mandir='${datarootdir}/man'
mkdir_p='$(install_sh) -d'
oldincludedir='/usr/include'
pdfdir='${docdir}'
prefix='/sys'
program_transform_name='s,x,x,'
psdir='${docdir}'
sbindir='${exec_prefix}/sbin'
sharedstatedir='${prefix}/com'
sysconfdir='${prefix}/etc'
target_alias=''

## ----------- ##
## confdefs.h. ##
## ----------- ##

/* confdefs.h */
#define PACKAGE_NAME "sqlite"
#define PACKAGE_TARNAME "sqlite"
#define PACKAGE_VERSION "3.7.15.1"
#define PACKAGE_STRING "sqlite 3.7.15.1"
#define PACKAGE_BUGREPORT "http://www.sqlite.org"
#define PACKAGE_URL ""
#define PACKAGE "sqlite"
#define VERSION "3.7.15.1"
#define STDC_HEADERS 1
#define HAVE_SYS_TYPES_H 1
#define HAVE_SYS_STAT_H 1
#define HAVE_STDLIB_H 1
#define HAVE_STRING_H 1
#define HAVE_INTTYPES_H 1
#define HAVE_UNISTD_H 1
#define HAVE_LOCALTIME_R 1
#define HAVE_GMTIME_R 1
#define HAVE_DECL_STRERROR_R 1
#define HAVE_STRERROR_R 1
#define STRERROR_R_CHAR_P 1

configure: exit 0
